22-Mar-2018 13:32:30.784 INFO [http-nio-8090-exec-263] org.apache.catalina.core.StandardContext.reload Reloading Context with name [/Check_List] has started
22-Mar-2018 13:32:31.959 WARNING [http-nio-8090-exec-263] org.apache.catalina.loader.WebappClassLoaderBase.clearReferencesJdbc The web application [Check_List] registered the JDBC driver [com.mysql.jdbc.Driver] but failed to unregister it when the web application was stopped. To prevent a memory leak, the JDBC Driver has been forcibly unregistered.
22-Mar-2018 13:32:32.018 WARNING [http-nio-8090-exec-263] org.apache.catalina.loader.WebappClassLoaderBase.clearReferencesThreads The web application [Check_List] appears to have started a thread named [Abandoned connection cleanup thread] but has failed to stop it. This is very likely to create a memory leak. Stack trace of thread:
 java.lang.Object.wait(Native Method)
 java.lang.ref.ReferenceQueue.remove(ReferenceQueue.java:143)
 com.mysql.jdbc.AbandonedConnectionCleanupThread.run(AbandonedConnectionCleanupThread.java:64)
 java.util.concurrent.ThreadPoolExecutor.runWorker(ThreadPoolExecutor.java:1149)
 java.util.concurrent.ThreadPoolExecutor$Worker.run(ThreadPoolExecutor.java:624)
 java.lang.Thread.run(Thread.java:748)
22-Mar-2018 13:32:35.078 INFO [Abandoned connection cleanup thread] org.apache.catalina.loader.WebappClassLoaderBase.checkStateForResourceLoading Illegal access: this web application instance has been stopped already. Could not load []. The following stack trace is thrown for debugging purposes as well as to attempt to terminate the thread which caused the illegal access.
 java.lang.IllegalStateException: Illegal access: this web application instance has been stopped already. Could not load []. The following stack trace is thrown for debugging purposes as well as to attempt to terminate the thread which caused the illegal access.
	at org.apache.catalina.loader.WebappClassLoaderBase.checkStateForResourceLoading(WebappClassLoaderBase.java:1311)
	at org.apache.catalina.loader.WebappClassLoaderBase.getResource(WebappClassLoaderBase.java:986)
	at com.mysql.jdbc.AbandonedConnectionCleanupThread.checkContextClassLoaders(AbandonedConnectionCleanupThread.java:90)
	at com.mysql.jdbc.AbandonedConnectionCleanupThread.run(AbandonedConnectionCleanupThread.java:63)
	at java.util.concurrent.ThreadPoolExecutor.runWorker(ThreadPoolExecutor.java:1149)
	at java.util.concurrent.ThreadPoolExecutor$Worker.run(ThreadPoolExecutor.java:624)
	at java.lang.Thread.run(Thread.java:748)

22-Mar-2018 13:32:35.078 INFO [http-nio-8090-exec-263] org.apache.jasper.servlet.TldScanner.scanJars At least one JAR was scanned for TLDs yet contained no TLDs. Enable debug logging for this logger for a complete list of JARs that were scanned but no TLDs were found in them. Skipping unneeded JARs during scanning can improve startup time and JSP compilation time.
22-Mar-2018 13:32:35.561 INFO [http-nio-8090-exec-263] org.apache.catalina.core.StandardContext.reload Reloading Context with name [/Check_List] is completed
22-Mar-2018 13:32:35.757 INFO [http-nio-8090-exec-265] org.apache.catalina.core.StandardContext.reload Reloading Context with name [/Check_List] has started
22-Mar-2018 13:32:36.412 WARNING [http-nio-8090-exec-265] org.apache.catalina.loader.WebappClassLoaderBase.clearReferencesThreads The web application [Check_List] appears to have started a thread named [Abandoned connection cleanup thread] but has failed to stop it. This is very likely to create a memory leak. Stack trace of thread:
 java.lang.Object.wait(Native Method)
 java.lang.ref.ReferenceQueue.remove(ReferenceQueue.java:143)
 com.mysql.jdbc.AbandonedConnectionCleanupThread.run(AbandonedConnectionCleanupThread.java:64)
 java.util.concurrent.ThreadPoolExecutor.runWorker(ThreadPoolExecutor.java:1149)
 java.util.concurrent.ThreadPoolExecutor$Worker.run(ThreadPoolExecutor.java:624)
 java.lang.Thread.run(Thread.java:748)
22-Mar-2018 13:32:36.581 INFO [http-nio-8090-exec-265] org.apache.jasper.servlet.TldScanner.scanJars At least one JAR was scanned for TLDs yet contained no TLDs. Enable debug logging for this logger for a complete list of JARs that were scanned but no TLDs were found in them. Skipping unneeded JARs during scanning can improve startup time and JSP compilation time.
22-Mar-2018 13:32:36.591 INFO [http-nio-8090-exec-265] org.apache.catalina.core.StandardContext.reload Reloading Context with name [/Check_List] is completed
22-Mar-2018 13:32:41.412 INFO [Abandoned connection cleanup thread] org.apache.catalina.loader.WebappClassLoaderBase.checkStateForResourceLoading Illegal access: this web application instance has been stopped already. Could not load []. The following stack trace is thrown for debugging purposes as well as to attempt to terminate the thread which caused the illegal access.
 java.lang.IllegalStateException: Illegal access: this web application instance has been stopped already. Could not load []. The following stack trace is thrown for debugging purposes as well as to attempt to terminate the thread which caused the illegal access.
	at org.apache.catalina.loader.WebappClassLoaderBase.checkStateForResourceLoading(WebappClassLoaderBase.java:1311)
	at org.apache.catalina.loader.WebappClassLoaderBase.getResource(WebappClassLoaderBase.java:986)
	at com.mysql.jdbc.AbandonedConnectionCleanupThread.checkContextClassLoaders(AbandonedConnectionCleanupThread.java:90)
	at com.mysql.jdbc.AbandonedConnectionCleanupThread.run(AbandonedConnectionCleanupThread.java:63)
	at java.util.concurrent.ThreadPoolExecutor.runWorker(ThreadPoolExecutor.java:1149)
	at java.util.concurrent.ThreadPoolExecutor$Worker.run(ThreadPoolExecutor.java:624)
	at java.lang.Thread.run(Thread.java:748)

22-Mar-2018 13:34:28.204 INFO [http-nio-8090-exec-268] org.apache.catalina.core.StandardContext.reload Reloading Context with name [/Check_List] has started
22-Mar-2018 13:34:28.320 WARNING [http-nio-8090-exec-268] org.apache.catalina.loader.WebappClassLoaderBase.clearReferencesThreads The web application [Check_List] appears to have started a thread named [Abandoned connection cleanup thread] but has failed to stop it. This is very likely to create a memory leak. Stack trace of thread:
 java.io.WinNTFileSystem.getBooleanAttributes(Native Method)
 java.io.File.isFile(File.java:882)
 org.apache.catalina.webresources.AbstractFileResourceSet.file(AbstractFileResourceSet.java:65)
 org.apache.catalina.webresources.DirResourceSet.getResource(DirResourceSet.java:101)
 org.apache.catalina.webresources.StandardRoot.getResourceInternal(StandardRoot.java:281)
 org.apache.catalina.webresources.CachedResource.validateResource(CachedResource.java:97)
 org.apache.catalina.webresources.Cache.getResource(Cache.java:69)
 org.apache.catalina.webresources.StandardRoot.getResource(StandardRoot.java:216)
 org.apache.catalina.webresources.StandardRoot.getClassLoaderResource(StandardRoot.java:225)
 org.apache.catalina.loader.WebappClassLoaderBase.findResource(WebappClassLoaderBase.java:884)
 org.apache.catalina.loader.WebappClassLoaderBase.getResource(WebappClassLoaderBase.java:1005)
 com.mysql.jdbc.AbandonedConnectionCleanupThread.checkContextClassLoaders(AbandonedConnectionCleanupThread.java:90)
 com.mysql.jdbc.AbandonedConnectionCleanupThread.run(AbandonedConnectionCleanupThread.java:63)
 java.util.concurrent.ThreadPoolExecutor.runWorker(ThreadPoolExecutor.java:1149)
 java.util.concurrent.ThreadPoolExecutor$Worker.run(ThreadPoolExecutor.java:624)
 java.lang.Thread.run(Thread.java:748)
22-Mar-2018 13:34:28.609 INFO [http-nio-8090-exec-268] org.apache.jasper.servlet.TldScanner.scanJars At least one JAR was scanned for TLDs yet contained no TLDs. Enable debug logging for this logger for a complete list of JARs that were scanned but no TLDs were found in them. Skipping unneeded JARs during scanning can improve startup time and JSP compilation time.
22-Mar-2018 13:34:28.610 INFO [http-nio-8090-exec-268] org.apache.catalina.core.StandardContext.reload Reloading Context with name [/Check_List] is completed
22-Mar-2018 13:34:33.305 INFO [Abandoned connection cleanup thread] org.apache.catalina.loader.WebappClassLoaderBase.checkStateForResourceLoading Illegal access: this web application instance has been stopped already. Could not load []. The following stack trace is thrown for debugging purposes as well as to attempt to terminate the thread which caused the illegal access.
 java.lang.IllegalStateException: Illegal access: this web application instance has been stopped already. Could not load []. The following stack trace is thrown for debugging purposes as well as to attempt to terminate the thread which caused the illegal access.
	at org.apache.catalina.loader.WebappClassLoaderBase.checkStateForResourceLoading(WebappClassLoaderBase.java:1311)
	at org.apache.catalina.loader.WebappClassLoaderBase.getResource(WebappClassLoaderBase.java:986)
	at com.mysql.jdbc.AbandonedConnectionCleanupThread.checkContextClassLoaders(AbandonedConnectionCleanupThread.java:90)
	at com.mysql.jdbc.AbandonedConnectionCleanupThread.run(AbandonedConnectionCleanupThread.java:63)
	at java.util.concurrent.ThreadPoolExecutor.runWorker(ThreadPoolExecutor.java:1149)
	at java.util.concurrent.ThreadPoolExecutor$Worker.run(ThreadPoolExecutor.java:624)
	at java.lang.Thread.run(Thread.java:748)

22-Mar-2018 13:40:42.857 INFO [http-nio-8090-exec-276] org.apache.catalina.core.StandardContext.reload Reloading Context with name [/Check_List] has started
22-Mar-2018 13:40:42.873 WARNING [http-nio-8090-exec-276] org.apache.catalina.loader.WebappClassLoaderBase.clearReferencesThreads The web application [Check_List] appears to have started a thread named [Abandoned connection cleanup thread] but has failed to stop it. This is very likely to create a memory leak. Stack trace of thread:
 java.io.WinNTFileSystem.getBooleanAttributes(Native Method)
 java.io.File.isFile(File.java:882)
 org.apache.catalina.webresources.AbstractFileResourceSet.file(AbstractFileResourceSet.java:65)
 org.apache.catalina.webresources.DirResourceSet.getResource(DirResourceSet.java:101)
 org.apache.catalina.webresources.StandardRoot.getResourceInternal(StandardRoot.java:281)
 org.apache.catalina.webresources.CachedResource.validateResource(CachedResource.java:97)
 org.apache.catalina.webresources.Cache.getResource(Cache.java:69)
 org.apache.catalina.webresources.StandardRoot.getResource(StandardRoot.java:216)
 org.apache.catalina.webresources.StandardRoot.getClassLoaderResource(StandardRoot.java:225)
 org.apache.catalina.loader.WebappClassLoaderBase.findResource(WebappClassLoaderBase.java:884)
 org.apache.catalina.loader.WebappClassLoaderBase.getResource(WebappClassLoaderBase.java:1005)
 com.mysql.jdbc.AbandonedConnectionCleanupThread.checkContextClassLoaders(AbandonedConnectionCleanupThread.java:90)
 com.mysql.jdbc.AbandonedConnectionCleanupThread.run(AbandonedConnectionCleanupThread.java:63)
 java.util.concurrent.ThreadPoolExecutor.runWorker(ThreadPoolExecutor.java:1149)
 java.util.concurrent.ThreadPoolExecutor$Worker.run(ThreadPoolExecutor.java:624)
 java.lang.Thread.run(Thread.java:748)
22-Mar-2018 13:40:43.123 INFO [http-nio-8090-exec-276] org.apache.jasper.servlet.TldScanner.scanJars At least one JAR was scanned for TLDs yet contained no TLDs. Enable debug logging for this logger for a complete list of JARs that were scanned but no TLDs were found in them. Skipping unneeded JARs during scanning can improve startup time and JSP compilation time.
22-Mar-2018 13:40:43.123 INFO [http-nio-8090-exec-276] org.apache.catalina.core.StandardContext.reload Reloading Context with name [/Check_List] is completed
22-Mar-2018 13:40:43.209 INFO [http-nio-8090-exec-277] org.apache.catalina.core.StandardContext.reload Reloading Context with name [/Check_List] has started
22-Mar-2018 13:40:43.357 WARNING [http-nio-8090-exec-277] org.apache.catalina.loader.WebappClassLoaderBase.clearReferencesThreads The web application [Check_List] appears to have started a thread named [Abandoned connection cleanup thread] but has failed to stop it. This is very likely to create a memory leak. Stack trace of thread:
 com.mysql.jdbc.AbandonedConnectionCleanupThread.checkContextClassLoaders(AbandonedConnectionCleanupThread.java:90)
 com.mysql.jdbc.AbandonedConnectionCleanupThread.run(AbandonedConnectionCleanupThread.java:63)
 java.util.concurrent.ThreadPoolExecutor.runWorker(ThreadPoolExecutor.java:1149)
 java.util.concurrent.ThreadPoolExecutor$Worker.run(ThreadPoolExecutor.java:624)
 java.lang.Thread.run(Thread.java:748)
22-Mar-2018 13:40:43.562 INFO [http-nio-8090-exec-277] org.apache.jasper.servlet.TldScanner.scanJars At least one JAR was scanned for TLDs yet contained no TLDs. Enable debug logging for this logger for a complete list of JARs that were scanned but no TLDs were found in them. Skipping unneeded JARs during scanning can improve startup time and JSP compilation time.
22-Mar-2018 13:40:43.562 INFO [http-nio-8090-exec-277] org.apache.catalina.core.StandardContext.reload Reloading Context with name [/Check_List] is completed
22-Mar-2018 13:40:47.891 INFO [Abandoned connection cleanup thread] org.apache.catalina.loader.WebappClassLoaderBase.checkStateForResourceLoading Illegal access: this web application instance has been stopped already. Could not load []. The following stack trace is thrown for debugging purposes as well as to attempt to terminate the thread which caused the illegal access.
 java.lang.IllegalStateException: Illegal access: this web application instance has been stopped already. Could not load []. The following stack trace is thrown for debugging purposes as well as to attempt to terminate the thread which caused the illegal access.
	at org.apache.catalina.loader.WebappClassLoaderBase.checkStateForResourceLoading(WebappClassLoaderBase.java:1311)
	at org.apache.catalina.loader.WebappClassLoaderBase.getResource(WebappClassLoaderBase.java:986)
	at com.mysql.jdbc.AbandonedConnectionCleanupThread.checkContextClassLoaders(AbandonedConnectionCleanupThread.java:90)
	at com.mysql.jdbc.AbandonedConnectionCleanupThread.run(AbandonedConnectionCleanupThread.java:63)
	at java.util.concurrent.ThreadPoolExecutor.runWorker(ThreadPoolExecutor.java:1149)
	at java.util.concurrent.ThreadPoolExecutor$Worker.run(ThreadPoolExecutor.java:624)
	at java.lang.Thread.run(Thread.java:748)

22-Mar-2018 13:40:48.373 INFO [Abandoned connection cleanup thread] org.apache.catalina.loader.WebappClassLoaderBase.checkStateForResourceLoading Illegal access: this web application instance has been stopped already. Could not load []. The following stack trace is thrown for debugging purposes as well as to attempt to terminate the thread which caused the illegal access.
 java.lang.IllegalStateException: Illegal access: this web application instance has been stopped already. Could not load []. The following stack trace is thrown for debugging purposes as well as to attempt to terminate the thread which caused the illegal access.
	at org.apache.catalina.loader.WebappClassLoaderBase.checkStateForResourceLoading(WebappClassLoaderBase.java:1311)
	at org.apache.catalina.loader.WebappClassLoaderBase.getResource(WebappClassLoaderBase.java:986)
	at com.mysql.jdbc.AbandonedConnectionCleanupThread.checkContextClassLoaders(AbandonedConnectionCleanupThread.java:90)
	at com.mysql.jdbc.AbandonedConnectionCleanupThread.run(AbandonedConnectionCleanupThread.java:63)
	at java.util.concurrent.ThreadPoolExecutor.runWorker(ThreadPoolExecutor.java:1149)
	at java.util.concurrent.ThreadPoolExecutor$Worker.run(ThreadPoolExecutor.java:624)
	at java.lang.Thread.run(Thread.java:748)

22-Mar-2018 13:41:10.918 INFO [http-nio-8090-exec-279] org.apache.catalina.core.StandardContext.reload Reloading Context with name [/Check_List] has started
22-Mar-2018 13:41:10.981 WARNING [http-nio-8090-exec-279] org.apache.catalina.loader.WebappClassLoaderBase.clearReferencesThreads The web application [Check_List] appears to have started a thread named [Abandoned connection cleanup thread] but has failed to stop it. This is very likely to create a memory leak. Stack trace of thread:
 com.mysql.jdbc.AbandonedConnectionCleanupThread.run(AbandonedConnectionCleanupThread.java:63)
 java.util.concurrent.ThreadPoolExecutor.runWorker(ThreadPoolExecutor.java:1149)
 java.util.concurrent.ThreadPoolExecutor$Worker.run(ThreadPoolExecutor.java:624)
 java.lang.Thread.run(Thread.java:748)
22-Mar-2018 13:41:11.122 INFO [http-nio-8090-exec-279] org.apache.jasper.servlet.TldScanner.scanJars At least one JAR was scanned for TLDs yet contained no TLDs. Enable debug logging for this logger for a complete list of JARs that were scanned but no TLDs were found in them. Skipping unneeded JARs during scanning can improve startup time and JSP compilation time.
22-Mar-2018 13:41:11.122 INFO [http-nio-8090-exec-279] org.apache.catalina.core.StandardContext.reload Reloading Context with name [/Check_List] is completed
22-Mar-2018 13:41:15.985 INFO [Abandoned connection cleanup thread] org.apache.catalina.loader.WebappClassLoaderBase.checkStateForResourceLoading Illegal access: this web application instance has been stopped already. Could not load []. The following stack trace is thrown for debugging purposes as well as to attempt to terminate the thread which caused the illegal access.
 java.lang.IllegalStateException: Illegal access: this web application instance has been stopped already. Could not load []. The following stack trace is thrown for debugging purposes as well as to attempt to terminate the thread which caused the illegal access.
	at org.apache.catalina.loader.WebappClassLoaderBase.checkStateForResourceLoading(WebappClassLoaderBase.java:1311)
	at org.apache.catalina.loader.WebappClassLoaderBase.getResource(WebappClassLoaderBase.java:986)
	at com.mysql.jdbc.AbandonedConnectionCleanupThread.checkContextClassLoaders(AbandonedConnectionCleanupThread.java:90)
	at com.mysql.jdbc.AbandonedConnectionCleanupThread.run(AbandonedConnectionCleanupThread.java:63)
	at java.util.concurrent.ThreadPoolExecutor.runWorker(ThreadPoolExecutor.java:1149)
	at java.util.concurrent.ThreadPoolExecutor$Worker.run(ThreadPoolExecutor.java:624)
	at java.lang.Thread.run(Thread.java:748)

22-Mar-2018 14:03:41.944 INFO [http-nio-8090-exec-293] org.apache.catalina.core.StandardContext.reload Reloading Context with name [/Check_List] has started
22-Mar-2018 14:03:42.329 WARNING [http-nio-8090-exec-293] org.apache.catalina.loader.WebappClassLoaderBase.clearReferencesThreads The web application [Check_List] appears to have started a thread named [Abandoned connection cleanup thread] but has failed to stop it. This is very likely to create a memory leak. Stack trace of thread:
 com.mysql.jdbc.AbandonedConnectionCleanupThread.checkContextClassLoaders(AbandonedConnectionCleanupThread.java:90)
 com.mysql.jdbc.AbandonedConnectionCleanupThread.run(AbandonedConnectionCleanupThread.java:63)
 java.util.concurrent.ThreadPoolExecutor.runWorker(ThreadPoolExecutor.java:1149)
 java.util.concurrent.ThreadPoolExecutor$Worker.run(ThreadPoolExecutor.java:624)
 java.lang.Thread.run(Thread.java:748)
22-Mar-2018 14:03:43.470 INFO [http-nio-8090-exec-293] org.apache.jasper.servlet.TldScanner.scanJars At least one JAR was scanned for TLDs yet contained no TLDs. Enable debug logging for this logger for a complete list of JARs that were scanned but no TLDs were found in them. Skipping unneeded JARs during scanning can improve startup time and JSP compilation time.
22-Mar-2018 14:03:43.470 INFO [http-nio-8090-exec-293] org.apache.catalina.core.StandardContext.reload Reloading Context with name [/Check_List] is completed
22-Mar-2018 14:03:47.347 INFO [Abandoned connection cleanup thread] org.apache.catalina.loader.WebappClassLoaderBase.checkStateForResourceLoading Illegal access: this web application instance has been stopped already. Could not load []. The following stack trace is thrown for debugging purposes as well as to attempt to terminate the thread which caused the illegal access.
 java.lang.IllegalStateException: Illegal access: this web application instance has been stopped already. Could not load []. The following stack trace is thrown for debugging purposes as well as to attempt to terminate the thread which caused the illegal access.
	at org.apache.catalina.loader.WebappClassLoaderBase.checkStateForResourceLoading(WebappClassLoaderBase.java:1311)
	at org.apache.catalina.loader.WebappClassLoaderBase.getResource(WebappClassLoaderBase.java:986)
	at com.mysql.jdbc.AbandonedConnectionCleanupThread.checkContextClassLoaders(AbandonedConnectionCleanupThread.java:90)
	at com.mysql.jdbc.AbandonedConnectionCleanupThread.run(AbandonedConnectionCleanupThread.java:63)
	at java.util.concurrent.ThreadPoolExecutor.runWorker(ThreadPoolExecutor.java:1149)
	at java.util.concurrent.ThreadPoolExecutor$Worker.run(ThreadPoolExecutor.java:624)
	at java.lang.Thread.run(Thread.java:748)

22-Mar-2018 14:12:20.595 INFO [http-nio-8090-exec-296] org.apache.catalina.core.StandardContext.reload Reloading Context with name [/Check_List] has started
22-Mar-2018 14:12:20.814 WARNING [http-nio-8090-exec-296] org.apache.catalina.loader.WebappClassLoaderBase.clearReferencesJdbc The web application [Check_List] registered the JDBC driver [com.mysql.jdbc.Driver] but failed to unregister it when the web application was stopped. To prevent a memory leak, the JDBC Driver has been forcibly unregistered.
22-Mar-2018 14:12:20.814 WARNING [http-nio-8090-exec-296] org.apache.catalina.loader.WebappClassLoaderBase.clearReferencesThreads The web application [Check_List] appears to have started a thread named [Abandoned connection cleanup thread] but has failed to stop it. This is very likely to create a memory leak. Stack trace of thread:
 java.lang.Object.wait(Native Method)
 java.lang.ref.ReferenceQueue.remove(ReferenceQueue.java:143)
 com.mysql.jdbc.AbandonedConnectionCleanupThread.run(AbandonedConnectionCleanupThread.java:64)
 java.util.concurrent.ThreadPoolExecutor.runWorker(ThreadPoolExecutor.java:1149)
 java.util.concurrent.ThreadPoolExecutor$Worker.run(ThreadPoolExecutor.java:624)
 java.lang.Thread.run(Thread.java:748)
22-Mar-2018 14:12:21.064 INFO [Abandoned connection cleanup thread] org.apache.catalina.loader.WebappClassLoaderBase.checkStateForResourceLoading Illegal access: this web application instance has been stopped already. Could not load []. The following stack trace is thrown for debugging purposes as well as to attempt to terminate the thread which caused the illegal access.
 java.lang.IllegalStateException: Illegal access: this web application instance has been stopped already. Could not load []. The following stack trace is thrown for debugging purposes as well as to attempt to terminate the thread which caused the illegal access.
	at org.apache.catalina.loader.WebappClassLoaderBase.checkStateForResourceLoading(WebappClassLoaderBase.java:1311)
	at org.apache.catalina.loader.WebappClassLoaderBase.getResource(WebappClassLoaderBase.java:986)
	at com.mysql.jdbc.AbandonedConnectionCleanupThread.checkContextClassLoaders(AbandonedConnectionCleanupThread.java:90)
	at com.mysql.jdbc.AbandonedConnectionCleanupThread.run(AbandonedConnectionCleanupThread.java:63)
	at java.util.concurrent.ThreadPoolExecutor.runWorker(ThreadPoolExecutor.java:1149)
	at java.util.concurrent.ThreadPoolExecutor$Worker.run(ThreadPoolExecutor.java:624)
	at java.lang.Thread.run(Thread.java:748)

22-Mar-2018 14:12:21.080 INFO [Abandoned connection cleanup thread] org.apache.catalina.loader.WebappClassLoaderBase.checkStateForResourceLoading Illegal access: this web application instance has been stopped already. Could not load []. The following stack trace is thrown for debugging purposes as well as to attempt to terminate the thread which caused the illegal access.
 java.lang.IllegalStateException: Illegal access: this web application instance has been stopped already. Could not load []. The following stack trace is thrown for debugging purposes as well as to attempt to terminate the thread which caused the illegal access.
	at org.apache.catalina.loader.WebappClassLoaderBase.checkStateForResourceLoading(WebappClassLoaderBase.java:1311)
	at org.apache.catalina.loader.WebappClassLoaderBase.getResource(WebappClassLoaderBase.java:986)
	at com.mysql.jdbc.AbandonedConnectionCleanupThread.checkContextClassLoaders(AbandonedConnectionCleanupThread.java:90)
	at com.mysql.jdbc.AbandonedConnectionCleanupThread.run(AbandonedConnectionCleanupThread.java:63)
	at java.util.concurrent.ThreadPoolExecutor.runWorker(ThreadPoolExecutor.java:1149)
	at java.util.concurrent.ThreadPoolExecutor$Worker.run(ThreadPoolExecutor.java:624)
	at java.lang.Thread.run(Thread.java:748)

22-Mar-2018 14:12:21.096 INFO [Abandoned connection cleanup thread] org.apache.catalina.loader.WebappClassLoaderBase.checkStateForResourceLoading Illegal access: this web application instance has been stopped already. Could not load []. The following stack trace is thrown for debugging purposes as well as to attempt to terminate the thread which caused the illegal access.
 java.lang.IllegalStateException: Illegal access: this web application instance has been stopped already. Could not load []. The following stack trace is thrown for debugging purposes as well as to attempt to terminate the thread which caused the illegal access.
	at org.apache.catalina.loader.WebappClassLoaderBase.checkStateForResourceLoading(WebappClassLoaderBase.java:1311)
	at org.apache.catalina.loader.WebappClassLoaderBase.getResource(WebappClassLoaderBase.java:986)
	at com.mysql.jdbc.AbandonedConnectionCleanupThread.checkContextClassLoaders(AbandonedConnectionCleanupThread.java:90)
	at com.mysql.jdbc.AbandonedConnectionCleanupThread.run(AbandonedConnectionCleanupThread.java:63)
	at java.util.concurrent.ThreadPoolExecutor.runWorker(ThreadPoolExecutor.java:1149)
	at java.util.concurrent.ThreadPoolExecutor$Worker.run(ThreadPoolExecutor.java:624)
	at java.lang.Thread.run(Thread.java:748)

22-Mar-2018 14:12:21.096 INFO [Abandoned connection cleanup thread] org.apache.catalina.loader.WebappClassLoaderBase.checkStateForResourceLoading Illegal access: this web application instance has been stopped already. Could not load []. The following stack trace is thrown for debugging purposes as well as to attempt to terminate the thread which caused the illegal access.
 java.lang.IllegalStateException: Illegal access: this web application instance has been stopped already. Could not load []. The following stack trace is thrown for debugging purposes as well as to attempt to terminate the thread which caused the illegal access.
	at org.apache.catalina.loader.WebappClassLoaderBase.checkStateForResourceLoading(WebappClassLoaderBase.java:1311)
	at org.apache.catalina.loader.WebappClassLoaderBase.getResource(WebappClassLoaderBase.java:986)
	at com.mysql.jdbc.AbandonedConnectionCleanupThread.checkContextClassLoaders(AbandonedConnectionCleanupThread.java:90)
	at com.mysql.jdbc.AbandonedConnectionCleanupThread.run(AbandonedConnectionCleanupThread.java:63)
	at java.util.concurrent.ThreadPoolExecutor.runWorker(ThreadPoolExecutor.java:1149)
	at java.util.concurrent.ThreadPoolExecutor$Worker.run(ThreadPoolExecutor.java:624)
	at java.lang.Thread.run(Thread.java:748)

22-Mar-2018 14:12:21.096 INFO [Abandoned connection cleanup thread] org.apache.catalina.loader.WebappClassLoaderBase.checkStateForResourceLoading Illegal access: this web application instance has been stopped already. Could not load []. The following stack trace is thrown for debugging purposes as well as to attempt to terminate the thread which caused the illegal access.
 java.lang.IllegalStateException: Illegal access: this web application instance has been stopped already. Could not load []. The following stack trace is thrown for debugging purposes as well as to attempt to terminate the thread which caused the illegal access.
	at org.apache.catalina.loader.WebappClassLoaderBase.checkStateForResourceLoading(WebappClassLoaderBase.java:1311)
	at org.apache.catalina.loader.WebappClassLoaderBase.getResource(WebappClassLoaderBase.java:986)
	at com.mysql.jdbc.AbandonedConnectionCleanupThread.checkContextClassLoaders(AbandonedConnectionCleanupThread.java:90)
	at com.mysql.jdbc.AbandonedConnectionCleanupThread.run(AbandonedConnectionCleanupThread.java:63)
	at java.util.concurrent.ThreadPoolExecutor.runWorker(ThreadPoolExecutor.java:1149)
	at java.util.concurrent.ThreadPoolExecutor$Worker.run(ThreadPoolExecutor.java:624)
	at java.lang.Thread.run(Thread.java:748)

22-Mar-2018 14:12:21.096 INFO [Abandoned connection cleanup thread] org.apache.catalina.loader.WebappClassLoaderBase.checkStateForResourceLoading Illegal access: this web application instance has been stopped already. Could not load []. The following stack trace is thrown for debugging purposes as well as to attempt to terminate the thread which caused the illegal access.
 java.lang.IllegalStateException: Illegal access: this web application instance has been stopped already. Could not load []. The following stack trace is thrown for debugging purposes as well as to attempt to terminate the thread which caused the illegal access.
	at org.apache.catalina.loader.WebappClassLoaderBase.checkStateForResourceLoading(WebappClassLoaderBase.java:1311)
	at org.apache.catalina.loader.WebappClassLoaderBase.getResource(WebappClassLoaderBase.java:986)
	at com.mysql.jdbc.AbandonedConnectionCleanupThread.checkContextClassLoaders(AbandonedConnectionCleanupThread.java:90)
	at com.mysql.jdbc.AbandonedConnectionCleanupThread.run(AbandonedConnectionCleanupThread.java:63)
	at java.util.concurrent.ThreadPoolExecutor.runWorker(ThreadPoolExecutor.java:1149)
	at java.util.concurrent.ThreadPoolExecutor$Worker.run(ThreadPoolExecutor.java:624)
	at java.lang.Thread.run(Thread.java:748)

22-Mar-2018 14:12:21.096 INFO [Abandoned connection cleanup thread] org.apache.catalina.loader.WebappClassLoaderBase.checkStateForResourceLoading Illegal access: this web application instance has been stopped already. Could not load []. The following stack trace is thrown for debugging purposes as well as to attempt to terminate the thread which caused the illegal access.
 java.lang.IllegalStateException: Illegal access: this web application instance has been stopped already. Could not load []. The following stack trace is thrown for debugging purposes as well as to attempt to terminate the thread which caused the illegal access.
	at org.apache.catalina.loader.WebappClassLoaderBase.checkStateForResourceLoading(WebappClassLoaderBase.java:1311)
	at org.apache.catalina.loader.WebappClassLoaderBase.getResource(WebappClassLoaderBase.java:986)
	at com.mysql.jdbc.AbandonedConnectionCleanupThread.checkContextClassLoaders(AbandonedConnectionCleanupThread.java:90)
	at com.mysql.jdbc.AbandonedConnectionCleanupThread.run(AbandonedConnectionCleanupThread.java:63)
	at java.util.concurrent.ThreadPoolExecutor.runWorker(ThreadPoolExecutor.java:1149)
	at java.util.concurrent.ThreadPoolExecutor$Worker.run(ThreadPoolExecutor.java:624)
	at java.lang.Thread.run(Thread.java:748)

22-Mar-2018 14:12:21.205 INFO [http-nio-8090-exec-296] org.apache.jasper.servlet.TldScanner.scanJars At least one JAR was scanned for TLDs yet contained no TLDs. Enable debug logging for this logger for a complete list of JARs that were scanned but no TLDs were found in them. Skipping unneeded JARs during scanning can improve startup time and JSP compilation time.
22-Mar-2018 14:12:21.283 INFO [http-nio-8090-exec-296] org.apache.catalina.core.StandardContext.reload Reloading Context with name [/Check_List] is completed
22-Mar-2018 14:14:17.772 INFO [http-nio-8090-exec-300] org.apache.catalina.core.StandardContext.reload Reloading Context with name [/Check_List] has started
22-Mar-2018 14:14:17.772 WARNING [http-nio-8090-exec-300] org.apache.catalina.loader.WebappClassLoaderBase.clearReferencesJdbc The web application [Check_List] registered the JDBC driver [com.mysql.jdbc.Driver] but failed to unregister it when the web application was stopped. To prevent a memory leak, the JDBC Driver has been forcibly unregistered.
22-Mar-2018 14:14:17.772 WARNING [http-nio-8090-exec-300] org.apache.catalina.loader.WebappClassLoaderBase.clearReferencesThreads The web application [Check_List] appears to have started a thread named [Abandoned connection cleanup thread] but has failed to stop it. This is very likely to create a memory leak. Stack trace of thread:
 java.lang.Object.wait(Native Method)
 java.lang.ref.ReferenceQueue.remove(ReferenceQueue.java:143)
 com.mysql.jdbc.AbandonedConnectionCleanupThread.run(AbandonedConnectionCleanupThread.java:64)
 java.util.concurrent.ThreadPoolExecutor.runWorker(ThreadPoolExecutor.java:1149)
 java.util.concurrent.ThreadPoolExecutor$Worker.run(ThreadPoolExecutor.java:624)
 java.lang.Thread.run(Thread.java:748)
22-Mar-2018 14:14:17.912 INFO [http-nio-8090-exec-300] org.apache.jasper.servlet.TldScanner.scanJars At least one JAR was scanned for TLDs yet contained no TLDs. Enable debug logging for this logger for a complete list of JARs that were scanned but no TLDs were found in them. Skipping unneeded JARs during scanning can improve startup time and JSP compilation time.
22-Mar-2018 14:14:17.912 INFO [http-nio-8090-exec-300] org.apache.catalina.core.StandardContext.reload Reloading Context with name [/Check_List] is completed
22-Mar-2018 14:14:18.105 INFO [Abandoned connection cleanup thread] org.apache.catalina.loader.WebappClassLoaderBase.checkStateForResourceLoading Illegal access: this web application instance has been stopped already. Could not load []. The following stack trace is thrown for debugging purposes as well as to attempt to terminate the thread which caused the illegal access.
 java.lang.IllegalStateException: Illegal access: this web application instance has been stopped already. Could not load []. The following stack trace is thrown for debugging purposes as well as to attempt to terminate the thread which caused the illegal access.
	at org.apache.catalina.loader.WebappClassLoaderBase.checkStateForResourceLoading(WebappClassLoaderBase.java:1311)
	at org.apache.catalina.loader.WebappClassLoaderBase.getResource(WebappClassLoaderBase.java:986)
	at com.mysql.jdbc.AbandonedConnectionCleanupThread.checkContextClassLoaders(AbandonedConnectionCleanupThread.java:90)
	at com.mysql.jdbc.AbandonedConnectionCleanupThread.run(AbandonedConnectionCleanupThread.java:63)
	at java.util.concurrent.ThreadPoolExecutor.runWorker(ThreadPoolExecutor.java:1149)
	at java.util.concurrent.ThreadPoolExecutor$Worker.run(ThreadPoolExecutor.java:624)
	at java.lang.Thread.run(Thread.java:748)

22-Mar-2018 14:15:39.189 INFO [http-nio-8090-exec-315] org.apache.catalina.core.StandardContext.reload Reloading Context with name [/Check_List] has started
22-Mar-2018 14:15:39.471 WARNING [http-nio-8090-exec-315] org.apache.catalina.loader.WebappClassLoaderBase.clearReferencesJdbc The web application [Check_List] registered the JDBC driver [com.mysql.jdbc.Driver] but failed to unregister it when the web application was stopped. To prevent a memory leak, the JDBC Driver has been forcibly unregistered.
22-Mar-2018 14:15:39.471 WARNING [http-nio-8090-exec-315] org.apache.catalina.loader.WebappClassLoaderBase.clearReferencesThreads The web application [Check_List] appears to have started a thread named [Abandoned connection cleanup thread] but has failed to stop it. This is very likely to create a memory leak. Stack trace of thread:
 java.lang.Object.wait(Native Method)
 java.lang.ref.ReferenceQueue.remove(ReferenceQueue.java:143)
 com.mysql.jdbc.AbandonedConnectionCleanupThread.run(AbandonedConnectionCleanupThread.java:64)
 java.util.concurrent.ThreadPoolExecutor.runWorker(ThreadPoolExecutor.java:1149)
 java.util.concurrent.ThreadPoolExecutor$Worker.run(ThreadPoolExecutor.java:624)
 java.lang.Thread.run(Thread.java:748)
22-Mar-2018 14:15:39.611 INFO [Abandoned connection cleanup thread] org.apache.catalina.loader.WebappClassLoaderBase.checkStateForResourceLoading Illegal access: this web application instance has been stopped already. Could not load []. The following stack trace is thrown for debugging purposes as well as to attempt to terminate the thread which caused the illegal access.
 java.lang.IllegalStateException: Illegal access: this web application instance has been stopped already. Could not load []. The following stack trace is thrown for debugging purposes as well as to attempt to terminate the thread which caused the illegal access.
	at org.apache.catalina.loader.WebappClassLoaderBase.checkStateForResourceLoading(WebappClassLoaderBase.java:1311)
	at org.apache.catalina.loader.WebappClassLoaderBase.getResource(WebappClassLoaderBase.java:986)
	at com.mysql.jdbc.AbandonedConnectionCleanupThread.checkContextClassLoaders(AbandonedConnectionCleanupThread.java:90)
	at com.mysql.jdbc.AbandonedConnectionCleanupThread.run(AbandonedConnectionCleanupThread.java:63)
	at java.util.concurrent.ThreadPoolExecutor.runWorker(ThreadPoolExecutor.java:1149)
	at java.util.concurrent.ThreadPoolExecutor$Worker.run(ThreadPoolExecutor.java:624)
	at java.lang.Thread.run(Thread.java:748)

22-Mar-2018 14:15:39.643 INFO [Abandoned connection cleanup thread] org.apache.catalina.loader.WebappClassLoaderBase.checkStateForResourceLoading Illegal access: this web application instance has been stopped already. Could not load []. The following stack trace is thrown for debugging purposes as well as to attempt to terminate the thread which caused the illegal access.
 java.lang.IllegalStateException: Illegal access: this web application instance has been stopped already. Could not load []. The following stack trace is thrown for debugging purposes as well as to attempt to terminate the thread which caused the illegal access.
	at org.apache.catalina.loader.WebappClassLoaderBase.checkStateForResourceLoading(WebappClassLoaderBase.java:1311)
	at org.apache.catalina.loader.WebappClassLoaderBase.getResource(WebappClassLoaderBase.java:986)
	at com.mysql.jdbc.AbandonedConnectionCleanupThread.checkContextClassLoaders(AbandonedConnectionCleanupThread.java:90)
	at com.mysql.jdbc.AbandonedConnectionCleanupThread.run(AbandonedConnectionCleanupThread.java:63)
	at java.util.concurrent.ThreadPoolExecutor.runWorker(ThreadPoolExecutor.java:1149)
	at java.util.concurrent.ThreadPoolExecutor$Worker.run(ThreadPoolExecutor.java:624)
	at java.lang.Thread.run(Thread.java:748)

22-Mar-2018 14:15:39.658 INFO [Abandoned connection cleanup thread] org.apache.catalina.loader.WebappClassLoaderBase.checkStateForResourceLoading Illegal access: this web application instance has been stopped already. Could not load []. The following stack trace is thrown for debugging purposes as well as to attempt to terminate the thread which caused the illegal access.
 java.lang.IllegalStateException: Illegal access: this web application instance has been stopped already. Could not load []. The following stack trace is thrown for debugging purposes as well as to attempt to terminate the thread which caused the illegal access.
	at org.apache.catalina.loader.WebappClassLoaderBase.checkStateForResourceLoading(WebappClassLoaderBase.java:1311)
	at org.apache.catalina.loader.WebappClassLoaderBase.getResource(WebappClassLoaderBase.java:986)
	at com.mysql.jdbc.AbandonedConnectionCleanupThread.checkContextClassLoaders(AbandonedConnectionCleanupThread.java:90)
	at com.mysql.jdbc.AbandonedConnectionCleanupThread.run(AbandonedConnectionCleanupThread.java:63)
	at java.util.concurrent.ThreadPoolExecutor.runWorker(ThreadPoolExecutor.java:1149)
	at java.util.concurrent.ThreadPoolExecutor$Worker.run(ThreadPoolExecutor.java:624)
	at java.lang.Thread.run(Thread.java:748)

22-Mar-2018 14:15:39.658 INFO [Abandoned connection cleanup thread] org.apache.catalina.loader.WebappClassLoaderBase.checkStateForResourceLoading Illegal access: this web application instance has been stopped already. Could not load []. The following stack trace is thrown for debugging purposes as well as to attempt to terminate the thread which caused the illegal access.
 java.lang.IllegalStateException: Illegal access: this web application instance has been stopped already. Could not load []. The following stack trace is thrown for debugging purposes as well as to attempt to terminate the thread which caused the illegal access.
	at org.apache.catalina.loader.WebappClassLoaderBase.checkStateForResourceLoading(WebappClassLoaderBase.java:1311)
	at org.apache.catalina.loader.WebappClassLoaderBase.getResource(WebappClassLoaderBase.java:986)
	at com.mysql.jdbc.AbandonedConnectionCleanupThread.checkContextClassLoaders(AbandonedConnectionCleanupThread.java:90)
	at com.mysql.jdbc.AbandonedConnectionCleanupThread.run(AbandonedConnectionCleanupThread.java:63)
	at java.util.concurrent.ThreadPoolExecutor.runWorker(ThreadPoolExecutor.java:1149)
	at java.util.concurrent.ThreadPoolExecutor$Worker.run(ThreadPoolExecutor.java:624)
	at java.lang.Thread.run(Thread.java:748)

22-Mar-2018 14:15:39.674 INFO [582] org.apache.catalina.loader.WebappClassLoaderBase.checkStateForResourceLoading Illegal access: this web application instance has been stopped already. Could not load []. The following stack trace is thrown for debugging purposes as well as to attempt to terminate the thread which caused the illegal access.
 java.lang.IllegalStateException: Illegal access: this web application instance has been stopped already. Could not load []. The following stack trace is thrown for debugging purposes as well as to attempt to terminate the thread which caused the illegal access.
	at org.apache.catalina.loader.WebappClassLoaderBase.checkStateForResourceLoading(WebappClassLoaderBase.java:1311)
	at org.apache.catalina.loader.WebappClassLoaderBase.getResource(WebappClassLoaderBase.java:986)
	at com.mysql.jdbc.AbandonedConnectionCleanupThread.checkContextClassLoaders(AbandonedConnectionCleanupThread.java:90)
	at com.mysql.jdbc.AbandonedConnectionCleanupThread.run(AbandonedConnectionCleanupThread.java:63)
	at java.util.concurrent.ThreadPoolExecutor.runWorker(ThreadPoolExecutor.java:1149)
	at java.util.concurrent.ThreadPoolExecutor$Worker.run(ThreadPoolExecutor.java:624)
	at java.lang.Thread.run(Thread.java:748)

22-Mar-2018 14:15:39.705 INFO [http-nio-8090-exec-315] org.apache.jasper.servlet.TldScanner.scanJars At least one JAR was scanned for TLDs yet contained no TLDs. Enable debug logging for this logger for a complete list of JARs that were scanned but no TLDs were found in them. Skipping unneeded JARs during scanning can improve startup time and JSP compilation time.
22-Mar-2018 14:15:39.705 INFO [http-nio-8090-exec-315] org.apache.catalina.core.StandardContext.reload Reloading Context with name [/Check_List] is completed
22-Mar-2018 14:34:36.319 INFO [http-nio-8090-exec-328] org.apache.catalina.core.StandardContext.reload Reloading Context with name [/Check_List] has started
22-Mar-2018 14:34:36.413 WARNING [http-nio-8090-exec-328] org.apache.catalina.loader.WebappClassLoaderBase.clearReferencesJdbc The web application [Check_List] registered the JDBC driver [com.mysql.jdbc.Driver] but failed to unregister it when the web application was stopped. To prevent a memory leak, the JDBC Driver has been forcibly unregistered.
22-Mar-2018 14:34:36.413 WARNING [http-nio-8090-exec-328] org.apache.catalina.loader.WebappClassLoaderBase.clearReferencesThreads The web application [Check_List] appears to have started a thread named [Abandoned connection cleanup thread] but has failed to stop it. This is very likely to create a memory leak. Stack trace of thread:
 java.lang.Object.wait(Native Method)
 java.lang.ref.ReferenceQueue.remove(ReferenceQueue.java:143)
 com.mysql.jdbc.AbandonedConnectionCleanupThread.run(AbandonedConnectionCleanupThread.java:64)
 java.util.concurrent.ThreadPoolExecutor.runWorker(ThreadPoolExecutor.java:1149)
 java.util.concurrent.ThreadPoolExecutor$Worker.run(ThreadPoolExecutor.java:624)
 java.lang.Thread.run(Thread.java:748)
22-Mar-2018 14:34:36.647 INFO [http-nio-8090-exec-328] org.apache.jasper.servlet.TldScanner.scanJars At least one JAR was scanned for TLDs yet contained no TLDs. Enable debug logging for this logger for a complete list of JARs that were scanned but no TLDs were found in them. Skipping unneeded JARs during scanning can improve startup time and JSP compilation time.
22-Mar-2018 14:34:36.647 INFO [http-nio-8090-exec-328] org.apache.catalina.core.StandardContext.reload Reloading Context with name [/Check_List] is completed
22-Mar-2018 14:34:37.871 INFO [Abandoned connection cleanup thread] org.apache.catalina.loader.WebappClassLoaderBase.checkStateForResourceLoading Illegal access: this web application instance has been stopped already. Could not load []. The following stack trace is thrown for debugging purposes as well as to attempt to terminate the thread which caused the illegal access.
 java.lang.IllegalStateException: Illegal access: this web application instance has been stopped already. Could not load []. The following stack trace is thrown for debugging purposes as well as to attempt to terminate the thread which caused the illegal access.
	at org.apache.catalina.loader.WebappClassLoaderBase.checkStateForResourceLoading(WebappClassLoaderBase.java:1311)
	at org.apache.catalina.loader.WebappClassLoaderBase.getResource(WebappClassLoaderBase.java:986)
	at com.mysql.jdbc.AbandonedConnectionCleanupThread.checkContextClassLoaders(AbandonedConnectionCleanupThread.java:90)
	at com.mysql.jdbc.AbandonedConnectionCleanupThread.run(AbandonedConnectionCleanupThread.java:63)
	at java.util.concurrent.ThreadPoolExecutor.runWorker(ThreadPoolExecutor.java:1149)
	at java.util.concurrent.ThreadPoolExecutor$Worker.run(ThreadPoolExecutor.java:624)
	at java.lang.Thread.run(Thread.java:748)

22-Mar-2018 14:59:46.323 INFO [http-nio-8090-exec-330] org.apache.catalina.core.StandardContext.reload Reloading Context with name [/Check_List] has started
22-Mar-2018 14:59:46.636 WARNING [http-nio-8090-exec-330] org.apache.catalina.loader.WebappClassLoaderBase.clearReferencesJdbc The web application [Check_List] registered the JDBC driver [com.mysql.jdbc.Driver] but failed to unregister it when the web application was stopped. To prevent a memory leak, the JDBC Driver has been forcibly unregistered.
22-Mar-2018 14:59:46.636 WARNING [http-nio-8090-exec-330] org.apache.catalina.loader.WebappClassLoaderBase.clearReferencesThreads The web application [Check_List] appears to have started a thread named [Abandoned connection cleanup thread] but has failed to stop it. This is very likely to create a memory leak. Stack trace of thread:
 java.lang.Object.wait(Native Method)
 java.lang.ref.ReferenceQueue.remove(ReferenceQueue.java:143)
 com.mysql.jdbc.AbandonedConnectionCleanupThread.run(AbandonedConnectionCleanupThread.java:64)
 java.util.concurrent.ThreadPoolExecutor.runWorker(ThreadPoolExecutor.java:1149)
 java.util.concurrent.ThreadPoolExecutor$Worker.run(ThreadPoolExecutor.java:624)
 java.lang.Thread.run(Thread.java:748)
22-Mar-2018 14:59:47.745 INFO [http-nio-8090-exec-330] org.apache.jasper.servlet.TldScanner.scanJars At least one JAR was scanned for TLDs yet contained no TLDs. Enable debug logging for this logger for a complete list of JARs that were scanned but no TLDs were found in them. Skipping unneeded JARs during scanning can improve startup time and JSP compilation time.
22-Mar-2018 14:59:47.745 INFO [http-nio-8090-exec-330] org.apache.catalina.core.StandardContext.reload Reloading Context with name [/Check_List] is completed
22-Mar-2018 14:59:47.870 INFO [http-nio-8090-exec-333] org.apache.catalina.core.StandardContext.reload Reloading Context with name [/Check_List] has started
22-Mar-2018 14:59:48.026 WARNING [http-nio-8090-exec-333] org.apache.catalina.loader.WebappClassLoaderBase.clearReferencesThreads The web application [Check_List] appears to have started a thread named [Abandoned connection cleanup thread] but has failed to stop it. This is very likely to create a memory leak. Stack trace of thread:
 java.io.WinNTFileSystem.getBooleanAttributes(Native Method)
 java.io.File.isDirectory(File.java:849)
 java.io.File.toURI(File.java:732)
 org.apache.catalina.webresources.FileResource.getURL(FileResource.java:261)
 org.apache.catalina.webresources.CachedResource.getURL(CachedResource.java:304)
 org.apache.catalina.loader.WebappClassLoaderBase.findResource(WebappClassLoaderBase.java:886)
 org.apache.catalina.loader.WebappClassLoaderBase.getResource(WebappClassLoaderBase.java:1005)
 com.mysql.jdbc.AbandonedConnectionCleanupThread.checkContextClassLoaders(AbandonedConnectionCleanupThread.java:90)
 com.mysql.jdbc.AbandonedConnectionCleanupThread.run(AbandonedConnectionCleanupThread.java:63)
 java.util.concurrent.ThreadPoolExecutor.runWorker(ThreadPoolExecutor.java:1149)
 java.util.concurrent.ThreadPoolExecutor$Worker.run(ThreadPoolExecutor.java:624)
 java.lang.Thread.run(Thread.java:748)
22-Mar-2018 14:59:48.249 INFO [http-nio-8090-exec-333] org.apache.jasper.servlet.TldScanner.scanJars At least one JAR was scanned for TLDs yet contained no TLDs. Enable debug logging for this logger for a complete list of JARs that were scanned but no TLDs were found in them. Skipping unneeded JARs during scanning can improve startup time and JSP compilation time.
22-Mar-2018 14:59:48.265 INFO [http-nio-8090-exec-333] org.apache.catalina.core.StandardContext.reload Reloading Context with name [/Check_List] is completed
22-Mar-2018 14:59:49.916 INFO [http-nio-8090-exec-337] org.apache.catalina.core.StandardContext.reload Reloading Context with name [/Check_List] has started
22-Mar-2018 14:59:49.932 WARNING [http-nio-8090-exec-337] org.apache.catalina.loader.WebappClassLoaderBase.clearReferencesThreads The web application [Check_List] appears to have started a thread named [Abandoned connection cleanup thread] but has failed to stop it. This is very likely to create a memory leak. Stack trace of thread:
 com.mysql.jdbc.AbandonedConnectionCleanupThread.checkContextClassLoaders(AbandonedConnectionCleanupThread.java:90)
 com.mysql.jdbc.AbandonedConnectionCleanupThread.run(AbandonedConnectionCleanupThread.java:63)
 java.util.concurrent.ThreadPoolExecutor.runWorker(ThreadPoolExecutor.java:1149)
 java.util.concurrent.ThreadPoolExecutor$Worker.run(ThreadPoolExecutor.java:624)
 java.lang.Thread.run(Thread.java:748)
22-Mar-2018 14:59:49.963 INFO [Abandoned connection cleanup thread] org.apache.catalina.loader.WebappClassLoaderBase.checkStateForResourceLoading Illegal access: this web application instance has been stopped already. Could not load []. The following stack trace is thrown for debugging purposes as well as to attempt to terminate the thread which caused the illegal access.
 java.lang.IllegalStateException: Illegal access: this web application instance has been stopped already. Could not load []. The following stack trace is thrown for debugging purposes as well as to attempt to terminate the thread which caused the illegal access.
	at org.apache.catalina.loader.WebappClassLoaderBase.checkStateForResourceLoading(WebappClassLoaderBase.java:1311)
	at org.apache.catalina.loader.WebappClassLoaderBase.getResource(WebappClassLoaderBase.java:986)
	at com.mysql.jdbc.AbandonedConnectionCleanupThread.checkContextClassLoaders(AbandonedConnectionCleanupThread.java:90)
	at com.mysql.jdbc.AbandonedConnectionCleanupThread.run(AbandonedConnectionCleanupThread.java:63)
	at java.util.concurrent.ThreadPoolExecutor.runWorker(ThreadPoolExecutor.java:1149)
	at java.util.concurrent.ThreadPoolExecutor$Worker.run(ThreadPoolExecutor.java:624)
	at java.lang.Thread.run(Thread.java:748)

22-Mar-2018 14:59:50.198 INFO [http-nio-8090-exec-337] org.apache.jasper.servlet.TldScanner.scanJars At least one JAR was scanned for TLDs yet contained no TLDs. Enable debug logging for this logger for a complete list of JARs that were scanned but no TLDs were found in them. Skipping unneeded JARs during scanning can improve startup time and JSP compilation time.
22-Mar-2018 14:59:50.198 INFO [http-nio-8090-exec-337] org.apache.catalina.core.StandardContext.reload Reloading Context with name [/Check_List] is completed
22-Mar-2018 14:59:53.044 INFO [Abandoned connection cleanup thread] org.apache.catalina.loader.WebappClassLoaderBase.checkStateForResourceLoading Illegal access: this web application instance has been stopped already. Could not load []. The following stack trace is thrown for debugging purposes as well as to attempt to terminate the thread which caused the illegal access.
 java.lang.IllegalStateException: Illegal access: this web application instance has been stopped already. Could not load []. The following stack trace is thrown for debugging purposes as well as to attempt to terminate the thread which caused the illegal access.
	at org.apache.catalina.loader.WebappClassLoaderBase.checkStateForResourceLoading(WebappClassLoaderBase.java:1311)
	at org.apache.catalina.loader.WebappClassLoaderBase.getResource(WebappClassLoaderBase.java:986)
	at com.mysql.jdbc.AbandonedConnectionCleanupThread.checkContextClassLoaders(AbandonedConnectionCleanupThread.java:90)
	at com.mysql.jdbc.AbandonedConnectionCleanupThread.run(AbandonedConnectionCleanupThread.java:63)
	at java.util.concurrent.ThreadPoolExecutor.runWorker(ThreadPoolExecutor.java:1149)
	at java.util.concurrent.ThreadPoolExecutor$Worker.run(ThreadPoolExecutor.java:624)
	at java.lang.Thread.run(Thread.java:748)

22-Mar-2018 14:59:54.937 INFO [Abandoned connection cleanup thread] org.apache.catalina.loader.WebappClassLoaderBase.checkStateForResourceLoading Illegal access: this web application instance has been stopped already. Could not load []. The following stack trace is thrown for debugging purposes as well as to attempt to terminate the thread which caused the illegal access.
 java.lang.IllegalStateException: Illegal access: this web application instance has been stopped already. Could not load []. The following stack trace is thrown for debugging purposes as well as to attempt to terminate the thread which caused the illegal access.
	at org.apache.catalina.loader.WebappClassLoaderBase.checkStateForResourceLoading(WebappClassLoaderBase.java:1311)
	at org.apache.catalina.loader.WebappClassLoaderBase.getResource(WebappClassLoaderBase.java:986)
	at com.mysql.jdbc.AbandonedConnectionCleanupThread.checkContextClassLoaders(AbandonedConnectionCleanupThread.java:90)
	at com.mysql.jdbc.AbandonedConnectionCleanupThread.run(AbandonedConnectionCleanupThread.java:63)
	at java.util.concurrent.ThreadPoolExecutor.runWorker(ThreadPoolExecutor.java:1149)
	at java.util.concurrent.ThreadPoolExecutor$Worker.run(ThreadPoolExecutor.java:624)
	at java.lang.Thread.run(Thread.java:748)

22-Mar-2018 15:04:52.521 INFO [http-nio-8090-exec-334] org.apache.catalina.core.StandardContext.reload Reloading Context with name [/Check_List] has started
22-Mar-2018 15:04:52.571 WARNING [http-nio-8090-exec-334] org.apache.catalina.loader.WebappClassLoaderBase.clearReferencesThreads The web application [Check_List] appears to have started a thread named [Abandoned connection cleanup thread] but has failed to stop it. This is very likely to create a memory leak. Stack trace of thread:
 com.mysql.jdbc.AbandonedConnectionCleanupThread.checkContextClassLoaders(AbandonedConnectionCleanupThread.java:90)
 com.mysql.jdbc.AbandonedConnectionCleanupThread.run(AbandonedConnectionCleanupThread.java:63)
 java.util.concurrent.ThreadPoolExecutor.runWorker(ThreadPoolExecutor.java:1149)
 java.util.concurrent.ThreadPoolExecutor$Worker.run(ThreadPoolExecutor.java:624)
 java.lang.Thread.run(Thread.java:748)
22-Mar-2018 15:04:52.696 INFO [http-nio-8090-exec-334] org.apache.jasper.servlet.TldScanner.scanJars At least one JAR was scanned for TLDs yet contained no TLDs. Enable debug logging for this logger for a complete list of JARs that were scanned but no TLDs were found in them. Skipping unneeded JARs during scanning can improve startup time and JSP compilation time.
22-Mar-2018 15:04:52.698 INFO [http-nio-8090-exec-334] org.apache.catalina.core.StandardContext.reload Reloading Context with name [/Check_List] is completed
22-Mar-2018 15:04:57.573 INFO [Abandoned connection cleanup thread] org.apache.catalina.loader.WebappClassLoaderBase.checkStateForResourceLoading Illegal access: this web application instance has been stopped already. Could not load []. The following stack trace is thrown for debugging purposes as well as to attempt to terminate the thread which caused the illegal access.
 java.lang.IllegalStateException: Illegal access: this web application instance has been stopped already. Could not load []. The following stack trace is thrown for debugging purposes as well as to attempt to terminate the thread which caused the illegal access.
	at org.apache.catalina.loader.WebappClassLoaderBase.checkStateForResourceLoading(WebappClassLoaderBase.java:1311)
	at org.apache.catalina.loader.WebappClassLoaderBase.getResource(WebappClassLoaderBase.java:986)
	at com.mysql.jdbc.AbandonedConnectionCleanupThread.checkContextClassLoaders(AbandonedConnectionCleanupThread.java:90)
	at com.mysql.jdbc.AbandonedConnectionCleanupThread.run(AbandonedConnectionCleanupThread.java:63)
	at java.util.concurrent.ThreadPoolExecutor.runWorker(ThreadPoolExecutor.java:1149)
	at java.util.concurrent.ThreadPoolExecutor$Worker.run(ThreadPoolExecutor.java:624)
	at java.lang.Thread.run(Thread.java:748)

22-Mar-2018 15:36:35.841 INFO [http-nio-8090-exec-355] org.apache.catalina.core.StandardContext.reload Reloading Context with name [/Check_List] has started
22-Mar-2018 15:36:36.439 WARNING [http-nio-8090-exec-355] org.apache.catalina.loader.WebappClassLoaderBase.clearReferencesJdbc The web application [Check_List] registered the JDBC driver [com.mysql.jdbc.Driver] but failed to unregister it when the web application was stopped. To prevent a memory leak, the JDBC Driver has been forcibly unregistered.
22-Mar-2018 15:36:36.454 WARNING [http-nio-8090-exec-355] org.apache.catalina.loader.WebappClassLoaderBase.clearReferencesThreads The web application [Check_List] appears to have started a thread named [Abandoned connection cleanup thread] but has failed to stop it. This is very likely to create a memory leak. Stack trace of thread:
 java.lang.Object.wait(Native Method)
 java.lang.ref.ReferenceQueue.remove(ReferenceQueue.java:143)
 com.mysql.jdbc.AbandonedConnectionCleanupThread.run(AbandonedConnectionCleanupThread.java:64)
 java.util.concurrent.ThreadPoolExecutor.runWorker(ThreadPoolExecutor.java:1149)
 java.util.concurrent.ThreadPoolExecutor$Worker.run(ThreadPoolExecutor.java:624)
 java.lang.Thread.run(Thread.java:748)
22-Mar-2018 15:36:39.247 INFO [Abandoned connection cleanup thread] org.apache.catalina.loader.WebappClassLoaderBase.checkStateForResourceLoading Illegal access: this web application instance has been stopped already. Could not load []. The following stack trace is thrown for debugging purposes as well as to attempt to terminate the thread which caused the illegal access.
 java.lang.IllegalStateException: Illegal access: this web application instance has been stopped already. Could not load []. The following stack trace is thrown for debugging purposes as well as to attempt to terminate the thread which caused the illegal access.
	at org.apache.catalina.loader.WebappClassLoaderBase.checkStateForResourceLoading(WebappClassLoaderBase.java:1311)
	at org.apache.catalina.loader.WebappClassLoaderBase.getResource(WebappClassLoaderBase.java:986)
	at com.mysql.jdbc.AbandonedConnectionCleanupThread.checkContextClassLoaders(AbandonedConnectionCleanupThread.java:90)
	at com.mysql.jdbc.AbandonedConnectionCleanupThread.run(AbandonedConnectionCleanupThread.java:63)
	at java.util.concurrent.ThreadPoolExecutor.runWorker(ThreadPoolExecutor.java:1149)
	at java.util.concurrent.ThreadPoolExecutor$Worker.run(ThreadPoolExecutor.java:624)
	at java.lang.Thread.run(Thread.java:748)

22-Mar-2018 15:36:39.459 INFO [Abandoned connection cleanup thread] org.apache.catalina.loader.WebappClassLoaderBase.checkStateForResourceLoading Illegal access: this web application instance has been stopped already. Could not load []. The following stack trace is thrown for debugging purposes as well as to attempt to terminate the thread which caused the illegal access.
 java.lang.IllegalStateException: Illegal access: this web application instance has been stopped already. Could not load []. The following stack trace is thrown for debugging purposes as well as to attempt to terminate the thread which caused the illegal access.
	at org.apache.catalina.loader.WebappClassLoaderBase.checkStateForResourceLoading(WebappClassLoaderBase.java:1311)
	at org.apache.catalina.loader.WebappClassLoaderBase.getResource(WebappClassLoaderBase.java:986)
	at com.mysql.jdbc.AbandonedConnectionCleanupThread.checkContextClassLoaders(AbandonedConnectionCleanupThread.java:90)
	at com.mysql.jdbc.AbandonedConnectionCleanupThread.run(AbandonedConnectionCleanupThread.java:63)
	at java.util.concurrent.ThreadPoolExecutor.runWorker(ThreadPoolExecutor.java:1149)
	at java.util.concurrent.ThreadPoolExecutor$Worker.run(ThreadPoolExecutor.java:624)
	at java.lang.Thread.run(Thread.java:748)

22-Mar-2018 15:36:39.517 INFO [Abandoned connection cleanup thread] org.apache.catalina.loader.WebappClassLoaderBase.checkStateForResourceLoading Illegal access: this web application instance has been stopped already. Could not load []. The following stack trace is thrown for debugging purposes as well as to attempt to terminate the thread which caused the illegal access.
 java.lang.IllegalStateException: Illegal access: this web application instance has been stopped already. Could not load []. The following stack trace is thrown for debugging purposes as well as to attempt to terminate the thread which caused the illegal access.
	at org.apache.catalina.loader.WebappClassLoaderBase.checkStateForResourceLoading(WebappClassLoaderBase.java:1311)
	at org.apache.catalina.loader.WebappClassLoaderBase.getResource(WebappClassLoaderBase.java:986)
	at com.mysql.jdbc.AbandonedConnectionCleanupThread.checkContextClassLoaders(AbandonedConnectionCleanupThread.java:90)
	at com.mysql.jdbc.AbandonedConnectionCleanupThread.run(AbandonedConnectionCleanupThread.java:63)
	at java.util.concurrent.ThreadPoolExecutor.runWorker(ThreadPoolExecutor.java:1149)
	at java.util.concurrent.ThreadPoolExecutor$Worker.run(ThreadPoolExecutor.java:624)
	at java.lang.Thread.run(Thread.java:748)

22-Mar-2018 15:36:39.517 INFO [Abandoned connection cleanup thread] org.apache.catalina.loader.WebappClassLoaderBase.checkStateForResourceLoading Illegal access: this web application instance has been stopped already. Could not load []. The following stack trace is thrown for debugging purposes as well as to attempt to terminate the thread which caused the illegal access.
 java.lang.IllegalStateException: Illegal access: this web application instance has been stopped already. Could not load []. The following stack trace is thrown for debugging purposes as well as to attempt to terminate the thread which caused the illegal access.
	at org.apache.catalina.loader.WebappClassLoaderBase.checkStateForResourceLoading(WebappClassLoaderBase.java:1311)
	at org.apache.catalina.loader.WebappClassLoaderBase.getResource(WebappClassLoaderBase.java:986)
	at com.mysql.jdbc.AbandonedConnectionCleanupThread.checkContextClassLoaders(AbandonedConnectionCleanupThread.java:90)
	at com.mysql.jdbc.AbandonedConnectionCleanupThread.run(AbandonedConnectionCleanupThread.java:63)
	at java.util.concurrent.ThreadPoolExecutor.runWorker(ThreadPoolExecutor.java:1149)
	at java.util.concurrent.ThreadPoolExecutor$Worker.run(ThreadPoolExecutor.java:624)
	at java.lang.Thread.run(Thread.java:748)

22-Mar-2018 15:36:40.411 INFO [http-nio-8090-exec-355] org.apache.jasper.servlet.TldScanner.scanJars At least one JAR was scanned for TLDs yet contained no TLDs. Enable debug logging for this logger for a complete list of JARs that were scanned but no TLDs were found in them. Skipping unneeded JARs during scanning can improve startup time and JSP compilation time.
22-Mar-2018 15:36:40.572 INFO [http-nio-8090-exec-355] org.apache.catalina.core.StandardContext.reload Reloading Context with name [/Check_List] is completed
22-Mar-2018 15:51:32.407 INFO [http-nio-8090-exec-362] org.apache.catalina.core.StandardContext.reload Reloading Context with name [/Check_List] has started
22-Mar-2018 15:51:33.260 WARNING [http-nio-8090-exec-362] org.apache.catalina.loader.WebappClassLoaderBase.clearReferencesJdbc The web application [Check_List] registered the JDBC driver [com.mysql.jdbc.Driver] but failed to unregister it when the web application was stopped. To prevent a memory leak, the JDBC Driver has been forcibly unregistered.
22-Mar-2018 15:51:33.300 WARNING [http-nio-8090-exec-362] org.apache.catalina.loader.WebappClassLoaderBase.clearReferencesThreads The web application [Check_List] appears to have started a thread named [Abandoned connection cleanup thread] but has failed to stop it. This is very likely to create a memory leak. Stack trace of thread:
 java.lang.Object.wait(Native Method)
 java.lang.ref.ReferenceQueue.remove(ReferenceQueue.java:143)
 com.mysql.jdbc.AbandonedConnectionCleanupThread.run(AbandonedConnectionCleanupThread.java:64)
 java.util.concurrent.ThreadPoolExecutor.runWorker(ThreadPoolExecutor.java:1149)
 java.util.concurrent.ThreadPoolExecutor$Worker.run(ThreadPoolExecutor.java:624)
 java.lang.Thread.run(Thread.java:748)
22-Mar-2018 15:51:33.684 INFO [Abandoned connection cleanup thread] org.apache.catalina.loader.WebappClassLoaderBase.checkStateForResourceLoading Illegal access: this web application instance has been stopped already. Could not load []. The following stack trace is thrown for debugging purposes as well as to attempt to terminate the thread which caused the illegal access.
 java.lang.IllegalStateException: Illegal access: this web application instance has been stopped already. Could not load []. The following stack trace is thrown for debugging purposes as well as to attempt to terminate the thread which caused the illegal access.
	at org.apache.catalina.loader.WebappClassLoaderBase.checkStateForResourceLoading(WebappClassLoaderBase.java:1311)
	at org.apache.catalina.loader.WebappClassLoaderBase.getResource(WebappClassLoaderBase.java:986)
	at com.mysql.jdbc.AbandonedConnectionCleanupThread.checkContextClassLoaders(AbandonedConnectionCleanupThread.java:90)
	at com.mysql.jdbc.AbandonedConnectionCleanupThread.run(AbandonedConnectionCleanupThread.java:63)
	at java.util.concurrent.ThreadPoolExecutor.runWorker(ThreadPoolExecutor.java:1149)
	at java.util.concurrent.ThreadPoolExecutor$Worker.run(ThreadPoolExecutor.java:624)
	at java.lang.Thread.run(Thread.java:748)

22-Mar-2018 15:51:35.228 INFO [http-nio-8090-exec-362] org.apache.jasper.servlet.TldScanner.scanJars At least one JAR was scanned for TLDs yet contained no TLDs. Enable debug logging for this logger for a complete list of JARs that were scanned but no TLDs were found in them. Skipping unneeded JARs during scanning can improve startup time and JSP compilation time.
22-Mar-2018 15:51:35.528 INFO [http-nio-8090-exec-362] org.apache.catalina.core.StandardContext.reload Reloading Context with name [/Check_List] is completed
22-Mar-2018 16:33:36.332 INFO [http-nio-8090-exec-373] org.apache.catalina.core.StandardContext.reload Reloading Context with name [/Check_List] has started
22-Mar-2018 16:33:38.415 WARNING [http-nio-8090-exec-373] org.apache.catalina.loader.WebappClassLoaderBase.clearReferencesJdbc The web application [Check_List] registered the JDBC driver [com.mysql.jdbc.Driver] but failed to unregister it when the web application was stopped. To prevent a memory leak, the JDBC Driver has been forcibly unregistered.
22-Mar-2018 16:33:38.493 WARNING [http-nio-8090-exec-373] org.apache.catalina.loader.WebappClassLoaderBase.clearReferencesThreads The web application [Check_List] appears to have started a thread named [Abandoned connection cleanup thread] but has failed to stop it. This is very likely to create a memory leak. Stack trace of thread:
 java.lang.Object.wait(Native Method)
 java.lang.ref.ReferenceQueue.remove(ReferenceQueue.java:143)
 com.mysql.jdbc.AbandonedConnectionCleanupThread.run(AbandonedConnectionCleanupThread.java:64)
 java.util.concurrent.ThreadPoolExecutor.runWorker(ThreadPoolExecutor.java:1149)
 java.util.concurrent.ThreadPoolExecutor$Worker.run(ThreadPoolExecutor.java:624)
 java.lang.Thread.run(Thread.java:748)
22-Mar-2018 16:33:40.066 INFO [Abandoned connection cleanup thread] org.apache.catalina.loader.WebappClassLoaderBase.checkStateForResourceLoading Illegal access: this web application instance has been stopped already. Could not load []. The following stack trace is thrown for debugging purposes as well as to attempt to terminate the thread which caused the illegal access.
 java.lang.IllegalStateException: Illegal access: this web application instance has been stopped already. Could not load []. The following stack trace is thrown for debugging purposes as well as to attempt to terminate the thread which caused the illegal access.
	at org.apache.catalina.loader.WebappClassLoaderBase.checkStateForResourceLoading(WebappClassLoaderBase.java:1311)
	at org.apache.catalina.loader.WebappClassLoaderBase.getResource(WebappClassLoaderBase.java:986)
	at com.mysql.jdbc.AbandonedConnectionCleanupThread.checkContextClassLoaders(AbandonedConnectionCleanupThread.java:90)
	at com.mysql.jdbc.AbandonedConnectionCleanupThread.run(AbandonedConnectionCleanupThread.java:63)
	at java.util.concurrent.ThreadPoolExecutor.runWorker(ThreadPoolExecutor.java:1149)
	at java.util.concurrent.ThreadPoolExecutor$Worker.run(ThreadPoolExecutor.java:624)
	at java.lang.Thread.run(Thread.java:748)

22-Mar-2018 16:33:42.207 INFO [http-nio-8090-exec-373] org.apache.jasper.servlet.TldScanner.scanJars At least one JAR was scanned for TLDs yet contained no TLDs. Enable debug logging for this logger for a complete list of JARs that were scanned but no TLDs were found in them. Skipping unneeded JARs during scanning can improve startup time and JSP compilation time.
22-Mar-2018 16:33:42.387 INFO [http-nio-8090-exec-373] org.apache.catalina.core.StandardContext.reload Reloading Context with name [/Check_List] is completed
22-Mar-2018 16:33:42.621 INFO [http-nio-8090-exec-378] org.apache.catalina.core.StandardContext.reload Reloading Context with name [/Check_List] has started
22-Mar-2018 16:33:44.082 WARNING [http-nio-8090-exec-378] org.apache.catalina.loader.WebappClassLoaderBase.clearReferencesThreads The web application [Check_List] appears to have started a thread named [Abandoned connection cleanup thread] but has failed to stop it. This is very likely to create a memory leak. Stack trace of thread:
 com.mysql.jdbc.AbandonedConnectionCleanupThread.checkContextClassLoaders(AbandonedConnectionCleanupThread.java:90)
 com.mysql.jdbc.AbandonedConnectionCleanupThread.run(AbandonedConnectionCleanupThread.java:63)
 java.util.concurrent.ThreadPoolExecutor.runWorker(ThreadPoolExecutor.java:1149)
 java.util.concurrent.ThreadPoolExecutor$Worker.run(ThreadPoolExecutor.java:624)
 java.lang.Thread.run(Thread.java:748)
22-Mar-2018 16:33:44.513 INFO [http-nio-8090-exec-378] org.apache.jasper.servlet.TldScanner.scanJars At least one JAR was scanned for TLDs yet contained no TLDs. Enable debug logging for this logger for a complete list of JARs that were scanned but no TLDs were found in them. Skipping unneeded JARs during scanning can improve startup time and JSP compilation time.
22-Mar-2018 16:33:44.516 INFO [http-nio-8090-exec-378] org.apache.catalina.core.StandardContext.reload Reloading Context with name [/Check_List] is completed
22-Mar-2018 16:33:49.082 INFO [Abandoned connection cleanup thread] org.apache.catalina.loader.WebappClassLoaderBase.checkStateForResourceLoading Illegal access: this web application instance has been stopped already. Could not load []. The following stack trace is thrown for debugging purposes as well as to attempt to terminate the thread which caused the illegal access.
 java.lang.IllegalStateException: Illegal access: this web application instance has been stopped already. Could not load []. The following stack trace is thrown for debugging purposes as well as to attempt to terminate the thread which caused the illegal access.
	at org.apache.catalina.loader.WebappClassLoaderBase.checkStateForResourceLoading(WebappClassLoaderBase.java:1311)
	at org.apache.catalina.loader.WebappClassLoaderBase.getResource(WebappClassLoaderBase.java:986)
	at com.mysql.jdbc.AbandonedConnectionCleanupThread.checkContextClassLoaders(AbandonedConnectionCleanupThread.java:90)
	at com.mysql.jdbc.AbandonedConnectionCleanupThread.run(AbandonedConnectionCleanupThread.java:63)
	at java.util.concurrent.ThreadPoolExecutor.runWorker(ThreadPoolExecutor.java:1149)
	at java.util.concurrent.ThreadPoolExecutor$Worker.run(ThreadPoolExecutor.java:624)
	at java.lang.Thread.run(Thread.java:748)

22-Mar-2018 16:35:23.086 INFO [http-nio-8090-exec-386] org.apache.catalina.core.StandardContext.reload Reloading Context with name [/Check_List] has started
22-Mar-2018 16:35:23.092 WARNING [http-nio-8090-exec-386] org.apache.catalina.loader.WebappClassLoaderBase.clearReferencesJdbc The web application [Check_List] registered the JDBC driver [com.mysql.jdbc.Driver] but failed to unregister it when the web application was stopped. To prevent a memory leak, the JDBC Driver has been forcibly unregistered.
22-Mar-2018 16:35:23.093 WARNING [http-nio-8090-exec-386] org.apache.catalina.loader.WebappClassLoaderBase.clearReferencesThreads The web application [Check_List] appears to have started a thread named [Abandoned connection cleanup thread] but has failed to stop it. This is very likely to create a memory leak. Stack trace of thread:
 java.lang.Object.wait(Native Method)
 java.lang.ref.ReferenceQueue.remove(ReferenceQueue.java:143)
 com.mysql.jdbc.AbandonedConnectionCleanupThread.run(AbandonedConnectionCleanupThread.java:64)
 java.util.concurrent.ThreadPoolExecutor.runWorker(ThreadPoolExecutor.java:1149)
 java.util.concurrent.ThreadPoolExecutor$Worker.run(ThreadPoolExecutor.java:624)
 java.lang.Thread.run(Thread.java:748)
22-Mar-2018 16:35:23.393 INFO [Abandoned connection cleanup thread] org.apache.catalina.loader.WebappClassLoaderBase.checkStateForResourceLoading Illegal access: this web application instance has been stopped already. Could not load []. The following stack trace is thrown for debugging purposes as well as to attempt to terminate the thread which caused the illegal access.
 java.lang.IllegalStateException: Illegal access: this web application instance has been stopped already. Could not load []. The following stack trace is thrown for debugging purposes as well as to attempt to terminate the thread which caused the illegal access.
	at org.apache.catalina.loader.WebappClassLoaderBase.checkStateForResourceLoading(WebappClassLoaderBase.java:1311)
	at org.apache.catalina.loader.WebappClassLoaderBase.getResource(WebappClassLoaderBase.java:986)
	at com.mysql.jdbc.AbandonedConnectionCleanupThread.checkContextClassLoaders(AbandonedConnectionCleanupThread.java:90)
	at com.mysql.jdbc.AbandonedConnectionCleanupThread.run(AbandonedConnectionCleanupThread.java:63)
	at java.util.concurrent.ThreadPoolExecutor.runWorker(ThreadPoolExecutor.java:1149)
	at java.util.concurrent.ThreadPoolExecutor$Worker.run(ThreadPoolExecutor.java:624)
	at java.lang.Thread.run(Thread.java:748)

22-Mar-2018 16:35:23.405 INFO [Abandoned connection cleanup thread] org.apache.catalina.loader.WebappClassLoaderBase.checkStateForResourceLoading Illegal access: this web application instance has been stopped already. Could not load []. The following stack trace is thrown for debugging purposes as well as to attempt to terminate the thread which caused the illegal access.
 java.lang.IllegalStateException: Illegal access: this web application instance has been stopped already. Could not load []. The following stack trace is thrown for debugging purposes as well as to attempt to terminate the thread which caused the illegal access.
	at org.apache.catalina.loader.WebappClassLoaderBase.checkStateForResourceLoading(WebappClassLoaderBase.java:1311)
	at org.apache.catalina.loader.WebappClassLoaderBase.getResource(WebappClassLoaderBase.java:986)
	at com.mysql.jdbc.AbandonedConnectionCleanupThread.checkContextClassLoaders(AbandonedConnectionCleanupThread.java:90)
	at com.mysql.jdbc.AbandonedConnectionCleanupThread.run(AbandonedConnectionCleanupThread.java:63)
	at java.util.concurrent.ThreadPoolExecutor.runWorker(ThreadPoolExecutor.java:1149)
	at java.util.concurrent.ThreadPoolExecutor$Worker.run(ThreadPoolExecutor.java:624)
	at java.lang.Thread.run(Thread.java:748)

22-Mar-2018 16:35:23.469 INFO [http-nio-8090-exec-386] org.apache.jasper.servlet.TldScanner.scanJars At least one JAR was scanned for TLDs yet contained no TLDs. Enable debug logging for this logger for a complete list of JARs that were scanned but no TLDs were found in them. Skipping unneeded JARs during scanning can improve startup time and JSP compilation time.
22-Mar-2018 16:35:23.472 INFO [http-nio-8090-exec-386] org.apache.catalina.core.StandardContext.reload Reloading Context with name [/Check_List] is completed
22-Mar-2018 16:35:39.201 INFO [http-nio-8090-exec-384] org.apache.catalina.core.StandardContext.reload Reloading Context with name [/Check_List] has started
22-Mar-2018 16:35:39.311 WARNING [http-nio-8090-exec-384] org.apache.catalina.loader.WebappClassLoaderBase.clearReferencesThreads The web application [Check_List] appears to have started a thread named [Abandoned connection cleanup thread] but has failed to stop it. This is very likely to create a memory leak. Stack trace of thread:
 java.io.WinNTFileSystem.getBooleanAttributes(Native Method)
 java.io.File.isFile(File.java:882)
 org.apache.catalina.webresources.AbstractFileResourceSet.file(AbstractFileResourceSet.java:65)
 org.apache.catalina.webresources.DirResourceSet.getResource(DirResourceSet.java:101)
 org.apache.catalina.webresources.StandardRoot.getResourceInternal(StandardRoot.java:281)
 org.apache.catalina.webresources.CachedResource.validateResource(CachedResource.java:97)
 org.apache.catalina.webresources.Cache.getResource(Cache.java:69)
 org.apache.catalina.webresources.StandardRoot.getResource(StandardRoot.java:216)
 org.apache.catalina.webresources.StandardRoot.getClassLoaderResource(StandardRoot.java:225)
 org.apache.catalina.loader.WebappClassLoaderBase.findResource(WebappClassLoaderBase.java:884)
 org.apache.catalina.loader.WebappClassLoaderBase.getResource(WebappClassLoaderBase.java:1005)
 com.mysql.jdbc.AbandonedConnectionCleanupThread.checkContextClassLoaders(AbandonedConnectionCleanupThread.java:90)
 com.mysql.jdbc.AbandonedConnectionCleanupThread.run(AbandonedConnectionCleanupThread.java:63)
 java.util.concurrent.ThreadPoolExecutor.runWorker(ThreadPoolExecutor.java:1149)
 java.util.concurrent.ThreadPoolExecutor$Worker.run(ThreadPoolExecutor.java:624)
 java.lang.Thread.run(Thread.java:748)
22-Mar-2018 16:35:39.696 INFO [http-nio-8090-exec-384] org.apache.jasper.servlet.TldScanner.scanJars At least one JAR was scanned for TLDs yet contained no TLDs. Enable debug logging for this logger for a complete list of JARs that were scanned but no TLDs were found in them. Skipping unneeded JARs during scanning can improve startup time and JSP compilation time.
22-Mar-2018 16:35:39.770 INFO [http-nio-8090-exec-384] org.apache.catalina.core.StandardContext.reload Reloading Context with name [/Check_List] is completed
22-Mar-2018 16:35:44.311 INFO [Abandoned connection cleanup thread] org.apache.catalina.loader.WebappClassLoaderBase.checkStateForResourceLoading Illegal access: this web application instance has been stopped already. Could not load []. The following stack trace is thrown for debugging purposes as well as to attempt to terminate the thread which caused the illegal access.
 java.lang.IllegalStateException: Illegal access: this web application instance has been stopped already. Could not load []. The following stack trace is thrown for debugging purposes as well as to attempt to terminate the thread which caused the illegal access.
	at org.apache.catalina.loader.WebappClassLoaderBase.checkStateForResourceLoading(WebappClassLoaderBase.java:1311)
	at org.apache.catalina.loader.WebappClassLoaderBase.getResource(WebappClassLoaderBase.java:986)
	at com.mysql.jdbc.AbandonedConnectionCleanupThread.checkContextClassLoaders(AbandonedConnectionCleanupThread.java:90)
	at com.mysql.jdbc.AbandonedConnectionCleanupThread.run(AbandonedConnectionCleanupThread.java:63)
	at java.util.concurrent.ThreadPoolExecutor.runWorker(ThreadPoolExecutor.java:1149)
	at java.util.concurrent.ThreadPoolExecutor$Worker.run(ThreadPoolExecutor.java:624)
	at java.lang.Thread.run(Thread.java:748)

22-Mar-2018 16:36:03.761 INFO [http-nio-8090-exec-386] org.apache.catalina.core.StandardContext.reload Reloading Context with name [/Check_List] has started
22-Mar-2018 16:36:03.866 WARNING [http-nio-8090-exec-386] org.apache.catalina.loader.WebappClassLoaderBase.clearReferencesThreads The web application [Check_List] appears to have started a thread named [Abandoned connection cleanup thread] but has failed to stop it. This is very likely to create a memory leak. Stack trace of thread:
 java.io.WinNTFileSystem.getBooleanAttributes(Native Method)
 java.io.File.isFile(File.java:882)
 org.apache.catalina.webresources.AbstractFileResourceSet.file(AbstractFileResourceSet.java:65)
 org.apache.catalina.webresources.DirResourceSet.getResource(DirResourceSet.java:101)
 org.apache.catalina.webresources.StandardRoot.getResourceInternal(StandardRoot.java:281)
 org.apache.catalina.webresources.CachedResource.validateResource(CachedResource.java:97)
 org.apache.catalina.webresources.Cache.getResource(Cache.java:69)
 org.apache.catalina.webresources.StandardRoot.getResource(StandardRoot.java:216)
 org.apache.catalina.webresources.StandardRoot.getClassLoaderResource(StandardRoot.java:225)
 org.apache.catalina.loader.WebappClassLoaderBase.findResource(WebappClassLoaderBase.java:884)
 org.apache.catalina.loader.WebappClassLoaderBase.getResource(WebappClassLoaderBase.java:1005)
 com.mysql.jdbc.AbandonedConnectionCleanupThread.checkContextClassLoaders(AbandonedConnectionCleanupThread.java:90)
 com.mysql.jdbc.AbandonedConnectionCleanupThread.run(AbandonedConnectionCleanupThread.java:63)
 java.util.concurrent.ThreadPoolExecutor.runWorker(ThreadPoolExecutor.java:1149)
 java.util.concurrent.ThreadPoolExecutor$Worker.run(ThreadPoolExecutor.java:624)
 java.lang.Thread.run(Thread.java:748)
22-Mar-2018 16:36:04.075 INFO [http-nio-8090-exec-386] org.apache.jasper.servlet.TldScanner.scanJars At least one JAR was scanned for TLDs yet contained no TLDs. Enable debug logging for this logger for a complete list of JARs that were scanned but no TLDs were found in them. Skipping unneeded JARs during scanning can improve startup time and JSP compilation time.
22-Mar-2018 16:36:04.093 INFO [http-nio-8090-exec-386] org.apache.catalina.core.StandardContext.reload Reloading Context with name [/Check_List] is completed
22-Mar-2018 16:36:08.868 INFO [Abandoned connection cleanup thread] org.apache.catalina.loader.WebappClassLoaderBase.checkStateForResourceLoading Illegal access: this web application instance has been stopped already. Could not load []. The following stack trace is thrown for debugging purposes as well as to attempt to terminate the thread which caused the illegal access.
 java.lang.IllegalStateException: Illegal access: this web application instance has been stopped already. Could not load []. The following stack trace is thrown for debugging purposes as well as to attempt to terminate the thread which caused the illegal access.
	at org.apache.catalina.loader.WebappClassLoaderBase.checkStateForResourceLoading(WebappClassLoaderBase.java:1311)
	at org.apache.catalina.loader.WebappClassLoaderBase.getResource(WebappClassLoaderBase.java:986)
	at com.mysql.jdbc.AbandonedConnectionCleanupThread.checkContextClassLoaders(AbandonedConnectionCleanupThread.java:90)
	at com.mysql.jdbc.AbandonedConnectionCleanupThread.run(AbandonedConnectionCleanupThread.java:63)
	at java.util.concurrent.ThreadPoolExecutor.runWorker(ThreadPoolExecutor.java:1149)
	at java.util.concurrent.ThreadPoolExecutor$Worker.run(ThreadPoolExecutor.java:624)
	at java.lang.Thread.run(Thread.java:748)

22-Mar-2018 19:17:44.833 INFO [http-nio-8090-exec-398] org.apache.catalina.core.StandardContext.reload Reloading Context with name [/Check_List] has started
22-Mar-2018 19:17:46.393 WARNING [http-nio-8090-exec-398] org.apache.catalina.loader.WebappClassLoaderBase.clearReferencesJdbc The web application [Check_List] registered the JDBC driver [com.mysql.jdbc.Driver] but failed to unregister it when the web application was stopped. To prevent a memory leak, the JDBC Driver has been forcibly unregistered.
22-Mar-2018 19:17:46.440 WARNING [http-nio-8090-exec-398] org.apache.catalina.loader.WebappClassLoaderBase.clearReferencesThreads The web application [Check_List] appears to have started a thread named [Abandoned connection cleanup thread] but has failed to stop it. This is very likely to create a memory leak. Stack trace of thread:
 java.lang.Object.wait(Native Method)
 java.lang.ref.ReferenceQueue.remove(ReferenceQueue.java:143)
 com.mysql.jdbc.AbandonedConnectionCleanupThread.run(AbandonedConnectionCleanupThread.java:64)
 java.util.concurrent.ThreadPoolExecutor.runWorker(ThreadPoolExecutor.java:1149)
 java.util.concurrent.ThreadPoolExecutor$Worker.run(ThreadPoolExecutor.java:624)
 java.lang.Thread.run(Thread.java:748)
22-Mar-2018 19:17:48.156 INFO [Abandoned connection cleanup thread] org.apache.catalina.loader.WebappClassLoaderBase.checkStateForResourceLoading Illegal access: this web application instance has been stopped already. Could not load []. The following stack trace is thrown for debugging purposes as well as to attempt to terminate the thread which caused the illegal access.
 java.lang.IllegalStateException: Illegal access: this web application instance has been stopped already. Could not load []. The following stack trace is thrown for debugging purposes as well as to attempt to terminate the thread which caused the illegal access.
	at org.apache.catalina.loader.WebappClassLoaderBase.checkStateForResourceLoading(WebappClassLoaderBase.java:1311)
	at org.apache.catalina.loader.WebappClassLoaderBase.getResource(WebappClassLoaderBase.java:986)
	at com.mysql.jdbc.AbandonedConnectionCleanupThread.checkContextClassLoaders(AbandonedConnectionCleanupThread.java:90)
	at com.mysql.jdbc.AbandonedConnectionCleanupThread.run(AbandonedConnectionCleanupThread.java:63)
	at java.util.concurrent.ThreadPoolExecutor.runWorker(ThreadPoolExecutor.java:1149)
	at java.util.concurrent.ThreadPoolExecutor$Worker.run(ThreadPoolExecutor.java:624)
	at java.lang.Thread.run(Thread.java:748)

22-Mar-2018 19:17:48.363 INFO [Abandoned connection cleanup thread] org.apache.catalina.loader.WebappClassLoaderBase.checkStateForResourceLoading Illegal access: this web application instance has been stopped already. Could not load []. The following stack trace is thrown for debugging purposes as well as to attempt to terminate the thread which caused the illegal access.
 java.lang.IllegalStateException: Illegal access: this web application instance has been stopped already. Could not load []. The following stack trace is thrown for debugging purposes as well as to attempt to terminate the thread which caused the illegal access.
	at org.apache.catalina.loader.WebappClassLoaderBase.checkStateForResourceLoading(WebappClassLoaderBase.java:1311)
	at org.apache.catalina.loader.WebappClassLoaderBase.getResource(WebappClassLoaderBase.java:986)
	at com.mysql.jdbc.AbandonedConnectionCleanupThread.checkContextClassLoaders(AbandonedConnectionCleanupThread.java:90)
	at com.mysql.jdbc.AbandonedConnectionCleanupThread.run(AbandonedConnectionCleanupThread.java:63)
	at java.util.concurrent.ThreadPoolExecutor.runWorker(ThreadPoolExecutor.java:1149)
	at java.util.concurrent.ThreadPoolExecutor$Worker.run(ThreadPoolExecutor.java:624)
	at java.lang.Thread.run(Thread.java:748)

22-Mar-2018 19:17:48.395 INFO [Abandoned connection cleanup thread] org.apache.catalina.loader.WebappClassLoaderBase.checkStateForResourceLoading Illegal access: this web application instance has been stopped already. Could not load []. The following stack trace is thrown for debugging purposes as well as to attempt to terminate the thread which caused the illegal access.
 java.lang.IllegalStateException: Illegal access: this web application instance has been stopped already. Could not load []. The following stack trace is thrown for debugging purposes as well as to attempt to terminate the thread which caused the illegal access.
	at org.apache.catalina.loader.WebappClassLoaderBase.checkStateForResourceLoading(WebappClassLoaderBase.java:1311)
	at org.apache.catalina.loader.WebappClassLoaderBase.getResource(WebappClassLoaderBase.java:986)
	at com.mysql.jdbc.AbandonedConnectionCleanupThread.checkContextClassLoaders(AbandonedConnectionCleanupThread.java:90)
	at com.mysql.jdbc.AbandonedConnectionCleanupThread.run(AbandonedConnectionCleanupThread.java:63)
	at java.util.concurrent.ThreadPoolExecutor.runWorker(ThreadPoolExecutor.java:1149)
	at java.util.concurrent.ThreadPoolExecutor$Worker.run(ThreadPoolExecutor.java:624)
	at java.lang.Thread.run(Thread.java:748)

22-Mar-2018 19:17:48.426 INFO [Abandoned connection cleanup thread] org.apache.catalina.loader.WebappClassLoaderBase.checkStateForResourceLoading Illegal access: this web application instance has been stopped already. Could not load []. The following stack trace is thrown for debugging purposes as well as to attempt to terminate the thread which caused the illegal access.
 java.lang.IllegalStateException: Illegal access: this web application instance has been stopped already. Could not load []. The following stack trace is thrown for debugging purposes as well as to attempt to terminate the thread which caused the illegal access.
	at org.apache.catalina.loader.WebappClassLoaderBase.checkStateForResourceLoading(WebappClassLoaderBase.java:1311)
	at org.apache.catalina.loader.WebappClassLoaderBase.getResource(WebappClassLoaderBase.java:986)
	at com.mysql.jdbc.AbandonedConnectionCleanupThread.checkContextClassLoaders(AbandonedConnectionCleanupThread.java:90)
	at com.mysql.jdbc.AbandonedConnectionCleanupThread.run(AbandonedConnectionCleanupThread.java:63)
	at java.util.concurrent.ThreadPoolExecutor.runWorker(ThreadPoolExecutor.java:1149)
	at java.util.concurrent.ThreadPoolExecutor$Worker.run(ThreadPoolExecutor.java:624)
	at java.lang.Thread.run(Thread.java:748)

22-Mar-2018 19:17:48.441 INFO [733] org.apache.catalina.loader.WebappClassLoaderBase.checkStateForResourceLoading Illegal access: this web application instance has been stopped already. Could not load []. The following stack trace is thrown for debugging purposes as well as to attempt to terminate the thread which caused the illegal access.
 java.lang.IllegalStateException: Illegal access: this web application instance has been stopped already. Could not load []. The following stack trace is thrown for debugging purposes as well as to attempt to terminate the thread which caused the illegal access.
	at org.apache.catalina.loader.WebappClassLoaderBase.checkStateForResourceLoading(WebappClassLoaderBase.java:1311)
	at org.apache.catalina.loader.WebappClassLoaderBase.getResource(WebappClassLoaderBase.java:986)
	at com.mysql.jdbc.AbandonedConnectionCleanupThread.checkContextClassLoaders(AbandonedConnectionCleanupThread.java:90)
	at com.mysql.jdbc.AbandonedConnectionCleanupThread.run(AbandonedConnectionCleanupThread.java:63)
	at java.util.concurrent.ThreadPoolExecutor.runWorker(ThreadPoolExecutor.java:1149)
	at java.util.concurrent.ThreadPoolExecutor$Worker.run(ThreadPoolExecutor.java:624)
	at java.lang.Thread.run(Thread.java:748)

22-Mar-2018 19:17:49.331 INFO [http-nio-8090-exec-398] org.apache.jasper.servlet.TldScanner.scanJars At least one JAR was scanned for TLDs yet contained no TLDs. Enable debug logging for this logger for a complete list of JARs that were scanned but no TLDs were found in them. Skipping unneeded JARs during scanning can improve startup time and JSP compilation time.
22-Mar-2018 19:17:49.456 INFO [http-nio-8090-exec-398] org.apache.catalina.core.StandardContext.reload Reloading Context with name [/Check_List] is completed
22-Mar-2018 19:17:49.534 INFO [http-nio-8090-exec-392] org.apache.catalina.core.StandardContext.reload Reloading Context with name [/Check_List] has started
22-Mar-2018 19:17:50.112 WARNING [http-nio-8090-exec-392] org.apache.catalina.loader.WebappClassLoaderBase.clearReferencesThreads The web application [Check_List] appears to have started a thread named [Abandoned connection cleanup thread] but has failed to stop it. This is very likely to create a memory leak. Stack trace of thread:
 java.lang.ClassLoader.findLoadedClass0(Native Method)
 java.lang.ClassLoader.findLoadedClass(ClassLoader.java:1038)
 java.lang.ClassLoader.loadClass(ClassLoader.java:406)
 java.lang.ClassLoader.loadClass(ClassLoader.java:357)
 org.apache.catalina.loader.WebappClassLoaderBase.loadClass(WebappClassLoaderBase.java:1210)
 org.apache.catalina.loader.WebappClassLoaderBase.loadClass(WebappClassLoaderBase.java:1119)
 com.mysql.jdbc.AbandonedConnectionCleanupThread.checkContextClassLoaders(AbandonedConnectionCleanupThread.java:90)
 com.mysql.jdbc.AbandonedConnectionCleanupThread.run(AbandonedConnectionCleanupThread.java:63)
 java.util.concurrent.ThreadPoolExecutor.runWorker(ThreadPoolExecutor.java:1149)
 java.util.concurrent.ThreadPoolExecutor$Worker.run(ThreadPoolExecutor.java:624)
 java.lang.Thread.run(Thread.java:748)
22-Mar-2018 19:17:50.534 INFO [http-nio-8090-exec-392] org.apache.jasper.servlet.TldScanner.scanJars At least one JAR was scanned for TLDs yet contained no TLDs. Enable debug logging for this logger for a complete list of JARs that were scanned but no TLDs were found in them. Skipping unneeded JARs during scanning can improve startup time and JSP compilation time.
22-Mar-2018 19:17:50.549 INFO [http-nio-8090-exec-392] org.apache.catalina.core.StandardContext.reload Reloading Context with name [/Check_List] is completed
22-Mar-2018 19:17:55.115 INFO [Abandoned connection cleanup thread] org.apache.catalina.loader.WebappClassLoaderBase.checkStateForResourceLoading Illegal access: this web application instance has been stopped already. Could not load []. The following stack trace is thrown for debugging purposes as well as to attempt to terminate the thread which caused the illegal access.
 java.lang.IllegalStateException: Illegal access: this web application instance has been stopped already. Could not load []. The following stack trace is thrown for debugging purposes as well as to attempt to terminate the thread which caused the illegal access.
	at org.apache.catalina.loader.WebappClassLoaderBase.checkStateForResourceLoading(WebappClassLoaderBase.java:1311)
	at org.apache.catalina.loader.WebappClassLoaderBase.getResource(WebappClassLoaderBase.java:986)
	at com.mysql.jdbc.AbandonedConnectionCleanupThread.checkContextClassLoaders(AbandonedConnectionCleanupThread.java:90)
	at com.mysql.jdbc.AbandonedConnectionCleanupThread.run(AbandonedConnectionCleanupThread.java:63)
	at java.util.concurrent.ThreadPoolExecutor.runWorker(ThreadPoolExecutor.java:1149)
	at java.util.concurrent.ThreadPoolExecutor$Worker.run(ThreadPoolExecutor.java:624)
	at java.lang.Thread.run(Thread.java:748)

