16-Mar-2018 08:49:36.653 INFO [http-nio-8090-exec-459] org.apache.catalina.core.StandardContext.reload Reloading Context with name [] has started
16-Mar-2018 08:49:52.003 INFO [http-nio-8090-exec-459] org.apache.jasper.servlet.TldScanner.scanJars At least one JAR was scanned for TLDs yet contained no TLDs. Enable debug logging for this logger for a complete list of JARs that were scanned but no TLDs were found in them. Skipping unneeded JARs during scanning can improve startup time and JSP compilation time.
16-Mar-2018 08:49:52.260 INFO [http-nio-8090-exec-459] org.apache.catalina.core.StandardContext.reload Reloading Context with name [] is completed
16-Mar-2018 10:06:44.694 INFO [http-nio-8090-exec-470] org.apache.catalina.core.StandardContext.reload Reloading Context with name [/IT_Company_Locator] has started
16-Mar-2018 10:06:48.952 INFO [http-nio-8090-exec-470] org.apache.jasper.servlet.TldScanner.scanJars At least one JAR was scanned for TLDs yet contained no TLDs. Enable debug logging for this logger for a complete list of JARs that were scanned but no TLDs were found in them. Skipping unneeded JARs during scanning can improve startup time and JSP compilation time.
16-Mar-2018 10:06:49.077 INFO [http-nio-8090-exec-470] org.apache.catalina.core.StandardContext.reload Reloading Context with name [/IT_Company_Locator] is completed
16-Mar-2018 10:11:16.102 INFO [http-nio-8090-exec-480] org.apache.catalina.core.StandardContext.reload Reloading Context with name [/IT_Company_Locator] has started
16-Mar-2018 10:11:26.441 INFO [http-nio-8090-exec-480] org.apache.jasper.servlet.TldScanner.scanJars At least one JAR was scanned for TLDs yet contained no TLDs. Enable debug logging for this logger for a complete list of JARs that were scanned but no TLDs were found in them. Skipping unneeded JARs during scanning can improve startup time and JSP compilation time.
16-Mar-2018 10:11:26.913 INFO [http-nio-8090-exec-480] org.apache.catalina.core.StandardContext.reload Reloading Context with name [/IT_Company_Locator] is completed
16-Mar-2018 10:19:44.440 INFO [http-nio-8090-exec-495] org.apache.catalina.core.StandardContext.reload Reloading Context with name [/IT_Company_Locator] has started
16-Mar-2018 10:19:44.706 INFO [http-nio-8090-exec-495] org.apache.jasper.servlet.TldScanner.scanJars At least one JAR was scanned for TLDs yet contained no TLDs. Enable debug logging for this logger for a complete list of JARs that were scanned but no TLDs were found in them. Skipping unneeded JARs during scanning can improve startup time and JSP compilation time.
16-Mar-2018 10:19:44.721 INFO [http-nio-8090-exec-495] org.apache.catalina.core.StandardContext.reload Reloading Context with name [/IT_Company_Locator] is completed
16-Mar-2018 14:12:44.014 INFO [http-nio-8090-exec-498] org.apache.catalina.core.StandardContext.reload Reloading Context with name [/IT_Company_Locator] has started
16-Mar-2018 14:12:54.004 INFO [http-nio-8090-exec-498] org.apache.jasper.servlet.TldScanner.scanJars At least one JAR was scanned for TLDs yet contained no TLDs. Enable debug logging for this logger for a complete list of JARs that were scanned but no TLDs were found in them. Skipping unneeded JARs during scanning can improve startup time and JSP compilation time.
16-Mar-2018 14:12:54.348 INFO [http-nio-8090-exec-498] org.apache.catalina.core.StandardContext.reload Reloading Context with name [/IT_Company_Locator] is completed
16-Mar-2018 14:12:56.879 INFO [http-nio-8090-exec-500] org.apache.catalina.core.StandardContext.reload Reloading Context with name [/IT_Company_Locator] has started
16-Mar-2018 14:12:57.254 INFO [http-nio-8090-exec-500] org.apache.jasper.servlet.TldScanner.scanJars At least one JAR was scanned for TLDs yet contained no TLDs. Enable debug logging for this logger for a complete list of JARs that were scanned but no TLDs were found in them. Skipping unneeded JARs during scanning can improve startup time and JSP compilation time.
16-Mar-2018 14:12:57.270 INFO [http-nio-8090-exec-500] org.apache.catalina.core.StandardContext.reload Reloading Context with name [/IT_Company_Locator] is completed
16-Mar-2018 14:14:35.671 INFO [http-nio-8090-exec-508] org.apache.catalina.core.StandardContext.reload Reloading Context with name [/IT_Company_Locator] has started
16-Mar-2018 14:14:35.733 INFO [http-nio-8090-exec-508] org.apache.jasper.servlet.TldScanner.scanJars At least one JAR was scanned for TLDs yet contained no TLDs. Enable debug logging for this logger for a complete list of JARs that were scanned but no TLDs were found in them. Skipping unneeded JARs during scanning can improve startup time and JSP compilation time.
16-Mar-2018 14:14:35.733 INFO [http-nio-8090-exec-508] org.apache.catalina.core.StandardContext.reload Reloading Context with name [/IT_Company_Locator] is completed
16-Mar-2018 14:17:41.404 INFO [http-nio-8090-exec-515] org.apache.catalina.core.StandardContext.reload Reloading Context with name [/IT_Company_Locator] has started
16-Mar-2018 14:17:41.514 INFO [http-nio-8090-exec-515] org.apache.jasper.servlet.TldScanner.scanJars At least one JAR was scanned for TLDs yet contained no TLDs. Enable debug logging for this logger for a complete list of JARs that were scanned but no TLDs were found in them. Skipping unneeded JARs during scanning can improve startup time and JSP compilation time.
16-Mar-2018 14:17:41.529 INFO [http-nio-8090-exec-515] org.apache.catalina.core.StandardContext.reload Reloading Context with name [/IT_Company_Locator] is completed
16-Mar-2018 14:19:53.238 INFO [http-nio-8090-exec-517] org.apache.catalina.core.StandardContext.reload Reloading Context with name [/IT_Company_Locator] has started
16-Mar-2018 14:19:53.316 INFO [http-nio-8090-exec-517] org.apache.jasper.servlet.TldScanner.scanJars At least one JAR was scanned for TLDs yet contained no TLDs. Enable debug logging for this logger for a complete list of JARs that were scanned but no TLDs were found in them. Skipping unneeded JARs during scanning can improve startup time and JSP compilation time.
16-Mar-2018 14:19:53.316 INFO [http-nio-8090-exec-517] org.apache.catalina.core.StandardContext.reload Reloading Context with name [/IT_Company_Locator] is completed
16-Mar-2018 14:20:16.112 INFO [http-nio-8090-exec-520] org.apache.catalina.core.StandardContext.reload Reloading Context with name [/IT_Company_Locator] has started
16-Mar-2018 14:20:16.272 INFO [http-nio-8090-exec-520] org.apache.jasper.servlet.TldScanner.scanJars At least one JAR was scanned for TLDs yet contained no TLDs. Enable debug logging for this logger for a complete list of JARs that were scanned but no TLDs were found in them. Skipping unneeded JARs during scanning can improve startup time and JSP compilation time.
16-Mar-2018 14:20:16.303 INFO [http-nio-8090-exec-520] org.apache.catalina.core.StandardContext.reload Reloading Context with name [/IT_Company_Locator] is completed
16-Mar-2018 14:22:59.596 INFO [http-nio-8090-exec-517] org.apache.catalina.core.StandardContext.reload Reloading Context with name [/IT_Company_Locator] has started
16-Mar-2018 14:22:59.612 INFO [http-nio-8090-exec-517] org.apache.jasper.servlet.TldScanner.scanJars At least one JAR was scanned for TLDs yet contained no TLDs. Enable debug logging for this logger for a complete list of JARs that were scanned but no TLDs were found in them. Skipping unneeded JARs during scanning can improve startup time and JSP compilation time.
16-Mar-2018 14:22:59.627 INFO [http-nio-8090-exec-517] org.apache.catalina.core.StandardContext.reload Reloading Context with name [/IT_Company_Locator] is completed
16-Mar-2018 14:31:02.500 INFO [http-nio-8090-exec-529] org.apache.catalina.core.StandardContext.reload Reloading Context with name [/IT_Company_Locator] has started
16-Mar-2018 14:31:02.625 INFO [http-nio-8090-exec-529] org.apache.jasper.servlet.TldScanner.scanJars At least one JAR was scanned for TLDs yet contained no TLDs. Enable debug logging for this logger for a complete list of JARs that were scanned but no TLDs were found in them. Skipping unneeded JARs during scanning can improve startup time and JSP compilation time.
16-Mar-2018 14:31:02.625 INFO [http-nio-8090-exec-529] org.apache.catalina.core.StandardContext.reload Reloading Context with name [/IT_Company_Locator] is completed
16-Mar-2018 14:32:51.418 INFO [http-nio-8090-exec-530] org.apache.catalina.core.StandardContext.reload Reloading Context with name [/IT_Company_Locator] has started
16-Mar-2018 14:32:51.653 INFO [http-nio-8090-exec-530] org.apache.jasper.servlet.TldScanner.scanJars At least one JAR was scanned for TLDs yet contained no TLDs. Enable debug logging for this logger for a complete list of JARs that were scanned but no TLDs were found in them. Skipping unneeded JARs during scanning can improve startup time and JSP compilation time.
16-Mar-2018 14:32:51.653 INFO [http-nio-8090-exec-530] org.apache.catalina.core.StandardContext.reload Reloading Context with name [/IT_Company_Locator] is completed
16-Mar-2018 14:34:16.431 INFO [http-nio-8090-exec-534] org.apache.catalina.core.StandardContext.reload Reloading Context with name [/IT_Company_Locator] has started
16-Mar-2018 14:34:16.462 INFO [http-nio-8090-exec-534] org.apache.jasper.servlet.TldScanner.scanJars At least one JAR was scanned for TLDs yet contained no TLDs. Enable debug logging for this logger for a complete list of JARs that were scanned but no TLDs were found in them. Skipping unneeded JARs during scanning can improve startup time and JSP compilation time.
16-Mar-2018 14:34:16.462 INFO [http-nio-8090-exec-534] org.apache.catalina.core.StandardContext.reload Reloading Context with name [/IT_Company_Locator] is completed
16-Mar-2018 14:43:43.198 INFO [http-nio-8090-exec-542] org.apache.catalina.core.StandardContext.reload Reloading Context with name [/IT_Company_Locator] has started
16-Mar-2018 14:43:43.276 INFO [http-nio-8090-exec-542] org.apache.jasper.servlet.TldScanner.scanJars At least one JAR was scanned for TLDs yet contained no TLDs. Enable debug logging for this logger for a complete list of JARs that were scanned but no TLDs were found in them. Skipping unneeded JARs during scanning can improve startup time and JSP compilation time.
16-Mar-2018 14:43:43.448 INFO [http-nio-8090-exec-542] org.apache.catalina.core.StandardContext.reload Reloading Context with name [/IT_Company_Locator] is completed
16-Mar-2018 14:44:01.671 INFO [http-nio-8090-exec-547] org.apache.catalina.core.StandardContext.reload Reloading Context with name [/IT_Company_Locator] has started
16-Mar-2018 14:44:01.843 INFO [http-nio-8090-exec-547] org.apache.jasper.servlet.TldScanner.scanJars At least one JAR was scanned for TLDs yet contained no TLDs. Enable debug logging for this logger for a complete list of JARs that were scanned but no TLDs were found in them. Skipping unneeded JARs during scanning can improve startup time and JSP compilation time.
16-Mar-2018 14:44:01.843 INFO [http-nio-8090-exec-547] org.apache.catalina.core.StandardContext.reload Reloading Context with name [/IT_Company_Locator] is completed
16-Mar-2018 14:50:04.704 INFO [http-nio-8090-exec-551] org.apache.catalina.core.StandardContext.reload Reloading Context with name [/IT_Company_Locator] has started
16-Mar-2018 14:50:05.095 INFO [http-nio-8090-exec-551] org.apache.jasper.servlet.TldScanner.scanJars At least one JAR was scanned for TLDs yet contained no TLDs. Enable debug logging for this logger for a complete list of JARs that were scanned but no TLDs were found in them. Skipping unneeded JARs during scanning can improve startup time and JSP compilation time.
16-Mar-2018 14:50:05.095 INFO [http-nio-8090-exec-551] org.apache.catalina.core.StandardContext.reload Reloading Context with name [/IT_Company_Locator] is completed
16-Mar-2018 16:44:42.219 INFO [http-nio-8090-exec-566] org.apache.catalina.startup.HostConfig.deployDescriptor Deploying configuration descriptor [C:\Users\suraj.jena\Desktop\web\next\maven-project\apache-tomcat-8.5.27-windows-x64\apache-tomcat-8.5.27\conf\Catalina\localhost\paginations.xml]
16-Mar-2018 16:44:50.419 INFO [http-nio-8090-exec-566] org.apache.jasper.servlet.TldScanner.scanJars At least one JAR was scanned for TLDs yet contained no TLDs. Enable debug logging for this logger for a complete list of JARs that were scanned but no TLDs were found in them. Skipping unneeded JARs during scanning can improve startup time and JSP compilation time.
16-Mar-2018 16:44:52.089 WARNING [http-nio-8090-exec-566] org.apache.catalina.util.SessionIdGeneratorBase.createSecureRandom Creation of SecureRandom instance for session ID generation using [SHA1PRNG] took [251] milliseconds.
16-Mar-2018 16:44:52.698 INFO [http-nio-8090-exec-566] org.apache.catalina.startup.HostConfig.deployDescriptor Deployment of configuration descriptor [C:\Users\suraj.jena\Desktop\web\next\maven-project\apache-tomcat-8.5.27-windows-x64\apache-tomcat-8.5.27\conf\Catalina\localhost\paginations.xml] has finished in [10,649] ms
16-Mar-2018 16:44:52.900 INFO [http-nio-8090-exec-570] org.apache.catalina.util.LifecycleBase.start The start() method was called on component [StandardEngine[Catalina].StandardHost[localhost].StandardContext[/paginations]] after start() had already been called. The second call will be ignored.
16-Mar-2018 22:17:34.703 INFO [http-nio-8090-exec-565] org.apache.catalina.core.StandardContext.reload Reloading Context with name [/IT_Company_Locator] has started
16-Mar-2018 22:17:38.220 INFO [http-nio-8090-exec-565] org.apache.jasper.servlet.TldScanner.scanJars At least one JAR was scanned for TLDs yet contained no TLDs. Enable debug logging for this logger for a complete list of JARs that were scanned but no TLDs were found in them. Skipping unneeded JARs during scanning can improve startup time and JSP compilation time.
16-Mar-2018 22:17:38.366 INFO [http-nio-8090-exec-565] org.apache.catalina.core.StandardContext.reload Reloading Context with name [/IT_Company_Locator] is completed
