10-Mar-2018 00:14:57.184 INFO [http-nio-8090-exec-365] org.apache.catalina.core.StandardContext.reload Reloading Context with name [/ITCompanyLocator] has started
10-Mar-2018 00:15:00.839 INFO [http-nio-8090-exec-365] org.apache.catalina.core.StandardContext.reload Reloading Context with name [/ITCompanyLocator] is completed
10-Mar-2018 00:15:02.082 INFO [http-nio-8090-exec-361] org.apache.catalina.core.StandardContext.reload Reloading Context with name [/ITCompanyLocator] has started
10-Mar-2018 00:15:02.406 INFO [http-nio-8090-exec-361] org.apache.catalina.core.StandardContext.reload Reloading Context with name [/ITCompanyLocator] is completed
10-Mar-2018 00:15:54.131 INFO [http-nio-8090-exec-367] org.apache.catalina.core.StandardContext.reload Reloading Context with name [/ITCompanyLocator] has started
10-Mar-2018 00:15:54.890 INFO [http-nio-8090-exec-367] org.apache.catalina.core.StandardContext.reload Reloading Context with name [/ITCompanyLocator] is completed
10-Mar-2018 00:16:48.607 INFO [http-nio-8090-exec-374] org.apache.catalina.core.StandardContext.reload Reloading Context with name [/ITCompanyLocator] has started
10-Mar-2018 00:16:48.898 INFO [http-nio-8090-exec-374] org.apache.catalina.core.StandardContext.reload Reloading Context with name [/ITCompanyLocator] is completed
10-Mar-2018 00:18:28.315 INFO [http-nio-8090-exec-383] org.apache.catalina.core.StandardContext.reload Reloading Context with name [/ITCompanyLocator] has started
10-Mar-2018 00:18:28.498 INFO [http-nio-8090-exec-383] org.apache.catalina.core.StandardContext.reload Reloading Context with name [/ITCompanyLocator] is completed
10-Mar-2018 00:18:34.966 INFO [http-nio-8090-exec-381] org.apache.catalina.core.StandardContext.reload Reloading Context with name [/ITCompanyLocator] has started
10-Mar-2018 00:18:35.042 INFO [http-nio-8090-exec-381] org.apache.catalina.core.StandardContext.reload Reloading Context with name [/ITCompanyLocator] is completed
10-Mar-2018 00:19:15.630 INFO [http-nio-8090-exec-384] org.apache.catalina.core.StandardContext.reload Reloading Context with name [/ITCompanyLocator] has started
10-Mar-2018 00:19:15.680 INFO [http-nio-8090-exec-384] org.apache.catalina.core.StandardContext.reload Reloading Context with name [/ITCompanyLocator] is completed
10-Mar-2018 00:19:18.637 INFO [http-nio-8090-exec-364] org.apache.catalina.core.StandardContext.reload Reloading Context with name [/ITCompanyLocator] has started
10-Mar-2018 00:19:18.713 INFO [http-nio-8090-exec-364] org.apache.catalina.core.StandardContext.reload Reloading Context with name [/ITCompanyLocator] is completed
10-Mar-2018 00:19:22.641 INFO [http-nio-8090-exec-387] org.apache.catalina.core.StandardContext.reload Reloading Context with name [/ITCompanyLocator] has started
10-Mar-2018 00:19:22.698 INFO [http-nio-8090-exec-387] org.apache.catalina.core.StandardContext.reload Reloading Context with name [/ITCompanyLocator] is completed
10-Mar-2018 00:21:18.622 INFO [http-nio-8090-exec-395] org.apache.catalina.core.StandardContext.reload Reloading Context with name [/ITCompanyLocator] has started
10-Mar-2018 00:21:18.720 INFO [http-nio-8090-exec-395] org.apache.catalina.core.StandardContext.reload Reloading Context with name [/ITCompanyLocator] is completed
10-Mar-2018 00:21:31.374 INFO [http-nio-8090-exec-382] org.apache.catalina.core.StandardContext.reload Reloading Context with name [/ITCompanyLocator] has started
10-Mar-2018 00:21:31.473 INFO [http-nio-8090-exec-382] org.apache.catalina.core.StandardContext.reload Reloading Context with name [/ITCompanyLocator] is completed
10-Mar-2018 00:22:24.475 INFO [http-nio-8090-exec-390] org.apache.catalina.core.StandardContext.reload Reloading Context with name [/ITCompanyLocator] has started
10-Mar-2018 00:22:24.576 INFO [http-nio-8090-exec-390] org.apache.catalina.core.StandardContext.reload Reloading Context with name [/ITCompanyLocator] is completed
10-Mar-2018 00:30:31.623 INFO [http-nio-8090-exec-407] org.apache.catalina.core.StandardContext.reload Reloading Context with name [/ITCompanyLocator] has started
10-Mar-2018 00:30:32.011 INFO [http-nio-8090-exec-407] org.apache.catalina.core.StandardContext.reload Reloading Context with name [/ITCompanyLocator] is completed
10-Mar-2018 00:30:35.104 INFO [http-nio-8090-exec-402] org.apache.catalina.core.StandardContext.reload Reloading Context with name [/ITCompanyLocator] has started
10-Mar-2018 00:30:35.195 INFO [http-nio-8090-exec-402] org.apache.catalina.core.StandardContext.reload Reloading Context with name [/ITCompanyLocator] is completed
10-Mar-2018 00:33:12.560 INFO [http-nio-8090-exec-413] org.apache.catalina.core.StandardContext.reload Reloading Context with name [/ITCompanyLocator] has started
10-Mar-2018 00:33:12.913 INFO [http-nio-8090-exec-413] org.apache.catalina.core.StandardContext.reload Reloading Context with name [/ITCompanyLocator] is completed
10-Mar-2018 00:33:24.934 INFO [http-nio-8090-exec-402] org.apache.catalina.core.StandardContext.reload Reloading Context with name [/ITCompanyLocator] has started
10-Mar-2018 00:33:25.002 INFO [http-nio-8090-exec-402] org.apache.catalina.core.StandardContext.reload Reloading Context with name [/ITCompanyLocator] is completed
10-Mar-2018 00:34:45.974 INFO [http-nio-8090-exec-421] org.apache.catalina.core.StandardContext.reload Reloading Context with name [/ITCompanyLocator] has started
10-Mar-2018 00:34:46.060 INFO [http-nio-8090-exec-421] org.apache.catalina.core.StandardContext.reload Reloading Context with name [/ITCompanyLocator] is completed
10-Mar-2018 00:34:50.764 INFO [http-nio-8090-exec-420] org.apache.catalina.core.StandardContext.reload Reloading Context with name [/ITCompanyLocator] has started
10-Mar-2018 00:34:50.791 INFO [http-nio-8090-exec-420] org.apache.catalina.core.StandardContext.reload Reloading Context with name [/ITCompanyLocator] is completed
10-Mar-2018 00:35:33.137 INFO [http-nio-8090-exec-408] org.apache.catalina.core.StandardContext.reload Reloading Context with name [/ITCompanyLocator] has started
10-Mar-2018 00:35:33.212 INFO [http-nio-8090-exec-408] org.apache.catalina.core.StandardContext.reload Reloading Context with name [/ITCompanyLocator] is completed
10-Mar-2018 00:35:40.274 INFO [http-nio-8090-exec-412] org.apache.catalina.core.StandardContext.reload Reloading Context with name [/ITCompanyLocator] has started
10-Mar-2018 00:35:40.441 INFO [http-nio-8090-exec-412] org.apache.catalina.core.StandardContext.reload Reloading Context with name [/ITCompanyLocator] is completed
10-Mar-2018 00:35:45.422 INFO [http-nio-8090-exec-427] org.apache.catalina.core.StandardContext.reload Reloading Context with name [/ITCompanyLocator] has started
10-Mar-2018 00:35:45.458 INFO [http-nio-8090-exec-427] org.apache.catalina.core.StandardContext.reload Reloading Context with name [/ITCompanyLocator] is completed
10-Mar-2018 00:40:20.182 INFO [http-nio-8090-exec-434] org.apache.catalina.core.StandardContext.reload Reloading Context with name [/ITCompanyLocator] has started
10-Mar-2018 00:40:20.849 INFO [http-nio-8090-exec-434] org.apache.catalina.core.StandardContext.reload Reloading Context with name [/ITCompanyLocator] is completed
10-Mar-2018 00:40:27.120 INFO [http-nio-8090-exec-437] org.apache.catalina.core.StandardContext.reload Reloading Context with name [/ITCompanyLocator] has started
10-Mar-2018 00:40:27.181 INFO [http-nio-8090-exec-437] org.apache.catalina.core.StandardContext.reload Reloading Context with name [/ITCompanyLocator] is completed
10-Mar-2018 00:46:35.281 INFO [http-nio-8090-exec-449] org.apache.catalina.core.StandardContext.reload Reloading Context with name [/ITCompanyLocator] has started
10-Mar-2018 00:46:36.261 INFO [http-nio-8090-exec-449] org.apache.catalina.core.StandardContext.reload Reloading Context with name [/ITCompanyLocator] is completed
10-Mar-2018 00:46:46.572 INFO [http-nio-8090-exec-450] org.apache.catalina.core.StandardContext.reload Reloading Context with name [/ITCompanyLocator] has started
10-Mar-2018 00:46:46.659 INFO [http-nio-8090-exec-450] org.apache.catalina.core.StandardContext.reload Reloading Context with name [/ITCompanyLocator] is completed
10-Mar-2018 00:48:57.931 INFO [http-nio-8090-exec-458] org.apache.catalina.core.StandardContext.reload Reloading Context with name [/ITCompanyLocator] has started
10-Mar-2018 00:48:58.173 INFO [http-nio-8090-exec-458] org.apache.catalina.core.StandardContext.reload Reloading Context with name [/ITCompanyLocator] is completed
10-Mar-2018 00:49:03.253 INFO [http-nio-8090-exec-459] org.apache.catalina.core.StandardContext.reload Reloading Context with name [/ITCompanyLocator] has started
10-Mar-2018 00:49:03.358 INFO [http-nio-8090-exec-459] org.apache.catalina.core.StandardContext.reload Reloading Context with name [/ITCompanyLocator] is completed
10-Mar-2018 00:50:35.532 INFO [http-nio-8090-exec-464] org.apache.catalina.core.StandardContext.reload Reloading Context with name [/ITCompanyLocator] has started
10-Mar-2018 00:50:35.690 INFO [http-nio-8090-exec-464] org.apache.catalina.core.StandardContext.reload Reloading Context with name [/ITCompanyLocator] is completed
10-Mar-2018 00:50:41.373 INFO [http-nio-8090-exec-459] org.apache.catalina.core.StandardContext.reload Reloading Context with name [/ITCompanyLocator] has started
10-Mar-2018 00:50:41.506 INFO [http-nio-8090-exec-459] org.apache.catalina.core.StandardContext.reload Reloading Context with name [/ITCompanyLocator] is completed
10-Mar-2018 00:57:30.079 INFO [http-nio-8090-exec-477] org.apache.catalina.startup.HostConfig.deployDescriptor Deploying configuration descriptor [C:\Users\suraj.jena\Desktop\web\next\maven-project\apache-tomcat-8.5.27-windows-x64\apache-tomcat-8.5.27\conf\Catalina\localhost\WebApplication3.xml]
10-Mar-2018 00:57:31.434 INFO [http-nio-8090-exec-477] org.apache.catalina.startup.HostConfig.deployDescriptor Deployment of configuration descriptor [C:\Users\suraj.jena\Desktop\web\next\maven-project\apache-tomcat-8.5.27-windows-x64\apache-tomcat-8.5.27\conf\Catalina\localhost\WebApplication3.xml] has finished in [1,346] ms
10-Mar-2018 00:57:31.438 INFO [http-nio-8090-exec-470] org.apache.catalina.util.LifecycleBase.start The start() method was called on component [StandardEngine[Catalina].StandardHost[localhost].StandardContext[/WebApplication3]] after start() had already been called. The second call will be ignored.
10-Mar-2018 01:19:10.941 INFO [http-nio-8090-exec-472] org.apache.catalina.core.StandardContext.reload Reloading Context with name [/ITCompanyLocator] has started
10-Mar-2018 01:19:12.156 INFO [http-nio-8090-exec-472] org.apache.catalina.core.StandardContext.reload Reloading Context with name [/ITCompanyLocator] is completed
10-Mar-2018 01:19:12.209 INFO [http-nio-8090-exec-470] org.apache.catalina.core.StandardContext.reload Reloading Context with name [/ITCompanyLocator] has started
10-Mar-2018 01:19:12.514 INFO [http-nio-8090-exec-470] org.apache.catalina.core.StandardContext.reload Reloading Context with name [/ITCompanyLocator] is completed
10-Mar-2018 01:19:51.182 INFO [http-nio-8090-exec-473] org.apache.catalina.core.StandardContext.reload Reloading Context with name [/ITCompanyLocator] has started
10-Mar-2018 01:19:51.324 INFO [http-nio-8090-exec-473] org.apache.catalina.core.StandardContext.reload Reloading Context with name [/ITCompanyLocator] is completed
10-Mar-2018 01:21:45.023 INFO [http-nio-8090-exec-473] org.apache.catalina.core.StandardContext.reload Reloading Context with name [/ITCompanyLocator] has started
10-Mar-2018 01:21:45.138 INFO [http-nio-8090-exec-473] org.apache.catalina.core.StandardContext.reload Reloading Context with name [/ITCompanyLocator] is completed
10-Mar-2018 01:44:19.433 INFO [http-nio-8090-exec-484] org.apache.catalina.core.StandardContext.reload Reloading Context with name [/ITCompanyLocator] has started
10-Mar-2018 01:44:21.576 INFO [http-nio-8090-exec-484] org.apache.catalina.core.StandardContext.reload Reloading Context with name [/ITCompanyLocator] is completed
10-Mar-2018 01:44:21.702 INFO [http-nio-8090-exec-485] org.apache.catalina.core.StandardContext.reload Reloading Context with name [/ITCompanyLocator] has started
10-Mar-2018 01:44:21.822 INFO [http-nio-8090-exec-485] org.apache.catalina.core.StandardContext.reload Reloading Context with name [/ITCompanyLocator] is completed
10-Mar-2018 01:47:42.370 INFO [http-nio-8090-exec-498] org.apache.catalina.core.StandardContext.reload Reloading Context with name [/ITCompanyLocator] has started
10-Mar-2018 01:47:42.518 INFO [http-nio-8090-exec-498] org.apache.catalina.core.StandardContext.reload Reloading Context with name [/ITCompanyLocator] is completed
10-Mar-2018 01:49:12.799 INFO [http-nio-8090-exec-497] org.apache.catalina.core.StandardContext.reload Reloading Context with name [/ITCompanyLocator] has started
10-Mar-2018 01:49:13.069 INFO [http-nio-8090-exec-497] org.apache.catalina.core.StandardContext.reload Reloading Context with name [/ITCompanyLocator] is completed
10-Mar-2018 01:53:28.186 INFO [http-nio-8090-exec-494] org.apache.catalina.core.StandardContext.reload Reloading Context with name [/ITCompanyLocator] has started
10-Mar-2018 01:53:28.489 INFO [http-nio-8090-exec-494] org.apache.catalina.core.StandardContext.reload Reloading Context with name [/ITCompanyLocator] is completed
10-Mar-2018 02:04:30.922 INFO [http-nio-8090-exec-514] org.apache.catalina.core.StandardContext.reload Reloading Context with name [/ITCompanyLocator] has started
10-Mar-2018 02:04:31.551 INFO [http-nio-8090-exec-514] org.apache.catalina.core.StandardContext.reload Reloading Context with name [/ITCompanyLocator] is completed
10-Mar-2018 02:04:35.281 INFO [http-nio-8090-exec-508] org.apache.catalina.core.StandardContext.reload Reloading Context with name [/ITCompanyLocator] has started
10-Mar-2018 02:04:35.334 INFO [http-nio-8090-exec-508] org.apache.catalina.core.StandardContext.reload Reloading Context with name [/ITCompanyLocator] is completed
10-Mar-2018 02:10:06.084 INFO [http-nio-8090-exec-524] org.apache.catalina.core.StandardContext.reload Reloading Context with name [/ITCompanyLocator] has started
10-Mar-2018 02:10:06.157 INFO [http-nio-8090-exec-524] org.apache.catalina.core.StandardContext.reload Reloading Context with name [/ITCompanyLocator] is completed
10-Mar-2018 02:10:06.552 INFO [http-nio-8090-exec-525] org.apache.catalina.core.StandardContext.reload Reloading Context with name [/ITCompanyLocator] has started
10-Mar-2018 02:10:06.593 INFO [http-nio-8090-exec-525] org.apache.catalina.core.StandardContext.reload Reloading Context with name [/ITCompanyLocator] is completed
10-Mar-2018 02:10:40.435 INFO [http-nio-8090-exec-525] org.apache.catalina.core.StandardContext.reload Reloading Context with name [/ITCompanyLocator] has started
10-Mar-2018 02:10:40.458 INFO [http-nio-8090-exec-525] org.apache.catalina.core.StandardContext.reload Reloading Context with name [/ITCompanyLocator] is completed
10-Mar-2018 02:40:47.030 INFO [http-nio-8090-exec-532] org.apache.catalina.core.StandardContext.reload Reloading Context with name [/ITCompanyLocator] has started
10-Mar-2018 02:40:47.803 INFO [http-nio-8090-exec-532] org.apache.catalina.core.StandardContext.reload Reloading Context with name [/ITCompanyLocator] is completed
10-Mar-2018 02:40:54.472 INFO [http-nio-8090-exec-536] org.apache.catalina.core.StandardContext.reload Reloading Context with name [/ITCompanyLocator] has started
10-Mar-2018 02:40:54.641 INFO [http-nio-8090-exec-536] org.apache.catalina.core.StandardContext.reload Reloading Context with name [/ITCompanyLocator] is completed
10-Mar-2018 09:56:54.063 INFO [main] org.apache.catalina.startup.VersionLoggerListener.log Server version:        Apache Tomcat/8.5.27
10-Mar-2018 09:56:54.063 INFO [main] org.apache.catalina.startup.VersionLoggerListener.log Server built:          Jan 18 2018 20:12:40 UTC
10-Mar-2018 09:56:54.063 INFO [main] org.apache.catalina.startup.VersionLoggerListener.log Server number:         8.5.27.0
10-Mar-2018 09:56:54.063 INFO [main] org.apache.catalina.startup.VersionLoggerListener.log OS Name:               Windows 10
10-Mar-2018 09:56:54.063 INFO [main] org.apache.catalina.startup.VersionLoggerListener.log OS Version:            10.0
10-Mar-2018 09:56:54.063 INFO [main] org.apache.catalina.startup.VersionLoggerListener.log Architecture:          amd64
10-Mar-2018 09:56:54.063 INFO [main] org.apache.catalina.startup.VersionLoggerListener.log Java Home:             C:\Program Files\Java\jdk1.8.0_161\jre
10-Mar-2018 09:56:54.063 INFO [main] org.apache.catalina.startup.VersionLoggerListener.log JVM Version:           1.8.0_161-b12
10-Mar-2018 09:56:54.063 INFO [main] org.apache.catalina.startup.VersionLoggerListener.log JVM Vendor:            Oracle Corporation
10-Mar-2018 09:56:54.063 INFO [main] org.apache.catalina.startup.VersionLoggerListener.log CATALINA_BASE:         C:\Users\suraj.jena\Desktop\web\next\maven-project\apache-tomcat-8.5.27-windows-x64\apache-tomcat-8.5.27
10-Mar-2018 09:56:54.063 INFO [main] org.apache.catalina.startup.VersionLoggerListener.log CATALINA_HOME:         C:\Users\suraj.jena\Desktop\web\next\maven-project\apache-tomcat-8.5.27-windows-x64\apache-tomcat-8.5.27
10-Mar-2018 09:56:54.063 INFO [main] org.apache.catalina.startup.VersionLoggerListener.log Command line argument: -Djava.util.logging.config.file=C:\Users\suraj.jena\Desktop\web\next\maven-project\apache-tomcat-8.5.27-windows-x64\apache-tomcat-8.5.27\conf\logging.properties
10-Mar-2018 09:56:54.063 INFO [main] org.apache.catalina.startup.VersionLoggerListener.log Command line argument: -Djava.util.logging.manager=org.apache.juli.ClassLoaderLogManager
10-Mar-2018 09:56:54.063 INFO [main] org.apache.catalina.startup.VersionLoggerListener.log Command line argument: -Dhttp.nonProxyHosts=localhost|127.0.0.1|optimus-195
10-Mar-2018 09:56:54.063 INFO [main] org.apache.catalina.startup.VersionLoggerListener.log Command line argument: -Djdk.tls.ephemeralDHKeySize=2048
10-Mar-2018 09:56:54.063 INFO [main] org.apache.catalina.startup.VersionLoggerListener.log Command line argument: -Djava.protocol.handler.pkgs=org.apache.catalina.webresources
10-Mar-2018 09:56:54.063 INFO [main] org.apache.catalina.startup.VersionLoggerListener.log Command line argument: -Dignore.endorsed.dirs=
10-Mar-2018 09:56:54.063 INFO [main] org.apache.catalina.startup.VersionLoggerListener.log Command line argument: -Dcatalina.base=C:\Users\suraj.jena\Desktop\web\next\maven-project\apache-tomcat-8.5.27-windows-x64\apache-tomcat-8.5.27
10-Mar-2018 09:56:54.063 INFO [main] org.apache.catalina.startup.VersionLoggerListener.log Command line argument: -Dcatalina.home=C:\Users\suraj.jena\Desktop\web\next\maven-project\apache-tomcat-8.5.27-windows-x64\apache-tomcat-8.5.27
10-Mar-2018 09:56:54.063 INFO [main] org.apache.catalina.startup.VersionLoggerListener.log Command line argument: -Djava.io.tmpdir=C:\Users\suraj.jena\Desktop\web\next\maven-project\apache-tomcat-8.5.27-windows-x64\apache-tomcat-8.5.27\temp
10-Mar-2018 09:56:54.063 INFO [main] org.apache.catalina.core.AprLifecycleListener.lifecycleEvent Loaded APR based Apache Tomcat Native library [1.2.16] using APR version [1.6.3].
10-Mar-2018 09:56:54.063 INFO [main] org.apache.catalina.core.AprLifecycleListener.lifecycleEvent APR capabilities: IPv6 [true], sendfile [true], accept filters [false], random [true].
10-Mar-2018 09:56:54.063 INFO [main] org.apache.catalina.core.AprLifecycleListener.lifecycleEvent APR/OpenSSL configuration: useAprConnector [false], useOpenSSL [true]
10-Mar-2018 09:56:54.610 INFO [main] org.apache.catalina.core.AprLifecycleListener.initializeSSL OpenSSL successfully initialized [OpenSSL 1.0.2m  2 Nov 2017]
10-Mar-2018 09:56:54.829 INFO [main] org.apache.coyote.AbstractProtocol.init Initializing ProtocolHandler ["http-nio-8090"]
10-Mar-2018 09:56:54.938 INFO [main] org.apache.tomcat.util.net.NioSelectorPool.getSharedSelector Using a shared selector for servlet write/read
10-Mar-2018 09:56:54.954 INFO [main] org.apache.coyote.AbstractProtocol.init Initializing ProtocolHandler ["ajp-nio-8009"]
10-Mar-2018 09:56:54.954 INFO [main] org.apache.tomcat.util.net.NioSelectorPool.getSharedSelector Using a shared selector for servlet write/read
10-Mar-2018 09:56:54.954 INFO [main] org.apache.catalina.startup.Catalina.load Initialization processed in 2620 ms
10-Mar-2018 09:56:55.032 INFO [main] org.apache.catalina.core.StandardService.startInternal Starting service [Catalina]
10-Mar-2018 09:56:55.032 INFO [main] org.apache.catalina.core.StandardEngine.startInternal Starting Servlet Engine: Apache Tomcat/8.5.27
10-Mar-2018 09:56:55.032 INFO [localhost-startStop-1] org.apache.catalina.startup.HostConfig.deployDescriptor Deploying configuration descriptor [C:\Users\suraj.jena\Desktop\web\next\maven-project\apache-tomcat-8.5.27-windows-x64\apache-tomcat-8.5.27\conf\Catalina\localhost\ITCompanyLocator.xml]
10-Mar-2018 09:56:55.439 INFO [localhost-startStop-1] org.apache.jasper.servlet.TldScanner.scanJars At least one JAR was scanned for TLDs yet contained no TLDs. Enable debug logging for this logger for a complete list of JARs that were scanned but no TLDs were found in them. Skipping unneeded JARs during scanning can improve startup time and JSP compilation time.
10-Mar-2018 09:56:55.517 INFO [localhost-startStop-1] org.apache.catalina.startup.HostConfig.deployDescriptor Deployment of configuration descriptor [C:\Users\suraj.jena\Desktop\web\next\maven-project\apache-tomcat-8.5.27-windows-x64\apache-tomcat-8.5.27\conf\Catalina\localhost\ITCompanyLocator.xml] has finished in [485] ms
10-Mar-2018 09:56:55.517 INFO [localhost-startStop-1] org.apache.catalina.startup.HostConfig.deployDescriptor Deploying configuration descriptor [C:\Users\suraj.jena\Desktop\web\next\maven-project\apache-tomcat-8.5.27-windows-x64\apache-tomcat-8.5.27\conf\Catalina\localhost\WebApplication3.xml]
10-Mar-2018 09:56:55.548 INFO [localhost-startStop-1] org.apache.catalina.startup.HostConfig.deployDescriptor Deployment of configuration descriptor [C:\Users\suraj.jena\Desktop\web\next\maven-project\apache-tomcat-8.5.27-windows-x64\apache-tomcat-8.5.27\conf\Catalina\localhost\WebApplication3.xml] has finished in [31] ms
10-Mar-2018 09:56:55.579 INFO [localhost-startStop-1] org.apache.catalina.startup.HostConfig.deployWAR Deploying web application archive [C:\Users\suraj.jena\Desktop\web\next\maven-project\apache-tomcat-8.5.27-windows-x64\apache-tomcat-8.5.27\webapps\sample.war]
10-Mar-2018 09:56:55.657 INFO [localhost-startStop-1] org.apache.catalina.startup.HostConfig.deployWAR Deployment of web application archive [C:\Users\suraj.jena\Desktop\web\next\maven-project\apache-tomcat-8.5.27-windows-x64\apache-tomcat-8.5.27\webapps\sample.war] has finished in [78] ms
10-Mar-2018 09:56:55.689 INFO [localhost-startStop-1] org.apache.catalina.startup.HostConfig.deployWAR Deploying web application archive [C:\Users\suraj.jena\Desktop\web\next\maven-project\apache-tomcat-8.5.27-windows-x64\apache-tomcat-8.5.27\webapps\webapp.war]
10-Mar-2018 09:56:55.736 INFO [localhost-startStop-1] org.apache.catalina.startup.HostConfig.deployWAR Deployment of web application archive [C:\Users\suraj.jena\Desktop\web\next\maven-project\apache-tomcat-8.5.27-windows-x64\apache-tomcat-8.5.27\webapps\webapp.war] has finished in [47] ms
10-Mar-2018 09:56:55.736 INFO [localhost-startStop-1] org.apache.catalina.startup.HostConfig.deployDirectory Deploying web application directory [C:\Users\suraj.jena\Desktop\web\next\maven-project\apache-tomcat-8.5.27-windows-x64\apache-tomcat-8.5.27\webapps\docs]
10-Mar-2018 09:56:55.814 INFO [localhost-startStop-1] org.apache.catalina.startup.HostConfig.deployDirectory Deployment of web application directory [C:\Users\suraj.jena\Desktop\web\next\maven-project\apache-tomcat-8.5.27-windows-x64\apache-tomcat-8.5.27\webapps\docs] has finished in [78] ms
10-Mar-2018 09:56:55.814 INFO [localhost-startStop-1] org.apache.catalina.startup.HostConfig.deployDirectory Deploying web application directory [C:\Users\suraj.jena\Desktop\web\next\maven-project\apache-tomcat-8.5.27-windows-x64\apache-tomcat-8.5.27\webapps\examples]
10-Mar-2018 09:56:57.017 INFO [localhost-startStop-1] org.apache.catalina.startup.HostConfig.deployDirectory Deployment of web application directory [C:\Users\suraj.jena\Desktop\web\next\maven-project\apache-tomcat-8.5.27-windows-x64\apache-tomcat-8.5.27\webapps\examples] has finished in [1,203] ms
10-Mar-2018 09:56:57.017 INFO [localhost-startStop-1] org.apache.catalina.startup.HostConfig.deployDirectory Deploying web application directory [C:\Users\suraj.jena\Desktop\web\next\maven-project\apache-tomcat-8.5.27-windows-x64\apache-tomcat-8.5.27\webapps\host-manager]
10-Mar-2018 09:56:57.095 INFO [localhost-startStop-1] org.apache.catalina.startup.HostConfig.deployDirectory Deployment of web application directory [C:\Users\suraj.jena\Desktop\web\next\maven-project\apache-tomcat-8.5.27-windows-x64\apache-tomcat-8.5.27\webapps\host-manager] has finished in [78] ms
10-Mar-2018 09:56:57.095 INFO [localhost-startStop-1] org.apache.catalina.startup.HostConfig.deployDirectory Deploying web application directory [C:\Users\suraj.jena\Desktop\web\next\maven-project\apache-tomcat-8.5.27-windows-x64\apache-tomcat-8.5.27\webapps\manager]
10-Mar-2018 09:56:57.157 INFO [localhost-startStop-1] org.apache.catalina.startup.HostConfig.deployDirectory Deployment of web application directory [C:\Users\suraj.jena\Desktop\web\next\maven-project\apache-tomcat-8.5.27-windows-x64\apache-tomcat-8.5.27\webapps\manager] has finished in [62] ms
10-Mar-2018 09:56:57.157 INFO [localhost-startStop-1] org.apache.catalina.startup.HostConfig.deployDirectory Deploying web application directory [C:\Users\suraj.jena\Desktop\web\next\maven-project\apache-tomcat-8.5.27-windows-x64\apache-tomcat-8.5.27\webapps\ROOT]
10-Mar-2018 09:56:57.204 INFO [localhost-startStop-1] org.apache.catalina.startup.HostConfig.deployDirectory Deployment of web application directory [C:\Users\suraj.jena\Desktop\web\next\maven-project\apache-tomcat-8.5.27-windows-x64\apache-tomcat-8.5.27\webapps\ROOT] has finished in [47] ms
10-Mar-2018 09:56:57.204 INFO [main] org.apache.coyote.AbstractProtocol.start Starting ProtocolHandler ["http-nio-8090"]
10-Mar-2018 09:56:57.236 INFO [main] org.apache.coyote.AbstractProtocol.start Starting ProtocolHandler ["ajp-nio-8009"]
10-Mar-2018 09:56:57.236 INFO [main] org.apache.catalina.startup.Catalina.start Server startup in 2278 ms
10-Mar-2018 10:45:30.913 INFO [http-nio-8090-exec-6] org.apache.catalina.core.StandardContext.reload Reloading Context with name [/ITCompanyLocator] has started
10-Mar-2018 10:45:31.389 INFO [24] org.apache.catalina.core.StandardContext.reload Reloading Context with name [/ITCompanyLocator] is completed
10-Mar-2018 10:47:56.796 INFO [http-nio-8090-exec-14] org.apache.catalina.core.StandardContext.reload Reloading Context with name [/ITCompanyLocator] has started
10-Mar-2018 10:47:56.968 INFO [http-nio-8090-exec-14] org.apache.catalina.core.StandardContext.reload Reloading Context with name [/ITCompanyLocator] is completed
10-Mar-2018 10:48:19.805 INFO [http-nio-8090-exec-12] org.apache.catalina.core.StandardContext.reload Reloading Context with name [/ITCompanyLocator] has started
10-Mar-2018 10:48:19.852 INFO [http-nio-8090-exec-12] org.apache.catalina.core.StandardContext.reload Reloading Context with name [/ITCompanyLocator] is completed
10-Mar-2018 10:49:42.676 INFO [http-nio-8090-exec-18] org.apache.catalina.core.StandardContext.reload Reloading Context with name [/ITCompanyLocator] has started
10-Mar-2018 10:49:42.785 INFO [http-nio-8090-exec-18] org.apache.catalina.core.StandardContext.reload Reloading Context with name [/ITCompanyLocator] is completed
10-Mar-2018 11:45:03.110 INFO [http-nio-8090-exec-29] org.apache.catalina.core.StandardContext.reload Reloading Context with name [/ITCompanyLocator] has started
10-Mar-2018 11:45:03.196 INFO [http-nio-8090-exec-29] org.apache.catalina.core.StandardContext.reload Reloading Context with name [/ITCompanyLocator] is completed
10-Mar-2018 12:04:26.573 INFO [http-nio-8090-exec-37] org.apache.catalina.startup.HostConfig.deployDescriptor Deploying configuration descriptor [C:\Users\suraj.jena\Desktop\web\next\maven-project\apache-tomcat-8.5.27-windows-x64\apache-tomcat-8.5.27\conf\Catalina\localhost\ITCompanyLocator12.xml]
10-Mar-2018 12:04:26.662 INFO [http-nio-8090-exec-37] org.apache.catalina.startup.HostConfig.deployDescriptor Deployment of configuration descriptor [C:\Users\suraj.jena\Desktop\web\next\maven-project\apache-tomcat-8.5.27-windows-x64\apache-tomcat-8.5.27\conf\Catalina\localhost\ITCompanyLocator12.xml] has finished in [89] ms
10-Mar-2018 12:04:26.670 INFO [http-nio-8090-exec-39] org.apache.catalina.util.LifecycleBase.start The start() method was called on component [StandardEngine[Catalina].StandardHost[localhost].StandardContext[/ITCompanyLocator12]] after start() had already been called. The second call will be ignored.
10-Mar-2018 12:16:00.953 INFO [http-nio-8090-exec-37] org.apache.catalina.core.StandardContext.reload Reloading Context with name [/ITCompanyLocator12] has started
10-Mar-2018 12:16:01.212 INFO [95] org.apache.catalina.core.StandardContext.reload Reloading Context with name [/ITCompanyLocator12] is completed
10-Mar-2018 12:16:13.879 INFO [http-nio-8090-exec-36] org.apache.catalina.core.StandardContext.reload Reloading Context with name [/ITCompanyLocator12] has started
10-Mar-2018 12:16:14.045 INFO [http-nio-8090-exec-36] org.apache.catalina.core.StandardContext.reload Reloading Context with name [/ITCompanyLocator12] is completed
10-Mar-2018 12:17:26.068 INFO [http-nio-8090-exec-42] org.apache.catalina.core.StandardContext.reload Reloading Context with name [/ITCompanyLocator12] has started
10-Mar-2018 12:17:26.161 INFO [http-nio-8090-exec-42] org.apache.catalina.core.StandardContext.reload Reloading Context with name [/ITCompanyLocator12] is completed
10-Mar-2018 13:31:16.611 INFO [http-nio-8090-exec-48] org.apache.catalina.core.StandardContext.reload Reloading Context with name [/ITCompanyLocator12] has started
10-Mar-2018 13:31:16.685 INFO [http-nio-8090-exec-48] org.apache.catalina.core.StandardContext.reload Reloading Context with name [/ITCompanyLocator12] is completed
10-Mar-2018 13:37:25.669 INFO [http-nio-8090-exec-57] org.apache.catalina.core.StandardContext.reload Reloading Context with name [/ITCompanyLocator12] has started
10-Mar-2018 13:37:25.799 INFO [http-nio-8090-exec-57] org.apache.catalina.core.StandardContext.reload Reloading Context with name [/ITCompanyLocator12] is completed
10-Mar-2018 13:39:07.818 INFO [http-nio-8090-exec-60] org.apache.catalina.core.StandardContext.reload Reloading Context with name [/ITCompanyLocator12] has started
10-Mar-2018 13:39:07.854 INFO [http-nio-8090-exec-60] org.apache.catalina.core.StandardContext.reload Reloading Context with name [/ITCompanyLocator12] is completed
10-Mar-2018 14:26:26.568 INFO [http-nio-8090-exec-68] org.apache.catalina.core.StandardContext.reload Reloading Context with name [/ITCompanyLocator12] has started
10-Mar-2018 14:26:26.667 INFO [http-nio-8090-exec-68] org.apache.catalina.core.StandardContext.reload Reloading Context with name [/ITCompanyLocator12] is completed
10-Mar-2018 15:02:10.380 INFO [http-nio-8090-exec-79] org.apache.catalina.core.StandardContext.reload Reloading Context with name [/ITCompanyLocator12] has started
10-Mar-2018 15:02:10.557 INFO [http-nio-8090-exec-79] org.apache.catalina.core.StandardContext.reload Reloading Context with name [/ITCompanyLocator12] is completed
10-Mar-2018 15:02:13.676 INFO [http-nio-8090-exec-82] org.apache.catalina.core.StandardContext.reload Reloading Context with name [/ITCompanyLocator12] has started
10-Mar-2018 15:02:13.700 INFO [http-nio-8090-exec-82] org.apache.catalina.core.StandardContext.reload Reloading Context with name [/ITCompanyLocator12] is completed
10-Mar-2018 15:05:41.476 INFO [http-nio-8090-exec-91] org.apache.catalina.core.StandardContext.reload Reloading Context with name [/ITCompanyLocator12] has started
10-Mar-2018 15:05:41.501 INFO [http-nio-8090-exec-91] org.apache.catalina.core.StandardContext.reload Reloading Context with name [/ITCompanyLocator12] is completed
10-Mar-2018 15:14:01.048 INFO [http-nio-8090-exec-94] org.apache.catalina.core.StandardContext.reload Reloading Context with name [/ITCompanyLocator] has started
10-Mar-2018 15:14:01.223 INFO [http-nio-8090-exec-94] org.apache.catalina.core.StandardContext.reload Reloading Context with name [/ITCompanyLocator] is completed
10-Mar-2018 15:14:34.322 INFO [http-nio-8090-exec-97] org.apache.catalina.core.StandardContext.reload Reloading Context with name [/ITCompanyLocator] has started
10-Mar-2018 15:14:34.358 INFO [http-nio-8090-exec-97] org.apache.catalina.core.StandardContext.reload Reloading Context with name [/ITCompanyLocator] is completed
10-Mar-2018 15:21:00.775 INFO [http-nio-8090-exec-105] org.apache.catalina.core.StandardContext.reload Reloading Context with name [/ITCompanyLocator12] has started
10-Mar-2018 15:21:00.805 INFO [http-nio-8090-exec-105] org.apache.catalina.core.StandardContext.reload Reloading Context with name [/ITCompanyLocator12] is completed
10-Mar-2018 15:21:47.658 INFO [http-nio-8090-exec-101] org.apache.catalina.core.StandardContext.reload Reloading Context with name [/ITCompanyLocator12] has started
10-Mar-2018 15:21:47.681 INFO [http-nio-8090-exec-101] org.apache.catalina.core.StandardContext.reload Reloading Context with name [/ITCompanyLocator12] is completed
10-Mar-2018 15:28:38.901 INFO [http-nio-8090-exec-111] org.apache.catalina.core.StandardContext.reload Reloading Context with name [/ITCompanyLocator12] has started
10-Mar-2018 15:28:38.959 INFO [http-nio-8090-exec-111] org.apache.catalina.core.StandardContext.reload Reloading Context with name [/ITCompanyLocator12] is completed
10-Mar-2018 15:29:14.421 INFO [http-nio-8090-exec-118] org.apache.catalina.core.StandardContext.reload Reloading Context with name [/ITCompanyLocator12] has started
10-Mar-2018 15:29:14.462 INFO [http-nio-8090-exec-118] org.apache.catalina.core.StandardContext.reload Reloading Context with name [/ITCompanyLocator12] is completed
10-Mar-2018 15:33:49.888 INFO [http-nio-8090-exec-123] org.apache.catalina.core.StandardContext.reload Reloading Context with name [/ITCompanyLocator12] has started
10-Mar-2018 15:33:49.951 INFO [http-nio-8090-exec-123] org.apache.catalina.core.StandardContext.reload Reloading Context with name [/ITCompanyLocator12] is completed
10-Mar-2018 16:24:15.786 INFO [http-nio-8090-exec-140] org.apache.catalina.core.StandardContext.reload Reloading Context with name [/ITCompanyLocator12] has started
10-Mar-2018 16:24:15.906 INFO [http-nio-8090-exec-140] org.apache.catalina.core.StandardContext.reload Reloading Context with name [/ITCompanyLocator12] is completed
10-Mar-2018 16:47:00.240 INFO [http-nio-8090-exec-150] org.apache.catalina.core.StandardContext.reload Reloading Context with name [/ITCompanyLocator12] has started
10-Mar-2018 16:47:00.308 INFO [http-nio-8090-exec-150] org.apache.catalina.core.StandardContext.reload Reloading Context with name [/ITCompanyLocator12] is completed
10-Mar-2018 16:47:54.553 INFO [http-nio-8090-exec-151] org.apache.catalina.core.StandardContext.reload Reloading Context with name [/ITCompanyLocator12] has started
10-Mar-2018 16:47:54.585 INFO [http-nio-8090-exec-151] org.apache.catalina.core.StandardContext.reload Reloading Context with name [/ITCompanyLocator12] is completed
10-Mar-2018 17:51:50.151 INFO [http-nio-8090-exec-164] org.apache.catalina.core.StandardContext.reload Reloading Context with name [/ITCompanyLocator12] has started
10-Mar-2018 17:51:50.619 INFO [http-nio-8090-exec-164] org.apache.catalina.core.StandardContext.reload Reloading Context with name [/ITCompanyLocator12] is completed
10-Mar-2018 17:52:08.145 INFO [http-nio-8090-exec-167] org.apache.catalina.core.StandardContext.reload Reloading Context with name [/ITCompanyLocator12] has started
10-Mar-2018 17:52:08.237 INFO [http-nio-8090-exec-167] org.apache.catalina.core.StandardContext.reload Reloading Context with name [/ITCompanyLocator12] is completed
10-Mar-2018 18:00:00.682 INFO [http-nio-8090-exec-175] org.apache.catalina.core.StandardContext.reload Reloading Context with name [/ITCompanyLocator12] has started
10-Mar-2018 18:00:01.147 INFO [http-nio-8090-exec-175] org.apache.catalina.core.StandardContext.reload Reloading Context with name [/ITCompanyLocator12] is completed
10-Mar-2018 18:00:10.426 INFO [http-nio-8090-exec-174] org.apache.catalina.core.StandardContext.reload Reloading Context with name [/ITCompanyLocator12] has started
10-Mar-2018 18:00:10.520 INFO [http-nio-8090-exec-174] org.apache.catalina.core.StandardContext.reload Reloading Context with name [/ITCompanyLocator12] is completed
10-Mar-2018 18:00:42.879 INFO [http-nio-8090-exec-170] org.apache.catalina.core.StandardContext.reload Reloading Context with name [/ITCompanyLocator12] has started
10-Mar-2018 18:00:42.973 INFO [http-nio-8090-exec-170] org.apache.catalina.core.StandardContext.reload Reloading Context with name [/ITCompanyLocator12] is completed
10-Mar-2018 18:03:48.699 INFO [http-nio-8090-exec-188] org.apache.catalina.core.StandardContext.reload Reloading Context with name [/ITCompanyLocator12] has started
10-Mar-2018 18:03:48.762 INFO [http-nio-8090-exec-188] org.apache.catalina.core.StandardContext.reload Reloading Context with name [/ITCompanyLocator12] is completed
10-Mar-2018 18:04:01.798 INFO [http-nio-8090-exec-188] org.apache.catalina.core.StandardContext.reload Reloading Context with name [/ITCompanyLocator12] has started
10-Mar-2018 18:04:01.861 INFO [http-nio-8090-exec-188] org.apache.catalina.core.StandardContext.reload Reloading Context with name [/ITCompanyLocator12] is completed
10-Mar-2018 18:07:41.073 INFO [http-nio-8090-exec-201] org.apache.catalina.core.StandardContext.reload Reloading Context with name [/ITCompanyLocator12] has started
10-Mar-2018 18:07:41.286 INFO [http-nio-8090-exec-201] org.apache.catalina.core.StandardContext.reload Reloading Context with name [/ITCompanyLocator12] is completed
10-Mar-2018 18:08:08.608 INFO [http-nio-8090-exec-196] org.apache.catalina.core.StandardContext.reload Reloading Context with name [/ITCompanyLocator12] has started
10-Mar-2018 18:08:08.655 INFO [http-nio-8090-exec-196] org.apache.catalina.core.StandardContext.reload Reloading Context with name [/ITCompanyLocator12] is completed
10-Mar-2018 18:21:01.758 INFO [http-nio-8090-exec-217] org.apache.catalina.core.StandardContext.reload Reloading Context with name [/ITCompanyLocator12] has started
10-Mar-2018 18:21:01.898 INFO [http-nio-8090-exec-217] org.apache.catalina.core.StandardContext.reload Reloading Context with name [/ITCompanyLocator12] is completed
10-Mar-2018 18:21:25.143 INFO [http-nio-8090-exec-220] org.apache.catalina.core.StandardContext.reload Reloading Context with name [/ITCompanyLocator12] has started
10-Mar-2018 18:21:25.268 INFO [http-nio-8090-exec-220] org.apache.catalina.core.StandardContext.reload Reloading Context with name [/ITCompanyLocator12] is completed
10-Mar-2018 18:29:05.319 INFO [http-nio-8090-exec-223] org.apache.catalina.core.StandardContext.reload Reloading Context with name [/ITCompanyLocator12] has started
10-Mar-2018 18:29:05.388 INFO [http-nio-8090-exec-223] org.apache.catalina.core.StandardContext.reload Reloading Context with name [/ITCompanyLocator12] is completed
10-Mar-2018 18:29:22.167 INFO [http-nio-8090-exec-227] org.apache.catalina.core.StandardContext.reload Reloading Context with name [/ITCompanyLocator12] has started
10-Mar-2018 18:29:22.192 INFO [http-nio-8090-exec-227] org.apache.catalina.core.StandardContext.reload Reloading Context with name [/ITCompanyLocator12] is completed
10-Mar-2018 18:33:53.265 INFO [http-nio-8090-exec-237] org.apache.catalina.core.StandardContext.reload Reloading Context with name [/ITCompanyLocator12] has started
10-Mar-2018 18:33:53.459 INFO [http-nio-8090-exec-237] org.apache.catalina.core.StandardContext.reload Reloading Context with name [/ITCompanyLocator12] is completed
10-Mar-2018 18:33:56.576 INFO [http-nio-8090-exec-239] org.apache.catalina.core.StandardContext.reload Reloading Context with name [/ITCompanyLocator12] has started
10-Mar-2018 18:33:56.605 INFO [http-nio-8090-exec-239] org.apache.catalina.core.StandardContext.reload Reloading Context with name [/ITCompanyLocator12] is completed
10-Mar-2018 18:36:50.292 INFO [http-nio-8090-exec-247] org.apache.catalina.core.StandardContext.reload Reloading Context with name [/ITCompanyLocator12] has started
10-Mar-2018 18:36:50.400 INFO [http-nio-8090-exec-247] org.apache.catalina.core.StandardContext.reload Reloading Context with name [/ITCompanyLocator12] is completed
10-Mar-2018 18:37:41.667 INFO [http-nio-8090-exec-250] org.apache.catalina.core.StandardContext.reload Reloading Context with name [/ITCompanyLocator12] has started
10-Mar-2018 18:37:41.740 INFO [http-nio-8090-exec-250] org.apache.catalina.core.StandardContext.reload Reloading Context with name [/ITCompanyLocator12] is completed
10-Mar-2018 18:45:33.901 INFO [http-nio-8090-exec-260] org.apache.catalina.core.StandardContext.reload Reloading Context with name [/ITCompanyLocator12] has started
10-Mar-2018 18:45:33.985 INFO [http-nio-8090-exec-260] org.apache.catalina.core.StandardContext.reload Reloading Context with name [/ITCompanyLocator12] is completed
10-Mar-2018 18:45:54.438 INFO [http-nio-8090-exec-258] org.apache.catalina.core.StandardContext.reload Reloading Context with name [/ITCompanyLocator12] has started
10-Mar-2018 18:45:54.536 INFO [http-nio-8090-exec-258] org.apache.catalina.core.StandardContext.reload Reloading Context with name [/ITCompanyLocator12] is completed
10-Mar-2018 18:58:09.759 INFO [http-nio-8090-exec-273] org.apache.catalina.core.StandardContext.reload Reloading Context with name [/ITCompanyLocator12] has started
10-Mar-2018 18:58:10.587 INFO [http-nio-8090-exec-273] org.apache.catalina.core.StandardContext.reload Reloading Context with name [/ITCompanyLocator12] is completed
10-Mar-2018 19:01:46.349 INFO [http-nio-8090-exec-276] org.apache.catalina.core.StandardContext.reload Reloading Context with name [/ITCompanyLocator12] has started
10-Mar-2018 19:01:46.458 INFO [http-nio-8090-exec-276] org.apache.catalina.core.StandardContext.reload Reloading Context with name [/ITCompanyLocator12] is completed
10-Mar-2018 19:04:39.206 INFO [http-nio-8090-exec-290] org.apache.catalina.core.StandardContext.reload Reloading Context with name [/ITCompanyLocator12] has started
10-Mar-2018 19:04:39.322 INFO [http-nio-8090-exec-290] org.apache.catalina.core.StandardContext.reload Reloading Context with name [/ITCompanyLocator12] is completed
10-Mar-2018 19:08:05.082 INFO [http-nio-8090-exec-287] org.apache.catalina.core.StandardContext.reload Reloading Context with name [/ITCompanyLocator12] has started
10-Mar-2018 19:08:05.448 INFO [http-nio-8090-exec-287] org.apache.catalina.core.StandardContext.reload Reloading Context with name [/ITCompanyLocator12] is completed
10-Mar-2018 19:08:11.331 INFO [http-nio-8090-exec-285] org.apache.catalina.core.StandardContext.reload Reloading Context with name [/ITCompanyLocator12] has started
10-Mar-2018 19:08:11.441 INFO [http-nio-8090-exec-285] org.apache.catalina.core.StandardContext.reload Reloading Context with name [/ITCompanyLocator12] is completed
10-Mar-2018 19:10:01.995 INFO [http-nio-8090-exec-307] org.apache.catalina.core.StandardContext.reload Reloading Context with name [/ITCompanyLocator12] has started
10-Mar-2018 19:10:02.175 INFO [http-nio-8090-exec-307] org.apache.catalina.core.StandardContext.reload Reloading Context with name [/ITCompanyLocator12] is completed
10-Mar-2018 19:10:06.144 INFO [http-nio-8090-exec-301] org.apache.catalina.core.StandardContext.reload Reloading Context with name [/ITCompanyLocator12] has started
10-Mar-2018 19:10:06.173 INFO [http-nio-8090-exec-301] org.apache.catalina.core.StandardContext.reload Reloading Context with name [/ITCompanyLocator12] is completed
10-Mar-2018 19:13:32.432 INFO [http-nio-8090-exec-313] org.apache.catalina.core.StandardContext.reload Reloading Context with name [/ITCompanyLocator12] has started
10-Mar-2018 19:13:32.569 INFO [http-nio-8090-exec-313] org.apache.catalina.core.StandardContext.reload Reloading Context with name [/ITCompanyLocator12] is completed
10-Mar-2018 19:14:18.339 INFO [http-nio-8090-exec-313] org.apache.catalina.core.StandardContext.reload Reloading Context with name [/ITCompanyLocator] has started
10-Mar-2018 19:14:18.581 INFO [http-nio-8090-exec-313] org.apache.catalina.core.StandardContext.reload Reloading Context with name [/ITCompanyLocator] is completed
10-Mar-2018 19:15:37.187 INFO [http-nio-8090-exec-320] org.apache.catalina.core.StandardContext.reload Reloading Context with name [/ITCompanyLocator12] has started
10-Mar-2018 19:15:37.244 INFO [http-nio-8090-exec-320] org.apache.catalina.core.StandardContext.reload Reloading Context with name [/ITCompanyLocator12] is completed
10-Mar-2018 19:19:56.482 INFO [http-nio-8090-exec-329] org.apache.catalina.core.StandardContext.reload Reloading Context with name [/ITCompanyLocator12] has started
10-Mar-2018 19:19:56.753 INFO [http-nio-8090-exec-329] org.apache.catalina.core.StandardContext.reload Reloading Context with name [/ITCompanyLocator12] is completed
10-Mar-2018 19:19:56.839 INFO [http-nio-8090-exec-330] org.apache.catalina.core.StandardContext.reload Reloading Context with name [/ITCompanyLocator12] has started
10-Mar-2018 19:19:56.887 INFO [http-nio-8090-exec-330] org.apache.catalina.core.StandardContext.reload Reloading Context with name [/ITCompanyLocator12] is completed
10-Mar-2018 19:19:57.379 INFO [http-nio-8090-exec-328] org.apache.catalina.core.StandardContext.reload Reloading Context with name [/ITCompanyLocator12] has started
10-Mar-2018 19:19:57.432 INFO [http-nio-8090-exec-328] org.apache.catalina.core.StandardContext.reload Reloading Context with name [/ITCompanyLocator12] is completed
10-Mar-2018 19:21:40.992 INFO [http-nio-8090-exec-326] org.apache.catalina.core.StandardContext.reload Reloading Context with name [/ITCompanyLocator12] has started
10-Mar-2018 19:21:41.187 INFO [http-nio-8090-exec-326] org.apache.catalina.core.StandardContext.reload Reloading Context with name [/ITCompanyLocator12] is completed
10-Mar-2018 19:21:41.204 INFO [http-nio-8090-exec-328] org.apache.catalina.core.StandardContext.reload Reloading Context with name [/ITCompanyLocator12] has started
10-Mar-2018 19:21:41.230 INFO [http-nio-8090-exec-328] org.apache.catalina.core.StandardContext.reload Reloading Context with name [/ITCompanyLocator12] is completed
10-Mar-2018 19:22:51.086 INFO [http-nio-8090-exec-332] org.apache.catalina.core.StandardContext.reload Reloading Context with name [/ITCompanyLocator12] has started
10-Mar-2018 19:22:51.150 INFO [http-nio-8090-exec-332] org.apache.catalina.core.StandardContext.reload Reloading Context with name [/ITCompanyLocator12] is completed
10-Mar-2018 19:23:09.298 INFO [main] org.apache.catalina.core.StandardServer.await A valid shutdown command was received via the shutdown port. Stopping the Server instance.
10-Mar-2018 19:23:09.316 INFO [main] org.apache.coyote.AbstractProtocol.pause Pausing ProtocolHandler ["http-nio-8090"]
10-Mar-2018 19:23:09.508 INFO [main] org.apache.coyote.AbstractProtocol.pause Pausing ProtocolHandler ["ajp-nio-8009"]
10-Mar-2018 19:23:09.612 INFO [main] org.apache.catalina.core.StandardService.stopInternal Stopping service [Catalina]
10-Mar-2018 19:23:09.844 INFO [main] org.apache.coyote.AbstractProtocol.stop Stopping ProtocolHandler ["http-nio-8090"]
10-Mar-2018 19:23:09.861 INFO [main] org.apache.coyote.AbstractProtocol.stop Stopping ProtocolHandler ["ajp-nio-8009"]
10-Mar-2018 19:23:09.914 INFO [main] org.apache.coyote.AbstractProtocol.destroy Destroying ProtocolHandler ["http-nio-8090"]
10-Mar-2018 19:23:09.947 INFO [main] org.apache.coyote.AbstractProtocol.destroy Destroying ProtocolHandler ["ajp-nio-8009"]
10-Mar-2018 19:28:33.028 INFO [main] org.apache.catalina.startup.VersionLoggerListener.log Server version:        Apache Tomcat/8.5.27
10-Mar-2018 19:28:33.028 INFO [main] org.apache.catalina.startup.VersionLoggerListener.log Server built:          Jan 18 2018 20:12:40 UTC
10-Mar-2018 19:28:33.028 INFO [main] org.apache.catalina.startup.VersionLoggerListener.log Server number:         8.5.27.0
10-Mar-2018 19:28:33.028 INFO [main] org.apache.catalina.startup.VersionLoggerListener.log OS Name:               Windows 10
10-Mar-2018 19:28:33.028 INFO [main] org.apache.catalina.startup.VersionLoggerListener.log OS Version:            10.0
10-Mar-2018 19:28:33.028 INFO [main] org.apache.catalina.startup.VersionLoggerListener.log Architecture:          amd64
10-Mar-2018 19:28:33.028 INFO [main] org.apache.catalina.startup.VersionLoggerListener.log Java Home:             C:\Program Files\Java\jdk1.8.0_161\jre
10-Mar-2018 19:28:33.028 INFO [main] org.apache.catalina.startup.VersionLoggerListener.log JVM Version:           1.8.0_161-b12
10-Mar-2018 19:28:33.028 INFO [main] org.apache.catalina.startup.VersionLoggerListener.log JVM Vendor:            Oracle Corporation
10-Mar-2018 19:28:33.028 INFO [main] org.apache.catalina.startup.VersionLoggerListener.log CATALINA_BASE:         C:\Users\suraj.jena\Desktop\web\next\maven-project\apache-tomcat-8.5.27-windows-x64\apache-tomcat-8.5.27
10-Mar-2018 19:28:33.028 INFO [main] org.apache.catalina.startup.VersionLoggerListener.log CATALINA_HOME:         C:\Users\suraj.jena\Desktop\web\next\maven-project\apache-tomcat-8.5.27-windows-x64\apache-tomcat-8.5.27
10-Mar-2018 19:28:33.028 INFO [main] org.apache.catalina.startup.VersionLoggerListener.log Command line argument: -Djava.util.logging.config.file=C:\Users\suraj.jena\Desktop\web\next\maven-project\apache-tomcat-8.5.27-windows-x64\apache-tomcat-8.5.27\conf\logging.properties
10-Mar-2018 19:28:33.028 INFO [main] org.apache.catalina.startup.VersionLoggerListener.log Command line argument: -Djava.util.logging.manager=org.apache.juli.ClassLoaderLogManager
10-Mar-2018 19:28:33.028 INFO [main] org.apache.catalina.startup.VersionLoggerListener.log Command line argument: -Dhttp.nonProxyHosts=localhost|127.0.0.1|optimus-195
10-Mar-2018 19:28:33.028 INFO [main] org.apache.catalina.startup.VersionLoggerListener.log Command line argument: -Djdk.tls.ephemeralDHKeySize=2048
10-Mar-2018 19:28:33.028 INFO [main] org.apache.catalina.startup.VersionLoggerListener.log Command line argument: -Djava.protocol.handler.pkgs=org.apache.catalina.webresources
10-Mar-2018 19:28:33.028 INFO [main] org.apache.catalina.startup.VersionLoggerListener.log Command line argument: -Dignore.endorsed.dirs=
10-Mar-2018 19:28:33.028 INFO [main] org.apache.catalina.startup.VersionLoggerListener.log Command line argument: -Dcatalina.base=C:\Users\suraj.jena\Desktop\web\next\maven-project\apache-tomcat-8.5.27-windows-x64\apache-tomcat-8.5.27
10-Mar-2018 19:28:33.028 INFO [main] org.apache.catalina.startup.VersionLoggerListener.log Command line argument: -Dcatalina.home=C:\Users\suraj.jena\Desktop\web\next\maven-project\apache-tomcat-8.5.27-windows-x64\apache-tomcat-8.5.27
10-Mar-2018 19:28:33.028 INFO [main] org.apache.catalina.startup.VersionLoggerListener.log Command line argument: -Djava.io.tmpdir=C:\Users\suraj.jena\Desktop\web\next\maven-project\apache-tomcat-8.5.27-windows-x64\apache-tomcat-8.5.27\temp
10-Mar-2018 19:28:33.028 INFO [main] org.apache.catalina.core.AprLifecycleListener.lifecycleEvent Loaded APR based Apache Tomcat Native library [1.2.16] using APR version [1.6.3].
10-Mar-2018 19:28:33.028 INFO [main] org.apache.catalina.core.AprLifecycleListener.lifecycleEvent APR capabilities: IPv6 [true], sendfile [true], accept filters [false], random [true].
10-Mar-2018 19:28:33.028 INFO [main] org.apache.catalina.core.AprLifecycleListener.lifecycleEvent APR/OpenSSL configuration: useAprConnector [false], useOpenSSL [true]
10-Mar-2018 19:28:33.606 INFO [main] org.apache.catalina.core.AprLifecycleListener.initializeSSL OpenSSL successfully initialized [OpenSSL 1.0.2m  2 Nov 2017]
10-Mar-2018 19:28:33.841 INFO [main] org.apache.coyote.AbstractProtocol.init Initializing ProtocolHandler ["http-nio-8090"]
10-Mar-2018 19:28:33.966 INFO [main] org.apache.tomcat.util.net.NioSelectorPool.getSharedSelector Using a shared selector for servlet write/read
10-Mar-2018 19:28:33.997 INFO [main] org.apache.coyote.AbstractProtocol.init Initializing ProtocolHandler ["ajp-nio-8009"]
10-Mar-2018 19:28:33.997 INFO [main] org.apache.tomcat.util.net.NioSelectorPool.getSharedSelector Using a shared selector for servlet write/read
10-Mar-2018 19:28:33.997 INFO [main] org.apache.catalina.startup.Catalina.load Initialization processed in 1596 ms
10-Mar-2018 19:28:34.247 INFO [main] org.apache.catalina.core.StandardService.startInternal Starting service [Catalina]
10-Mar-2018 19:28:34.247 INFO [main] org.apache.catalina.core.StandardEngine.startInternal Starting Servlet Engine: Apache Tomcat/8.5.27
10-Mar-2018 19:28:34.263 INFO [localhost-startStop-1] org.apache.catalina.startup.HostConfig.deployDescriptor Deploying configuration descriptor [C:\Users\suraj.jena\Desktop\web\next\maven-project\apache-tomcat-8.5.27-windows-x64\apache-tomcat-8.5.27\conf\Catalina\localhost\ITCompanyLocator.xml]
10-Mar-2018 19:28:34.702 INFO [localhost-startStop-1] org.apache.jasper.servlet.TldScanner.scanJars At least one JAR was scanned for TLDs yet contained no TLDs. Enable debug logging for this logger for a complete list of JARs that were scanned but no TLDs were found in them. Skipping unneeded JARs during scanning can improve startup time and JSP compilation time.
10-Mar-2018 19:28:34.796 INFO [localhost-startStop-1] org.apache.catalina.startup.HostConfig.deployDescriptor Deployment of configuration descriptor [C:\Users\suraj.jena\Desktop\web\next\maven-project\apache-tomcat-8.5.27-windows-x64\apache-tomcat-8.5.27\conf\Catalina\localhost\ITCompanyLocator.xml] has finished in [533] ms
10-Mar-2018 19:28:34.796 INFO [localhost-startStop-1] org.apache.catalina.startup.HostConfig.deployDescriptor Deploying configuration descriptor [C:\Users\suraj.jena\Desktop\web\next\maven-project\apache-tomcat-8.5.27-windows-x64\apache-tomcat-8.5.27\conf\Catalina\localhost\ITCompanyLocator12.xml]
10-Mar-2018 19:28:34.858 INFO [localhost-startStop-1] org.apache.jasper.servlet.TldScanner.scanJars At least one JAR was scanned for TLDs yet contained no TLDs. Enable debug logging for this logger for a complete list of JARs that were scanned but no TLDs were found in them. Skipping unneeded JARs during scanning can improve startup time and JSP compilation time.
10-Mar-2018 19:28:34.858 INFO [localhost-startStop-1] org.apache.catalina.startup.HostConfig.deployDescriptor Deployment of configuration descriptor [C:\Users\suraj.jena\Desktop\web\next\maven-project\apache-tomcat-8.5.27-windows-x64\apache-tomcat-8.5.27\conf\Catalina\localhost\ITCompanyLocator12.xml] has finished in [62] ms
10-Mar-2018 19:28:34.858 INFO [localhost-startStop-1] org.apache.catalina.startup.HostConfig.deployDescriptor Deploying configuration descriptor [C:\Users\suraj.jena\Desktop\web\next\maven-project\apache-tomcat-8.5.27-windows-x64\apache-tomcat-8.5.27\conf\Catalina\localhost\WebApplication3.xml]
10-Mar-2018 19:28:34.905 INFO [localhost-startStop-1] org.apache.catalina.startup.HostConfig.deployDescriptor Deployment of configuration descriptor [C:\Users\suraj.jena\Desktop\web\next\maven-project\apache-tomcat-8.5.27-windows-x64\apache-tomcat-8.5.27\conf\Catalina\localhost\WebApplication3.xml] has finished in [47] ms
10-Mar-2018 19:28:34.952 INFO [localhost-startStop-1] org.apache.catalina.startup.HostConfig.deployWAR Deploying web application archive [C:\Users\suraj.jena\Desktop\web\next\maven-project\apache-tomcat-8.5.27-windows-x64\apache-tomcat-8.5.27\webapps\sample.war]
10-Mar-2018 19:28:35.015 INFO [localhost-startStop-1] org.apache.catalina.startup.HostConfig.deployWAR Deployment of web application archive [C:\Users\suraj.jena\Desktop\web\next\maven-project\apache-tomcat-8.5.27-windows-x64\apache-tomcat-8.5.27\webapps\sample.war] has finished in [63] ms
10-Mar-2018 19:28:35.046 INFO [localhost-startStop-1] org.apache.catalina.startup.HostConfig.deployWAR Deploying web application archive [C:\Users\suraj.jena\Desktop\web\next\maven-project\apache-tomcat-8.5.27-windows-x64\apache-tomcat-8.5.27\webapps\webapp.war]
10-Mar-2018 19:28:35.108 INFO [localhost-startStop-1] org.apache.catalina.startup.HostConfig.deployWAR Deployment of web application archive [C:\Users\suraj.jena\Desktop\web\next\maven-project\apache-tomcat-8.5.27-windows-x64\apache-tomcat-8.5.27\webapps\webapp.war] has finished in [62] ms
10-Mar-2018 19:28:35.108 INFO [localhost-startStop-1] org.apache.catalina.startup.HostConfig.deployDirectory Deploying web application directory [C:\Users\suraj.jena\Desktop\web\next\maven-project\apache-tomcat-8.5.27-windows-x64\apache-tomcat-8.5.27\webapps\docs]
10-Mar-2018 19:28:35.140 INFO [localhost-startStop-1] org.apache.catalina.startup.HostConfig.deployDirectory Deployment of web application directory [C:\Users\suraj.jena\Desktop\web\next\maven-project\apache-tomcat-8.5.27-windows-x64\apache-tomcat-8.5.27\webapps\docs] has finished in [32] ms
10-Mar-2018 19:28:35.140 INFO [localhost-startStop-1] org.apache.catalina.startup.HostConfig.deployDirectory Deploying web application directory [C:\Users\suraj.jena\Desktop\web\next\maven-project\apache-tomcat-8.5.27-windows-x64\apache-tomcat-8.5.27\webapps\examples]
10-Mar-2018 19:28:36.660 INFO [localhost-startStop-1] org.apache.catalina.startup.HostConfig.deployDirectory Deployment of web application directory [C:\Users\suraj.jena\Desktop\web\next\maven-project\apache-tomcat-8.5.27-windows-x64\apache-tomcat-8.5.27\webapps\examples] has finished in [1,520] ms
10-Mar-2018 19:28:36.660 INFO [localhost-startStop-1] org.apache.catalina.startup.HostConfig.deployDirectory Deploying web application directory [C:\Users\suraj.jena\Desktop\web\next\maven-project\apache-tomcat-8.5.27-windows-x64\apache-tomcat-8.5.27\webapps\host-manager]
10-Mar-2018 19:28:36.722 INFO [localhost-startStop-1] org.apache.catalina.startup.HostConfig.deployDirectory Deployment of web application directory [C:\Users\suraj.jena\Desktop\web\next\maven-project\apache-tomcat-8.5.27-windows-x64\apache-tomcat-8.5.27\webapps\host-manager] has finished in [62] ms
10-Mar-2018 19:28:36.722 INFO [localhost-startStop-1] org.apache.catalina.startup.HostConfig.deployDirectory Deploying web application directory [C:\Users\suraj.jena\Desktop\web\next\maven-project\apache-tomcat-8.5.27-windows-x64\apache-tomcat-8.5.27\webapps\manager]
10-Mar-2018 19:28:36.801 INFO [localhost-startStop-1] org.apache.catalina.startup.HostConfig.deployDirectory Deployment of web application directory [C:\Users\suraj.jena\Desktop\web\next\maven-project\apache-tomcat-8.5.27-windows-x64\apache-tomcat-8.5.27\webapps\manager] has finished in [79] ms
10-Mar-2018 19:28:36.801 INFO [localhost-startStop-1] org.apache.catalina.startup.HostConfig.deployDirectory Deploying web application directory [C:\Users\suraj.jena\Desktop\web\next\maven-project\apache-tomcat-8.5.27-windows-x64\apache-tomcat-8.5.27\webapps\ROOT]
10-Mar-2018 19:28:36.816 INFO [localhost-startStop-1] org.apache.catalina.startup.HostConfig.deployDirectory Deployment of web application directory [C:\Users\suraj.jena\Desktop\web\next\maven-project\apache-tomcat-8.5.27-windows-x64\apache-tomcat-8.5.27\webapps\ROOT] has finished in [15] ms
10-Mar-2018 19:28:36.816 INFO [main] org.apache.coyote.AbstractProtocol.start Starting ProtocolHandler ["http-nio-8090"]
10-Mar-2018 19:28:36.832 INFO [main] org.apache.coyote.AbstractProtocol.start Starting ProtocolHandler ["ajp-nio-8009"]
10-Mar-2018 19:28:36.832 INFO [main] org.apache.catalina.startup.Catalina.start Server startup in 2831 ms
10-Mar-2018 19:28:39.551 INFO [http-nio-8090-exec-4] org.apache.catalina.core.StandardContext.reload Reloading Context with name [/ITCompanyLocator12] has started
10-Mar-2018 19:28:39.598 INFO [http-nio-8090-exec-4] org.apache.jasper.servlet.TldScanner.scanJars At least one JAR was scanned for TLDs yet contained no TLDs. Enable debug logging for this logger for a complete list of JARs that were scanned but no TLDs were found in them. Skipping unneeded JARs during scanning can improve startup time and JSP compilation time.
10-Mar-2018 19:28:39.598 INFO [http-nio-8090-exec-4] org.apache.catalina.core.StandardContext.reload Reloading Context with name [/ITCompanyLocator12] is completed
10-Mar-2018 19:31:37.984 INFO [http-nio-8090-exec-12] org.apache.catalina.core.StandardContext.reload Reloading Context with name [/ITCompanyLocator12] has started
10-Mar-2018 19:31:38.015 INFO [http-nio-8090-exec-12] org.apache.jasper.servlet.TldScanner.scanJars At least one JAR was scanned for TLDs yet contained no TLDs. Enable debug logging for this logger for a complete list of JARs that were scanned but no TLDs were found in them. Skipping unneeded JARs during scanning can improve startup time and JSP compilation time.
10-Mar-2018 19:31:38.031 INFO [http-nio-8090-exec-12] org.apache.catalina.core.StandardContext.reload Reloading Context with name [/ITCompanyLocator12] is completed
10-Mar-2018 19:31:45.713 INFO [http-nio-8090-exec-13] org.apache.catalina.core.StandardContext.reload Reloading Context with name [/ITCompanyLocator12] has started
10-Mar-2018 19:31:45.744 INFO [http-nio-8090-exec-13] org.apache.jasper.servlet.TldScanner.scanJars At least one JAR was scanned for TLDs yet contained no TLDs. Enable debug logging for this logger for a complete list of JARs that were scanned but no TLDs were found in them. Skipping unneeded JARs during scanning can improve startup time and JSP compilation time.
10-Mar-2018 19:31:45.744 INFO [http-nio-8090-exec-13] org.apache.catalina.core.StandardContext.reload Reloading Context with name [/ITCompanyLocator12] is completed
10-Mar-2018 19:35:08.356 INFO [http-nio-8090-exec-19] org.apache.catalina.core.StandardContext.reload Reloading Context with name [/ITCompanyLocator12] has started
10-Mar-2018 19:35:08.403 INFO [http-nio-8090-exec-19] org.apache.jasper.servlet.TldScanner.scanJars At least one JAR was scanned for TLDs yet contained no TLDs. Enable debug logging for this logger for a complete list of JARs that were scanned but no TLDs were found in them. Skipping unneeded JARs during scanning can improve startup time and JSP compilation time.
10-Mar-2018 19:35:08.403 INFO [http-nio-8090-exec-19] org.apache.catalina.core.StandardContext.reload Reloading Context with name [/ITCompanyLocator12] is completed
10-Mar-2018 19:35:15.131 INFO [http-nio-8090-exec-25] org.apache.catalina.core.StandardContext.reload Reloading Context with name [/ITCompanyLocator12] has started
10-Mar-2018 19:35:15.162 INFO [http-nio-8090-exec-25] org.apache.jasper.servlet.TldScanner.scanJars At least one JAR was scanned for TLDs yet contained no TLDs. Enable debug logging for this logger for a complete list of JARs that were scanned but no TLDs were found in them. Skipping unneeded JARs during scanning can improve startup time and JSP compilation time.
10-Mar-2018 19:35:15.162 INFO [http-nio-8090-exec-25] org.apache.catalina.core.StandardContext.reload Reloading Context with name [/ITCompanyLocator12] is completed
10-Mar-2018 19:37:15.937 INFO [http-nio-8090-exec-26] org.apache.catalina.core.StandardContext.reload Reloading Context with name [/ITCompanyLocator12] has started
10-Mar-2018 19:37:16.022 INFO [http-nio-8090-exec-26] org.apache.jasper.servlet.TldScanner.scanJars At least one JAR was scanned for TLDs yet contained no TLDs. Enable debug logging for this logger for a complete list of JARs that were scanned but no TLDs were found in them. Skipping unneeded JARs during scanning can improve startup time and JSP compilation time.
10-Mar-2018 19:37:16.022 INFO [http-nio-8090-exec-26] org.apache.catalina.core.StandardContext.reload Reloading Context with name [/ITCompanyLocator12] is completed
10-Mar-2018 19:37:29.992 INFO [http-nio-8090-exec-26] org.apache.catalina.core.StandardContext.reload Reloading Context with name [/ITCompanyLocator12] has started
10-Mar-2018 19:37:30.023 INFO [http-nio-8090-exec-26] org.apache.jasper.servlet.TldScanner.scanJars At least one JAR was scanned for TLDs yet contained no TLDs. Enable debug logging for this logger for a complete list of JARs that were scanned but no TLDs were found in them. Skipping unneeded JARs during scanning can improve startup time and JSP compilation time.
10-Mar-2018 19:37:30.023 INFO [http-nio-8090-exec-26] org.apache.catalina.core.StandardContext.reload Reloading Context with name [/ITCompanyLocator12] is completed
10-Mar-2018 19:40:47.832 INFO [http-nio-8090-exec-31] org.apache.catalina.core.StandardContext.reload Reloading Context with name [/ITCompanyLocator12] has started
10-Mar-2018 19:40:47.895 INFO [http-nio-8090-exec-31] org.apache.jasper.servlet.TldScanner.scanJars At least one JAR was scanned for TLDs yet contained no TLDs. Enable debug logging for this logger for a complete list of JARs that were scanned but no TLDs were found in them. Skipping unneeded JARs during scanning can improve startup time and JSP compilation time.
10-Mar-2018 19:40:47.895 INFO [http-nio-8090-exec-31] org.apache.catalina.core.StandardContext.reload Reloading Context with name [/ITCompanyLocator12] is completed
10-Mar-2018 19:41:07.918 INFO [http-nio-8090-exec-31] org.apache.catalina.core.StandardContext.reload Reloading Context with name [/ITCompanyLocator12] has started
10-Mar-2018 19:41:07.949 INFO [http-nio-8090-exec-31] org.apache.jasper.servlet.TldScanner.scanJars At least one JAR was scanned for TLDs yet contained no TLDs. Enable debug logging for this logger for a complete list of JARs that were scanned but no TLDs were found in them. Skipping unneeded JARs during scanning can improve startup time and JSP compilation time.
10-Mar-2018 19:41:07.949 INFO [http-nio-8090-exec-31] org.apache.catalina.core.StandardContext.reload Reloading Context with name [/ITCompanyLocator12] is completed
10-Mar-2018 19:43:31.719 INFO [http-nio-8090-exec-44] org.apache.catalina.core.StandardContext.reload Reloading Context with name [/ITCompanyLocator12] has started
10-Mar-2018 19:43:31.766 INFO [http-nio-8090-exec-44] org.apache.jasper.servlet.TldScanner.scanJars At least one JAR was scanned for TLDs yet contained no TLDs. Enable debug logging for this logger for a complete list of JARs that were scanned but no TLDs were found in them. Skipping unneeded JARs during scanning can improve startup time and JSP compilation time.
10-Mar-2018 19:43:31.766 INFO [http-nio-8090-exec-44] org.apache.catalina.core.StandardContext.reload Reloading Context with name [/ITCompanyLocator12] is completed
10-Mar-2018 19:43:53.357 INFO [http-nio-8090-exec-46] org.apache.catalina.core.StandardContext.reload Reloading Context with name [/ITCompanyLocator12] has started
10-Mar-2018 19:43:53.373 INFO [http-nio-8090-exec-46] org.apache.jasper.servlet.TldScanner.scanJars At least one JAR was scanned for TLDs yet contained no TLDs. Enable debug logging for this logger for a complete list of JARs that were scanned but no TLDs were found in them. Skipping unneeded JARs during scanning can improve startup time and JSP compilation time.
10-Mar-2018 19:43:53.388 INFO [http-nio-8090-exec-46] org.apache.catalina.core.StandardContext.reload Reloading Context with name [/ITCompanyLocator12] is completed
10-Mar-2018 20:00:27.730 INFO [http-nio-8090-exec-50] org.apache.catalina.startup.HostConfig.undeploy Undeploying context [/ITCompanyLocator12]
10-Mar-2018 22:42:11.760 INFO [main] org.apache.catalina.core.StandardServer.await A valid shutdown command was received via the shutdown port. Stopping the Server instance.
10-Mar-2018 22:42:11.942 INFO [main] org.apache.coyote.AbstractProtocol.pause Pausing ProtocolHandler ["http-nio-8090"]
10-Mar-2018 22:42:12.347 INFO [main] org.apache.coyote.AbstractProtocol.pause Pausing ProtocolHandler ["ajp-nio-8009"]
10-Mar-2018 22:42:12.695 INFO [main] org.apache.catalina.core.StandardService.stopInternal Stopping service [Catalina]
10-Mar-2018 22:42:13.596 INFO [main] org.apache.coyote.AbstractProtocol.stop Stopping ProtocolHandler ["http-nio-8090"]
10-Mar-2018 22:42:13.616 INFO [main] org.apache.coyote.AbstractProtocol.stop Stopping ProtocolHandler ["ajp-nio-8009"]
10-Mar-2018 22:42:13.657 INFO [main] org.apache.coyote.AbstractProtocol.destroy Destroying ProtocolHandler ["http-nio-8090"]
10-Mar-2018 22:42:13.671 INFO [main] org.apache.coyote.AbstractProtocol.destroy Destroying ProtocolHandler ["ajp-nio-8009"]
10-Mar-2018 22:55:16.117 INFO [main] org.apache.catalina.startup.VersionLoggerListener.log Server version:        Apache Tomcat/8.5.27
10-Mar-2018 22:55:16.119 INFO [main] org.apache.catalina.startup.VersionLoggerListener.log Server built:          Jan 18 2018 20:12:40 UTC
10-Mar-2018 22:55:16.119 INFO [main] org.apache.catalina.startup.VersionLoggerListener.log Server number:         8.5.27.0
10-Mar-2018 22:55:16.119 INFO [main] org.apache.catalina.startup.VersionLoggerListener.log OS Name:               Windows 10
10-Mar-2018 22:55:16.119 INFO [main] org.apache.catalina.startup.VersionLoggerListener.log OS Version:            10.0
10-Mar-2018 22:55:16.119 INFO [main] org.apache.catalina.startup.VersionLoggerListener.log Architecture:          amd64
10-Mar-2018 22:55:16.119 INFO [main] org.apache.catalina.startup.VersionLoggerListener.log Java Home:             C:\Program Files\Java\jdk1.8.0_161\jre
10-Mar-2018 22:55:16.119 INFO [main] org.apache.catalina.startup.VersionLoggerListener.log JVM Version:           1.8.0_161-b12
10-Mar-2018 22:55:16.119 INFO [main] org.apache.catalina.startup.VersionLoggerListener.log JVM Vendor:            Oracle Corporation
10-Mar-2018 22:55:16.119 INFO [main] org.apache.catalina.startup.VersionLoggerListener.log CATALINA_BASE:         C:\Users\suraj.jena\Desktop\web\next\maven-project\apache-tomcat-8.5.27-windows-x64\apache-tomcat-8.5.27
10-Mar-2018 22:55:16.119 INFO [main] org.apache.catalina.startup.VersionLoggerListener.log CATALINA_HOME:         C:\Users\suraj.jena\Desktop\web\next\maven-project\apache-tomcat-8.5.27-windows-x64\apache-tomcat-8.5.27
10-Mar-2018 22:55:16.119 INFO [main] org.apache.catalina.startup.VersionLoggerListener.log Command line argument: -Djava.util.logging.config.file=C:\Users\suraj.jena\Desktop\web\next\maven-project\apache-tomcat-8.5.27-windows-x64\apache-tomcat-8.5.27\conf\logging.properties
10-Mar-2018 22:55:16.119 INFO [main] org.apache.catalina.startup.VersionLoggerListener.log Command line argument: -Djava.util.logging.manager=org.apache.juli.ClassLoaderLogManager
10-Mar-2018 22:55:16.119 INFO [main] org.apache.catalina.startup.VersionLoggerListener.log Command line argument: -Dhttp.nonProxyHosts=localhost|127.0.0.1|optimus-195
10-Mar-2018 22:55:16.120 INFO [main] org.apache.catalina.startup.VersionLoggerListener.log Command line argument: -Djdk.tls.ephemeralDHKeySize=2048
10-Mar-2018 22:55:16.120 INFO [main] org.apache.catalina.startup.VersionLoggerListener.log Command line argument: -Djava.protocol.handler.pkgs=org.apache.catalina.webresources
10-Mar-2018 22:55:16.120 INFO [main] org.apache.catalina.startup.VersionLoggerListener.log Command line argument: -Dignore.endorsed.dirs=
10-Mar-2018 22:55:16.120 INFO [main] org.apache.catalina.startup.VersionLoggerListener.log Command line argument: -Dcatalina.base=C:\Users\suraj.jena\Desktop\web\next\maven-project\apache-tomcat-8.5.27-windows-x64\apache-tomcat-8.5.27
10-Mar-2018 22:55:16.120 INFO [main] org.apache.catalina.startup.VersionLoggerListener.log Command line argument: -Dcatalina.home=C:\Users\suraj.jena\Desktop\web\next\maven-project\apache-tomcat-8.5.27-windows-x64\apache-tomcat-8.5.27
10-Mar-2018 22:55:16.120 INFO [main] org.apache.catalina.startup.VersionLoggerListener.log Command line argument: -Djava.io.tmpdir=C:\Users\suraj.jena\Desktop\web\next\maven-project\apache-tomcat-8.5.27-windows-x64\apache-tomcat-8.5.27\temp
10-Mar-2018 22:55:16.120 INFO [main] org.apache.catalina.core.AprLifecycleListener.lifecycleEvent Loaded APR based Apache Tomcat Native library [1.2.16] using APR version [1.6.3].
10-Mar-2018 22:55:16.120 INFO [main] org.apache.catalina.core.AprLifecycleListener.lifecycleEvent APR capabilities: IPv6 [true], sendfile [true], accept filters [false], random [true].
10-Mar-2018 22:55:16.121 INFO [main] org.apache.catalina.core.AprLifecycleListener.lifecycleEvent APR/OpenSSL configuration: useAprConnector [false], useOpenSSL [true]
10-Mar-2018 22:55:17.239 INFO [main] org.apache.catalina.core.AprLifecycleListener.initializeSSL OpenSSL successfully initialized [OpenSSL 1.0.2m  2 Nov 2017]
10-Mar-2018 22:55:17.585 INFO [main] org.apache.coyote.AbstractProtocol.init Initializing ProtocolHandler ["http-nio-8090"]
10-Mar-2018 22:55:17.756 INFO [main] org.apache.tomcat.util.net.NioSelectorPool.getSharedSelector Using a shared selector for servlet write/read
10-Mar-2018 22:55:17.781 INFO [main] org.apache.coyote.AbstractProtocol.init Initializing ProtocolHandler ["ajp-nio-8009"]
10-Mar-2018 22:55:17.783 INFO [main] org.apache.tomcat.util.net.NioSelectorPool.getSharedSelector Using a shared selector for servlet write/read
10-Mar-2018 22:55:17.783 INFO [main] org.apache.catalina.startup.Catalina.load Initialization processed in 6553 ms
10-Mar-2018 22:55:17.912 INFO [main] org.apache.catalina.core.StandardService.startInternal Starting service [Catalina]
10-Mar-2018 22:55:17.912 INFO [main] org.apache.catalina.core.StandardEngine.startInternal Starting Servlet Engine: Apache Tomcat/8.5.27
10-Mar-2018 22:55:17.986 INFO [localhost-startStop-1] org.apache.catalina.startup.HostConfig.deployDescriptor Deploying configuration descriptor [C:\Users\suraj.jena\Desktop\web\next\maven-project\apache-tomcat-8.5.27-windows-x64\apache-tomcat-8.5.27\conf\Catalina\localhost\ITCompanyLocator.xml]
10-Mar-2018 22:55:18.792 INFO [localhost-startStop-1] org.apache.jasper.servlet.TldScanner.scanJars At least one JAR was scanned for TLDs yet contained no TLDs. Enable debug logging for this logger for a complete list of JARs that were scanned but no TLDs were found in them. Skipping unneeded JARs during scanning can improve startup time and JSP compilation time.
10-Mar-2018 22:55:18.897 INFO [localhost-startStop-1] org.apache.catalina.startup.HostConfig.deployDescriptor Deployment of configuration descriptor [C:\Users\suraj.jena\Desktop\web\next\maven-project\apache-tomcat-8.5.27-windows-x64\apache-tomcat-8.5.27\conf\Catalina\localhost\ITCompanyLocator.xml] has finished in [910] ms
10-Mar-2018 22:55:18.897 INFO [localhost-startStop-1] org.apache.catalina.startup.HostConfig.deployDescriptor Deploying configuration descriptor [C:\Users\suraj.jena\Desktop\web\next\maven-project\apache-tomcat-8.5.27-windows-x64\apache-tomcat-8.5.27\conf\Catalina\localhost\WebApplication3.xml]
10-Mar-2018 22:55:18.950 INFO [localhost-startStop-1] org.apache.catalina.startup.HostConfig.deployDescriptor Deployment of configuration descriptor [C:\Users\suraj.jena\Desktop\web\next\maven-project\apache-tomcat-8.5.27-windows-x64\apache-tomcat-8.5.27\conf\Catalina\localhost\WebApplication3.xml] has finished in [53] ms
10-Mar-2018 22:55:19.021 INFO [localhost-startStop-1] org.apache.catalina.startup.HostConfig.deployWAR Deploying web application archive [C:\Users\suraj.jena\Desktop\web\next\maven-project\apache-tomcat-8.5.27-windows-x64\apache-tomcat-8.5.27\webapps\sample.war]
10-Mar-2018 22:55:19.115 INFO [localhost-startStop-1] org.apache.catalina.startup.HostConfig.deployWAR Deployment of web application archive [C:\Users\suraj.jena\Desktop\web\next\maven-project\apache-tomcat-8.5.27-windows-x64\apache-tomcat-8.5.27\webapps\sample.war] has finished in [94] ms
10-Mar-2018 22:55:19.170 INFO [localhost-startStop-1] org.apache.catalina.startup.HostConfig.deployWAR Deploying web application archive [C:\Users\suraj.jena\Desktop\web\next\maven-project\apache-tomcat-8.5.27-windows-x64\apache-tomcat-8.5.27\webapps\webapp.war]
10-Mar-2018 22:55:19.313 INFO [localhost-startStop-1] org.apache.catalina.startup.HostConfig.deployWAR Deployment of web application archive [C:\Users\suraj.jena\Desktop\web\next\maven-project\apache-tomcat-8.5.27-windows-x64\apache-tomcat-8.5.27\webapps\webapp.war] has finished in [143] ms
10-Mar-2018 22:55:19.314 INFO [localhost-startStop-1] org.apache.catalina.startup.HostConfig.deployDirectory Deploying web application directory [C:\Users\suraj.jena\Desktop\web\next\maven-project\apache-tomcat-8.5.27-windows-x64\apache-tomcat-8.5.27\webapps\docs]
10-Mar-2018 22:55:19.390 INFO [localhost-startStop-1] org.apache.catalina.startup.HostConfig.deployDirectory Deployment of web application directory [C:\Users\suraj.jena\Desktop\web\next\maven-project\apache-tomcat-8.5.27-windows-x64\apache-tomcat-8.5.27\webapps\docs] has finished in [76] ms
10-Mar-2018 22:55:19.391 INFO [localhost-startStop-1] org.apache.catalina.startup.HostConfig.deployDirectory Deploying web application directory [C:\Users\suraj.jena\Desktop\web\next\maven-project\apache-tomcat-8.5.27-windows-x64\apache-tomcat-8.5.27\webapps\examples]
10-Mar-2018 22:55:23.031 INFO [localhost-startStop-1] org.apache.catalina.startup.HostConfig.deployDirectory Deployment of web application directory [C:\Users\suraj.jena\Desktop\web\next\maven-project\apache-tomcat-8.5.27-windows-x64\apache-tomcat-8.5.27\webapps\examples] has finished in [3,640] ms
10-Mar-2018 22:55:23.031 INFO [localhost-startStop-1] org.apache.catalina.startup.HostConfig.deployDirectory Deploying web application directory [C:\Users\suraj.jena\Desktop\web\next\maven-project\apache-tomcat-8.5.27-windows-x64\apache-tomcat-8.5.27\webapps\host-manager]
10-Mar-2018 22:55:23.837 INFO [localhost-startStop-1] org.apache.catalina.startup.HostConfig.deployDirectory Deployment of web application directory [C:\Users\suraj.jena\Desktop\web\next\maven-project\apache-tomcat-8.5.27-windows-x64\apache-tomcat-8.5.27\webapps\host-manager] has finished in [806] ms
10-Mar-2018 22:55:23.837 INFO [localhost-startStop-1] org.apache.catalina.startup.HostConfig.deployDirectory Deploying web application directory [C:\Users\suraj.jena\Desktop\web\next\maven-project\apache-tomcat-8.5.27-windows-x64\apache-tomcat-8.5.27\webapps\manager]
10-Mar-2018 22:55:24.323 INFO [localhost-startStop-1] org.apache.catalina.startup.HostConfig.deployDirectory Deployment of web application directory [C:\Users\suraj.jena\Desktop\web\next\maven-project\apache-tomcat-8.5.27-windows-x64\apache-tomcat-8.5.27\webapps\manager] has finished in [486] ms
10-Mar-2018 22:55:24.323 INFO [localhost-startStop-1] org.apache.catalina.startup.HostConfig.deployDirectory Deploying web application directory [C:\Users\suraj.jena\Desktop\web\next\maven-project\apache-tomcat-8.5.27-windows-x64\apache-tomcat-8.5.27\webapps\ROOT]
10-Mar-2018 22:55:24.417 INFO [localhost-startStop-1] org.apache.catalina.startup.HostConfig.deployDirectory Deployment of web application directory [C:\Users\suraj.jena\Desktop\web\next\maven-project\apache-tomcat-8.5.27-windows-x64\apache-tomcat-8.5.27\webapps\ROOT] has finished in [93] ms
10-Mar-2018 22:55:24.441 INFO [main] org.apache.coyote.AbstractProtocol.start Starting ProtocolHandler ["http-nio-8090"]
10-Mar-2018 22:55:24.479 INFO [main] org.apache.coyote.AbstractProtocol.start Starting ProtocolHandler ["ajp-nio-8009"]
10-Mar-2018 22:55:24.484 INFO [main] org.apache.catalina.startup.Catalina.start Server startup in 6700 ms
10-Mar-2018 22:55:27.964 INFO [http-nio-8090-exec-2] org.apache.catalina.startup.HostConfig.deployDescriptor Deploying configuration descriptor [C:\Users\suraj.jena\Desktop\web\next\maven-project\apache-tomcat-8.5.27-windows-x64\apache-tomcat-8.5.27\conf\Catalina\localhost\ITCompanyLocator12.xml]
10-Mar-2018 22:55:28.166 INFO [http-nio-8090-exec-2] org.apache.jasper.servlet.TldScanner.scanJars At least one JAR was scanned for TLDs yet contained no TLDs. Enable debug logging for this logger for a complete list of JARs that were scanned but no TLDs were found in them. Skipping unneeded JARs during scanning can improve startup time and JSP compilation time.
10-Mar-2018 22:55:28.169 INFO [http-nio-8090-exec-2] org.apache.catalina.startup.HostConfig.deployDescriptor Deployment of configuration descriptor [C:\Users\suraj.jena\Desktop\web\next\maven-project\apache-tomcat-8.5.27-windows-x64\apache-tomcat-8.5.27\conf\Catalina\localhost\ITCompanyLocator12.xml] has finished in [204] ms
10-Mar-2018 22:55:28.178 INFO [http-nio-8090-exec-4] org.apache.catalina.util.LifecycleBase.start The start() method was called on component [StandardEngine[Catalina].StandardHost[localhost].StandardContext[/ITCompanyLocator12]] after start() had already been called. The second call will be ignored.
10-Mar-2018 22:57:25.358 INFO [http-nio-8090-exec-2] org.apache.catalina.core.StandardContext.reload Reloading Context with name [/ITCompanyLocator12] has started
10-Mar-2018 22:57:25.608 INFO [http-nio-8090-exec-2] org.apache.jasper.servlet.TldScanner.scanJars At least one JAR was scanned for TLDs yet contained no TLDs. Enable debug logging for this logger for a complete list of JARs that were scanned but no TLDs were found in them. Skipping unneeded JARs during scanning can improve startup time and JSP compilation time.
10-Mar-2018 22:57:25.622 INFO [http-nio-8090-exec-2] org.apache.catalina.core.StandardContext.reload Reloading Context with name [/ITCompanyLocator12] is completed
10-Mar-2018 22:57:26.409 INFO [http-nio-8090-exec-10] org.apache.catalina.core.StandardContext.reload Reloading Context with name [/ITCompanyLocator12] has started
10-Mar-2018 22:57:26.468 INFO [http-nio-8090-exec-10] org.apache.jasper.servlet.TldScanner.scanJars At least one JAR was scanned for TLDs yet contained no TLDs. Enable debug logging for this logger for a complete list of JARs that were scanned but no TLDs were found in them. Skipping unneeded JARs during scanning can improve startup time and JSP compilation time.
10-Mar-2018 22:57:26.473 INFO [http-nio-8090-exec-10] org.apache.catalina.core.StandardContext.reload Reloading Context with name [/ITCompanyLocator12] is completed
10-Mar-2018 22:57:36.788 INFO [http-nio-8090-exec-11] org.apache.catalina.core.StandardContext.reload Reloading Context with name [/ITCompanyLocator12] has started
10-Mar-2018 22:57:36.837 INFO [http-nio-8090-exec-11] org.apache.jasper.servlet.TldScanner.scanJars At least one JAR was scanned for TLDs yet contained no TLDs. Enable debug logging for this logger for a complete list of JARs that were scanned but no TLDs were found in them. Skipping unneeded JARs during scanning can improve startup time and JSP compilation time.
10-Mar-2018 22:57:36.840 INFO [http-nio-8090-exec-11] org.apache.catalina.core.StandardContext.reload Reloading Context with name [/ITCompanyLocator12] is completed
10-Mar-2018 23:00:07.048 INFO [http-nio-8090-exec-7] org.apache.catalina.core.StandardContext.reload Reloading Context with name [/ITCompanyLocator12] has started
10-Mar-2018 23:00:07.377 INFO [http-nio-8090-exec-7] org.apache.jasper.servlet.TldScanner.scanJars At least one JAR was scanned for TLDs yet contained no TLDs. Enable debug logging for this logger for a complete list of JARs that were scanned but no TLDs were found in them. Skipping unneeded JARs during scanning can improve startup time and JSP compilation time.
10-Mar-2018 23:00:07.379 INFO [http-nio-8090-exec-7] org.apache.catalina.core.StandardContext.reload Reloading Context with name [/ITCompanyLocator12] is completed
10-Mar-2018 23:00:52.753 INFO [http-nio-8090-exec-8] org.apache.catalina.core.StandardContext.reload Reloading Context with name [/ITCompanyLocator12] has started
10-Mar-2018 23:00:53.065 INFO [http-nio-8090-exec-8] org.apache.jasper.servlet.TldScanner.scanJars At least one JAR was scanned for TLDs yet contained no TLDs. Enable debug logging for this logger for a complete list of JARs that were scanned but no TLDs were found in them. Skipping unneeded JARs during scanning can improve startup time and JSP compilation time.
10-Mar-2018 23:00:53.092 INFO [http-nio-8090-exec-8] org.apache.catalina.core.StandardContext.reload Reloading Context with name [/ITCompanyLocator12] is completed
10-Mar-2018 23:03:04.319 INFO [http-nio-8090-exec-10] org.apache.catalina.core.StandardContext.reload Reloading Context with name [/ITCompanyLocator12] has started
10-Mar-2018 23:03:04.355 INFO [http-nio-8090-exec-10] org.apache.jasper.servlet.TldScanner.scanJars At least one JAR was scanned for TLDs yet contained no TLDs. Enable debug logging for this logger for a complete list of JARs that were scanned but no TLDs were found in them. Skipping unneeded JARs during scanning can improve startup time and JSP compilation time.
10-Mar-2018 23:03:04.358 INFO [http-nio-8090-exec-10] org.apache.catalina.core.StandardContext.reload Reloading Context with name [/ITCompanyLocator12] is completed
10-Mar-2018 23:03:58.621 INFO [http-nio-8090-exec-8] org.apache.catalina.core.StandardContext.reload Reloading Context with name [/ITCompanyLocator12] has started
10-Mar-2018 23:03:58.650 INFO [http-nio-8090-exec-8] org.apache.jasper.servlet.TldScanner.scanJars At least one JAR was scanned for TLDs yet contained no TLDs. Enable debug logging for this logger for a complete list of JARs that were scanned but no TLDs were found in them. Skipping unneeded JARs during scanning can improve startup time and JSP compilation time.
10-Mar-2018 23:03:58.652 INFO [http-nio-8090-exec-8] org.apache.catalina.core.StandardContext.reload Reloading Context with name [/ITCompanyLocator12] is completed
10-Mar-2018 23:06:00.597 INFO [http-nio-8090-exec-10] org.apache.catalina.core.StandardContext.reload Reloading Context with name [/ITCompanyLocator12] has started
10-Mar-2018 23:06:00.641 INFO [http-nio-8090-exec-10] org.apache.jasper.servlet.TldScanner.scanJars At least one JAR was scanned for TLDs yet contained no TLDs. Enable debug logging for this logger for a complete list of JARs that were scanned but no TLDs were found in them. Skipping unneeded JARs during scanning can improve startup time and JSP compilation time.
10-Mar-2018 23:06:00.645 INFO [http-nio-8090-exec-10] org.apache.catalina.core.StandardContext.reload Reloading Context with name [/ITCompanyLocator12] is completed
10-Mar-2018 23:07:01.367 INFO [http-nio-8090-exec-21] org.apache.catalina.core.StandardContext.reload Reloading Context with name [/ITCompanyLocator12] has started
10-Mar-2018 23:07:01.450 INFO [http-nio-8090-exec-21] org.apache.jasper.servlet.TldScanner.scanJars At least one JAR was scanned for TLDs yet contained no TLDs. Enable debug logging for this logger for a complete list of JARs that were scanned but no TLDs were found in them. Skipping unneeded JARs during scanning can improve startup time and JSP compilation time.
10-Mar-2018 23:07:01.453 INFO [http-nio-8090-exec-21] org.apache.catalina.core.StandardContext.reload Reloading Context with name [/ITCompanyLocator12] is completed
10-Mar-2018 23:07:01.477 INFO [http-nio-8090-exec-13] org.apache.catalina.core.StandardContext.reload Reloading Context with name [/ITCompanyLocator12] has started
10-Mar-2018 23:07:01.515 INFO [http-nio-8090-exec-13] org.apache.jasper.servlet.TldScanner.scanJars At least one JAR was scanned for TLDs yet contained no TLDs. Enable debug logging for this logger for a complete list of JARs that were scanned but no TLDs were found in them. Skipping unneeded JARs during scanning can improve startup time and JSP compilation time.
10-Mar-2018 23:07:01.517 INFO [http-nio-8090-exec-13] org.apache.catalina.core.StandardContext.reload Reloading Context with name [/ITCompanyLocator12] is completed
10-Mar-2018 23:07:33.898 INFO [http-nio-8090-exec-21] org.apache.catalina.core.StandardContext.reload Reloading Context with name [/ITCompanyLocator12] has started
10-Mar-2018 23:07:33.969 INFO [http-nio-8090-exec-21] org.apache.jasper.servlet.TldScanner.scanJars At least one JAR was scanned for TLDs yet contained no TLDs. Enable debug logging for this logger for a complete list of JARs that were scanned but no TLDs were found in them. Skipping unneeded JARs during scanning can improve startup time and JSP compilation time.
10-Mar-2018 23:07:33.972 INFO [http-nio-8090-exec-21] org.apache.catalina.core.StandardContext.reload Reloading Context with name [/ITCompanyLocator12] is completed
10-Mar-2018 23:07:38.922 INFO [http-nio-8090-exec-15] org.apache.catalina.core.StandardContext.reload Reloading Context with name [/ITCompanyLocator12] has started
10-Mar-2018 23:07:38.948 INFO [http-nio-8090-exec-15] org.apache.jasper.servlet.TldScanner.scanJars At least one JAR was scanned for TLDs yet contained no TLDs. Enable debug logging for this logger for a complete list of JARs that were scanned but no TLDs were found in them. Skipping unneeded JARs during scanning can improve startup time and JSP compilation time.
10-Mar-2018 23:07:38.951 INFO [http-nio-8090-exec-15] org.apache.catalina.core.StandardContext.reload Reloading Context with name [/ITCompanyLocator12] is completed
