12-Mar-2018 00:17:50.183 INFO [http-nio-8090-exec-59] org.apache.catalina.core.StandardContext.reload Reloading Context with name [/ITCompanyLocator12] has started
12-Mar-2018 00:17:50.424 INFO [http-nio-8090-exec-59] org.apache.jasper.servlet.TldScanner.scanJars At least one JAR was scanned for TLDs yet contained no TLDs. Enable debug logging for this logger for a complete list of JARs that were scanned but no TLDs were found in them. Skipping unneeded JARs during scanning can improve startup time and JSP compilation time.
12-Mar-2018 00:17:50.427 INFO [http-nio-8090-exec-59] org.apache.catalina.core.StandardContext.reload Reloading Context with name [/ITCompanyLocator12] is completed
12-Mar-2018 00:18:20.880 INFO [http-nio-8090-exec-51] org.apache.catalina.core.StandardContext.reload Reloading Context with name [/ITCompanyLocator12] has started
12-Mar-2018 00:18:20.904 INFO [http-nio-8090-exec-51] org.apache.jasper.servlet.TldScanner.scanJars At least one JAR was scanned for TLDs yet contained no TLDs. Enable debug logging for this logger for a complete list of JARs that were scanned but no TLDs were found in them. Skipping unneeded JARs during scanning can improve startup time and JSP compilation time.
12-Mar-2018 00:18:20.907 INFO [http-nio-8090-exec-51] org.apache.catalina.core.StandardContext.reload Reloading Context with name [/ITCompanyLocator12] is completed
12-Mar-2018 00:20:37.201 INFO [http-nio-8090-exec-70] org.apache.catalina.core.StandardContext.reload Reloading Context with name [/ITCompanyLocator12] has started
12-Mar-2018 00:20:37.286 INFO [http-nio-8090-exec-70] org.apache.jasper.servlet.TldScanner.scanJars At least one JAR was scanned for TLDs yet contained no TLDs. Enable debug logging for this logger for a complete list of JARs that were scanned but no TLDs were found in them. Skipping unneeded JARs during scanning can improve startup time and JSP compilation time.
12-Mar-2018 00:20:37.288 INFO [http-nio-8090-exec-70] org.apache.catalina.core.StandardContext.reload Reloading Context with name [/ITCompanyLocator12] is completed
12-Mar-2018 00:20:50.938 INFO [http-nio-8090-exec-65] org.apache.catalina.core.StandardContext.reload Reloading Context with name [/ITCompanyLocator12] has started
12-Mar-2018 00:20:51.000 INFO [http-nio-8090-exec-65] org.apache.jasper.servlet.TldScanner.scanJars At least one JAR was scanned for TLDs yet contained no TLDs. Enable debug logging for this logger for a complete list of JARs that were scanned but no TLDs were found in them. Skipping unneeded JARs during scanning can improve startup time and JSP compilation time.
12-Mar-2018 00:20:51.025 INFO [http-nio-8090-exec-65] org.apache.catalina.core.StandardContext.reload Reloading Context with name [/ITCompanyLocator12] is completed
12-Mar-2018 09:53:03.868 INFO [main] org.apache.catalina.core.StandardServer.await A valid shutdown command was received via the shutdown port. Stopping the Server instance.
12-Mar-2018 09:53:03.977 INFO [main] org.apache.coyote.AbstractProtocol.pause Pausing ProtocolHandler ["http-nio-8090"]
12-Mar-2018 09:53:04.212 INFO [main] org.apache.coyote.AbstractProtocol.pause Pausing ProtocolHandler ["ajp-nio-8009"]
12-Mar-2018 09:53:04.336 INFO [main] org.apache.catalina.core.StandardService.stopInternal Stopping service [Catalina]
12-Mar-2018 09:53:04.790 INFO [main] org.apache.coyote.AbstractProtocol.stop Stopping ProtocolHandler ["http-nio-8090"]
12-Mar-2018 09:53:04.805 INFO [main] org.apache.coyote.AbstractProtocol.stop Stopping ProtocolHandler ["ajp-nio-8009"]
12-Mar-2018 09:53:04.836 INFO [main] org.apache.coyote.AbstractProtocol.destroy Destroying ProtocolHandler ["http-nio-8090"]
12-Mar-2018 09:53:04.852 INFO [main] org.apache.coyote.AbstractProtocol.destroy Destroying ProtocolHandler ["ajp-nio-8009"]
12-Mar-2018 10:12:11.230 INFO [main] org.apache.catalina.startup.VersionLoggerListener.log Server version:        Apache Tomcat/8.5.27
12-Mar-2018 10:12:11.246 INFO [main] org.apache.catalina.startup.VersionLoggerListener.log Server built:          Jan 18 2018 20:12:40 UTC
12-Mar-2018 10:12:11.246 INFO [main] org.apache.catalina.startup.VersionLoggerListener.log Server number:         8.5.27.0
12-Mar-2018 10:12:11.246 INFO [main] org.apache.catalina.startup.VersionLoggerListener.log OS Name:               Windows 10
12-Mar-2018 10:12:11.246 INFO [main] org.apache.catalina.startup.VersionLoggerListener.log OS Version:            10.0
12-Mar-2018 10:12:11.246 INFO [main] org.apache.catalina.startup.VersionLoggerListener.log Architecture:          amd64
12-Mar-2018 10:12:11.246 INFO [main] org.apache.catalina.startup.VersionLoggerListener.log Java Home:             C:\Program Files\Java\jdk1.8.0_161\jre
12-Mar-2018 10:12:11.246 INFO [main] org.apache.catalina.startup.VersionLoggerListener.log JVM Version:           1.8.0_161-b12
12-Mar-2018 10:12:11.246 INFO [main] org.apache.catalina.startup.VersionLoggerListener.log JVM Vendor:            Oracle Corporation
12-Mar-2018 10:12:11.246 INFO [main] org.apache.catalina.startup.VersionLoggerListener.log CATALINA_BASE:         C:\Users\suraj.jena\Desktop\web\next\maven-project\apache-tomcat-8.5.27-windows-x64\apache-tomcat-8.5.27
12-Mar-2018 10:12:11.246 INFO [main] org.apache.catalina.startup.VersionLoggerListener.log CATALINA_HOME:         C:\Users\suraj.jena\Desktop\web\next\maven-project\apache-tomcat-8.5.27-windows-x64\apache-tomcat-8.5.27
12-Mar-2018 10:12:11.246 INFO [main] org.apache.catalina.startup.VersionLoggerListener.log Command line argument: -Djava.util.logging.config.file=C:\Users\suraj.jena\Desktop\web\next\maven-project\apache-tomcat-8.5.27-windows-x64\apache-tomcat-8.5.27\conf\logging.properties
12-Mar-2018 10:12:11.246 INFO [main] org.apache.catalina.startup.VersionLoggerListener.log Command line argument: -Djava.util.logging.manager=org.apache.juli.ClassLoaderLogManager
12-Mar-2018 10:12:11.246 INFO [main] org.apache.catalina.startup.VersionLoggerListener.log Command line argument: -Dhttp.nonProxyHosts=localhost|127.0.0.1|optimus-195
12-Mar-2018 10:12:11.246 INFO [main] org.apache.catalina.startup.VersionLoggerListener.log Command line argument: -Djdk.tls.ephemeralDHKeySize=2048
12-Mar-2018 10:12:11.246 INFO [main] org.apache.catalina.startup.VersionLoggerListener.log Command line argument: -Djava.protocol.handler.pkgs=org.apache.catalina.webresources
12-Mar-2018 10:12:11.246 INFO [main] org.apache.catalina.startup.VersionLoggerListener.log Command line argument: -Dignore.endorsed.dirs=
12-Mar-2018 10:12:11.246 INFO [main] org.apache.catalina.startup.VersionLoggerListener.log Command line argument: -Dcatalina.base=C:\Users\suraj.jena\Desktop\web\next\maven-project\apache-tomcat-8.5.27-windows-x64\apache-tomcat-8.5.27
12-Mar-2018 10:12:11.246 INFO [main] org.apache.catalina.startup.VersionLoggerListener.log Command line argument: -Dcatalina.home=C:\Users\suraj.jena\Desktop\web\next\maven-project\apache-tomcat-8.5.27-windows-x64\apache-tomcat-8.5.27
12-Mar-2018 10:12:11.246 INFO [main] org.apache.catalina.startup.VersionLoggerListener.log Command line argument: -Djava.io.tmpdir=C:\Users\suraj.jena\Desktop\web\next\maven-project\apache-tomcat-8.5.27-windows-x64\apache-tomcat-8.5.27\temp
12-Mar-2018 10:12:11.246 INFO [main] org.apache.catalina.core.AprLifecycleListener.lifecycleEvent Loaded APR based Apache Tomcat Native library [1.2.16] using APR version [1.6.3].
12-Mar-2018 10:12:11.246 INFO [main] org.apache.catalina.core.AprLifecycleListener.lifecycleEvent APR capabilities: IPv6 [true], sendfile [true], accept filters [false], random [true].
12-Mar-2018 10:12:11.246 INFO [main] org.apache.catalina.core.AprLifecycleListener.lifecycleEvent APR/OpenSSL configuration: useAprConnector [false], useOpenSSL [true]
12-Mar-2018 10:12:11.746 INFO [main] org.apache.catalina.core.AprLifecycleListener.initializeSSL OpenSSL successfully initialized [OpenSSL 1.0.2m  2 Nov 2017]
12-Mar-2018 10:12:12.184 INFO [main] org.apache.coyote.AbstractProtocol.init Initializing ProtocolHandler ["http-nio-8090"]
12-Mar-2018 10:12:12.340 INFO [main] org.apache.tomcat.util.net.NioSelectorPool.getSharedSelector Using a shared selector for servlet write/read
12-Mar-2018 10:12:12.356 INFO [main] org.apache.coyote.AbstractProtocol.init Initializing ProtocolHandler ["ajp-nio-8009"]
12-Mar-2018 10:12:12.356 INFO [main] org.apache.tomcat.util.net.NioSelectorPool.getSharedSelector Using a shared selector for servlet write/read
12-Mar-2018 10:12:12.356 INFO [main] org.apache.catalina.startup.Catalina.load Initialization processed in 5526 ms
12-Mar-2018 10:12:12.418 INFO [main] org.apache.catalina.core.StandardService.startInternal Starting service [Catalina]
12-Mar-2018 10:12:12.418 INFO [main] org.apache.catalina.core.StandardEngine.startInternal Starting Servlet Engine: Apache Tomcat/8.5.27
12-Mar-2018 10:12:12.434 INFO [localhost-startStop-1] org.apache.catalina.startup.HostConfig.deployDescriptor Deploying configuration descriptor [C:\Users\suraj.jena\Desktop\web\next\maven-project\apache-tomcat-8.5.27-windows-x64\apache-tomcat-8.5.27\conf\Catalina\localhost\ITCompanyLocator.xml]
12-Mar-2018 10:12:13.137 INFO [localhost-startStop-1] org.apache.jasper.servlet.TldScanner.scanJars At least one JAR was scanned for TLDs yet contained no TLDs. Enable debug logging for this logger for a complete list of JARs that were scanned but no TLDs were found in them. Skipping unneeded JARs during scanning can improve startup time and JSP compilation time.
12-Mar-2018 10:12:13.356 INFO [localhost-startStop-1] org.apache.catalina.startup.HostConfig.deployDescriptor Deployment of configuration descriptor [C:\Users\suraj.jena\Desktop\web\next\maven-project\apache-tomcat-8.5.27-windows-x64\apache-tomcat-8.5.27\conf\Catalina\localhost\ITCompanyLocator.xml] has finished in [922] ms
12-Mar-2018 10:12:13.356 INFO [localhost-startStop-1] org.apache.catalina.startup.HostConfig.deployDescriptor Deploying configuration descriptor [C:\Users\suraj.jena\Desktop\web\next\maven-project\apache-tomcat-8.5.27-windows-x64\apache-tomcat-8.5.27\conf\Catalina\localhost\ITCompanyLocator12.xml]
12-Mar-2018 10:12:13.512 INFO [localhost-startStop-1] org.apache.jasper.servlet.TldScanner.scanJars At least one JAR was scanned for TLDs yet contained no TLDs. Enable debug logging for this logger for a complete list of JARs that were scanned but no TLDs were found in them. Skipping unneeded JARs during scanning can improve startup time and JSP compilation time.
12-Mar-2018 10:12:13.528 INFO [localhost-startStop-1] org.apache.catalina.startup.HostConfig.deployDescriptor Deployment of configuration descriptor [C:\Users\suraj.jena\Desktop\web\next\maven-project\apache-tomcat-8.5.27-windows-x64\apache-tomcat-8.5.27\conf\Catalina\localhost\ITCompanyLocator12.xml] has finished in [172] ms
12-Mar-2018 10:12:13.528 INFO [localhost-startStop-1] org.apache.catalina.startup.HostConfig.deployDescriptor Deploying configuration descriptor [C:\Users\suraj.jena\Desktop\web\next\maven-project\apache-tomcat-8.5.27-windows-x64\apache-tomcat-8.5.27\conf\Catalina\localhost\ITCompanyLocator12_1.xml]
12-Mar-2018 10:12:13.793 INFO [localhost-startStop-1] org.apache.jasper.servlet.TldScanner.scanJars At least one JAR was scanned for TLDs yet contained no TLDs. Enable debug logging for this logger for a complete list of JARs that were scanned but no TLDs were found in them. Skipping unneeded JARs during scanning can improve startup time and JSP compilation time.
12-Mar-2018 10:12:13.793 INFO [localhost-startStop-1] org.apache.catalina.startup.HostConfig.deployDescriptor Deployment of configuration descriptor [C:\Users\suraj.jena\Desktop\web\next\maven-project\apache-tomcat-8.5.27-windows-x64\apache-tomcat-8.5.27\conf\Catalina\localhost\ITCompanyLocator12_1.xml] has finished in [265] ms
12-Mar-2018 10:12:13.793 INFO [localhost-startStop-1] org.apache.catalina.startup.HostConfig.deployDescriptor Deploying configuration descriptor [C:\Users\suraj.jena\Desktop\web\next\maven-project\apache-tomcat-8.5.27-windows-x64\apache-tomcat-8.5.27\conf\Catalina\localhost\WebApplication3.xml]
12-Mar-2018 10:12:13.840 INFO [localhost-startStop-1] org.apache.catalina.startup.HostConfig.deployDescriptor Deployment of configuration descriptor [C:\Users\suraj.jena\Desktop\web\next\maven-project\apache-tomcat-8.5.27-windows-x64\apache-tomcat-8.5.27\conf\Catalina\localhost\WebApplication3.xml] has finished in [47] ms
12-Mar-2018 10:12:13.887 INFO [localhost-startStop-1] org.apache.catalina.startup.HostConfig.deployWAR Deploying web application archive [C:\Users\suraj.jena\Desktop\web\next\maven-project\apache-tomcat-8.5.27-windows-x64\apache-tomcat-8.5.27\webapps\sample.war]
12-Mar-2018 10:12:13.965 INFO [localhost-startStop-1] org.apache.catalina.startup.HostConfig.deployWAR Deployment of web application archive [C:\Users\suraj.jena\Desktop\web\next\maven-project\apache-tomcat-8.5.27-windows-x64\apache-tomcat-8.5.27\webapps\sample.war] has finished in [78] ms
12-Mar-2018 10:12:14.106 INFO [localhost-startStop-1] org.apache.catalina.startup.HostConfig.deployWAR Deploying web application archive [C:\Users\suraj.jena\Desktop\web\next\maven-project\apache-tomcat-8.5.27-windows-x64\apache-tomcat-8.5.27\webapps\webapp.war]
12-Mar-2018 10:12:14.160 INFO [localhost-startStop-1] org.apache.catalina.startup.HostConfig.deployWAR Deployment of web application archive [C:\Users\suraj.jena\Desktop\web\next\maven-project\apache-tomcat-8.5.27-windows-x64\apache-tomcat-8.5.27\webapps\webapp.war] has finished in [54] ms
12-Mar-2018 10:12:14.160 INFO [localhost-startStop-1] org.apache.catalina.startup.HostConfig.deployDirectory Deploying web application directory [C:\Users\suraj.jena\Desktop\web\next\maven-project\apache-tomcat-8.5.27-windows-x64\apache-tomcat-8.5.27\webapps\docs]
12-Mar-2018 10:12:14.207 INFO [localhost-startStop-1] org.apache.catalina.startup.HostConfig.deployDirectory Deployment of web application directory [C:\Users\suraj.jena\Desktop\web\next\maven-project\apache-tomcat-8.5.27-windows-x64\apache-tomcat-8.5.27\webapps\docs] has finished in [47] ms
12-Mar-2018 10:12:14.207 INFO [localhost-startStop-1] org.apache.catalina.startup.HostConfig.deployDirectory Deploying web application directory [C:\Users\suraj.jena\Desktop\web\next\maven-project\apache-tomcat-8.5.27-windows-x64\apache-tomcat-8.5.27\webapps\examples]
12-Mar-2018 10:12:16.160 INFO [localhost-startStop-1] org.apache.catalina.startup.HostConfig.deployDirectory Deployment of web application directory [C:\Users\suraj.jena\Desktop\web\next\maven-project\apache-tomcat-8.5.27-windows-x64\apache-tomcat-8.5.27\webapps\examples] has finished in [1,953] ms
12-Mar-2018 10:12:16.160 INFO [localhost-startStop-1] org.apache.catalina.startup.HostConfig.deployDirectory Deploying web application directory [C:\Users\suraj.jena\Desktop\web\next\maven-project\apache-tomcat-8.5.27-windows-x64\apache-tomcat-8.5.27\webapps\host-manager]
12-Mar-2018 10:12:16.222 INFO [localhost-startStop-1] org.apache.catalina.startup.HostConfig.deployDirectory Deployment of web application directory [C:\Users\suraj.jena\Desktop\web\next\maven-project\apache-tomcat-8.5.27-windows-x64\apache-tomcat-8.5.27\webapps\host-manager] has finished in [62] ms
12-Mar-2018 10:12:16.222 INFO [localhost-startStop-1] org.apache.catalina.startup.HostConfig.deployDirectory Deploying web application directory [C:\Users\suraj.jena\Desktop\web\next\maven-project\apache-tomcat-8.5.27-windows-x64\apache-tomcat-8.5.27\webapps\manager]
12-Mar-2018 10:12:16.301 INFO [localhost-startStop-1] org.apache.catalina.startup.HostConfig.deployDirectory Deployment of web application directory [C:\Users\suraj.jena\Desktop\web\next\maven-project\apache-tomcat-8.5.27-windows-x64\apache-tomcat-8.5.27\webapps\manager] has finished in [79] ms
12-Mar-2018 10:12:16.301 INFO [localhost-startStop-1] org.apache.catalina.startup.HostConfig.deployDirectory Deploying web application directory [C:\Users\suraj.jena\Desktop\web\next\maven-project\apache-tomcat-8.5.27-windows-x64\apache-tomcat-8.5.27\webapps\ROOT]
12-Mar-2018 10:12:16.316 INFO [localhost-startStop-1] org.apache.catalina.startup.HostConfig.deployDirectory Deployment of web application directory [C:\Users\suraj.jena\Desktop\web\next\maven-project\apache-tomcat-8.5.27-windows-x64\apache-tomcat-8.5.27\webapps\ROOT] has finished in [15] ms
12-Mar-2018 10:12:16.316 INFO [main] org.apache.coyote.AbstractProtocol.start Starting ProtocolHandler ["http-nio-8090"]
12-Mar-2018 10:12:16.347 INFO [main] org.apache.coyote.AbstractProtocol.start Starting ProtocolHandler ["ajp-nio-8009"]
12-Mar-2018 10:12:16.347 INFO [main] org.apache.catalina.startup.Catalina.start Server startup in 3988 ms
12-Mar-2018 10:12:19.611 INFO [http-nio-8090-exec-1] org.apache.catalina.startup.HostConfig.undeploy Undeploying context []
12-Mar-2018 10:12:19.673 INFO [http-nio-8090-exec-4] org.apache.catalina.startup.HostConfig.deployDescriptor Deploying configuration descriptor [C:\Users\suraj.jena\Desktop\web\next\maven-project\apache-tomcat-8.5.27-windows-x64\apache-tomcat-8.5.27\conf\Catalina\localhost\ROOT.xml]
12-Mar-2018 10:12:19.751 INFO [http-nio-8090-exec-4] org.apache.jasper.servlet.TldScanner.scanJars At least one JAR was scanned for TLDs yet contained no TLDs. Enable debug logging for this logger for a complete list of JARs that were scanned but no TLDs were found in them. Skipping unneeded JARs during scanning can improve startup time and JSP compilation time.
12-Mar-2018 10:12:19.751 INFO [http-nio-8090-exec-4] org.apache.catalina.startup.HostConfig.deployDescriptor Deployment of configuration descriptor [C:\Users\suraj.jena\Desktop\web\next\maven-project\apache-tomcat-8.5.27-windows-x64\apache-tomcat-8.5.27\conf\Catalina\localhost\ROOT.xml] has finished in [78] ms
12-Mar-2018 10:12:19.751 INFO [http-nio-8090-exec-10] org.apache.catalina.util.LifecycleBase.start The start() method was called on component [StandardEngine[Catalina].StandardHost[localhost].StandardContext[]] after start() had already been called. The second call will be ignored.
12-Mar-2018 10:14:27.088 INFO [http-nio-8090-exec-13] org.apache.catalina.core.StandardContext.reload Reloading Context with name [] has started
12-Mar-2018 10:14:27.119 INFO [http-nio-8090-exec-13] org.apache.jasper.servlet.TldScanner.scanJars At least one JAR was scanned for TLDs yet contained no TLDs. Enable debug logging for this logger for a complete list of JARs that were scanned but no TLDs were found in them. Skipping unneeded JARs during scanning can improve startup time and JSP compilation time.
12-Mar-2018 10:14:27.135 INFO [http-nio-8090-exec-13] org.apache.catalina.core.StandardContext.reload Reloading Context with name [] is completed
12-Mar-2018 10:14:35.371 INFO [http-nio-8090-exec-12] org.apache.catalina.core.StandardContext.reload Reloading Context with name [] has started
12-Mar-2018 10:14:35.402 INFO [http-nio-8090-exec-12] org.apache.jasper.servlet.TldScanner.scanJars At least one JAR was scanned for TLDs yet contained no TLDs. Enable debug logging for this logger for a complete list of JARs that were scanned but no TLDs were found in them. Skipping unneeded JARs during scanning can improve startup time and JSP compilation time.
12-Mar-2018 10:14:35.402 INFO [http-nio-8090-exec-12] org.apache.catalina.core.StandardContext.reload Reloading Context with name [] is completed
12-Mar-2018 10:20:52.333 INFO [http-nio-8090-exec-27] org.apache.catalina.core.StandardContext.reload Reloading Context with name [] has started
12-Mar-2018 10:20:52.365 INFO [http-nio-8090-exec-27] org.apache.jasper.servlet.TldScanner.scanJars At least one JAR was scanned for TLDs yet contained no TLDs. Enable debug logging for this logger for a complete list of JARs that were scanned but no TLDs were found in them. Skipping unneeded JARs during scanning can improve startup time and JSP compilation time.
12-Mar-2018 10:20:52.365 INFO [http-nio-8090-exec-27] org.apache.catalina.core.StandardContext.reload Reloading Context with name [] is completed
12-Mar-2018 10:44:04.145 INFO [http-nio-8090-exec-34] org.apache.catalina.core.StandardContext.reload Reloading Context with name [] has started
12-Mar-2018 10:44:04.677 INFO [http-nio-8090-exec-34] org.apache.jasper.servlet.TldScanner.scanJars At least one JAR was scanned for TLDs yet contained no TLDs. Enable debug logging for this logger for a complete list of JARs that were scanned but no TLDs were found in them. Skipping unneeded JARs during scanning can improve startup time and JSP compilation time.
12-Mar-2018 10:44:04.677 INFO [http-nio-8090-exec-34] org.apache.catalina.core.StandardContext.reload Reloading Context with name [] is completed
12-Mar-2018 10:49:16.910 INFO [http-nio-8090-exec-37] org.apache.catalina.core.StandardContext.reload Reloading Context with name [] has started
12-Mar-2018 10:49:17.082 INFO [http-nio-8090-exec-37] org.apache.jasper.servlet.TldScanner.scanJars At least one JAR was scanned for TLDs yet contained no TLDs. Enable debug logging for this logger for a complete list of JARs that were scanned but no TLDs were found in them. Skipping unneeded JARs during scanning can improve startup time and JSP compilation time.
12-Mar-2018 10:49:17.144 INFO [89] org.apache.catalina.core.StandardContext.reload Reloading Context with name [] is completed
12-Mar-2018 10:53:19.123 INFO [http-nio-8090-exec-48] org.apache.catalina.core.StandardContext.reload Reloading Context with name [] has started
12-Mar-2018 10:53:19.201 INFO [http-nio-8090-exec-48] org.apache.jasper.servlet.TldScanner.scanJars At least one JAR was scanned for TLDs yet contained no TLDs. Enable debug logging for this logger for a complete list of JARs that were scanned but no TLDs were found in them. Skipping unneeded JARs during scanning can improve startup time and JSP compilation time.
12-Mar-2018 10:53:19.201 INFO [http-nio-8090-exec-48] org.apache.catalina.core.StandardContext.reload Reloading Context with name [] is completed
12-Mar-2018 10:53:24.387 INFO [http-nio-8090-exec-49] org.apache.catalina.core.StandardContext.reload Reloading Context with name [] has started
12-Mar-2018 10:53:24.418 INFO [http-nio-8090-exec-49] org.apache.jasper.servlet.TldScanner.scanJars At least one JAR was scanned for TLDs yet contained no TLDs. Enable debug logging for this logger for a complete list of JARs that were scanned but no TLDs were found in them. Skipping unneeded JARs during scanning can improve startup time and JSP compilation time.
12-Mar-2018 10:53:24.418 INFO [http-nio-8090-exec-49] org.apache.catalina.core.StandardContext.reload Reloading Context with name [] is completed
12-Mar-2018 11:25:40.018 INFO [http-nio-8090-exec-63] org.apache.catalina.startup.HostConfig.undeploy Undeploying context []
12-Mar-2018 11:26:13.764 INFO [http-nio-8090-exec-70] org.apache.catalina.startup.HostConfig.deployDescriptor Deploying configuration descriptor [C:\Users\suraj.jena\Desktop\web\next\maven-project\apache-tomcat-8.5.27-windows-x64\apache-tomcat-8.5.27\conf\Catalina\localhost\ROOT.xml]
12-Mar-2018 11:26:14.720 INFO [http-nio-8090-exec-70] org.apache.jasper.servlet.TldScanner.scanJars At least one JAR was scanned for TLDs yet contained no TLDs. Enable debug logging for this logger for a complete list of JARs that were scanned but no TLDs were found in them. Skipping unneeded JARs during scanning can improve startup time and JSP compilation time.
12-Mar-2018 11:26:14.767 INFO [http-nio-8090-exec-70] org.apache.catalina.startup.HostConfig.deployDescriptor Deployment of configuration descriptor [C:\Users\suraj.jena\Desktop\web\next\maven-project\apache-tomcat-8.5.27-windows-x64\apache-tomcat-8.5.27\conf\Catalina\localhost\ROOT.xml] has finished in [987] ms
12-Mar-2018 11:26:14.798 INFO [http-nio-8090-exec-71] org.apache.catalina.util.LifecycleBase.start The start() method was called on component [StandardEngine[Catalina].StandardHost[localhost].StandardContext[]] after start() had already been called. The second call will be ignored.
12-Mar-2018 11:28:52.939 INFO [http-nio-8090-exec-77] org.apache.catalina.startup.HostConfig.deployDescriptor Deploying configuration descriptor [C:\Users\suraj.jena\Desktop\web\next\maven-project\apache-tomcat-8.5.27-windows-x64\apache-tomcat-8.5.27\conf\Catalina\localhost\IT_Company_Locator.xml]
12-Mar-2018 11:28:53.111 INFO [http-nio-8090-exec-77] org.apache.jasper.servlet.TldScanner.scanJars At least one JAR was scanned for TLDs yet contained no TLDs. Enable debug logging for this logger for a complete list of JARs that were scanned but no TLDs were found in them. Skipping unneeded JARs during scanning can improve startup time and JSP compilation time.
12-Mar-2018 11:28:53.111 INFO [http-nio-8090-exec-77] org.apache.catalina.startup.HostConfig.deployDescriptor Deployment of configuration descriptor [C:\Users\suraj.jena\Desktop\web\next\maven-project\apache-tomcat-8.5.27-windows-x64\apache-tomcat-8.5.27\conf\Catalina\localhost\IT_Company_Locator.xml] has finished in [172] ms
12-Mar-2018 11:28:53.111 INFO [http-nio-8090-exec-73] org.apache.catalina.util.LifecycleBase.start The start() method was called on component [StandardEngine[Catalina].StandardHost[localhost].StandardContext[/IT_Company_Locator]] after start() had already been called. The second call will be ignored.
12-Mar-2018 11:31:31.009 INFO [http-nio-8090-exec-70] org.apache.catalina.startup.HostConfig.deployDescriptor Deploying configuration descriptor [C:\Users\suraj.jena\Desktop\web\next\maven-project\apache-tomcat-8.5.27-windows-x64\apache-tomcat-8.5.27\conf\Catalina\localhost\Company Locator.xml]
12-Mar-2018 11:31:31.198 INFO [http-nio-8090-exec-70] org.apache.jasper.servlet.TldScanner.scanJars At least one JAR was scanned for TLDs yet contained no TLDs. Enable debug logging for this logger for a complete list of JARs that were scanned but no TLDs were found in them. Skipping unneeded JARs during scanning can improve startup time and JSP compilation time.
12-Mar-2018 11:31:31.214 INFO [http-nio-8090-exec-70] org.apache.catalina.startup.HostConfig.deployDescriptor Deployment of configuration descriptor [C:\Users\suraj.jena\Desktop\web\next\maven-project\apache-tomcat-8.5.27-windows-x64\apache-tomcat-8.5.27\conf\Catalina\localhost\Company Locator.xml] has finished in [205] ms
12-Mar-2018 11:31:31.260 INFO [http-nio-8090-exec-77] org.apache.catalina.util.LifecycleBase.start The start() method was called on component [StandardEngine[Catalina].StandardHost[localhost].StandardContext[/Company Locator]] after start() had already been called. The second call will be ignored.
12-Mar-2018 12:17:36.406 INFO [http-nio-8090-exec-74] org.apache.catalina.core.StandardContext.reload Reloading Context with name [] has started
12-Mar-2018 12:17:37.274 INFO [http-nio-8090-exec-74] org.apache.jasper.servlet.TldScanner.scanJars At least one JAR was scanned for TLDs yet contained no TLDs. Enable debug logging for this logger for a complete list of JARs that were scanned but no TLDs were found in them. Skipping unneeded JARs during scanning can improve startup time and JSP compilation time.
12-Mar-2018 12:17:37.446 INFO [http-nio-8090-exec-74] org.apache.catalina.core.StandardContext.reload Reloading Context with name [] is completed
12-Mar-2018 12:18:20.652 INFO [http-nio-8090-exec-75] org.apache.catalina.core.StandardContext.reload Reloading Context with name [] has started
12-Mar-2018 12:18:20.761 INFO [http-nio-8090-exec-75] org.apache.jasper.servlet.TldScanner.scanJars At least one JAR was scanned for TLDs yet contained no TLDs. Enable debug logging for this logger for a complete list of JARs that were scanned but no TLDs were found in them. Skipping unneeded JARs during scanning can improve startup time and JSP compilation time.
12-Mar-2018 12:18:20.761 INFO [http-nio-8090-exec-75] org.apache.catalina.core.StandardContext.reload Reloading Context with name [] is completed
12-Mar-2018 12:19:06.380 INFO [http-nio-8090-exec-75] org.apache.catalina.core.StandardContext.reload Reloading Context with name [/IT_Company_Locator] has started
12-Mar-2018 12:19:06.755 INFO [http-nio-8090-exec-75] org.apache.jasper.servlet.TldScanner.scanJars At least one JAR was scanned for TLDs yet contained no TLDs. Enable debug logging for this logger for a complete list of JARs that were scanned but no TLDs were found in them. Skipping unneeded JARs during scanning can improve startup time and JSP compilation time.
12-Mar-2018 12:19:06.771 INFO [http-nio-8090-exec-75] org.apache.catalina.core.StandardContext.reload Reloading Context with name [/IT_Company_Locator] is completed
12-Mar-2018 12:19:27.432 INFO [http-nio-8090-exec-81] org.apache.catalina.core.StandardContext.reload Reloading Context with name [/Company Locator] has started
12-Mar-2018 12:19:27.682 INFO [http-nio-8090-exec-81] org.apache.jasper.servlet.TldScanner.scanJars At least one JAR was scanned for TLDs yet contained no TLDs. Enable debug logging for this logger for a complete list of JARs that were scanned but no TLDs were found in them. Skipping unneeded JARs during scanning can improve startup time and JSP compilation time.
12-Mar-2018 12:19:27.682 INFO [http-nio-8090-exec-81] org.apache.catalina.core.StandardContext.reload Reloading Context with name [/Company Locator] is completed
12-Mar-2018 12:19:38.241 INFO [http-nio-8090-exec-87] org.apache.catalina.core.StandardContext.reload Reloading Context with name [/Company Locator] has started
12-Mar-2018 12:19:38.257 INFO [http-nio-8090-exec-87] org.apache.jasper.servlet.TldScanner.scanJars At least one JAR was scanned for TLDs yet contained no TLDs. Enable debug logging for this logger for a complete list of JARs that were scanned but no TLDs were found in them. Skipping unneeded JARs during scanning can improve startup time and JSP compilation time.
12-Mar-2018 12:19:38.272 INFO [http-nio-8090-exec-87] org.apache.catalina.core.StandardContext.reload Reloading Context with name [/Company Locator] is completed
12-Mar-2018 12:46:22.286 INFO [http-nio-8090-exec-90] org.apache.catalina.core.StandardContext.reload Reloading Context with name [/IT_Company_Locator] has started
12-Mar-2018 12:46:22.551 INFO [http-nio-8090-exec-90] org.apache.jasper.servlet.TldScanner.scanJars At least one JAR was scanned for TLDs yet contained no TLDs. Enable debug logging for this logger for a complete list of JARs that were scanned but no TLDs were found in them. Skipping unneeded JARs during scanning can improve startup time and JSP compilation time.
12-Mar-2018 12:46:22.551 INFO [http-nio-8090-exec-90] org.apache.catalina.core.StandardContext.reload Reloading Context with name [/IT_Company_Locator] is completed
12-Mar-2018 12:46:51.251 INFO [http-nio-8090-exec-99] org.apache.catalina.core.StandardContext.reload Reloading Context with name [/Company Locator] has started
12-Mar-2018 12:46:51.306 INFO [http-nio-8090-exec-99] org.apache.jasper.servlet.TldScanner.scanJars At least one JAR was scanned for TLDs yet contained no TLDs. Enable debug logging for this logger for a complete list of JARs that were scanned but no TLDs were found in them. Skipping unneeded JARs during scanning can improve startup time and JSP compilation time.
12-Mar-2018 12:46:51.328 INFO [http-nio-8090-exec-99] org.apache.catalina.core.StandardContext.reload Reloading Context with name [/Company Locator] is completed
12-Mar-2018 12:47:13.953 INFO [http-nio-8090-exec-91] org.apache.catalina.core.StandardContext.reload Reloading Context with name [/IT_Company_Locator] has started
12-Mar-2018 12:47:13.975 INFO [http-nio-8090-exec-91] org.apache.jasper.servlet.TldScanner.scanJars At least one JAR was scanned for TLDs yet contained no TLDs. Enable debug logging for this logger for a complete list of JARs that were scanned but no TLDs were found in them. Skipping unneeded JARs during scanning can improve startup time and JSP compilation time.
12-Mar-2018 12:47:13.977 INFO [http-nio-8090-exec-91] org.apache.catalina.core.StandardContext.reload Reloading Context with name [/IT_Company_Locator] is completed
12-Mar-2018 12:48:41.166 INFO [http-nio-8090-exec-111] org.apache.catalina.core.StandardContext.reload Reloading Context with name [/IT_Company_Locator] has started
12-Mar-2018 12:48:41.323 INFO [http-nio-8090-exec-111] org.apache.jasper.servlet.TldScanner.scanJars At least one JAR was scanned for TLDs yet contained no TLDs. Enable debug logging for this logger for a complete list of JARs that were scanned but no TLDs were found in them. Skipping unneeded JARs during scanning can improve startup time and JSP compilation time.
12-Mar-2018 12:48:41.354 INFO [http-nio-8090-exec-111] org.apache.catalina.core.StandardContext.reload Reloading Context with name [/IT_Company_Locator] is completed
12-Mar-2018 12:48:46.874 INFO [http-nio-8090-exec-108] org.apache.catalina.core.StandardContext.reload Reloading Context with name [/IT_Company_Locator] has started
12-Mar-2018 12:48:46.905 INFO [http-nio-8090-exec-108] org.apache.jasper.servlet.TldScanner.scanJars At least one JAR was scanned for TLDs yet contained no TLDs. Enable debug logging for this logger for a complete list of JARs that were scanned but no TLDs were found in them. Skipping unneeded JARs during scanning can improve startup time and JSP compilation time.
12-Mar-2018 12:48:46.905 INFO [http-nio-8090-exec-108] org.apache.catalina.core.StandardContext.reload Reloading Context with name [/IT_Company_Locator] is completed
12-Mar-2018 12:50:04.495 INFO [http-nio-8090-exec-116] org.apache.catalina.core.StandardContext.reload Reloading Context with name [] has started
12-Mar-2018 12:50:06.138 INFO [http-nio-8090-exec-116] org.apache.jasper.servlet.TldScanner.scanJars At least one JAR was scanned for TLDs yet contained no TLDs. Enable debug logging for this logger for a complete list of JARs that were scanned but no TLDs were found in them. Skipping unneeded JARs during scanning can improve startup time and JSP compilation time.
12-Mar-2018 12:50:06.274 INFO [http-nio-8090-exec-116] org.apache.catalina.core.StandardContext.reload Reloading Context with name [] is completed
12-Mar-2018 12:50:09.827 INFO [http-nio-8090-exec-118] org.apache.catalina.core.StandardContext.reload Reloading Context with name [] has started
12-Mar-2018 12:50:09.964 INFO [http-nio-8090-exec-118] org.apache.jasper.servlet.TldScanner.scanJars At least one JAR was scanned for TLDs yet contained no TLDs. Enable debug logging for this logger for a complete list of JARs that were scanned but no TLDs were found in them. Skipping unneeded JARs during scanning can improve startup time and JSP compilation time.
12-Mar-2018 12:50:09.968 INFO [http-nio-8090-exec-118] org.apache.catalina.core.StandardContext.reload Reloading Context with name [] is completed
12-Mar-2018 12:50:59.744 INFO [http-nio-8090-exec-94] org.apache.catalina.core.StandardContext.reload Reloading Context with name [] has started
12-Mar-2018 12:51:00.033 INFO [http-nio-8090-exec-94] org.apache.jasper.servlet.TldScanner.scanJars At least one JAR was scanned for TLDs yet contained no TLDs. Enable debug logging for this logger for a complete list of JARs that were scanned but no TLDs were found in them. Skipping unneeded JARs during scanning can improve startup time and JSP compilation time.
12-Mar-2018 12:51:00.038 INFO [http-nio-8090-exec-94] org.apache.catalina.core.StandardContext.reload Reloading Context with name [] is completed
12-Mar-2018 12:51:13.200 INFO [http-nio-8090-exec-94] org.apache.catalina.core.StandardContext.reload Reloading Context with name [] has started
12-Mar-2018 12:51:13.340 INFO [http-nio-8090-exec-94] org.apache.jasper.servlet.TldScanner.scanJars At least one JAR was scanned for TLDs yet contained no TLDs. Enable debug logging for this logger for a complete list of JARs that were scanned but no TLDs were found in them. Skipping unneeded JARs during scanning can improve startup time and JSP compilation time.
12-Mar-2018 12:51:13.352 INFO [http-nio-8090-exec-94] org.apache.catalina.core.StandardContext.reload Reloading Context with name [] is completed
12-Mar-2018 12:52:14.224 INFO [http-nio-8090-exec-129] org.apache.catalina.core.StandardContext.reload Reloading Context with name [] has started
12-Mar-2018 12:52:14.487 INFO [http-nio-8090-exec-129] org.apache.jasper.servlet.TldScanner.scanJars At least one JAR was scanned for TLDs yet contained no TLDs. Enable debug logging for this logger for a complete list of JARs that were scanned but no TLDs were found in them. Skipping unneeded JARs during scanning can improve startup time and JSP compilation time.
12-Mar-2018 12:52:14.512 INFO [http-nio-8090-exec-129] org.apache.catalina.core.StandardContext.reload Reloading Context with name [] is completed
12-Mar-2018 12:53:05.302 INFO [http-nio-8090-exec-126] org.apache.catalina.core.StandardContext.reload Reloading Context with name [] has started
12-Mar-2018 12:53:05.387 INFO [http-nio-8090-exec-126] org.apache.jasper.servlet.TldScanner.scanJars At least one JAR was scanned for TLDs yet contained no TLDs. Enable debug logging for this logger for a complete list of JARs that were scanned but no TLDs were found in them. Skipping unneeded JARs during scanning can improve startup time and JSP compilation time.
12-Mar-2018 12:53:05.389 INFO [http-nio-8090-exec-126] org.apache.catalina.core.StandardContext.reload Reloading Context with name [] is completed
12-Mar-2018 12:55:12.755 INFO [http-nio-8090-exec-127] org.apache.catalina.core.StandardContext.reload Reloading Context with name [] has started
12-Mar-2018 12:55:12.818 INFO [http-nio-8090-exec-127] org.apache.jasper.servlet.TldScanner.scanJars At least one JAR was scanned for TLDs yet contained no TLDs. Enable debug logging for this logger for a complete list of JARs that were scanned but no TLDs were found in them. Skipping unneeded JARs during scanning can improve startup time and JSP compilation time.
12-Mar-2018 12:55:12.818 INFO [http-nio-8090-exec-127] org.apache.catalina.core.StandardContext.reload Reloading Context with name [] is completed
12-Mar-2018 12:55:38.033 INFO [http-nio-8090-exec-114] org.apache.catalina.core.StandardContext.reload Reloading Context with name [] has started
12-Mar-2018 12:55:38.064 INFO [http-nio-8090-exec-114] org.apache.jasper.servlet.TldScanner.scanJars At least one JAR was scanned for TLDs yet contained no TLDs. Enable debug logging for this logger for a complete list of JARs that were scanned but no TLDs were found in them. Skipping unneeded JARs during scanning can improve startup time and JSP compilation time.
12-Mar-2018 12:55:38.064 INFO [http-nio-8090-exec-114] org.apache.catalina.core.StandardContext.reload Reloading Context with name [] is completed
12-Mar-2018 12:55:40.929 INFO [http-nio-8090-exec-94] org.apache.catalina.core.StandardContext.reload Reloading Context with name [] has started
12-Mar-2018 12:55:40.961 INFO [http-nio-8090-exec-94] org.apache.jasper.servlet.TldScanner.scanJars At least one JAR was scanned for TLDs yet contained no TLDs. Enable debug logging for this logger for a complete list of JARs that were scanned but no TLDs were found in them. Skipping unneeded JARs during scanning can improve startup time and JSP compilation time.
12-Mar-2018 12:55:40.961 INFO [http-nio-8090-exec-94] org.apache.catalina.core.StandardContext.reload Reloading Context with name [] is completed
12-Mar-2018 12:56:26.355 INFO [http-nio-8090-exec-135] org.apache.catalina.core.StandardContext.reload Reloading Context with name [] has started
12-Mar-2018 12:56:26.480 INFO [http-nio-8090-exec-135] org.apache.jasper.servlet.TldScanner.scanJars At least one JAR was scanned for TLDs yet contained no TLDs. Enable debug logging for this logger for a complete list of JARs that were scanned but no TLDs were found in them. Skipping unneeded JARs during scanning can improve startup time and JSP compilation time.
12-Mar-2018 12:56:26.480 INFO [http-nio-8090-exec-135] org.apache.catalina.core.StandardContext.reload Reloading Context with name [] is completed
12-Mar-2018 12:56:33.895 INFO [http-nio-8090-exec-138] org.apache.catalina.core.StandardContext.reload Reloading Context with name [] has started
12-Mar-2018 12:56:33.926 INFO [http-nio-8090-exec-138] org.apache.jasper.servlet.TldScanner.scanJars At least one JAR was scanned for TLDs yet contained no TLDs. Enable debug logging for this logger for a complete list of JARs that were scanned but no TLDs were found in them. Skipping unneeded JARs during scanning can improve startup time and JSP compilation time.
12-Mar-2018 12:56:33.926 INFO [http-nio-8090-exec-138] org.apache.catalina.core.StandardContext.reload Reloading Context with name [] is completed
12-Mar-2018 12:57:01.091 INFO [http-nio-8090-exec-138] org.apache.catalina.core.StandardContext.reload Reloading Context with name [] has started
12-Mar-2018 12:57:01.107 INFO [http-nio-8090-exec-138] org.apache.jasper.servlet.TldScanner.scanJars At least one JAR was scanned for TLDs yet contained no TLDs. Enable debug logging for this logger for a complete list of JARs that were scanned but no TLDs were found in them. Skipping unneeded JARs during scanning can improve startup time and JSP compilation time.
12-Mar-2018 12:57:01.107 INFO [http-nio-8090-exec-138] org.apache.catalina.core.StandardContext.reload Reloading Context with name [] is completed
12-Mar-2018 13:05:54.102 INFO [http-nio-8090-exec-150] org.apache.catalina.core.StandardContext.reload Reloading Context with name [/IT_Company_Locator] has started
12-Mar-2018 13:05:54.590 INFO [http-nio-8090-exec-150] org.apache.jasper.servlet.TldScanner.scanJars At least one JAR was scanned for TLDs yet contained no TLDs. Enable debug logging for this logger for a complete list of JARs that were scanned but no TLDs were found in them. Skipping unneeded JARs during scanning can improve startup time and JSP compilation time.
12-Mar-2018 13:05:54.605 INFO [http-nio-8090-exec-150] org.apache.catalina.core.StandardContext.reload Reloading Context with name [/IT_Company_Locator] is completed
12-Mar-2018 13:34:49.350 INFO [http-nio-8090-exec-158] org.apache.catalina.core.StandardContext.reload Reloading Context with name [/Company Locator] has started
12-Mar-2018 13:34:49.538 INFO [http-nio-8090-exec-158] org.apache.jasper.servlet.TldScanner.scanJars At least one JAR was scanned for TLDs yet contained no TLDs. Enable debug logging for this logger for a complete list of JARs that were scanned but no TLDs were found in them. Skipping unneeded JARs during scanning can improve startup time and JSP compilation time.
12-Mar-2018 13:34:49.569 INFO [http-nio-8090-exec-158] org.apache.catalina.core.StandardContext.reload Reloading Context with name [/Company Locator] is completed
12-Mar-2018 14:01:51.297 INFO [http-nio-8090-exec-170] org.apache.catalina.core.StandardContext.reload Reloading Context with name [/IT_Company_Locator] has started
12-Mar-2018 14:01:54.066 INFO [http-nio-8090-exec-170] org.apache.jasper.servlet.TldScanner.scanJars At least one JAR was scanned for TLDs yet contained no TLDs. Enable debug logging for this logger for a complete list of JARs that were scanned but no TLDs were found in them. Skipping unneeded JARs during scanning can improve startup time and JSP compilation time.
12-Mar-2018 14:01:54.070 INFO [http-nio-8090-exec-170] org.apache.catalina.core.StandardContext.reload Reloading Context with name [/IT_Company_Locator] is completed
12-Mar-2018 14:15:44.567 INFO [http-nio-8090-exec-176] org.apache.catalina.core.StandardContext.reload Reloading Context with name [/Company Locator] has started
12-Mar-2018 14:15:45.116 INFO [http-nio-8090-exec-176] org.apache.jasper.servlet.TldScanner.scanJars At least one JAR was scanned for TLDs yet contained no TLDs. Enable debug logging for this logger for a complete list of JARs that were scanned but no TLDs were found in them. Skipping unneeded JARs during scanning can improve startup time and JSP compilation time.
12-Mar-2018 14:15:45.131 INFO [http-nio-8090-exec-176] org.apache.catalina.core.StandardContext.reload Reloading Context with name [/Company Locator] is completed
12-Mar-2018 14:16:14.010 INFO [http-nio-8090-exec-174] org.apache.catalina.core.StandardContext.reload Reloading Context with name [/IT_Company_Locator] has started
12-Mar-2018 14:16:14.183 INFO [http-nio-8090-exec-174] org.apache.jasper.servlet.TldScanner.scanJars At least one JAR was scanned for TLDs yet contained no TLDs. Enable debug logging for this logger for a complete list of JARs that were scanned but no TLDs were found in them. Skipping unneeded JARs during scanning can improve startup time and JSP compilation time.
12-Mar-2018 14:16:14.186 INFO [http-nio-8090-exec-174] org.apache.catalina.core.StandardContext.reload Reloading Context with name [/IT_Company_Locator] is completed
12-Mar-2018 14:16:16.086 INFO [http-nio-8090-exec-178] org.apache.catalina.core.StandardContext.reload Reloading Context with name [/IT_Company_Locator] has started
12-Mar-2018 14:16:16.238 INFO [http-nio-8090-exec-178] org.apache.jasper.servlet.TldScanner.scanJars At least one JAR was scanned for TLDs yet contained no TLDs. Enable debug logging for this logger for a complete list of JARs that were scanned but no TLDs were found in them. Skipping unneeded JARs during scanning can improve startup time and JSP compilation time.
12-Mar-2018 14:16:16.301 INFO [http-nio-8090-exec-178] org.apache.catalina.core.StandardContext.reload Reloading Context with name [/IT_Company_Locator] is completed
12-Mar-2018 14:16:39.954 INFO [http-nio-8090-exec-174] org.apache.catalina.core.StandardContext.reload Reloading Context with name [] has started
12-Mar-2018 14:16:40.715 INFO [http-nio-8090-exec-174] org.apache.jasper.servlet.TldScanner.scanJars At least one JAR was scanned for TLDs yet contained no TLDs. Enable debug logging for this logger for a complete list of JARs that were scanned but no TLDs were found in them. Skipping unneeded JARs during scanning can improve startup time and JSP compilation time.
12-Mar-2018 14:16:40.715 INFO [http-nio-8090-exec-174] org.apache.catalina.core.StandardContext.reload Reloading Context with name [] is completed
