08-Mar-2018 11:17:15.235 INFO [main] org.apache.catalina.startup.VersionLoggerListener.log Server version:        Apache Tomcat/8.5.27
08-Mar-2018 11:17:15.313 INFO [main] org.apache.catalina.startup.VersionLoggerListener.log Server built:          Jan 18 2018 20:12:40 UTC
08-Mar-2018 11:17:15.313 INFO [main] org.apache.catalina.startup.VersionLoggerListener.log Server number:         8.5.27.0
08-Mar-2018 11:17:15.313 INFO [main] org.apache.catalina.startup.VersionLoggerListener.log OS Name:               Windows 10
08-Mar-2018 11:17:15.313 INFO [main] org.apache.catalina.startup.VersionLoggerListener.log OS Version:            10.0
08-Mar-2018 11:17:15.313 INFO [main] org.apache.catalina.startup.VersionLoggerListener.log Architecture:          amd64
08-Mar-2018 11:17:15.313 INFO [main] org.apache.catalina.startup.VersionLoggerListener.log Java Home:             C:\Program Files\Java\jdk1.8.0_161\jre
08-Mar-2018 11:17:15.313 INFO [main] org.apache.catalina.startup.VersionLoggerListener.log JVM Version:           1.8.0_161-b12
08-Mar-2018 11:17:15.313 INFO [main] org.apache.catalina.startup.VersionLoggerListener.log JVM Vendor:            Oracle Corporation
08-Mar-2018 11:17:15.313 INFO [main] org.apache.catalina.startup.VersionLoggerListener.log CATALINA_BASE:         C:\Users\suraj.jena\Desktop\web\next\maven-project\apache-tomcat-8.5.27-windows-x64\apache-tomcat-8.5.27
08-Mar-2018 11:17:15.313 INFO [main] org.apache.catalina.startup.VersionLoggerListener.log CATALINA_HOME:         C:\Users\suraj.jena\Desktop\web\next\maven-project\apache-tomcat-8.5.27-windows-x64\apache-tomcat-8.5.27
08-Mar-2018 11:17:15.313 INFO [main] org.apache.catalina.startup.VersionLoggerListener.log Command line argument: -Djava.util.logging.config.file=C:\Users\suraj.jena\Desktop\web\next\maven-project\apache-tomcat-8.5.27-windows-x64\apache-tomcat-8.5.27\conf\logging.properties
08-Mar-2018 11:17:15.313 INFO [main] org.apache.catalina.startup.VersionLoggerListener.log Command line argument: -Djava.util.logging.manager=org.apache.juli.ClassLoaderLogManager
08-Mar-2018 11:17:15.313 INFO [main] org.apache.catalina.startup.VersionLoggerListener.log Command line argument: -Dhttp.nonProxyHosts=localhost|127.0.0.1|optimus-195
08-Mar-2018 11:17:15.313 INFO [main] org.apache.catalina.startup.VersionLoggerListener.log Command line argument: -Djdk.tls.ephemeralDHKeySize=2048
08-Mar-2018 11:17:15.313 INFO [main] org.apache.catalina.startup.VersionLoggerListener.log Command line argument: -Djava.protocol.handler.pkgs=org.apache.catalina.webresources
08-Mar-2018 11:17:15.313 INFO [main] org.apache.catalina.startup.VersionLoggerListener.log Command line argument: -Dignore.endorsed.dirs=
08-Mar-2018 11:17:15.313 INFO [main] org.apache.catalina.startup.VersionLoggerListener.log Command line argument: -Dcatalina.base=C:\Users\suraj.jena\Desktop\web\next\maven-project\apache-tomcat-8.5.27-windows-x64\apache-tomcat-8.5.27
08-Mar-2018 11:17:15.313 INFO [main] org.apache.catalina.startup.VersionLoggerListener.log Command line argument: -Dcatalina.home=C:\Users\suraj.jena\Desktop\web\next\maven-project\apache-tomcat-8.5.27-windows-x64\apache-tomcat-8.5.27
08-Mar-2018 11:17:15.313 INFO [main] org.apache.catalina.startup.VersionLoggerListener.log Command line argument: -Djava.io.tmpdir=C:\Users\suraj.jena\Desktop\web\next\maven-project\apache-tomcat-8.5.27-windows-x64\apache-tomcat-8.5.27\temp
08-Mar-2018 11:17:15.313 INFO [main] org.apache.catalina.core.AprLifecycleListener.lifecycleEvent Loaded APR based Apache Tomcat Native library [1.2.16] using APR version [1.6.3].
08-Mar-2018 11:17:15.313 INFO [main] org.apache.catalina.core.AprLifecycleListener.lifecycleEvent APR capabilities: IPv6 [true], sendfile [true], accept filters [false], random [true].
08-Mar-2018 11:17:15.313 INFO [main] org.apache.catalina.core.AprLifecycleListener.lifecycleEvent APR/OpenSSL configuration: useAprConnector [false], useOpenSSL [true]
08-Mar-2018 11:17:15.862 INFO [main] org.apache.catalina.core.AprLifecycleListener.initializeSSL OpenSSL successfully initialized [OpenSSL 1.0.2m  2 Nov 2017]
08-Mar-2018 11:17:17.304 INFO [main] org.apache.coyote.AbstractProtocol.init Initializing ProtocolHandler ["http-nio-8090"]
08-Mar-2018 11:17:17.987 INFO [main] org.apache.tomcat.util.net.NioSelectorPool.getSharedSelector Using a shared selector for servlet write/read
08-Mar-2018 11:17:18.105 INFO [main] org.apache.coyote.AbstractProtocol.init Initializing ProtocolHandler ["ajp-nio-8009"]
08-Mar-2018 11:17:18.105 INFO [main] org.apache.tomcat.util.net.NioSelectorPool.getSharedSelector Using a shared selector for servlet write/read
08-Mar-2018 11:17:18.105 INFO [main] org.apache.catalina.startup.Catalina.load Initialization processed in 7149 ms
08-Mar-2018 11:17:18.417 INFO [main] org.apache.catalina.core.StandardService.startInternal Starting service [Catalina]
08-Mar-2018 11:17:18.417 INFO [main] org.apache.catalina.core.StandardEngine.startInternal Starting Servlet Engine: Apache Tomcat/8.5.27
08-Mar-2018 11:17:18.496 INFO [localhost-startStop-1] org.apache.catalina.startup.HostConfig.deployDescriptor Deploying configuration descriptor [C:\Users\suraj.jena\Desktop\web\next\maven-project\apache-tomcat-8.5.27-windows-x64\apache-tomcat-8.5.27\conf\Catalina\localhost\WebApplication2.xml]
08-Mar-2018 11:17:19.467 INFO [localhost-startStop-1] org.apache.catalina.startup.HostConfig.deployDescriptor Deployment of configuration descriptor [C:\Users\suraj.jena\Desktop\web\next\maven-project\apache-tomcat-8.5.27-windows-x64\apache-tomcat-8.5.27\conf\Catalina\localhost\WebApplication2.xml] has finished in [956] ms
08-Mar-2018 11:17:19.577 INFO [localhost-startStop-1] org.apache.catalina.startup.HostConfig.deployWAR Deploying web application archive [C:\Users\suraj.jena\Desktop\web\next\maven-project\apache-tomcat-8.5.27-windows-x64\apache-tomcat-8.5.27\webapps\sample.war]
08-Mar-2018 11:17:19.698 INFO [localhost-startStop-1] org.apache.catalina.startup.HostConfig.deployWAR Deployment of web application archive [C:\Users\suraj.jena\Desktop\web\next\maven-project\apache-tomcat-8.5.27-windows-x64\apache-tomcat-8.5.27\webapps\sample.war] has finished in [121] ms
08-Mar-2018 11:17:19.827 INFO [localhost-startStop-1] org.apache.catalina.startup.HostConfig.deployWAR Deploying web application archive [C:\Users\suraj.jena\Desktop\web\next\maven-project\apache-tomcat-8.5.27-windows-x64\apache-tomcat-8.5.27\webapps\webapp.war]
08-Mar-2018 11:17:19.890 INFO [localhost-startStop-1] org.apache.catalina.startup.HostConfig.deployWAR Deployment of web application archive [C:\Users\suraj.jena\Desktop\web\next\maven-project\apache-tomcat-8.5.27-windows-x64\apache-tomcat-8.5.27\webapps\webapp.war] has finished in [63] ms
08-Mar-2018 11:17:19.890 INFO [localhost-startStop-1] org.apache.catalina.startup.HostConfig.deployDirectory Deploying web application directory [C:\Users\suraj.jena\Desktop\web\next\maven-project\apache-tomcat-8.5.27-windows-x64\apache-tomcat-8.5.27\webapps\docs]
08-Mar-2018 11:17:19.983 INFO [localhost-startStop-1] org.apache.catalina.startup.HostConfig.deployDirectory Deployment of web application directory [C:\Users\suraj.jena\Desktop\web\next\maven-project\apache-tomcat-8.5.27-windows-x64\apache-tomcat-8.5.27\webapps\docs] has finished in [93] ms
08-Mar-2018 11:17:19.983 INFO [localhost-startStop-1] org.apache.catalina.startup.HostConfig.deployDirectory Deploying web application directory [C:\Users\suraj.jena\Desktop\web\next\maven-project\apache-tomcat-8.5.27-windows-x64\apache-tomcat-8.5.27\webapps\examples]
08-Mar-2018 11:17:23.011 INFO [localhost-startStop-1] org.apache.catalina.startup.HostConfig.deployDirectory Deployment of web application directory [C:\Users\suraj.jena\Desktop\web\next\maven-project\apache-tomcat-8.5.27-windows-x64\apache-tomcat-8.5.27\webapps\examples] has finished in [3,028] ms
08-Mar-2018 11:17:23.011 INFO [localhost-startStop-1] org.apache.catalina.startup.HostConfig.deployDirectory Deploying web application directory [C:\Users\suraj.jena\Desktop\web\next\maven-project\apache-tomcat-8.5.27-windows-x64\apache-tomcat-8.5.27\webapps\host-manager]
08-Mar-2018 11:17:23.105 INFO [localhost-startStop-1] org.apache.catalina.startup.HostConfig.deployDirectory Deployment of web application directory [C:\Users\suraj.jena\Desktop\web\next\maven-project\apache-tomcat-8.5.27-windows-x64\apache-tomcat-8.5.27\webapps\host-manager] has finished in [94] ms
08-Mar-2018 11:17:23.105 INFO [localhost-startStop-1] org.apache.catalina.startup.HostConfig.deployDirectory Deploying web application directory [C:\Users\suraj.jena\Desktop\web\next\maven-project\apache-tomcat-8.5.27-windows-x64\apache-tomcat-8.5.27\webapps\manager]
08-Mar-2018 11:17:23.292 INFO [localhost-startStop-1] org.apache.catalina.startup.HostConfig.deployDirectory Deployment of web application directory [C:\Users\suraj.jena\Desktop\web\next\maven-project\apache-tomcat-8.5.27-windows-x64\apache-tomcat-8.5.27\webapps\manager] has finished in [187] ms
08-Mar-2018 11:17:23.292 INFO [localhost-startStop-1] org.apache.catalina.startup.HostConfig.deployDirectory Deploying web application directory [C:\Users\suraj.jena\Desktop\web\next\maven-project\apache-tomcat-8.5.27-windows-x64\apache-tomcat-8.5.27\webapps\ROOT]
08-Mar-2018 11:17:23.372 INFO [localhost-startStop-1] org.apache.catalina.startup.HostConfig.deployDirectory Deployment of web application directory [C:\Users\suraj.jena\Desktop\web\next\maven-project\apache-tomcat-8.5.27-windows-x64\apache-tomcat-8.5.27\webapps\ROOT] has finished in [80] ms
08-Mar-2018 11:17:23.372 INFO [main] org.apache.coyote.AbstractProtocol.start Starting ProtocolHandler ["http-nio-8090"]
08-Mar-2018 11:17:23.419 INFO [main] org.apache.coyote.AbstractProtocol.start Starting ProtocolHandler ["ajp-nio-8009"]
08-Mar-2018 11:17:23.419 INFO [main] org.apache.catalina.startup.Catalina.start Server startup in 5320 ms
08-Mar-2018 11:17:26.757 INFO [http-nio-8090-exec-7] org.apache.catalina.core.StandardContext.reload Reloading Context with name [/WebApplication2] has started
08-Mar-2018 11:17:26.866 INFO [25] org.apache.catalina.core.StandardContext.reload Reloading Context with name [/WebApplication2] is completed
08-Mar-2018 11:21:48.337 INFO [http-nio-8090-exec-14] org.apache.catalina.core.StandardContext.reload Reloading Context with name [/WebApplication2] has started
08-Mar-2018 11:21:48.618 INFO [http-nio-8090-exec-14] org.apache.catalina.core.StandardContext.reload Reloading Context with name [/WebApplication2] is completed
08-Mar-2018 11:21:59.562 INFO [http-nio-8090-exec-15] org.apache.catalina.core.StandardContext.reload Reloading Context with name [/WebApplication2] has started
08-Mar-2018 11:21:59.577 INFO [http-nio-8090-exec-15] org.apache.catalina.core.StandardContext.reload Reloading Context with name [/WebApplication2] is completed
08-Mar-2018 11:25:09.424 INFO [http-nio-8090-exec-25] org.apache.catalina.core.StandardContext.reload Reloading Context with name [/WebApplication2] has started
08-Mar-2018 11:25:09.471 INFO [http-nio-8090-exec-25] org.apache.catalina.core.StandardContext.reload Reloading Context with name [/WebApplication2] is completed
08-Mar-2018 11:25:09.502 INFO [http-nio-8090-exec-22] org.apache.catalina.core.StandardContext.reload Reloading Context with name [/WebApplication2] has started
08-Mar-2018 11:25:09.517 INFO [http-nio-8090-exec-22] org.apache.catalina.core.StandardContext.reload Reloading Context with name [/WebApplication2] is completed
08-Mar-2018 11:25:56.857 INFO [http-nio-8090-exec-11] org.apache.catalina.core.StandardContext.reload Reloading Context with name [/WebApplication2] has started
08-Mar-2018 11:25:56.892 INFO [http-nio-8090-exec-11] org.apache.catalina.core.StandardContext.reload Reloading Context with name [/WebApplication2] is completed
08-Mar-2018 11:26:04.038 INFO [http-nio-8090-exec-22] org.apache.catalina.core.StandardContext.reload Reloading Context with name [/WebApplication2] has started
08-Mar-2018 11:26:04.053 INFO [http-nio-8090-exec-22] org.apache.catalina.core.StandardContext.reload Reloading Context with name [/WebApplication2] is completed
08-Mar-2018 11:30:26.744 INFO [http-nio-8090-exec-33] org.apache.catalina.core.StandardContext.reload Reloading Context with name [/WebApplication2] has started
08-Mar-2018 11:30:26.760 INFO [http-nio-8090-exec-33] org.apache.catalina.core.StandardContext.reload Reloading Context with name [/WebApplication2] is completed
08-Mar-2018 11:36:13.112 INFO [http-nio-8090-exec-41] org.apache.catalina.core.StandardContext.reload Reloading Context with name [/WebApplication2] has started
08-Mar-2018 11:36:13.296 INFO [http-nio-8090-exec-41] org.apache.catalina.core.StandardContext.reload Reloading Context with name [/WebApplication2] is completed
08-Mar-2018 11:36:37.002 INFO [http-nio-8090-exec-30] org.apache.catalina.core.StandardContext.reload Reloading Context with name [/WebApplication2] has started
08-Mar-2018 11:36:37.017 INFO [http-nio-8090-exec-30] org.apache.catalina.core.StandardContext.reload Reloading Context with name [/WebApplication2] is completed
08-Mar-2018 11:37:22.290 INFO [http-nio-8090-exec-44] org.apache.catalina.core.StandardContext.reload Reloading Context with name [/WebApplication2] has started
08-Mar-2018 11:37:22.446 INFO [http-nio-8090-exec-44] org.apache.catalina.core.StandardContext.reload Reloading Context with name [/WebApplication2] is completed
08-Mar-2018 11:37:27.837 INFO [http-nio-8090-exec-30] org.apache.catalina.core.StandardContext.reload Reloading Context with name [/WebApplication2] has started
08-Mar-2018 11:37:27.837 INFO [http-nio-8090-exec-30] org.apache.catalina.core.StandardContext.reload Reloading Context with name [/WebApplication2] is completed
08-Mar-2018 11:39:08.303 INFO [http-nio-8090-exec-30] org.apache.catalina.core.StandardContext.reload Reloading Context with name [/WebApplication2] has started
08-Mar-2018 11:39:08.428 INFO [http-nio-8090-exec-30] org.apache.catalina.core.StandardContext.reload Reloading Context with name [/WebApplication2] is completed
08-Mar-2018 12:02:17.163 INFO [http-nio-8090-exec-56] org.apache.catalina.core.StandardContext.reload Reloading Context with name [/WebApplication2] has started
08-Mar-2018 12:02:17.414 INFO [http-nio-8090-exec-56] org.apache.catalina.core.StandardContext.reload Reloading Context with name [/WebApplication2] is completed
08-Mar-2018 12:04:19.794 INFO [http-nio-8090-exec-63] org.apache.catalina.core.StandardContext.reload Reloading Context with name [/WebApplication2] has started
08-Mar-2018 12:04:19.825 INFO [http-nio-8090-exec-63] org.apache.catalina.core.StandardContext.reload Reloading Context with name [/WebApplication2] is completed
08-Mar-2018 12:08:30.021 INFO [http-nio-8090-exec-65] org.apache.catalina.core.StandardContext.reload Reloading Context with name [/WebApplication2] has started
08-Mar-2018 12:08:30.505 INFO [http-nio-8090-exec-65] org.apache.catalina.core.StandardContext.reload Reloading Context with name [/WebApplication2] is completed
08-Mar-2018 12:08:31.575 INFO [http-nio-8090-exec-55] org.apache.catalina.core.StandardContext.reload Reloading Context with name [/WebApplication2] has started
08-Mar-2018 12:08:31.591 INFO [http-nio-8090-exec-55] org.apache.catalina.core.StandardContext.reload Reloading Context with name [/WebApplication2] is completed
08-Mar-2018 12:10:16.338 INFO [http-nio-8090-exec-57] org.apache.catalina.core.StandardContext.reload Reloading Context with name [/WebApplication2] has started
08-Mar-2018 12:10:16.573 INFO [http-nio-8090-exec-57] org.apache.catalina.core.StandardContext.reload Reloading Context with name [/WebApplication2] is completed
08-Mar-2018 12:11:34.914 INFO [http-nio-8090-exec-70] org.apache.catalina.core.StandardContext.reload Reloading Context with name [/WebApplication2] has started
08-Mar-2018 12:11:35.735 INFO [http-nio-8090-exec-70] org.apache.catalina.core.StandardContext.reload Reloading Context with name [/WebApplication2] is completed
08-Mar-2018 12:14:37.259 INFO [http-nio-8090-exec-72] org.apache.catalina.core.StandardContext.reload Reloading Context with name [/WebApplication2] has started
08-Mar-2018 12:14:37.431 INFO [http-nio-8090-exec-72] org.apache.catalina.core.StandardContext.reload Reloading Context with name [/WebApplication2] is completed
08-Mar-2018 12:24:54.273 INFO [http-nio-8090-exec-84] org.apache.catalina.core.StandardContext.reload Reloading Context with name [/WebApplication2] has started
08-Mar-2018 12:24:54.398 INFO [http-nio-8090-exec-84] org.apache.catalina.core.StandardContext.reload Reloading Context with name [/WebApplication2] is completed
08-Mar-2018 12:25:05.624 INFO [http-nio-8090-exec-91] org.apache.catalina.core.StandardContext.reload Reloading Context with name [/WebApplication2] has started
08-Mar-2018 12:25:05.676 INFO [http-nio-8090-exec-91] org.apache.catalina.core.StandardContext.reload Reloading Context with name [/WebApplication2] is completed
08-Mar-2018 12:25:59.182 INFO [http-nio-8090-exec-88] org.apache.catalina.core.StandardContext.reload Reloading Context with name [/WebApplication2] has started
08-Mar-2018 12:25:59.228 INFO [http-nio-8090-exec-88] org.apache.catalina.core.StandardContext.reload Reloading Context with name [/WebApplication2] is completed
08-Mar-2018 12:26:01.931 INFO [http-nio-8090-exec-97] org.apache.catalina.core.StandardContext.reload Reloading Context with name [/WebApplication2] has started
08-Mar-2018 12:26:02.041 INFO [http-nio-8090-exec-97] org.apache.catalina.core.StandardContext.reload Reloading Context with name [/WebApplication2] is completed
08-Mar-2018 12:26:35.719 INFO [http-nio-8090-exec-94] org.apache.catalina.core.StandardContext.reload Reloading Context with name [/WebApplication2] has started
08-Mar-2018 12:26:35.773 INFO [http-nio-8090-exec-94] org.apache.catalina.core.StandardContext.reload Reloading Context with name [/WebApplication2] is completed
08-Mar-2018 12:26:40.875 INFO [http-nio-8090-exec-102] org.apache.catalina.core.StandardContext.reload Reloading Context with name [/WebApplication2] has started
08-Mar-2018 12:26:40.891 INFO [http-nio-8090-exec-102] org.apache.catalina.core.StandardContext.reload Reloading Context with name [/WebApplication2] is completed
08-Mar-2018 12:26:46.048 INFO [http-nio-8090-exec-97] org.apache.catalina.core.StandardContext.reload Reloading Context with name [/WebApplication2] has started
08-Mar-2018 12:26:46.100 INFO [http-nio-8090-exec-97] org.apache.catalina.core.StandardContext.reload Reloading Context with name [/WebApplication2] is completed
08-Mar-2018 12:28:38.356 INFO [http-nio-8090-exec-112] org.apache.catalina.core.StandardContext.reload Reloading Context with name [/WebApplication2] has started
08-Mar-2018 12:28:38.403 INFO [http-nio-8090-exec-112] org.apache.catalina.core.StandardContext.reload Reloading Context with name [/WebApplication2] is completed
08-Mar-2018 12:32:30.584 INFO [http-nio-8090-exec-122] org.apache.catalina.core.StandardContext.reload Reloading Context with name [/WebApplication2] has started
08-Mar-2018 12:32:30.649 INFO [http-nio-8090-exec-122] org.apache.catalina.core.StandardContext.reload Reloading Context with name [/WebApplication2] is completed
08-Mar-2018 12:33:44.478 INFO [http-nio-8090-exec-129] org.apache.catalina.core.StandardContext.reload Reloading Context with name [/WebApplication2] has started
08-Mar-2018 12:33:44.537 INFO [http-nio-8090-exec-129] org.apache.catalina.core.StandardContext.reload Reloading Context with name [/WebApplication2] is completed
08-Mar-2018 12:33:49.876 INFO [http-nio-8090-exec-128] org.apache.catalina.core.StandardContext.reload Reloading Context with name [/WebApplication2] has started
08-Mar-2018 12:33:50.157 INFO [http-nio-8090-exec-128] org.apache.catalina.core.StandardContext.reload Reloading Context with name [/WebApplication2] is completed
08-Mar-2018 12:35:41.368 INFO [http-nio-8090-exec-128] org.apache.catalina.core.StandardContext.reload Reloading Context with name [/WebApplication2] has started
08-Mar-2018 12:35:41.440 INFO [http-nio-8090-exec-128] org.apache.catalina.core.StandardContext.reload Reloading Context with name [/WebApplication2] is completed
08-Mar-2018 12:35:45.455 INFO [http-nio-8090-exec-132] org.apache.catalina.core.StandardContext.reload Reloading Context with name [/WebApplication2] has started
08-Mar-2018 12:35:45.486 INFO [http-nio-8090-exec-132] org.apache.catalina.core.StandardContext.reload Reloading Context with name [/WebApplication2] is completed
08-Mar-2018 12:36:02.740 INFO [http-nio-8090-exec-136] org.apache.catalina.core.StandardContext.reload Reloading Context with name [/WebApplication2] has started
08-Mar-2018 12:36:02.757 INFO [http-nio-8090-exec-136] org.apache.catalina.core.StandardContext.reload Reloading Context with name [/WebApplication2] is completed
08-Mar-2018 12:36:22.206 INFO [http-nio-8090-exec-141] org.apache.catalina.core.StandardContext.reload Reloading Context with name [/WebApplication2] has started
08-Mar-2018 12:36:22.275 INFO [http-nio-8090-exec-141] org.apache.catalina.core.StandardContext.reload Reloading Context with name [/WebApplication2] is completed
08-Mar-2018 12:37:06.249 INFO [http-nio-8090-exec-139] org.apache.catalina.core.StandardContext.reload Reloading Context with name [/WebApplication2] has started
08-Mar-2018 12:37:06.345 INFO [http-nio-8090-exec-139] org.apache.catalina.core.StandardContext.reload Reloading Context with name [/WebApplication2] is completed
08-Mar-2018 12:37:06.362 INFO [http-nio-8090-exec-149] org.apache.catalina.core.StandardContext.reload Reloading Context with name [/WebApplication2] has started
08-Mar-2018 12:37:06.377 INFO [http-nio-8090-exec-149] org.apache.catalina.core.StandardContext.reload Reloading Context with name [/WebApplication2] is completed
08-Mar-2018 12:37:23.007 INFO [http-nio-8090-exec-139] org.apache.catalina.core.StandardContext.reload Reloading Context with name [/WebApplication2] has started
08-Mar-2018 12:37:23.115 INFO [http-nio-8090-exec-139] org.apache.catalina.core.StandardContext.reload Reloading Context with name [/WebApplication2] is completed
08-Mar-2018 12:37:26.439 INFO [http-nio-8090-exec-149] org.apache.catalina.core.StandardContext.reload Reloading Context with name [/WebApplication2] has started
08-Mar-2018 12:37:26.454 INFO [http-nio-8090-exec-149] org.apache.catalina.core.StandardContext.reload Reloading Context with name [/WebApplication2] is completed
08-Mar-2018 12:37:54.355 INFO [http-nio-8090-exec-145] org.apache.catalina.core.StandardContext.reload Reloading Context with name [/WebApplication2] has started
08-Mar-2018 12:37:54.413 INFO [http-nio-8090-exec-145] org.apache.catalina.core.StandardContext.reload Reloading Context with name [/WebApplication2] is completed
08-Mar-2018 12:38:10.123 INFO [http-nio-8090-exec-139] org.apache.catalina.core.StandardContext.reload Reloading Context with name [/WebApplication2] has started
08-Mar-2018 12:38:10.151 INFO [http-nio-8090-exec-139] org.apache.catalina.core.StandardContext.reload Reloading Context with name [/WebApplication2] is completed
08-Mar-2018 12:40:07.541 INFO [http-nio-8090-exec-159] org.apache.catalina.core.StandardContext.reload Reloading Context with name [/WebApplication2] has started
08-Mar-2018 12:40:07.625 INFO [http-nio-8090-exec-159] org.apache.catalina.core.StandardContext.reload Reloading Context with name [/WebApplication2] is completed
08-Mar-2018 12:40:13.850 INFO [http-nio-8090-exec-162] org.apache.catalina.core.StandardContext.reload Reloading Context with name [/WebApplication2] has started
08-Mar-2018 12:40:13.866 INFO [http-nio-8090-exec-162] org.apache.catalina.core.StandardContext.reload Reloading Context with name [/WebApplication2] is completed
08-Mar-2018 12:41:34.073 INFO [http-nio-8090-exec-169] org.apache.catalina.core.StandardContext.reload Reloading Context with name [/WebApplication2] has started
08-Mar-2018 12:41:34.189 INFO [http-nio-8090-exec-169] org.apache.catalina.core.StandardContext.reload Reloading Context with name [/WebApplication2] is completed
08-Mar-2018 12:41:58.580 INFO [http-nio-8090-exec-159] org.apache.catalina.core.StandardContext.reload Reloading Context with name [/WebApplication2] has started
08-Mar-2018 12:41:58.648 INFO [http-nio-8090-exec-159] org.apache.catalina.core.StandardContext.reload Reloading Context with name [/WebApplication2] is completed
08-Mar-2018 12:42:04.477 INFO [http-nio-8090-exec-167] org.apache.catalina.core.StandardContext.reload Reloading Context with name [/WebApplication2] has started
08-Mar-2018 12:42:04.517 INFO [http-nio-8090-exec-167] org.apache.catalina.core.StandardContext.reload Reloading Context with name [/WebApplication2] is completed
08-Mar-2018 12:42:29.943 INFO [http-nio-8090-exec-153] org.apache.catalina.core.StandardContext.reload Reloading Context with name [/WebApplication2] has started
08-Mar-2018 12:42:29.963 INFO [http-nio-8090-exec-153] org.apache.catalina.core.StandardContext.reload Reloading Context with name [/WebApplication2] is completed
08-Mar-2018 12:42:30.025 INFO [http-nio-8090-exec-175] org.apache.catalina.core.StandardContext.reload Reloading Context with name [/WebApplication2] has started
08-Mar-2018 12:42:30.051 INFO [http-nio-8090-exec-175] org.apache.catalina.core.StandardContext.reload Reloading Context with name [/WebApplication2] is completed
08-Mar-2018 12:42:33.104 INFO [http-nio-8090-exec-172] org.apache.catalina.core.StandardContext.reload Reloading Context with name [/WebApplication2] has started
08-Mar-2018 12:42:33.185 INFO [http-nio-8090-exec-172] org.apache.catalina.core.StandardContext.reload Reloading Context with name [/WebApplication2] is completed
08-Mar-2018 12:44:30.632 INFO [http-nio-8090-exec-181] org.apache.catalina.core.StandardContext.reload Reloading Context with name [/WebApplication2] has started
08-Mar-2018 12:44:30.696 INFO [http-nio-8090-exec-181] org.apache.catalina.core.StandardContext.reload Reloading Context with name [/WebApplication2] is completed
08-Mar-2018 12:44:31.149 INFO [http-nio-8090-exec-179] org.apache.catalina.core.StandardContext.reload Reloading Context with name [/WebApplication2] has started
08-Mar-2018 12:44:31.165 INFO [http-nio-8090-exec-179] org.apache.catalina.core.StandardContext.reload Reloading Context with name [/WebApplication2] is completed
08-Mar-2018 12:44:33.148 INFO [http-nio-8090-exec-183] org.apache.catalina.core.StandardContext.reload Reloading Context with name [/WebApplication2] has started
08-Mar-2018 12:44:33.179 INFO [http-nio-8090-exec-183] org.apache.catalina.core.StandardContext.reload Reloading Context with name [/WebApplication2] is completed
08-Mar-2018 12:45:18.865 INFO [http-nio-8090-exec-159] org.apache.catalina.core.StandardContext.reload Reloading Context with name [/WebApplication2] has started
08-Mar-2018 12:45:18.935 INFO [http-nio-8090-exec-159] org.apache.catalina.core.StandardContext.reload Reloading Context with name [/WebApplication2] is completed
08-Mar-2018 12:47:01.949 INFO [http-nio-8090-exec-188] org.apache.catalina.core.StandardContext.reload Reloading Context with name [/WebApplication2] has started
08-Mar-2018 12:47:02.265 INFO [http-nio-8090-exec-188] org.apache.catalina.core.StandardContext.reload Reloading Context with name [/WebApplication2] is completed
08-Mar-2018 12:51:43.143 INFO [http-nio-8090-exec-196] org.apache.catalina.core.StandardContext.reload Reloading Context with name [/WebApplication2] has started
08-Mar-2018 12:51:43.406 INFO [http-nio-8090-exec-196] org.apache.catalina.core.StandardContext.reload Reloading Context with name [/WebApplication2] is completed
08-Mar-2018 12:51:44.286 INFO [http-nio-8090-exec-194] org.apache.catalina.core.StandardContext.reload Reloading Context with name [/WebApplication2] has started
08-Mar-2018 12:51:44.310 INFO [http-nio-8090-exec-194] org.apache.catalina.core.StandardContext.reload Reloading Context with name [/WebApplication2] is completed
08-Mar-2018 12:52:52.166 INFO [http-nio-8090-exec-202] org.apache.catalina.core.StandardContext.reload Reloading Context with name [/WebApplication2] has started
08-Mar-2018 12:52:52.221 INFO [http-nio-8090-exec-202] org.apache.catalina.core.StandardContext.reload Reloading Context with name [/WebApplication2] is completed
08-Mar-2018 12:53:46.105 INFO [http-nio-8090-exec-198] org.apache.catalina.core.StandardContext.reload Reloading Context with name [/WebApplication2] has started
08-Mar-2018 12:53:46.365 INFO [http-nio-8090-exec-198] org.apache.catalina.core.StandardContext.reload Reloading Context with name [/WebApplication2] is completed
08-Mar-2018 12:53:47.648 INFO [http-nio-8090-exec-199] org.apache.catalina.core.StandardContext.reload Reloading Context with name [/WebApplication2] has started
08-Mar-2018 12:53:47.671 INFO [http-nio-8090-exec-199] org.apache.catalina.core.StandardContext.reload Reloading Context with name [/WebApplication2] is completed
08-Mar-2018 12:53:50.847 INFO [http-nio-8090-exec-204] org.apache.catalina.core.StandardContext.reload Reloading Context with name [/WebApplication2] has started
08-Mar-2018 12:53:50.863 INFO [http-nio-8090-exec-204] org.apache.catalina.core.StandardContext.reload Reloading Context with name [/WebApplication2] is completed
08-Mar-2018 12:54:40.107 INFO [http-nio-8090-exec-192] org.apache.catalina.core.StandardContext.reload Reloading Context with name [/WebApplication2] has started
08-Mar-2018 12:54:40.255 INFO [http-nio-8090-exec-192] org.apache.catalina.core.StandardContext.reload Reloading Context with name [/WebApplication2] is completed
08-Mar-2018 12:54:42.378 INFO [http-nio-8090-exec-206] org.apache.catalina.core.StandardContext.reload Reloading Context with name [/WebApplication2] has started
08-Mar-2018 12:54:42.394 INFO [http-nio-8090-exec-206] org.apache.catalina.core.StandardContext.reload Reloading Context with name [/WebApplication2] is completed
08-Mar-2018 12:55:43.893 INFO [http-nio-8090-exec-214] org.apache.catalina.core.StandardContext.reload Reloading Context with name [/WebApplication2] has started
08-Mar-2018 12:55:43.937 INFO [http-nio-8090-exec-214] org.apache.catalina.core.StandardContext.reload Reloading Context with name [/WebApplication2] is completed
08-Mar-2018 12:56:46.471 INFO [http-nio-8090-exec-213] org.apache.catalina.core.StandardContext.reload Reloading Context with name [/WebApplication2] has started
08-Mar-2018 12:56:46.640 INFO [http-nio-8090-exec-213] org.apache.catalina.core.StandardContext.reload Reloading Context with name [/WebApplication2] is completed
08-Mar-2018 12:59:01.878 INFO [http-nio-8090-exec-222] org.apache.catalina.core.StandardContext.reload Reloading Context with name [/WebApplication2] has started
08-Mar-2018 12:59:01.893 INFO [http-nio-8090-exec-222] org.apache.catalina.core.StandardContext.reload Reloading Context with name [/WebApplication2] is completed
08-Mar-2018 12:59:01.937 INFO [http-nio-8090-exec-221] org.apache.catalina.core.StandardContext.reload Reloading Context with name [/WebApplication2] has started
08-Mar-2018 12:59:01.954 INFO [http-nio-8090-exec-221] org.apache.catalina.core.StandardContext.reload Reloading Context with name [/WebApplication2] is completed
08-Mar-2018 12:59:04.612 INFO [http-nio-8090-exec-219] org.apache.catalina.core.StandardContext.reload Reloading Context with name [/WebApplication2] has started
08-Mar-2018 12:59:04.635 INFO [http-nio-8090-exec-219] org.apache.catalina.core.StandardContext.reload Reloading Context with name [/WebApplication2] is completed
08-Mar-2018 12:59:18.181 INFO [http-nio-8090-exec-221] org.apache.catalina.core.StandardContext.reload Reloading Context with name [/WebApplication2] has started
08-Mar-2018 12:59:18.222 INFO [http-nio-8090-exec-221] org.apache.catalina.core.StandardContext.reload Reloading Context with name [/WebApplication2] is completed
08-Mar-2018 13:00:48.727 INFO [http-nio-8090-exec-219] org.apache.catalina.core.StandardContext.reload Reloading Context with name [/WebApplication2] has started
08-Mar-2018 13:00:48.931 INFO [http-nio-8090-exec-219] org.apache.catalina.core.StandardContext.reload Reloading Context with name [/WebApplication2] is completed
08-Mar-2018 13:01:24.149 INFO [http-nio-8090-exec-229] org.apache.catalina.core.StandardContext.reload Reloading Context with name [/WebApplication2] has started
08-Mar-2018 13:01:24.180 INFO [http-nio-8090-exec-229] org.apache.catalina.core.StandardContext.reload Reloading Context with name [/WebApplication2] is completed
08-Mar-2018 13:01:29.104 INFO [http-nio-8090-exec-234] org.apache.catalina.core.StandardContext.reload Reloading Context with name [/WebApplication2] has started
08-Mar-2018 13:01:29.119 INFO [http-nio-8090-exec-234] org.apache.catalina.core.StandardContext.reload Reloading Context with name [/WebApplication2] is completed
08-Mar-2018 13:02:03.466 INFO [http-nio-8090-exec-237] org.apache.catalina.core.StandardContext.reload Reloading Context with name [/WebApplication2] has started
08-Mar-2018 13:02:03.529 INFO [http-nio-8090-exec-237] org.apache.catalina.core.StandardContext.reload Reloading Context with name [/WebApplication2] is completed
08-Mar-2018 13:02:06.134 INFO [http-nio-8090-exec-239] org.apache.catalina.core.StandardContext.reload Reloading Context with name [/WebApplication2] has started
08-Mar-2018 13:02:06.165 INFO [http-nio-8090-exec-239] org.apache.catalina.core.StandardContext.reload Reloading Context with name [/WebApplication2] is completed
08-Mar-2018 13:02:58.610 INFO [http-nio-8090-exec-231] org.apache.catalina.core.StandardContext.reload Reloading Context with name [/WebApplication2] has started
08-Mar-2018 13:02:58.730 INFO [http-nio-8090-exec-231] org.apache.catalina.core.StandardContext.reload Reloading Context with name [/WebApplication2] is completed
08-Mar-2018 13:03:01.342 INFO [http-nio-8090-exec-244] org.apache.catalina.core.StandardContext.reload Reloading Context with name [/WebApplication2] has started
08-Mar-2018 13:03:01.358 INFO [http-nio-8090-exec-244] org.apache.catalina.core.StandardContext.reload Reloading Context with name [/WebApplication2] is completed
08-Mar-2018 13:03:23.759 INFO [http-nio-8090-exec-243] org.apache.catalina.core.StandardContext.reload Reloading Context with name [/WebApplication2] has started
08-Mar-2018 13:03:23.775 INFO [http-nio-8090-exec-243] org.apache.catalina.core.StandardContext.reload Reloading Context with name [/WebApplication2] is completed
08-Mar-2018 13:03:27.147 INFO [http-nio-8090-exec-237] org.apache.catalina.core.StandardContext.reload Reloading Context with name [/WebApplication2] has started
08-Mar-2018 13:03:27.163 INFO [http-nio-8090-exec-237] org.apache.catalina.core.StandardContext.reload Reloading Context with name [/WebApplication2] is completed
08-Mar-2018 13:04:48.540 INFO [http-nio-8090-exec-255] org.apache.catalina.core.StandardContext.reload Reloading Context with name [/WebApplication2] has started
08-Mar-2018 13:04:48.571 INFO [http-nio-8090-exec-255] org.apache.catalina.core.StandardContext.reload Reloading Context with name [/WebApplication2] is completed
08-Mar-2018 13:06:03.803 INFO [http-nio-8090-exec-253] org.apache.catalina.core.StandardContext.reload Reloading Context with name [/WebApplication2] has started
08-Mar-2018 13:06:03.834 INFO [http-nio-8090-exec-253] org.apache.catalina.core.StandardContext.reload Reloading Context with name [/WebApplication2] is completed
08-Mar-2018 13:06:07.383 INFO [http-nio-8090-exec-254] org.apache.catalina.core.StandardContext.reload Reloading Context with name [/WebApplication2] has started
08-Mar-2018 13:06:07.399 INFO [http-nio-8090-exec-254] org.apache.catalina.core.StandardContext.reload Reloading Context with name [/WebApplication2] is completed
08-Mar-2018 13:06:37.282 INFO [http-nio-8090-exec-256] org.apache.catalina.core.StandardContext.reload Reloading Context with name [/WebApplication2] has started
08-Mar-2018 13:06:37.313 INFO [http-nio-8090-exec-256] org.apache.catalina.core.StandardContext.reload Reloading Context with name [/WebApplication2] is completed
08-Mar-2018 13:07:00.555 INFO [http-nio-8090-exec-262] org.apache.catalina.core.StandardContext.reload Reloading Context with name [/WebApplication2] has started
08-Mar-2018 13:07:00.571 INFO [http-nio-8090-exec-262] org.apache.catalina.core.StandardContext.reload Reloading Context with name [/WebApplication2] is completed
08-Mar-2018 13:08:49.375 INFO [http-nio-8090-exec-268] org.apache.catalina.core.StandardContext.reload Reloading Context with name [/WebApplication2] has started
08-Mar-2018 13:08:49.406 INFO [http-nio-8090-exec-268] org.apache.catalina.core.StandardContext.reload Reloading Context with name [/WebApplication2] is completed
08-Mar-2018 13:08:53.795 INFO [http-nio-8090-exec-266] org.apache.catalina.core.StandardContext.reload Reloading Context with name [/WebApplication2] has started
08-Mar-2018 13:08:53.811 INFO [http-nio-8090-exec-266] org.apache.catalina.core.StandardContext.reload Reloading Context with name [/WebApplication2] is completed
08-Mar-2018 13:09:19.082 INFO [http-nio-8090-exec-267] org.apache.catalina.core.StandardContext.reload Reloading Context with name [/WebApplication2] has started
08-Mar-2018 13:09:19.116 INFO [http-nio-8090-exec-267] org.apache.catalina.core.StandardContext.reload Reloading Context with name [/WebApplication2] is completed
08-Mar-2018 13:09:22.853 INFO [http-nio-8090-exec-274] org.apache.catalina.core.StandardContext.reload Reloading Context with name [/WebApplication2] has started
08-Mar-2018 13:09:22.869 INFO [http-nio-8090-exec-274] org.apache.catalina.core.StandardContext.reload Reloading Context with name [/WebApplication2] is completed
08-Mar-2018 13:09:51.141 INFO [http-nio-8090-exec-266] org.apache.catalina.core.StandardContext.reload Reloading Context with name [/WebApplication2] has started
08-Mar-2018 13:09:51.366 INFO [http-nio-8090-exec-266] org.apache.catalina.core.StandardContext.reload Reloading Context with name [/WebApplication2] is completed
08-Mar-2018 13:09:55.208 INFO [http-nio-8090-exec-277] org.apache.catalina.core.StandardContext.reload Reloading Context with name [/WebApplication2] has started
08-Mar-2018 13:09:55.224 INFO [http-nio-8090-exec-277] org.apache.catalina.core.StandardContext.reload Reloading Context with name [/WebApplication2] is completed
08-Mar-2018 13:32:53.899 INFO [http-nio-8090-exec-284] org.apache.catalina.core.StandardContext.reload Reloading Context with name [/WebApplication2] has started
08-Mar-2018 13:32:53.993 INFO [http-nio-8090-exec-284] org.apache.catalina.core.StandardContext.reload Reloading Context with name [/WebApplication2] is completed
08-Mar-2018 13:32:58.013 INFO [http-nio-8090-exec-290] org.apache.catalina.core.StandardContext.reload Reloading Context with name [/WebApplication2] has started
08-Mar-2018 13:32:58.064 INFO [http-nio-8090-exec-290] org.apache.catalina.core.StandardContext.reload Reloading Context with name [/WebApplication2] is completed
08-Mar-2018 13:34:21.436 INFO [http-nio-8090-exec-297] org.apache.catalina.core.StandardContext.reload Reloading Context with name [/WebApplication2] has started
08-Mar-2018 13:34:21.561 INFO [http-nio-8090-exec-297] org.apache.catalina.core.StandardContext.reload Reloading Context with name [/WebApplication2] is completed
08-Mar-2018 13:34:22.075 INFO [http-nio-8090-exec-296] org.apache.catalina.core.StandardContext.reload Reloading Context with name [/WebApplication2] has started
08-Mar-2018 13:34:22.106 INFO [http-nio-8090-exec-296] org.apache.catalina.core.StandardContext.reload Reloading Context with name [/WebApplication2] is completed
08-Mar-2018 13:34:34.834 INFO [http-nio-8090-exec-293] org.apache.catalina.core.StandardContext.reload Reloading Context with name [/WebApplication2] has started
08-Mar-2018 13:34:34.865 INFO [http-nio-8090-exec-293] org.apache.catalina.core.StandardContext.reload Reloading Context with name [/WebApplication2] is completed
08-Mar-2018 13:35:00.136 INFO [http-nio-8090-exec-281] org.apache.catalina.core.StandardContext.reload Reloading Context with name [/WebApplication2] has started
08-Mar-2018 13:35:00.168 INFO [http-nio-8090-exec-281] org.apache.catalina.core.StandardContext.reload Reloading Context with name [/WebApplication2] is completed
08-Mar-2018 13:43:39.500 INFO [http-nio-8090-exec-307] org.apache.catalina.core.StandardContext.reload Reloading Context with name [/WebApplication2] has started
08-Mar-2018 13:43:41.234 INFO [http-nio-8090-exec-307] org.apache.catalina.core.StandardContext.reload Reloading Context with name [/WebApplication2] is completed
08-Mar-2018 13:44:07.446 INFO [http-nio-8090-exec-306] org.apache.catalina.core.StandardContext.reload Reloading Context with name [/WebApplication2] has started
08-Mar-2018 13:44:07.556 INFO [http-nio-8090-exec-306] org.apache.catalina.core.StandardContext.reload Reloading Context with name [/WebApplication2] is completed
08-Mar-2018 13:44:11.873 INFO [http-nio-8090-exec-311] org.apache.catalina.core.StandardContext.reload Reloading Context with name [/WebApplication2] has started
08-Mar-2018 13:44:11.905 INFO [http-nio-8090-exec-311] org.apache.catalina.core.StandardContext.reload Reloading Context with name [/WebApplication2] is completed
08-Mar-2018 13:44:36.904 INFO [http-nio-8090-exec-314] org.apache.catalina.core.StandardContext.reload Reloading Context with name [/WebApplication2] has started
08-Mar-2018 13:44:36.966 INFO [http-nio-8090-exec-314] org.apache.catalina.core.StandardContext.reload Reloading Context with name [/WebApplication2] is completed
08-Mar-2018 13:44:45.102 INFO [http-nio-8090-exec-301] org.apache.catalina.core.StandardContext.reload Reloading Context with name [/WebApplication2] has started
08-Mar-2018 13:44:45.148 INFO [http-nio-8090-exec-301] org.apache.catalina.core.StandardContext.reload Reloading Context with name [/WebApplication2] is completed
08-Mar-2018 13:44:45.617 INFO [http-nio-8090-exec-317] org.apache.catalina.core.StandardContext.reload Reloading Context with name [/WebApplication2] has started
08-Mar-2018 13:44:45.837 INFO [http-nio-8090-exec-317] org.apache.catalina.core.StandardContext.reload Reloading Context with name [/WebApplication2] is completed
08-Mar-2018 13:45:00.115 INFO [http-nio-8090-exec-318] org.apache.catalina.core.StandardContext.reload Reloading Context with name [/WebApplication2] has started
08-Mar-2018 13:45:00.162 INFO [http-nio-8090-exec-318] org.apache.catalina.core.StandardContext.reload Reloading Context with name [/WebApplication2] is completed
08-Mar-2018 15:17:44.119 INFO [http-nio-8090-exec-327] org.apache.catalina.core.StandardContext.reload Reloading Context with name [/WebApplication2] has started
08-Mar-2018 15:17:44.541 INFO [http-nio-8090-exec-327] org.apache.catalina.core.StandardContext.reload Reloading Context with name [/WebApplication2] is completed
08-Mar-2018 15:17:46.451 INFO [http-nio-8090-exec-330] org.apache.catalina.core.StandardContext.reload Reloading Context with name [/WebApplication2] has started
08-Mar-2018 15:17:46.561 INFO [http-nio-8090-exec-330] org.apache.catalina.core.StandardContext.reload Reloading Context with name [/WebApplication2] is completed
08-Mar-2018 15:18:16.643 INFO [http-nio-8090-exec-326] org.apache.catalina.core.StandardContext.reload Reloading Context with name [/WebApplication2] has started
08-Mar-2018 15:18:16.834 INFO [http-nio-8090-exec-326] org.apache.catalina.core.StandardContext.reload Reloading Context with name [/WebApplication2] is completed
08-Mar-2018 15:18:17.021 INFO [http-nio-8090-exec-334] org.apache.catalina.core.StandardContext.reload Reloading Context with name [/WebApplication2] has started
08-Mar-2018 15:18:17.068 INFO [http-nio-8090-exec-334] org.apache.catalina.core.StandardContext.reload Reloading Context with name [/WebApplication2] is completed
08-Mar-2018 15:19:17.516 INFO [http-nio-8090-exec-329] org.apache.catalina.core.StandardContext.reload Reloading Context with name [/WebApplication2] has started
08-Mar-2018 15:19:17.629 INFO [http-nio-8090-exec-329] org.apache.catalina.core.StandardContext.reload Reloading Context with name [/WebApplication2] is completed
08-Mar-2018 15:19:40.587 INFO [http-nio-8090-exec-326] org.apache.catalina.core.StandardContext.reload Reloading Context with name [/WebApplication2] has started
08-Mar-2018 15:19:40.650 INFO [http-nio-8090-exec-326] org.apache.catalina.core.StandardContext.reload Reloading Context with name [/WebApplication2] is completed
08-Mar-2018 15:21:56.836 INFO [http-nio-8090-exec-330] org.apache.catalina.core.StandardContext.reload Reloading Context with name [/WebApplication2] has started
08-Mar-2018 15:21:57.102 INFO [http-nio-8090-exec-330] org.apache.catalina.core.StandardContext.reload Reloading Context with name [/WebApplication2] is completed
08-Mar-2018 15:23:32.718 INFO [http-nio-8090-exec-338] org.apache.catalina.core.StandardContext.reload Reloading Context with name [/WebApplication2] has started
08-Mar-2018 15:23:32.976 INFO [http-nio-8090-exec-338] org.apache.catalina.core.StandardContext.reload Reloading Context with name [/WebApplication2] is completed
08-Mar-2018 15:23:58.307 INFO [http-nio-8090-exec-326] org.apache.catalina.core.StandardContext.reload Reloading Context with name [/WebApplication2] has started
08-Mar-2018 15:23:58.323 INFO [http-nio-8090-exec-326] org.apache.catalina.core.StandardContext.reload Reloading Context with name [/WebApplication2] is completed
08-Mar-2018 15:25:39.074 INFO [http-nio-8090-exec-342] org.apache.catalina.core.StandardContext.reload Reloading Context with name [/WebApplication2] has started
08-Mar-2018 15:25:39.231 INFO [http-nio-8090-exec-342] org.apache.catalina.core.StandardContext.reload Reloading Context with name [/WebApplication2] is completed
08-Mar-2018 15:26:36.296 INFO [http-nio-8090-exec-339] org.apache.catalina.core.StandardContext.reload Reloading Context with name [/WebApplication2] has started
08-Mar-2018 15:26:36.437 INFO [http-nio-8090-exec-339] org.apache.catalina.core.StandardContext.reload Reloading Context with name [/WebApplication2] is completed
08-Mar-2018 15:27:06.137 INFO [http-nio-8090-exec-326] org.apache.catalina.core.StandardContext.reload Reloading Context with name [/WebApplication2] has started
08-Mar-2018 15:27:06.334 INFO [http-nio-8090-exec-326] org.apache.catalina.core.StandardContext.reload Reloading Context with name [/WebApplication2] is completed
08-Mar-2018 15:28:21.096 INFO [http-nio-8090-exec-347] org.apache.catalina.core.StandardContext.reload Reloading Context with name [/WebApplication2] has started
08-Mar-2018 15:28:21.205 INFO [http-nio-8090-exec-347] org.apache.catalina.core.StandardContext.reload Reloading Context with name [/WebApplication2] is completed
08-Mar-2018 15:28:49.548 INFO [http-nio-8090-exec-326] org.apache.catalina.core.StandardContext.reload Reloading Context with name [/WebApplication2] has started
08-Mar-2018 15:28:49.701 INFO [http-nio-8090-exec-326] org.apache.catalina.core.StandardContext.reload Reloading Context with name [/WebApplication2] is completed
08-Mar-2018 15:29:19.058 INFO [http-nio-8090-exec-349] org.apache.catalina.core.StandardContext.reload Reloading Context with name [/WebApplication2] has started
08-Mar-2018 15:29:19.149 INFO [http-nio-8090-exec-349] org.apache.catalina.core.StandardContext.reload Reloading Context with name [/WebApplication2] is completed
08-Mar-2018 15:29:31.813 INFO [http-nio-8090-exec-346] org.apache.catalina.core.StandardContext.reload Reloading Context with name [/WebApplication2] has started
08-Mar-2018 15:29:32.001 INFO [http-nio-8090-exec-346] org.apache.catalina.core.StandardContext.reload Reloading Context with name [/WebApplication2] is completed
08-Mar-2018 15:29:32.032 INFO [http-nio-8090-exec-351] org.apache.catalina.core.StandardContext.reload Reloading Context with name [/WebApplication2] has started
08-Mar-2018 15:29:32.048 INFO [http-nio-8090-exec-351] org.apache.catalina.core.StandardContext.reload Reloading Context with name [/WebApplication2] is completed
08-Mar-2018 15:29:36.384 INFO [http-nio-8090-exec-341] org.apache.catalina.core.StandardContext.reload Reloading Context with name [/WebApplication2] has started
08-Mar-2018 15:29:36.447 INFO [http-nio-8090-exec-341] org.apache.catalina.core.StandardContext.reload Reloading Context with name [/WebApplication2] is completed
08-Mar-2018 15:41:36.834 INFO [http-nio-8090-exec-358] org.apache.catalina.core.StandardContext.reload Reloading Context with name [/WebApplication2] has started
08-Mar-2018 15:41:37.272 INFO [http-nio-8090-exec-358] org.apache.catalina.core.StandardContext.reload Reloading Context with name [/WebApplication2] is completed
08-Mar-2018 15:41:37.319 INFO [http-nio-8090-exec-363] org.apache.catalina.core.StandardContext.reload Reloading Context with name [/WebApplication2] has started
08-Mar-2018 15:41:37.397 INFO [http-nio-8090-exec-363] org.apache.catalina.core.StandardContext.reload Reloading Context with name [/WebApplication2] is completed
08-Mar-2018 15:41:44.625 INFO [http-nio-8090-exec-362] org.apache.catalina.core.StandardContext.reload Reloading Context with name [/WebApplication2] has started
08-Mar-2018 15:41:44.656 INFO [http-nio-8090-exec-362] org.apache.catalina.core.StandardContext.reload Reloading Context with name [/WebApplication2] is completed
08-Mar-2018 15:42:21.640 INFO [http-nio-8090-exec-364] org.apache.catalina.core.StandardContext.reload Reloading Context with name [/WebApplication2] has started
08-Mar-2018 15:42:21.972 INFO [http-nio-8090-exec-364] org.apache.catalina.core.StandardContext.reload Reloading Context with name [/WebApplication2] is completed
08-Mar-2018 15:44:31.458 INFO [http-nio-8090-exec-362] org.apache.catalina.core.StandardContext.reload Reloading Context with name [/WebApplication2] has started
08-Mar-2018 15:44:31.579 INFO [http-nio-8090-exec-362] org.apache.catalina.core.StandardContext.reload Reloading Context with name [/WebApplication2] is completed
08-Mar-2018 15:49:43.463 INFO [http-nio-8090-exec-357] org.apache.catalina.core.StandardContext.reload Reloading Context with name [/WebApplication2] has started
08-Mar-2018 15:49:43.479 INFO [http-nio-8090-exec-357] org.apache.catalina.core.StandardContext.reload Reloading Context with name [/WebApplication2] is completed
08-Mar-2018 15:50:18.725 INFO [http-nio-8090-exec-359] org.apache.catalina.core.StandardContext.reload Reloading Context with name [/WebApplication2] has started
08-Mar-2018 15:50:18.774 INFO [http-nio-8090-exec-359] org.apache.catalina.core.StandardContext.reload Reloading Context with name [/WebApplication2] is completed
08-Mar-2018 15:50:45.027 INFO [http-nio-8090-exec-380] org.apache.catalina.core.StandardContext.reload Reloading Context with name [/WebApplication2] has started
08-Mar-2018 15:50:45.027 INFO [http-nio-8090-exec-380] org.apache.catalina.core.StandardContext.reload Reloading Context with name [/WebApplication2] is completed
08-Mar-2018 15:51:29.450 INFO [http-nio-8090-exec-376] org.apache.catalina.core.StandardContext.reload Reloading Context with name [/WebApplication2] has started
08-Mar-2018 15:51:29.653 INFO [http-nio-8090-exec-376] org.apache.catalina.core.StandardContext.reload Reloading Context with name [/WebApplication2] is completed
08-Mar-2018 15:52:20.951 INFO [http-nio-8090-exec-373] org.apache.catalina.core.StandardContext.reload Reloading Context with name [/WebApplication2] has started
08-Mar-2018 15:52:21.056 INFO [http-nio-8090-exec-373] org.apache.catalina.core.StandardContext.reload Reloading Context with name [/WebApplication2] is completed
08-Mar-2018 16:00:09.114 INFO [http-nio-8090-exec-384] org.apache.catalina.core.StandardContext.reload Reloading Context with name [/WebApplication2] has started
08-Mar-2018 16:00:09.208 INFO [http-nio-8090-exec-384] org.apache.catalina.core.StandardContext.reload Reloading Context with name [/WebApplication2] is completed
08-Mar-2018 16:00:11.589 INFO [http-nio-8090-exec-363] org.apache.catalina.core.StandardContext.reload Reloading Context with name [/WebApplication2] has started
08-Mar-2018 16:00:11.605 INFO [http-nio-8090-exec-363] org.apache.catalina.core.StandardContext.reload Reloading Context with name [/WebApplication2] is completed
08-Mar-2018 16:00:55.961 INFO [http-nio-8090-exec-384] org.apache.catalina.core.StandardContext.reload Reloading Context with name [/WebApplication2] has started
08-Mar-2018 16:00:56.743 INFO [http-nio-8090-exec-384] org.apache.catalina.core.StandardContext.reload Reloading Context with name [/WebApplication2] is completed
08-Mar-2018 16:01:45.004 INFO [http-nio-8090-exec-391] org.apache.catalina.core.StandardContext.reload Reloading Context with name [/WebApplication2] has started
08-Mar-2018 16:01:45.260 SEVERE [http-nio-8090-exec-391] org.apache.catalina.core.StandardContext.reload Exception starting Context with name [/WebApplication2]
 org.apache.catalina.LifecycleException: Failed to start component [StandardEngine[Catalina].StandardHost[localhost].StandardContext[/WebApplication2]]
	at org.apache.catalina.util.LifecycleBase.start(LifecycleBase.java:167)
	at org.apache.catalina.core.StandardContext.reload(StandardContext.java:3800)
	at org.apache.catalina.manager.ManagerServlet.reload(ManagerServlet.java:1040)
	at org.apache.catalina.manager.ManagerServlet.doGet(ManagerServlet.java:353)
	at javax.servlet.http.HttpServlet.service(HttpServlet.java:635)
	at javax.servlet.http.HttpServlet.service(HttpServlet.java:742)
	at org.apache.catalina.core.ApplicationFilterChain.internalDoFilter(ApplicationFilterChain.java:231)
	at org.apache.catalina.core.ApplicationFilterChain.doFilter(ApplicationFilterChain.java:166)
	at org.apache.tomcat.websocket.server.WsFilter.doFilter(WsFilter.java:52)
	at org.apache.catalina.core.ApplicationFilterChain.internalDoFilter(ApplicationFilterChain.java:193)
	at org.apache.catalina.core.ApplicationFilterChain.doFilter(ApplicationFilterChain.java:166)
	at org.apache.catalina.filters.SetCharacterEncodingFilter.doFilter(SetCharacterEncodingFilter.java:108)
	at org.apache.catalina.core.ApplicationFilterChain.internalDoFilter(ApplicationFilterChain.java:193)
	at org.apache.catalina.core.ApplicationFilterChain.doFilter(ApplicationFilterChain.java:166)
	at org.apache.catalina.core.StandardWrapperValve.invoke(StandardWrapperValve.java:199)
	at org.apache.catalina.core.StandardContextValve.invoke(StandardContextValve.java:96)
	at org.apache.catalina.authenticator.AuthenticatorBase.invoke(AuthenticatorBase.java:621)
	at org.apache.catalina.valves.RequestFilterValve.process(RequestFilterValve.java:348)
	at org.apache.catalina.valves.RemoteAddrValve.invoke(RemoteAddrValve.java:52)
	at org.apache.catalina.core.StandardHostValve.invoke(StandardHostValve.java:140)
	at org.apache.catalina.valves.ErrorReportValve.invoke(ErrorReportValve.java:81)
	at org.apache.catalina.valves.AbstractAccessLogValve.invoke(AbstractAccessLogValve.java:650)
	at org.apache.catalina.core.StandardEngineValve.invoke(StandardEngineValve.java:87)
	at org.apache.catalina.connector.CoyoteAdapter.service(CoyoteAdapter.java:342)
	at org.apache.coyote.http11.Http11Processor.service(Http11Processor.java:803)
	at org.apache.coyote.AbstractProcessorLight.process(AbstractProcessorLight.java:66)
	at org.apache.coyote.AbstractProtocol$ConnectionHandler.process(AbstractProtocol.java:790)
	at org.apache.tomcat.util.net.NioEndpoint$SocketProcessor.doRun(NioEndpoint.java:1459)
	at org.apache.tomcat.util.net.SocketProcessorBase.run(SocketProcessorBase.java:49)
	at java.util.concurrent.ThreadPoolExecutor.runWorker(ThreadPoolExecutor.java:1149)
	at java.util.concurrent.ThreadPoolExecutor$Worker.run(ThreadPoolExecutor.java:624)
	at org.apache.tomcat.util.threads.TaskThread$WrappingRunnable.run(TaskThread.java:61)
	at java.lang.Thread.run(Thread.java:748)
Caused by: org.apache.catalina.LifecycleException: Failed to start component [org.apache.catalina.webresources.StandardRoot@28408283]
	at org.apache.catalina.util.LifecycleBase.start(LifecycleBase.java:167)
	at org.apache.catalina.core.StandardContext.resourcesStart(StandardContext.java:4860)
	at org.apache.catalina.core.StandardContext.startInternal(StandardContext.java:4995)
	at org.apache.catalina.util.LifecycleBase.start(LifecycleBase.java:150)
	... 32 more
Caused by: org.apache.catalina.LifecycleException: Failed to initialize component [org.apache.catalina.webresources.JarResourceSet@375564ac]
	at org.apache.catalina.util.LifecycleBase.init(LifecycleBase.java:113)
	at org.apache.catalina.util.LifecycleBase.start(LifecycleBase.java:140)
	at org.apache.catalina.webresources.StandardRoot.startInternal(StandardRoot.java:724)
	at org.apache.catalina.util.LifecycleBase.start(LifecycleBase.java:150)
	... 35 more
Caused by: java.lang.IllegalArgumentException: java.util.zip.ZipException: zip file is empty
	at org.apache.catalina.webresources.AbstractSingleArchiveResourceSet.initInternal(AbstractSingleArchiveResourceSet.java:142)
	at org.apache.catalina.util.LifecycleBase.init(LifecycleBase.java:107)
	... 38 more
Caused by: java.util.zip.ZipException: zip file is empty
	at java.util.zip.ZipFile.open(Native Method)
	at java.util.zip.ZipFile.<init>(ZipFile.java:225)
	at java.util.zip.ZipFile.<init>(ZipFile.java:155)
	at java.util.jar.JarFile.<init>(JarFile.java:166)
	at java.util.jar.JarFile.<init>(JarFile.java:130)
	at org.apache.tomcat.util.compat.JreCompat.jarFileNewInstance(JreCompat.java:188)
	at org.apache.tomcat.util.compat.JreCompat.jarFileNewInstance(JreCompat.java:173)
	at org.apache.catalina.webresources.AbstractSingleArchiveResourceSet.initInternal(AbstractSingleArchiveResourceSet.java:139)
	... 39 more

08-Mar-2018 16:01:45.674 INFO [http-nio-8090-exec-391] org.apache.catalina.core.StandardContext.reload Reloading Context with name [/WebApplication2] is completed
08-Mar-2018 16:02:28.228 INFO [http-nio-8090-exec-385] org.apache.catalina.util.LifecycleBase.stop The stop() method was called on component [WebappLoader[/WebApplication2]] after stop() had already been called. The second call will be ignored.
08-Mar-2018 16:02:28.781 INFO [http-nio-8090-exec-385] org.apache.catalina.startup.HostConfig.undeploy Undeploying context [/WebApplication2]
08-Mar-2018 16:02:29.016 INFO [http-nio-8090-exec-359] org.apache.catalina.startup.HostConfig.deployDescriptor Deploying configuration descriptor [C:\Users\suraj.jena\Desktop\web\next\maven-project\apache-tomcat-8.5.27-windows-x64\apache-tomcat-8.5.27\conf\Catalina\localhost\WebApplication2.xml]
08-Mar-2018 16:02:30.480 INFO [http-nio-8090-exec-359] org.apache.catalina.startup.HostConfig.deployDescriptor Deployment of configuration descriptor [C:\Users\suraj.jena\Desktop\web\next\maven-project\apache-tomcat-8.5.27-windows-x64\apache-tomcat-8.5.27\conf\Catalina\localhost\WebApplication2.xml] has finished in [1,230] ms
08-Mar-2018 16:02:30.746 INFO [http-nio-8090-exec-387] org.apache.catalina.util.LifecycleBase.start The start() method was called on component [StandardEngine[Catalina].StandardHost[localhost].StandardContext[/WebApplication2]] after start() had already been called. The second call will be ignored.
08-Mar-2018 16:02:55.310 INFO [main] org.apache.catalina.core.StandardServer.await A valid shutdown command was received via the shutdown port. Stopping the Server instance.
08-Mar-2018 16:02:56.063 INFO [main] org.apache.coyote.AbstractProtocol.pause Pausing ProtocolHandler ["http-nio-8090"]
08-Mar-2018 16:02:57.895 INFO [main] org.apache.coyote.AbstractProtocol.pause Pausing ProtocolHandler ["ajp-nio-8009"]
08-Mar-2018 16:02:58.208 INFO [main] org.apache.catalina.core.StandardService.stopInternal Stopping service [Catalina]
08-Mar-2018 16:03:05.575 INFO [main] org.apache.coyote.AbstractProtocol.stop Stopping ProtocolHandler ["http-nio-8090"]
08-Mar-2018 16:03:06.172 INFO [main] org.apache.coyote.AbstractProtocol.stop Stopping ProtocolHandler ["ajp-nio-8009"]
08-Mar-2018 16:03:06.306 INFO [main] org.apache.coyote.AbstractProtocol.destroy Destroying ProtocolHandler ["http-nio-8090"]
08-Mar-2018 16:03:06.515 INFO [main] org.apache.coyote.AbstractProtocol.destroy Destroying ProtocolHandler ["ajp-nio-8009"]
08-Mar-2018 17:35:32.170 INFO [main] org.apache.catalina.startup.VersionLoggerListener.log Server version:        Apache Tomcat/8.5.27
08-Mar-2018 17:35:32.207 INFO [main] org.apache.catalina.startup.VersionLoggerListener.log Server built:          Jan 18 2018 20:12:40 UTC
08-Mar-2018 17:35:32.207 INFO [main] org.apache.catalina.startup.VersionLoggerListener.log Server number:         8.5.27.0
08-Mar-2018 17:35:32.207 INFO [main] org.apache.catalina.startup.VersionLoggerListener.log OS Name:               Windows 10
08-Mar-2018 17:35:32.207 INFO [main] org.apache.catalina.startup.VersionLoggerListener.log OS Version:            10.0
08-Mar-2018 17:35:32.207 INFO [main] org.apache.catalina.startup.VersionLoggerListener.log Architecture:          amd64
08-Mar-2018 17:35:32.207 INFO [main] org.apache.catalina.startup.VersionLoggerListener.log Java Home:             C:\Program Files\Java\jdk1.8.0_161\jre
08-Mar-2018 17:35:32.207 INFO [main] org.apache.catalina.startup.VersionLoggerListener.log JVM Version:           1.8.0_161-b12
08-Mar-2018 17:35:32.207 INFO [main] org.apache.catalina.startup.VersionLoggerListener.log JVM Vendor:            Oracle Corporation
08-Mar-2018 17:35:32.208 INFO [main] org.apache.catalina.startup.VersionLoggerListener.log CATALINA_BASE:         C:\Users\suraj.jena\Desktop\web\next\maven-project\apache-tomcat-8.5.27-windows-x64\apache-tomcat-8.5.27
08-Mar-2018 17:35:32.208 INFO [main] org.apache.catalina.startup.VersionLoggerListener.log CATALINA_HOME:         C:\Users\suraj.jena\Desktop\web\next\maven-project\apache-tomcat-8.5.27-windows-x64\apache-tomcat-8.5.27
08-Mar-2018 17:35:32.208 INFO [main] org.apache.catalina.startup.VersionLoggerListener.log Command line argument: -Djava.util.logging.config.file=C:\Users\suraj.jena\Desktop\web\next\maven-project\apache-tomcat-8.5.27-windows-x64\apache-tomcat-8.5.27\conf\logging.properties
08-Mar-2018 17:35:32.208 INFO [main] org.apache.catalina.startup.VersionLoggerListener.log Command line argument: -Djava.util.logging.manager=org.apache.juli.ClassLoaderLogManager
08-Mar-2018 17:35:32.208 INFO [main] org.apache.catalina.startup.VersionLoggerListener.log Command line argument: -Dhttp.nonProxyHosts=localhost|127.0.0.1|optimus-195
08-Mar-2018 17:35:32.208 INFO [main] org.apache.catalina.startup.VersionLoggerListener.log Command line argument: -Djdk.tls.ephemeralDHKeySize=2048
08-Mar-2018 17:35:32.208 INFO [main] org.apache.catalina.startup.VersionLoggerListener.log Command line argument: -Djava.protocol.handler.pkgs=org.apache.catalina.webresources
08-Mar-2018 17:35:32.208 INFO [main] org.apache.catalina.startup.VersionLoggerListener.log Command line argument: -Dignore.endorsed.dirs=
08-Mar-2018 17:35:32.208 INFO [main] org.apache.catalina.startup.VersionLoggerListener.log Command line argument: -Dcatalina.base=C:\Users\suraj.jena\Desktop\web\next\maven-project\apache-tomcat-8.5.27-windows-x64\apache-tomcat-8.5.27
08-Mar-2018 17:35:32.208 INFO [main] org.apache.catalina.startup.VersionLoggerListener.log Command line argument: -Dcatalina.home=C:\Users\suraj.jena\Desktop\web\next\maven-project\apache-tomcat-8.5.27-windows-x64\apache-tomcat-8.5.27
08-Mar-2018 17:35:32.208 INFO [main] org.apache.catalina.startup.VersionLoggerListener.log Command line argument: -Djava.io.tmpdir=C:\Users\suraj.jena\Desktop\web\next\maven-project\apache-tomcat-8.5.27-windows-x64\apache-tomcat-8.5.27\temp
08-Mar-2018 17:35:32.208 INFO [main] org.apache.catalina.core.AprLifecycleListener.lifecycleEvent Loaded APR based Apache Tomcat Native library [1.2.16] using APR version [1.6.3].
08-Mar-2018 17:35:32.208 INFO [main] org.apache.catalina.core.AprLifecycleListener.lifecycleEvent APR capabilities: IPv6 [true], sendfile [true], accept filters [false], random [true].
08-Mar-2018 17:35:32.208 INFO [main] org.apache.catalina.core.AprLifecycleListener.lifecycleEvent APR/OpenSSL configuration: useAprConnector [false], useOpenSSL [true]
08-Mar-2018 17:35:32.734 INFO [main] org.apache.catalina.core.AprLifecycleListener.initializeSSL OpenSSL successfully initialized [OpenSSL 1.0.2m  2 Nov 2017]
08-Mar-2018 17:35:34.102 INFO [main] org.apache.coyote.AbstractProtocol.init Initializing ProtocolHandler ["http-nio-8090"]
08-Mar-2018 17:35:34.270 INFO [main] org.apache.tomcat.util.net.NioSelectorPool.getSharedSelector Using a shared selector for servlet write/read
08-Mar-2018 17:35:34.277 INFO [main] org.apache.coyote.AbstractProtocol.init Initializing ProtocolHandler ["ajp-nio-8009"]
08-Mar-2018 17:35:34.279 INFO [main] org.apache.tomcat.util.net.NioSelectorPool.getSharedSelector Using a shared selector for servlet write/read
08-Mar-2018 17:35:34.279 INFO [main] org.apache.catalina.startup.Catalina.load Initialization processed in 3451 ms
08-Mar-2018 17:35:34.434 INFO [main] org.apache.catalina.core.StandardService.startInternal Starting service [Catalina]
08-Mar-2018 17:35:34.434 INFO [main] org.apache.catalina.core.StandardEngine.startInternal Starting Servlet Engine: Apache Tomcat/8.5.27
08-Mar-2018 17:35:34.500 INFO [localhost-startStop-1] org.apache.catalina.startup.HostConfig.deployDescriptor Deploying configuration descriptor [C:\Users\suraj.jena\Desktop\web\next\maven-project\apache-tomcat-8.5.27-windows-x64\apache-tomcat-8.5.27\conf\Catalina\localhost\WebApplication2.xml]
08-Mar-2018 17:35:35.338 INFO [localhost-startStop-1] org.apache.jasper.servlet.TldScanner.scanJars At least one JAR was scanned for TLDs yet contained no TLDs. Enable debug logging for this logger for a complete list of JARs that were scanned but no TLDs were found in them. Skipping unneeded JARs during scanning can improve startup time and JSP compilation time.
08-Mar-2018 17:35:35.436 INFO [localhost-startStop-1] org.apache.catalina.startup.HostConfig.deployDescriptor Deployment of configuration descriptor [C:\Users\suraj.jena\Desktop\web\next\maven-project\apache-tomcat-8.5.27-windows-x64\apache-tomcat-8.5.27\conf\Catalina\localhost\WebApplication2.xml] has finished in [923] ms
08-Mar-2018 17:35:35.594 INFO [localhost-startStop-1] org.apache.catalina.startup.HostConfig.deployWAR Deploying web application archive [C:\Users\suraj.jena\Desktop\web\next\maven-project\apache-tomcat-8.5.27-windows-x64\apache-tomcat-8.5.27\webapps\sample.war]
08-Mar-2018 17:35:35.707 INFO [localhost-startStop-1] org.apache.catalina.startup.HostConfig.deployWAR Deployment of web application archive [C:\Users\suraj.jena\Desktop\web\next\maven-project\apache-tomcat-8.5.27-windows-x64\apache-tomcat-8.5.27\webapps\sample.war] has finished in [113] ms
08-Mar-2018 17:35:35.925 INFO [localhost-startStop-1] org.apache.catalina.startup.HostConfig.deployWAR Deploying web application archive [C:\Users\suraj.jena\Desktop\web\next\maven-project\apache-tomcat-8.5.27-windows-x64\apache-tomcat-8.5.27\webapps\webapp.war]
08-Mar-2018 17:35:36.006 INFO [localhost-startStop-1] org.apache.catalina.startup.HostConfig.deployWAR Deployment of web application archive [C:\Users\suraj.jena\Desktop\web\next\maven-project\apache-tomcat-8.5.27-windows-x64\apache-tomcat-8.5.27\webapps\webapp.war] has finished in [81] ms
08-Mar-2018 17:35:36.012 INFO [localhost-startStop-1] org.apache.catalina.startup.HostConfig.deployDirectory Deploying web application directory [C:\Users\suraj.jena\Desktop\web\next\maven-project\apache-tomcat-8.5.27-windows-x64\apache-tomcat-8.5.27\webapps\docs]
08-Mar-2018 17:35:36.079 INFO [localhost-startStop-1] org.apache.catalina.startup.HostConfig.deployDirectory Deployment of web application directory [C:\Users\suraj.jena\Desktop\web\next\maven-project\apache-tomcat-8.5.27-windows-x64\apache-tomcat-8.5.27\webapps\docs] has finished in [66] ms
08-Mar-2018 17:35:36.079 INFO [localhost-startStop-1] org.apache.catalina.startup.HostConfig.deployDirectory Deploying web application directory [C:\Users\suraj.jena\Desktop\web\next\maven-project\apache-tomcat-8.5.27-windows-x64\apache-tomcat-8.5.27\webapps\examples]
08-Mar-2018 17:35:38.354 INFO [localhost-startStop-1] org.apache.catalina.startup.HostConfig.deployDirectory Deployment of web application directory [C:\Users\suraj.jena\Desktop\web\next\maven-project\apache-tomcat-8.5.27-windows-x64\apache-tomcat-8.5.27\webapps\examples] has finished in [2,275] ms
08-Mar-2018 17:35:38.355 INFO [localhost-startStop-1] org.apache.catalina.startup.HostConfig.deployDirectory Deploying web application directory [C:\Users\suraj.jena\Desktop\web\next\maven-project\apache-tomcat-8.5.27-windows-x64\apache-tomcat-8.5.27\webapps\host-manager]
08-Mar-2018 17:35:38.445 INFO [localhost-startStop-1] org.apache.catalina.startup.HostConfig.deployDirectory Deployment of web application directory [C:\Users\suraj.jena\Desktop\web\next\maven-project\apache-tomcat-8.5.27-windows-x64\apache-tomcat-8.5.27\webapps\host-manager] has finished in [90] ms
08-Mar-2018 17:35:38.445 INFO [localhost-startStop-1] org.apache.catalina.startup.HostConfig.deployDirectory Deploying web application directory [C:\Users\suraj.jena\Desktop\web\next\maven-project\apache-tomcat-8.5.27-windows-x64\apache-tomcat-8.5.27\webapps\manager]
08-Mar-2018 17:35:38.568 INFO [localhost-startStop-1] org.apache.catalina.startup.HostConfig.deployDirectory Deployment of web application directory [C:\Users\suraj.jena\Desktop\web\next\maven-project\apache-tomcat-8.5.27-windows-x64\apache-tomcat-8.5.27\webapps\manager] has finished in [123] ms
08-Mar-2018 17:35:38.568 INFO [localhost-startStop-1] org.apache.catalina.startup.HostConfig.deployDirectory Deploying web application directory [C:\Users\suraj.jena\Desktop\web\next\maven-project\apache-tomcat-8.5.27-windows-x64\apache-tomcat-8.5.27\webapps\ROOT]
08-Mar-2018 17:35:38.611 INFO [localhost-startStop-1] org.apache.catalina.startup.HostConfig.deployDirectory Deployment of web application directory [C:\Users\suraj.jena\Desktop\web\next\maven-project\apache-tomcat-8.5.27-windows-x64\apache-tomcat-8.5.27\webapps\ROOT] has finished in [43] ms
08-Mar-2018 17:35:38.615 INFO [main] org.apache.coyote.AbstractProtocol.start Starting ProtocolHandler ["http-nio-8090"]
08-Mar-2018 17:35:38.623 INFO [main] org.apache.coyote.AbstractProtocol.start Starting ProtocolHandler ["ajp-nio-8009"]
08-Mar-2018 17:35:38.625 INFO [main] org.apache.catalina.startup.Catalina.start Server startup in 4345 ms
08-Mar-2018 17:35:43.287 INFO [http-nio-8090-exec-1] org.apache.catalina.core.StandardContext.reload Reloading Context with name [/WebApplication2] has started
08-Mar-2018 17:35:43.411 INFO [http-nio-8090-exec-1] org.apache.catalina.core.StandardContext.reload Reloading Context with name [/WebApplication2] is completed
08-Mar-2018 17:36:16.356 INFO [http-nio-8090-exec-7] org.apache.catalina.core.StandardContext.reload Reloading Context with name [/WebApplication2] has started
08-Mar-2018 17:36:16.472 INFO [http-nio-8090-exec-7] org.apache.catalina.core.StandardContext.reload Reloading Context with name [/WebApplication2] is completed
08-Mar-2018 17:36:36.208 INFO [http-nio-8090-exec-11] org.apache.catalina.core.StandardContext.reload Reloading Context with name [/WebApplication2] has started
08-Mar-2018 17:36:36.267 INFO [http-nio-8090-exec-11] org.apache.catalina.core.StandardContext.reload Reloading Context with name [/WebApplication2] is completed
08-Mar-2018 17:37:49.490 INFO [http-nio-8090-exec-20] org.apache.catalina.core.StandardContext.reload Reloading Context with name [/WebApplication2] has started
08-Mar-2018 17:37:49.552 INFO [http-nio-8090-exec-20] org.apache.catalina.core.StandardContext.reload Reloading Context with name [/WebApplication2] is completed
08-Mar-2018 17:37:52.579 INFO [http-nio-8090-exec-19] org.apache.catalina.core.StandardContext.reload Reloading Context with name [/WebApplication2] has started
08-Mar-2018 17:37:52.608 INFO [http-nio-8090-exec-19] org.apache.catalina.core.StandardContext.reload Reloading Context with name [/WebApplication2] is completed
08-Mar-2018 17:40:51.956 INFO [http-nio-8090-exec-24] org.apache.catalina.core.StandardContext.reload Reloading Context with name [/WebApplication2] has started
08-Mar-2018 17:40:52.051 INFO [http-nio-8090-exec-24] org.apache.catalina.core.StandardContext.reload Reloading Context with name [/WebApplication2] is completed
08-Mar-2018 17:41:17.864 INFO [http-nio-8090-exec-13] org.apache.catalina.core.StandardContext.reload Reloading Context with name [/WebApplication2] has started
08-Mar-2018 17:41:17.940 INFO [http-nio-8090-exec-13] org.apache.catalina.core.StandardContext.reload Reloading Context with name [/WebApplication2] is completed
08-Mar-2018 17:41:29.259 INFO [http-nio-8090-exec-6] org.apache.catalina.core.StandardContext.reload Reloading Context with name [/WebApplication2] has started
08-Mar-2018 17:41:29.409 INFO [http-nio-8090-exec-6] org.apache.catalina.core.StandardContext.reload Reloading Context with name [/WebApplication2] is completed
08-Mar-2018 17:41:29.459 INFO [http-nio-8090-exec-23] org.apache.catalina.core.StandardContext.reload Reloading Context with name [/WebApplication2] has started
08-Mar-2018 17:41:29.481 INFO [http-nio-8090-exec-23] org.apache.catalina.core.StandardContext.reload Reloading Context with name [/WebApplication2] is completed
08-Mar-2018 17:41:50.716 INFO [http-nio-8090-exec-9] org.apache.catalina.core.StandardContext.reload Reloading Context with name [/WebApplication2] has started
08-Mar-2018 17:41:51.059 INFO [http-nio-8090-exec-9] org.apache.catalina.core.StandardContext.reload Reloading Context with name [/WebApplication2] is completed
08-Mar-2018 17:46:30.349 INFO [http-nio-8090-exec-35] org.apache.catalina.core.StandardContext.reload Reloading Context with name [/WebApplication2] has started
08-Mar-2018 17:46:30.621 INFO [http-nio-8090-exec-35] org.apache.catalina.core.StandardContext.reload Reloading Context with name [/WebApplication2] is completed
08-Mar-2018 17:47:16.308 INFO [http-nio-8090-exec-31] org.apache.catalina.core.StandardContext.reload Reloading Context with name [/WebApplication2] has started
08-Mar-2018 17:47:16.346 INFO [http-nio-8090-exec-31] org.apache.catalina.core.StandardContext.reload Reloading Context with name [/WebApplication2] is completed
08-Mar-2018 17:47:50.154 INFO [http-nio-8090-exec-35] org.apache.catalina.core.StandardContext.reload Reloading Context with name [/WebApplication2] has started
08-Mar-2018 17:47:50.179 INFO [http-nio-8090-exec-35] org.apache.catalina.core.StandardContext.reload Reloading Context with name [/WebApplication2] is completed
08-Mar-2018 17:47:50.644 INFO [http-nio-8090-exec-27] org.apache.catalina.core.StandardContext.reload Reloading Context with name [/WebApplication2] has started
08-Mar-2018 17:47:50.672 INFO [http-nio-8090-exec-27] org.apache.catalina.core.StandardContext.reload Reloading Context with name [/WebApplication2] is completed
08-Mar-2018 17:48:02.511 INFO [http-nio-8090-exec-9] org.apache.catalina.core.StandardContext.reload Reloading Context with name [/WebApplication2] has started
08-Mar-2018 17:48:02.546 INFO [http-nio-8090-exec-9] org.apache.catalina.core.StandardContext.reload Reloading Context with name [/WebApplication2] is completed
08-Mar-2018 17:50:00.907 INFO [http-nio-8090-exec-37] org.apache.catalina.core.StandardContext.reload Reloading Context with name [/WebApplication2] has started
08-Mar-2018 17:50:00.936 INFO [http-nio-8090-exec-37] org.apache.catalina.core.StandardContext.reload Reloading Context with name [/WebApplication2] is completed
08-Mar-2018 17:50:16.784 INFO [http-nio-8090-exec-9] org.apache.catalina.core.StandardContext.reload Reloading Context with name [/WebApplication2] has started
08-Mar-2018 17:50:16.806 INFO [http-nio-8090-exec-9] org.apache.catalina.core.StandardContext.reload Reloading Context with name [/WebApplication2] is completed
08-Mar-2018 17:50:46.636 INFO [http-nio-8090-exec-38] org.apache.catalina.core.StandardContext.reload Reloading Context with name [/WebApplication2] has started
08-Mar-2018 17:50:46.662 INFO [http-nio-8090-exec-38] org.apache.catalina.core.StandardContext.reload Reloading Context with name [/WebApplication2] is completed
08-Mar-2018 17:51:31.865 INFO [http-nio-8090-exec-31] org.apache.catalina.core.StandardContext.reload Reloading Context with name [/WebApplication2] has started
08-Mar-2018 17:51:31.898 INFO [http-nio-8090-exec-31] org.apache.catalina.core.StandardContext.reload Reloading Context with name [/WebApplication2] is completed
08-Mar-2018 17:51:43.139 INFO [http-nio-8090-exec-38] org.apache.catalina.core.StandardContext.reload Reloading Context with name [/WebApplication2] has started
08-Mar-2018 17:51:43.158 INFO [http-nio-8090-exec-38] org.apache.catalina.core.StandardContext.reload Reloading Context with name [/WebApplication2] is completed
