11-Mar-2018 23:04:38.941 SEVERE [http-nio-8090-exec-35] org.apache.catalina.core.ApplicationDispatcher.invoke Servlet.service() for servlet [jsp] threw exception
 org.apache.jasper.JasperException: Unable to compile class for JSP: 

An error occurred at line: [47] in the jsp file: [/Output.jsp]
Duplicate local variable companyCollection
44: 	
45:   </div>
46: </div>
47:        <%ArrayList<Company>  companyCollection=(ArrayList<Company>)request.getAttribute("name"); 
48:        String urlLink="https://maps.googleapis.com/maps/api/place/photo?maxwidth=400&photoreference=";
49:        String apiKey="&key=AIzaSyDNn-lppnDfYrlngS7ycSpMKczughXHt3I";
50:        %>


An error occurred at line: [48] in the jsp file: [/Output.jsp]
Duplicate local variable urlLink
45:   </div>
46: </div>
47:        <%ArrayList<Company>  companyCollection=(ArrayList<Company>)request.getAttribute("name"); 
48:        String urlLink="https://maps.googleapis.com/maps/api/place/photo?maxwidth=400&photoreference=";
49:        String apiKey="&key=AIzaSyDNn-lppnDfYrlngS7ycSpMKczughXHt3I";
50:        %>
51:        <% for(Company object: companyCollection) {%>


An error occurred at line: [49] in the jsp file: [/Output.jsp]
Duplicate local variable apiKey
46: </div>
47:        <%ArrayList<Company>  companyCollection=(ArrayList<Company>)request.getAttribute("name"); 
48:        String urlLink="https://maps.googleapis.com/maps/api/place/photo?maxwidth=400&photoreference=";
49:        String apiKey="&key=AIzaSyDNn-lppnDfYrlngS7ycSpMKczughXHt3I";
50:        %>
51:        <% for(Company object: companyCollection) {%>
52:       


Stacktrace:
	at org.apache.jasper.compiler.DefaultErrorHandler.javacError(DefaultErrorHandler.java:103)
	at org.apache.jasper.compiler.ErrorDispatcher.javacError(ErrorDispatcher.java:212)
	at org.apache.jasper.compiler.JDTCompiler.generateClass(JDTCompiler.java:457)
	at org.apache.jasper.compiler.Compiler.compile(Compiler.java:379)
	at org.apache.jasper.compiler.Compiler.compile(Compiler.java:351)
	at org.apache.jasper.compiler.Compiler.compile(Compiler.java:335)
	at org.apache.jasper.JspCompilationContext.compile(JspCompilationContext.java:595)
	at org.apache.jasper.servlet.JspServletWrapper.service(JspServletWrapper.java:368)
	at org.apache.jasper.servlet.JspServlet.serviceJspFile(JspServlet.java:386)
	at org.apache.jasper.servlet.JspServlet.service(JspServlet.java:330)
	at javax.servlet.http.HttpServlet.service(HttpServlet.java:742)
	at org.apache.catalina.core.ApplicationFilterChain.internalDoFilter(ApplicationFilterChain.java:231)
	at org.apache.catalina.core.ApplicationFilterChain.doFilter(ApplicationFilterChain.java:166)
	at org.apache.tomcat.websocket.server.WsFilter.doFilter(WsFilter.java:52)
	at org.apache.catalina.core.ApplicationFilterChain.internalDoFilter(ApplicationFilterChain.java:193)
	at org.apache.catalina.core.ApplicationFilterChain.doFilter(ApplicationFilterChain.java:166)
	at org.apache.catalina.core.ApplicationDispatcher.invoke(ApplicationDispatcher.java:728)
	at org.apache.catalina.core.ApplicationDispatcher.processRequest(ApplicationDispatcher.java:470)
	at org.apache.catalina.core.ApplicationDispatcher.doForward(ApplicationDispatcher.java:395)
	at org.apache.catalina.core.ApplicationDispatcher.forward(ApplicationDispatcher.java:316)
	at controller.LocationController.doGet(LocationController.java:42)
	at javax.servlet.http.HttpServlet.service(HttpServlet.java:635)
	at javax.servlet.http.HttpServlet.service(HttpServlet.java:742)
	at org.apache.catalina.core.ApplicationFilterChain.internalDoFilter(ApplicationFilterChain.java:231)
	at org.apache.catalina.core.ApplicationFilterChain.doFilter(ApplicationFilterChain.java:166)
	at org.apache.tomcat.websocket.server.WsFilter.doFilter(WsFilter.java:52)
	at org.apache.catalina.core.ApplicationFilterChain.internalDoFilter(ApplicationFilterChain.java:193)
	at org.apache.catalina.core.ApplicationFilterChain.doFilter(ApplicationFilterChain.java:166)
	at org.apache.catalina.core.StandardWrapperValve.invoke(StandardWrapperValve.java:199)
	at org.apache.catalina.core.StandardContextValve.invoke(StandardContextValve.java:96)
	at org.apache.catalina.authenticator.AuthenticatorBase.invoke(AuthenticatorBase.java:504)
	at org.apache.catalina.core.StandardHostValve.invoke(StandardHostValve.java:140)
	at org.apache.catalina.valves.ErrorReportValve.invoke(ErrorReportValve.java:81)
	at org.apache.catalina.valves.AbstractAccessLogValve.invoke(AbstractAccessLogValve.java:650)
	at org.apache.catalina.core.StandardEngineValve.invoke(StandardEngineValve.java:87)
	at org.apache.catalina.connector.CoyoteAdapter.service(CoyoteAdapter.java:342)
	at org.apache.coyote.http11.Http11Processor.service(Http11Processor.java:803)
	at org.apache.coyote.AbstractProcessorLight.process(AbstractProcessorLight.java:66)
	at org.apache.coyote.AbstractProtocol$ConnectionHandler.process(AbstractProtocol.java:790)
	at org.apache.tomcat.util.net.NioEndpoint$SocketProcessor.doRun(NioEndpoint.java:1459)
	at org.apache.tomcat.util.net.SocketProcessorBase.run(SocketProcessorBase.java:49)
	at java.util.concurrent.ThreadPoolExecutor.runWorker(ThreadPoolExecutor.java:1149)
	at java.util.concurrent.ThreadPoolExecutor$Worker.run(ThreadPoolExecutor.java:624)
	at org.apache.tomcat.util.threads.TaskThread$WrappingRunnable.run(TaskThread.java:61)
	at java.lang.Thread.run(Thread.java:748)

11-Mar-2018 23:04:38.941 SEVERE [http-nio-8090-exec-35] org.apache.catalina.core.StandardWrapperValve.invoke Servlet.service() for servlet [LocationController] in context with path [/ITCompanyLocator12] threw exception [Unable to compile class for JSP: 

An error occurred at line: [47] in the jsp file: [/Output.jsp]
Duplicate local variable companyCollection
44: 	
45:   </div>
46: </div>
47:        <%ArrayList<Company>  companyCollection=(ArrayList<Company>)request.getAttribute("name"); 
48:        String urlLink="https://maps.googleapis.com/maps/api/place/photo?maxwidth=400&photoreference=";
49:        String apiKey="&key=AIzaSyDNn-lppnDfYrlngS7ycSpMKczughXHt3I";
50:        %>


An error occurred at line: [48] in the jsp file: [/Output.jsp]
Duplicate local variable urlLink
45:   </div>
46: </div>
47:        <%ArrayList<Company>  companyCollection=(ArrayList<Company>)request.getAttribute("name"); 
48:        String urlLink="https://maps.googleapis.com/maps/api/place/photo?maxwidth=400&photoreference=";
49:        String apiKey="&key=AIzaSyDNn-lppnDfYrlngS7ycSpMKczughXHt3I";
50:        %>
51:        <% for(Company object: companyCollection) {%>


An error occurred at line: [49] in the jsp file: [/Output.jsp]
Duplicate local variable apiKey
46: </div>
47:        <%ArrayList<Company>  companyCollection=(ArrayList<Company>)request.getAttribute("name"); 
48:        String urlLink="https://maps.googleapis.com/maps/api/place/photo?maxwidth=400&photoreference=";
49:        String apiKey="&key=AIzaSyDNn-lppnDfYrlngS7ycSpMKczughXHt3I";
50:        %>
51:        <% for(Company object: companyCollection) {%>
52:       


Stacktrace:] with root cause
 org.apache.jasper.JasperException: Unable to compile class for JSP: 

An error occurred at line: [47] in the jsp file: [/Output.jsp]
Duplicate local variable companyCollection
44: 	
45:   </div>
46: </div>
47:        <%ArrayList<Company>  companyCollection=(ArrayList<Company>)request.getAttribute("name"); 
48:        String urlLink="https://maps.googleapis.com/maps/api/place/photo?maxwidth=400&photoreference=";
49:        String apiKey="&key=AIzaSyDNn-lppnDfYrlngS7ycSpMKczughXHt3I";
50:        %>


An error occurred at line: [48] in the jsp file: [/Output.jsp]
Duplicate local variable urlLink
45:   </div>
46: </div>
47:        <%ArrayList<Company>  companyCollection=(ArrayList<Company>)request.getAttribute("name"); 
48:        String urlLink="https://maps.googleapis.com/maps/api/place/photo?maxwidth=400&photoreference=";
49:        String apiKey="&key=AIzaSyDNn-lppnDfYrlngS7ycSpMKczughXHt3I";
50:        %>
51:        <% for(Company object: companyCollection) {%>


An error occurred at line: [49] in the jsp file: [/Output.jsp]
Duplicate local variable apiKey
46: </div>
47:        <%ArrayList<Company>  companyCollection=(ArrayList<Company>)request.getAttribute("name"); 
48:        String urlLink="https://maps.googleapis.com/maps/api/place/photo?maxwidth=400&photoreference=";
49:        String apiKey="&key=AIzaSyDNn-lppnDfYrlngS7ycSpMKczughXHt3I";
50:        %>
51:        <% for(Company object: companyCollection) {%>
52:       


Stacktrace:
	at org.apache.jasper.compiler.DefaultErrorHandler.javacError(DefaultErrorHandler.java:103)
	at org.apache.jasper.compiler.ErrorDispatcher.javacError(ErrorDispatcher.java:212)
	at org.apache.jasper.compiler.JDTCompiler.generateClass(JDTCompiler.java:457)
	at org.apache.jasper.compiler.Compiler.compile(Compiler.java:379)
	at org.apache.jasper.compiler.Compiler.compile(Compiler.java:351)
	at org.apache.jasper.compiler.Compiler.compile(Compiler.java:335)
	at org.apache.jasper.JspCompilationContext.compile(JspCompilationContext.java:595)
	at org.apache.jasper.servlet.JspServletWrapper.service(JspServletWrapper.java:368)
	at org.apache.jasper.servlet.JspServlet.serviceJspFile(JspServlet.java:386)
	at org.apache.jasper.servlet.JspServlet.service(JspServlet.java:330)
	at javax.servlet.http.HttpServlet.service(HttpServlet.java:742)
	at org.apache.catalina.core.ApplicationFilterChain.internalDoFilter(ApplicationFilterChain.java:231)
	at org.apache.catalina.core.ApplicationFilterChain.doFilter(ApplicationFilterChain.java:166)
	at org.apache.tomcat.websocket.server.WsFilter.doFilter(WsFilter.java:52)
	at org.apache.catalina.core.ApplicationFilterChain.internalDoFilter(ApplicationFilterChain.java:193)
	at org.apache.catalina.core.ApplicationFilterChain.doFilter(ApplicationFilterChain.java:166)
	at org.apache.catalina.core.ApplicationDispatcher.invoke(ApplicationDispatcher.java:728)
	at org.apache.catalina.core.ApplicationDispatcher.processRequest(ApplicationDispatcher.java:470)
	at org.apache.catalina.core.ApplicationDispatcher.doForward(ApplicationDispatcher.java:395)
	at org.apache.catalina.core.ApplicationDispatcher.forward(ApplicationDispatcher.java:316)
	at controller.LocationController.doGet(LocationController.java:42)
	at javax.servlet.http.HttpServlet.service(HttpServlet.java:635)
	at javax.servlet.http.HttpServlet.service(HttpServlet.java:742)
	at org.apache.catalina.core.ApplicationFilterChain.internalDoFilter(ApplicationFilterChain.java:231)
	at org.apache.catalina.core.ApplicationFilterChain.doFilter(ApplicationFilterChain.java:166)
	at org.apache.tomcat.websocket.server.WsFilter.doFilter(WsFilter.java:52)
	at org.apache.catalina.core.ApplicationFilterChain.internalDoFilter(ApplicationFilterChain.java:193)
	at org.apache.catalina.core.ApplicationFilterChain.doFilter(ApplicationFilterChain.java:166)
	at org.apache.catalina.core.StandardWrapperValve.invoke(StandardWrapperValve.java:199)
	at org.apache.catalina.core.StandardContextValve.invoke(StandardContextValve.java:96)
	at org.apache.catalina.authenticator.AuthenticatorBase.invoke(AuthenticatorBase.java:504)
	at org.apache.catalina.core.StandardHostValve.invoke(StandardHostValve.java:140)
	at org.apache.catalina.valves.ErrorReportValve.invoke(ErrorReportValve.java:81)
	at org.apache.catalina.valves.AbstractAccessLogValve.invoke(AbstractAccessLogValve.java:650)
	at org.apache.catalina.core.StandardEngineValve.invoke(StandardEngineValve.java:87)
	at org.apache.catalina.connector.CoyoteAdapter.service(CoyoteAdapter.java:342)
	at org.apache.coyote.http11.Http11Processor.service(Http11Processor.java:803)
	at org.apache.coyote.AbstractProcessorLight.process(AbstractProcessorLight.java:66)
	at org.apache.coyote.AbstractProtocol$ConnectionHandler.process(AbstractProtocol.java:790)
	at org.apache.tomcat.util.net.NioEndpoint$SocketProcessor.doRun(NioEndpoint.java:1459)
	at org.apache.tomcat.util.net.SocketProcessorBase.run(SocketProcessorBase.java:49)
	at java.util.concurrent.ThreadPoolExecutor.runWorker(ThreadPoolExecutor.java:1149)
	at java.util.concurrent.ThreadPoolExecutor$Worker.run(ThreadPoolExecutor.java:624)
	at org.apache.tomcat.util.threads.TaskThread$WrappingRunnable.run(TaskThread.java:61)
	at java.lang.Thread.run(Thread.java:748)

