17-Mar-2018 05:14:20.774 SEVERE [http-nio-8090-exec-609] org.apache.catalina.core.StandardWrapperValve.invoke Servlet.service() for servlet [jsp] in context with path [/IT_Company_Locator] threw exception [javax.servlet.ServletException: java.lang.NoSuchMethodError: newpackage1.NewClass.main()V] with root cause
 java.lang.NoSuchMethodError: newpackage1.NewClass.main()V
	at org.apache.jsp.newjsp_jsp._jspService(newjsp_jsp.java:200)
	at org.apache.jasper.runtime.HttpJspBase.service(HttpJspBase.java:70)
	at javax.servlet.http.HttpServlet.service(HttpServlet.java:742)
	at org.apache.jasper.servlet.JspServletWrapper.service(JspServletWrapper.java:443)
	at org.apache.jasper.servlet.JspServlet.serviceJspFile(JspServlet.java:386)
	at org.apache.jasper.servlet.JspServlet.service(JspServlet.java:330)
	at javax.servlet.http.HttpServlet.service(HttpServlet.java:742)
	at org.apache.catalina.core.ApplicationFilterChain.internalDoFilter(ApplicationFilterChain.java:231)
	at org.apache.catalina.core.ApplicationFilterChain.doFilter(ApplicationFilterChain.java:166)
	at org.apache.tomcat.websocket.server.WsFilter.doFilter(WsFilter.java:52)
	at org.apache.catalina.core.ApplicationFilterChain.internalDoFilter(ApplicationFilterChain.java:193)
	at org.apache.catalina.core.ApplicationFilterChain.doFilter(ApplicationFilterChain.java:166)
	at org.apache.catalina.core.StandardWrapperValve.invoke(StandardWrapperValve.java:199)
	at org.apache.catalina.core.StandardContextValve.invoke(StandardContextValve.java:96)
	at org.apache.catalina.authenticator.AuthenticatorBase.invoke(AuthenticatorBase.java:504)
	at org.apache.catalina.core.StandardHostValve.invoke(StandardHostValve.java:140)
	at org.apache.catalina.valves.ErrorReportValve.invoke(ErrorReportValve.java:81)
	at org.apache.catalina.valves.AbstractAccessLogValve.invoke(AbstractAccessLogValve.java:650)
	at org.apache.catalina.core.StandardEngineValve.invoke(StandardEngineValve.java:87)
	at org.apache.catalina.connector.CoyoteAdapter.service(CoyoteAdapter.java:342)
	at org.apache.coyote.http11.Http11Processor.service(Http11Processor.java:803)
	at org.apache.coyote.AbstractProcessorLight.process(AbstractProcessorLight.java:66)
	at org.apache.coyote.AbstractProtocol$ConnectionHandler.process(AbstractProtocol.java:790)
	at org.apache.tomcat.util.net.NioEndpoint$SocketProcessor.doRun(NioEndpoint.java:1459)
	at org.apache.tomcat.util.net.SocketProcessorBase.run(SocketProcessorBase.java:49)
	at java.util.concurrent.ThreadPoolExecutor.runWorker(ThreadPoolExecutor.java:1149)
	at java.util.concurrent.ThreadPoolExecutor$Worker.run(ThreadPoolExecutor.java:624)
	at org.apache.tomcat.util.threads.TaskThread$WrappingRunnable.run(TaskThread.java:61)
	at java.lang.Thread.run(Thread.java:748)

17-Mar-2018 06:09:00.271 INFO [localhost-startStop-2] org.apache.catalina.core.ApplicationContext.log SessionListener: contextDestroyed()
17-Mar-2018 06:09:00.271 INFO [localhost-startStop-2] org.apache.catalina.core.ApplicationContext.log ContextListener: contextDestroyed()
17-Mar-2018 06:09:32.506 INFO [localhost-startStop-1] org.apache.catalina.core.ApplicationContext.log ContextListener: contextInitialized()
17-Mar-2018 06:09:32.506 INFO [localhost-startStop-1] org.apache.catalina.core.ApplicationContext.log SessionListener: contextInitialized()
17-Mar-2018 06:09:32.507 INFO [localhost-startStop-1] org.apache.catalina.core.ApplicationContext.log ContextListener: attributeAdded('StockTicker', 'async.Stockticker@2390a76f')
17-Mar-2018 08:10:23.368 SEVERE [http-nio-8090-exec-126] org.apache.catalina.core.StandardWrapperValve.invoke Servlet.service() for servlet [jsp] in context with path [/IT_Company_Locator] threw exception [Unable to compile class for JSP: 

An error occurred at line: [104] in the jsp file: [/newjsp.jsp]
The method backward() is undefined for the type NewClass
101:                    <%
102:                        if(NewClass.counter>0)
103:                        {
104:                     NewClass.backward();
105:                        }
106:                        else
107:                        {


Stacktrace:] with root cause
 org.apache.jasper.JasperException: Unable to compile class for JSP: 

An error occurred at line: [104] in the jsp file: [/newjsp.jsp]
The method backward() is undefined for the type NewClass
101:                    <%
102:                        if(NewClass.counter>0)
103:                        {
104:                     NewClass.backward();
105:                        }
106:                        else
107:                        {


Stacktrace:
	at org.apache.jasper.compiler.DefaultErrorHandler.javacError(DefaultErrorHandler.java:103)
	at org.apache.jasper.compiler.ErrorDispatcher.javacError(ErrorDispatcher.java:212)
	at org.apache.jasper.compiler.JDTCompiler.generateClass(JDTCompiler.java:457)
	at org.apache.jasper.compiler.Compiler.compile(Compiler.java:379)
	at org.apache.jasper.compiler.Compiler.compile(Compiler.java:351)
	at org.apache.jasper.compiler.Compiler.compile(Compiler.java:335)
	at org.apache.jasper.JspCompilationContext.compile(JspCompilationContext.java:595)
	at org.apache.jasper.servlet.JspServletWrapper.service(JspServletWrapper.java:368)
	at org.apache.jasper.servlet.JspServlet.serviceJspFile(JspServlet.java:386)
	at org.apache.jasper.servlet.JspServlet.service(JspServlet.java:330)
	at javax.servlet.http.HttpServlet.service(HttpServlet.java:742)
	at org.apache.catalina.core.ApplicationFilterChain.internalDoFilter(ApplicationFilterChain.java:231)
	at org.apache.catalina.core.ApplicationFilterChain.doFilter(ApplicationFilterChain.java:166)
	at org.apache.tomcat.websocket.server.WsFilter.doFilter(WsFilter.java:52)
	at org.apache.catalina.core.ApplicationFilterChain.internalDoFilter(ApplicationFilterChain.java:193)
	at org.apache.catalina.core.ApplicationFilterChain.doFilter(ApplicationFilterChain.java:166)
	at org.apache.catalina.core.StandardWrapperValve.invoke(StandardWrapperValve.java:199)
	at org.apache.catalina.core.StandardContextValve.invoke(StandardContextValve.java:96)
	at org.apache.catalina.authenticator.AuthenticatorBase.invoke(AuthenticatorBase.java:504)
	at org.apache.catalina.core.StandardHostValve.invoke(StandardHostValve.java:140)
	at org.apache.catalina.valves.ErrorReportValve.invoke(ErrorReportValve.java:81)
	at org.apache.catalina.valves.AbstractAccessLogValve.invoke(AbstractAccessLogValve.java:650)
	at org.apache.catalina.core.StandardEngineValve.invoke(StandardEngineValve.java:87)
	at org.apache.catalina.connector.CoyoteAdapter.service(CoyoteAdapter.java:342)
	at org.apache.coyote.http11.Http11Processor.service(Http11Processor.java:803)
	at org.apache.coyote.AbstractProcessorLight.process(AbstractProcessorLight.java:66)
	at org.apache.coyote.AbstractProtocol$ConnectionHandler.process(AbstractProtocol.java:790)
	at org.apache.tomcat.util.net.NioEndpoint$SocketProcessor.doRun(NioEndpoint.java:1459)
	at org.apache.tomcat.util.net.SocketProcessorBase.run(SocketProcessorBase.java:49)
	at java.util.concurrent.ThreadPoolExecutor.runWorker(ThreadPoolExecutor.java:1149)
	at java.util.concurrent.ThreadPoolExecutor$Worker.run(ThreadPoolExecutor.java:624)
	at org.apache.tomcat.util.threads.TaskThread$WrappingRunnable.run(TaskThread.java:61)
	at java.lang.Thread.run(Thread.java:748)

17-Mar-2018 08:11:19.931 SEVERE [http-nio-8090-exec-141] org.apache.catalina.core.StandardWrapperValve.invoke Servlet.service() for servlet [jsp] in context with path [/IT_Company_Locator] threw exception [Unable to compile class for JSP: 

An error occurred at line: [104] in the jsp file: [/newjsp.jsp]
The method backward() is undefined for the type NewClass
101:                    <%
102:                        if(NewClass.counter>0)
103:                        {
104:                     NewClass.backward();
105:                        }
106:                        else
107:                        {


Stacktrace:] with root cause
 org.apache.jasper.JasperException: Unable to compile class for JSP: 

An error occurred at line: [104] in the jsp file: [/newjsp.jsp]
The method backward() is undefined for the type NewClass
101:                    <%
102:                        if(NewClass.counter>0)
103:                        {
104:                     NewClass.backward();
105:                        }
106:                        else
107:                        {


Stacktrace:
	at org.apache.jasper.compiler.DefaultErrorHandler.javacError(DefaultErrorHandler.java:103)
	at org.apache.jasper.compiler.ErrorDispatcher.javacError(ErrorDispatcher.java:212)
	at org.apache.jasper.compiler.JDTCompiler.generateClass(JDTCompiler.java:457)
	at org.apache.jasper.compiler.Compiler.compile(Compiler.java:379)
	at org.apache.jasper.compiler.Compiler.compile(Compiler.java:351)
	at org.apache.jasper.compiler.Compiler.compile(Compiler.java:335)
	at org.apache.jasper.JspCompilationContext.compile(JspCompilationContext.java:595)
	at org.apache.jasper.servlet.JspServletWrapper.service(JspServletWrapper.java:368)
	at org.apache.jasper.servlet.JspServlet.serviceJspFile(JspServlet.java:386)
	at org.apache.jasper.servlet.JspServlet.service(JspServlet.java:330)
	at javax.servlet.http.HttpServlet.service(HttpServlet.java:742)
	at org.apache.catalina.core.ApplicationFilterChain.internalDoFilter(ApplicationFilterChain.java:231)
	at org.apache.catalina.core.ApplicationFilterChain.doFilter(ApplicationFilterChain.java:166)
	at org.apache.tomcat.websocket.server.WsFilter.doFilter(WsFilter.java:52)
	at org.apache.catalina.core.ApplicationFilterChain.internalDoFilter(ApplicationFilterChain.java:193)
	at org.apache.catalina.core.ApplicationFilterChain.doFilter(ApplicationFilterChain.java:166)
	at org.apache.catalina.core.StandardWrapperValve.invoke(StandardWrapperValve.java:199)
	at org.apache.catalina.core.StandardContextValve.invoke(StandardContextValve.java:96)
	at org.apache.catalina.authenticator.AuthenticatorBase.invoke(AuthenticatorBase.java:504)
	at org.apache.catalina.core.StandardHostValve.invoke(StandardHostValve.java:140)
	at org.apache.catalina.valves.ErrorReportValve.invoke(ErrorReportValve.java:81)
	at org.apache.catalina.valves.AbstractAccessLogValve.invoke(AbstractAccessLogValve.java:650)
	at org.apache.catalina.core.StandardEngineValve.invoke(StandardEngineValve.java:87)
	at org.apache.catalina.connector.CoyoteAdapter.service(CoyoteAdapter.java:342)
	at org.apache.coyote.http11.Http11Processor.service(Http11Processor.java:803)
	at org.apache.coyote.AbstractProcessorLight.process(AbstractProcessorLight.java:66)
	at org.apache.coyote.AbstractProtocol$ConnectionHandler.process(AbstractProtocol.java:790)
	at org.apache.tomcat.util.net.NioEndpoint$SocketProcessor.doRun(NioEndpoint.java:1459)
	at org.apache.tomcat.util.net.SocketProcessorBase.run(SocketProcessorBase.java:49)
	at java.util.concurrent.ThreadPoolExecutor.runWorker(ThreadPoolExecutor.java:1149)
	at java.util.concurrent.ThreadPoolExecutor$Worker.run(ThreadPoolExecutor.java:624)
	at org.apache.tomcat.util.threads.TaskThread$WrappingRunnable.run(TaskThread.java:61)
	at java.lang.Thread.run(Thread.java:748)

17-Mar-2018 11:09:10.045 SEVERE [http-nio-8090-exec-200] org.apache.catalina.core.StandardWrapperValve.invoke Servlet.service() for servlet [jsp] in context with path [/IT_Company_Locator] threw exception [Unable to compile class for JSP: 

An error occurred at line: [158] in the jsp file: [/newjsp.jsp]
The method print(boolean) in the type JspWriter is not applicable for the arguments (void)
155:         </tr>
156:         </table>
157:            <%if(NewClass.counter<2){%>
158:             <form onsubmit="<%=forw()%>" action="newjsp.jsp">
159:             <input type="submit" value="forward">
160:             </form>
161:             <%}%>


An error occurred at line: [163] in the jsp file: [/newjsp.jsp]
The method print(boolean) in the type JspWriter is not applicable for the arguments (void)
160:             </form>
161:             <%}%>
162:             <%if(NewClass.counter>0){%>
163:             <form onsubmit="<%=c()%>" action="newjsp.jsp">
164:             <input type="submit" value="backward">
165:             </form>
166:             <%}%>


Stacktrace:] with root cause
 org.apache.jasper.JasperException: Unable to compile class for JSP: 

An error occurred at line: [158] in the jsp file: [/newjsp.jsp]
The method print(boolean) in the type JspWriter is not applicable for the arguments (void)
155:         </tr>
156:         </table>
157:            <%if(NewClass.counter<2){%>
158:             <form onsubmit="<%=forw()%>" action="newjsp.jsp">
159:             <input type="submit" value="forward">
160:             </form>
161:             <%}%>


An error occurred at line: [163] in the jsp file: [/newjsp.jsp]
The method print(boolean) in the type JspWriter is not applicable for the arguments (void)
160:             </form>
161:             <%}%>
162:             <%if(NewClass.counter>0){%>
163:             <form onsubmit="<%=c()%>" action="newjsp.jsp">
164:             <input type="submit" value="backward">
165:             </form>
166:             <%}%>


Stacktrace:
	at org.apache.jasper.compiler.DefaultErrorHandler.javacError(DefaultErrorHandler.java:103)
	at org.apache.jasper.compiler.ErrorDispatcher.javacError(ErrorDispatcher.java:212)
	at org.apache.jasper.compiler.JDTCompiler.generateClass(JDTCompiler.java:457)
	at org.apache.jasper.compiler.Compiler.compile(Compiler.java:379)
	at org.apache.jasper.compiler.Compiler.compile(Compiler.java:351)
	at org.apache.jasper.compiler.Compiler.compile(Compiler.java:335)
	at org.apache.jasper.JspCompilationContext.compile(JspCompilationContext.java:595)
	at org.apache.jasper.servlet.JspServletWrapper.service(JspServletWrapper.java:368)
	at org.apache.jasper.servlet.JspServlet.serviceJspFile(JspServlet.java:386)
	at org.apache.jasper.servlet.JspServlet.service(JspServlet.java:330)
	at javax.servlet.http.HttpServlet.service(HttpServlet.java:742)
	at org.apache.catalina.core.ApplicationFilterChain.internalDoFilter(ApplicationFilterChain.java:231)
	at org.apache.catalina.core.ApplicationFilterChain.doFilter(ApplicationFilterChain.java:166)
	at org.apache.tomcat.websocket.server.WsFilter.doFilter(WsFilter.java:52)
	at org.apache.catalina.core.ApplicationFilterChain.internalDoFilter(ApplicationFilterChain.java:193)
	at org.apache.catalina.core.ApplicationFilterChain.doFilter(ApplicationFilterChain.java:166)
	at org.apache.catalina.core.StandardWrapperValve.invoke(StandardWrapperValve.java:199)
	at org.apache.catalina.core.StandardContextValve.invoke(StandardContextValve.java:96)
	at org.apache.catalina.authenticator.AuthenticatorBase.invoke(AuthenticatorBase.java:504)
	at org.apache.catalina.core.StandardHostValve.invoke(StandardHostValve.java:140)
	at org.apache.catalina.valves.ErrorReportValve.invoke(ErrorReportValve.java:81)
	at org.apache.catalina.valves.AbstractAccessLogValve.invoke(AbstractAccessLogValve.java:650)
	at org.apache.catalina.core.StandardEngineValve.invoke(StandardEngineValve.java:87)
	at org.apache.catalina.connector.CoyoteAdapter.service(CoyoteAdapter.java:342)
	at org.apache.coyote.http11.Http11Processor.service(Http11Processor.java:803)
	at org.apache.coyote.AbstractProcessorLight.process(AbstractProcessorLight.java:66)
	at org.apache.coyote.AbstractProtocol$ConnectionHandler.process(AbstractProtocol.java:790)
	at org.apache.tomcat.util.net.NioEndpoint$SocketProcessor.doRun(NioEndpoint.java:1459)
	at org.apache.tomcat.util.net.SocketProcessorBase.run(SocketProcessorBase.java:49)
	at java.util.concurrent.ThreadPoolExecutor.runWorker(ThreadPoolExecutor.java:1149)
	at java.util.concurrent.ThreadPoolExecutor$Worker.run(ThreadPoolExecutor.java:624)
	at org.apache.tomcat.util.threads.TaskThread$WrappingRunnable.run(TaskThread.java:61)
	at java.lang.Thread.run(Thread.java:748)

