21-Mar-2018 14:44:46.815 INFO [http-nio-8090-exec-48] org.apache.catalina.core.ApplicationContext.log Manager: list: Listing contexts for virtual host 'localhost'
21-Mar-2018 14:44:47.592 INFO [http-nio-8090-exec-40] org.apache.catalina.core.ApplicationContext.log Manager: list: Listing contexts for virtual host 'localhost'
21-Mar-2018 14:44:47.748 INFO [http-nio-8090-exec-41] org.apache.catalina.core.ApplicationContext.log Manager: install: Installing context configuration at 'file:/C:/Users/SURAJ~1.JEN/AppData/Local/Temp/context5966750028486238179.xml'
21-Mar-2018 14:44:52.169 INFO [http-nio-8090-exec-44] org.apache.catalina.core.ApplicationContext.log Manager: start: Starting web application '/Checklist'
21-Mar-2018 14:45:10.421 INFO [http-nio-8090-exec-43] org.apache.catalina.core.ApplicationContext.log Manager: list: Listing contexts for virtual host 'localhost'
21-Mar-2018 14:45:10.452 INFO [http-nio-8090-exec-45] org.apache.catalina.core.ApplicationContext.log Manager: list: Listing contexts for virtual host 'localhost'
21-Mar-2018 14:50:27.068 INFO [http-nio-8090-exec-44] org.apache.catalina.core.ApplicationContext.log Manager: list: Listing contexts for virtual host 'localhost'
21-Mar-2018 14:50:37.611 INFO [http-nio-8090-exec-41] org.apache.catalina.core.ApplicationContext.log Manager: list: Listing contexts for virtual host 'localhost'
21-Mar-2018 14:53:21.421 INFO [http-nio-8090-exec-49] org.apache.catalina.core.ApplicationContext.log Manager: list: Listing contexts for virtual host 'localhost'
21-Mar-2018 14:53:40.197 INFO [http-nio-8090-exec-43] org.apache.catalina.core.ApplicationContext.log Manager: list: Listing contexts for virtual host 'localhost'
21-Mar-2018 14:55:19.198 INFO [http-nio-8090-exec-41] org.apache.catalina.core.ApplicationContext.log Manager: list: Listing contexts for virtual host 'localhost'
21-Mar-2018 14:55:36.311 INFO [http-nio-8090-exec-48] org.apache.catalina.core.ApplicationContext.log Manager: list: Listing contexts for virtual host 'localhost'
21-Mar-2018 14:55:36.342 INFO [http-nio-8090-exec-43] org.apache.catalina.core.ApplicationContext.log Manager: list: Listing contexts for virtual host 'localhost'
21-Mar-2018 14:56:46.192 INFO [http-nio-8090-exec-43] org.apache.catalina.core.ApplicationContext.log Manager: list: Listing contexts for virtual host 'localhost'
21-Mar-2018 14:56:49.033 INFO [http-nio-8090-exec-40] org.apache.catalina.core.ApplicationContext.log Manager: list: Listing contexts for virtual host 'localhost'
21-Mar-2018 14:56:49.080 INFO [http-nio-8090-exec-46] org.apache.catalina.core.ApplicationContext.log Manager: list: Listing contexts for virtual host 'localhost'
21-Mar-2018 14:58:56.873 INFO [http-nio-8090-exec-40] org.apache.catalina.core.ApplicationContext.log Manager: list: Listing contexts for virtual host 'localhost'
21-Mar-2018 14:58:56.920 INFO [http-nio-8090-exec-46] org.apache.catalina.core.ApplicationContext.log Manager: restart: Reloading web application '/Checklist'
21-Mar-2018 14:59:07.941 INFO [http-nio-8090-exec-45] org.apache.catalina.core.ApplicationContext.log Manager: list: Listing contexts for virtual host 'localhost'
21-Mar-2018 14:59:07.941 INFO [http-nio-8090-exec-47] org.apache.catalina.core.ApplicationContext.log Manager: list: Listing contexts for virtual host 'localhost'
21-Mar-2018 14:59:07.957 INFO [http-nio-8090-exec-50] org.apache.catalina.core.ApplicationContext.log Manager: restart: Reloading web application '/Checklist'
21-Mar-2018 14:59:35.372 INFO [http-nio-8090-exec-43] org.apache.catalina.core.ApplicationContext.log Manager: list: Listing contexts for virtual host 'localhost'
21-Mar-2018 14:59:35.375 INFO [http-nio-8090-exec-55] org.apache.catalina.core.ApplicationContext.log Manager: list: Listing contexts for virtual host 'localhost'
21-Mar-2018 15:00:36.827 INFO [http-nio-8090-exec-55] org.apache.catalina.core.ApplicationContext.log Manager: list: Listing contexts for virtual host 'localhost'
21-Mar-2018 15:19:45.230 INFO [http-nio-8090-exec-61] org.apache.catalina.core.ApplicationContext.log Manager: list: Listing contexts for virtual host 'localhost'
21-Mar-2018 15:19:47.964 INFO [http-nio-8090-exec-54] org.apache.catalina.core.ApplicationContext.log Manager: list: Listing contexts for virtual host 'localhost'
21-Mar-2018 15:19:47.964 INFO [http-nio-8090-exec-55] org.apache.catalina.core.ApplicationContext.log Manager: list: Listing contexts for virtual host 'localhost'
21-Mar-2018 15:20:33.975 INFO [http-nio-8090-exec-55] org.apache.catalina.core.ApplicationContext.log Manager: list: Listing contexts for virtual host 'localhost'
21-Mar-2018 15:20:39.229 INFO [http-nio-8090-exec-59] org.apache.catalina.core.ApplicationContext.log Manager: list: Listing contexts for virtual host 'localhost'
21-Mar-2018 15:20:39.245 INFO [http-nio-8090-exec-57] org.apache.catalina.core.ApplicationContext.log Manager: list: Listing contexts for virtual host 'localhost'
21-Mar-2018 15:21:37.396 INFO [http-nio-8090-exec-54] org.apache.catalina.core.ApplicationContext.log Manager: list: Listing contexts for virtual host 'localhost'
21-Mar-2018 15:21:40.361 INFO [http-nio-8090-exec-57] org.apache.catalina.core.ApplicationContext.log Manager: list: Listing contexts for virtual host 'localhost'
21-Mar-2018 15:21:40.361 INFO [http-nio-8090-exec-60] org.apache.catalina.core.ApplicationContext.log Manager: list: Listing contexts for virtual host 'localhost'
21-Mar-2018 15:22:14.439 INFO [http-nio-8090-exec-60] org.apache.catalina.core.ApplicationContext.log Manager: list: Listing contexts for virtual host 'localhost'
21-Mar-2018 15:22:19.639 INFO [http-nio-8090-exec-55] org.apache.catalina.core.ApplicationContext.log Manager: list: Listing contexts for virtual host 'localhost'
21-Mar-2018 15:22:19.655 INFO [http-nio-8090-exec-54] org.apache.catalina.core.ApplicationContext.log Manager: list: Listing contexts for virtual host 'localhost'
21-Mar-2018 15:24:01.954 INFO [http-nio-8090-exec-53] org.apache.catalina.core.ApplicationContext.log Manager: list: Listing contexts for virtual host 'localhost'
21-Mar-2018 15:24:01.954 INFO [http-nio-8090-exec-59] org.apache.catalina.core.ApplicationContext.log Manager: list: Listing contexts for virtual host 'localhost'
21-Mar-2018 15:25:09.183 INFO [http-nio-8090-exec-52] org.apache.catalina.core.ApplicationContext.log Manager: list: Listing contexts for virtual host 'localhost'
21-Mar-2018 15:26:15.283 INFO [http-nio-8090-exec-54] org.apache.catalina.core.ApplicationContext.log Manager: list: Listing contexts for virtual host 'localhost'
21-Mar-2018 15:50:28.322 INFO [http-nio-8090-exec-59] org.apache.catalina.core.ApplicationContext.log Manager: list: Listing contexts for virtual host 'localhost'
21-Mar-2018 15:50:33.264 INFO [http-nio-8090-exec-61] org.apache.catalina.core.ApplicationContext.log Manager: list: Listing contexts for virtual host 'localhost'
21-Mar-2018 15:52:31.430 INFO [http-nio-8090-exec-57] org.apache.catalina.core.ApplicationContext.log Manager: list: Listing contexts for virtual host 'localhost'
21-Mar-2018 15:52:52.096 INFO [http-nio-8090-exec-58] org.apache.catalina.core.ApplicationContext.log Manager: list: Listing contexts for virtual host 'localhost'
21-Mar-2018 15:52:52.190 INFO [http-nio-8090-exec-59] org.apache.catalina.core.ApplicationContext.log Manager: restart: Reloading web application '/Checklist'
21-Mar-2018 15:52:55.846 INFO [http-nio-8090-exec-62] org.apache.catalina.core.ApplicationContext.log Manager: list: Listing contexts for virtual host 'localhost'
21-Mar-2018 15:52:55.846 INFO [http-nio-8090-exec-57] org.apache.catalina.core.ApplicationContext.log Manager: restart: Reloading web application '/Checklist'
21-Mar-2018 15:53:16.835 INFO [http-nio-8090-exec-55] org.apache.catalina.core.ApplicationContext.log Manager: list: Listing contexts for virtual host 'localhost'
21-Mar-2018 15:53:16.835 INFO [http-nio-8090-exec-52] org.apache.catalina.core.ApplicationContext.log Manager: restart: Reloading web application '/Checklist'
21-Mar-2018 15:53:26.264 INFO [http-nio-8090-exec-53] org.apache.catalina.core.ApplicationContext.log Manager: list: Listing contexts for virtual host 'localhost'
21-Mar-2018 15:53:26.280 INFO [http-nio-8090-exec-55] org.apache.catalina.core.ApplicationContext.log Manager: restart: Reloading web application '/Checklist'
21-Mar-2018 15:54:27.740 INFO [http-nio-8090-exec-65] org.apache.catalina.core.ApplicationContext.log Manager: list: Listing contexts for virtual host 'localhost'
21-Mar-2018 15:54:27.740 INFO [http-nio-8090-exec-60] org.apache.catalina.core.ApplicationContext.log Manager: restart: Reloading web application '/Checklist'
21-Mar-2018 15:55:12.811 INFO [http-nio-8090-exec-55] org.apache.catalina.core.ApplicationContext.log Manager: list: Listing contexts for virtual host 'localhost'
21-Mar-2018 15:55:12.827 INFO [http-nio-8090-exec-67] org.apache.catalina.core.ApplicationContext.log Manager: restart: Reloading web application '/Checklist'
21-Mar-2018 15:55:39.047 INFO [http-nio-8090-exec-60] org.apache.catalina.core.ApplicationContext.log Manager: list: Listing contexts for virtual host 'localhost'
21-Mar-2018 15:55:39.063 INFO [http-nio-8090-exec-55] org.apache.catalina.core.ApplicationContext.log Manager: restart: Reloading web application '/Checklist'
21-Mar-2018 15:56:53.404 INFO [http-nio-8090-exec-65] org.apache.catalina.core.ApplicationContext.log Manager: list: Listing contexts for virtual host 'localhost'
21-Mar-2018 15:58:11.207 INFO [http-nio-8090-exec-70] org.apache.catalina.core.ApplicationContext.log Manager: list: Listing contexts for virtual host 'localhost'
21-Mar-2018 15:59:57.015 INFO [http-nio-8090-exec-73] org.apache.catalina.core.ApplicationContext.log Manager: list: Listing contexts for virtual host 'localhost'
21-Mar-2018 16:00:09.865 INFO [http-nio-8090-exec-63] org.apache.catalina.core.ApplicationContext.log Manager: list: Listing contexts for virtual host 'localhost'
21-Mar-2018 16:00:09.876 INFO [http-nio-8090-exec-77] org.apache.catalina.core.ApplicationContext.log Manager: restart: Reloading web application '/Checklist'
21-Mar-2018 16:00:55.510 INFO [http-nio-8090-exec-71] org.apache.catalina.core.ApplicationContext.log Manager: list: Listing contexts for virtual host 'localhost'
21-Mar-2018 16:00:55.510 INFO [http-nio-8090-exec-76] org.apache.catalina.core.ApplicationContext.log Manager: list: Listing contexts for virtual host 'localhost'
21-Mar-2018 16:00:55.869 INFO [http-nio-8090-exec-63] org.apache.catalina.core.ApplicationContext.log Manager: restart: Reloading web application '/Checklist'
21-Mar-2018 16:02:39.482 INFO [http-nio-8090-exec-82] org.apache.catalina.core.ApplicationContext.log Manager: list: Listing contexts for virtual host 'localhost'
21-Mar-2018 16:03:20.012 INFO [http-nio-8090-exec-80] org.apache.catalina.core.ApplicationContext.log Manager: list: Listing contexts for virtual host 'localhost'
21-Mar-2018 16:03:34.171 INFO [http-nio-8090-exec-85] org.apache.catalina.core.ApplicationContext.log Manager: list: Listing contexts for virtual host 'localhost'
21-Mar-2018 16:03:34.171 INFO [http-nio-8090-exec-81] org.apache.catalina.core.ApplicationContext.log Manager: stop: Stopping web application '/Checklist'
21-Mar-2018 16:03:34.187 INFO [http-nio-8090-exec-83] org.apache.catalina.core.ApplicationContext.log Manager: start: Starting web application '/Checklist'
21-Mar-2018 16:03:34.515 INFO [http-nio-8090-exec-84] org.apache.catalina.core.ApplicationContext.log Manager: list: Listing contexts for virtual host 'localhost'
21-Mar-2018 16:03:34.531 INFO [http-nio-8090-exec-80] org.apache.catalina.core.ApplicationContext.log Manager: restart: Reloading web application '/Checklist'
21-Mar-2018 16:03:35.234 INFO [http-nio-8090-exec-84] org.apache.catalina.core.ApplicationContext.log Manager: list: Listing contexts for virtual host 'localhost'
21-Mar-2018 16:03:35.250 INFO [http-nio-8090-exec-85] org.apache.catalina.core.ApplicationContext.log Manager: stop: Stopping web application '/Checklist'
21-Mar-2018 16:03:35.281 INFO [http-nio-8090-exec-83] org.apache.catalina.core.ApplicationContext.log Manager: start: Starting web application '/Checklist'
21-Mar-2018 16:03:36.172 INFO [http-nio-8090-exec-81] org.apache.catalina.core.ApplicationContext.log Manager: list: Listing contexts for virtual host 'localhost'
21-Mar-2018 16:03:36.172 INFO [http-nio-8090-exec-82] org.apache.catalina.core.ApplicationContext.log Manager: restart: Reloading web application '/Checklist'
21-Mar-2018 16:03:40.054 INFO [http-nio-8090-exec-81] org.apache.catalina.core.ApplicationContext.log Manager: list: Listing contexts for virtual host 'localhost'
21-Mar-2018 16:03:40.085 INFO [http-nio-8090-exec-85] org.apache.catalina.core.ApplicationContext.log Manager: restart: Reloading web application '/Checklist'
21-Mar-2018 16:03:43.370 INFO [http-nio-8090-exec-90] org.apache.catalina.core.ApplicationContext.log Manager: list: Listing contexts for virtual host 'localhost'
21-Mar-2018 16:03:43.385 INFO [http-nio-8090-exec-87] org.apache.catalina.core.ApplicationContext.log Manager: restart: Reloading web application '/Checklist'
21-Mar-2018 16:04:19.635 INFO [http-nio-8090-exec-90] org.apache.catalina.core.ApplicationContext.log Manager: list: Listing contexts for virtual host 'localhost'
21-Mar-2018 16:04:19.651 INFO [http-nio-8090-exec-93] org.apache.catalina.core.ApplicationContext.log Manager: restart: Reloading web application '/Checklist'
21-Mar-2018 16:04:58.659 INFO [http-nio-8090-exec-92] org.apache.catalina.core.ApplicationContext.log Manager: list: Listing contexts for virtual host 'localhost'
21-Mar-2018 16:04:58.659 INFO [http-nio-8090-exec-80] org.apache.catalina.core.ApplicationContext.log Manager: list: Listing contexts for virtual host 'localhost'
21-Mar-2018 16:04:58.675 INFO [http-nio-8090-exec-85] org.apache.catalina.core.ApplicationContext.log Manager: stop: Stopping web application '/Checklist'
21-Mar-2018 16:04:58.690 INFO [http-nio-8090-exec-95] org.apache.catalina.core.ApplicationContext.log Manager: start: Starting web application '/Checklist'
21-Mar-2018 16:07:12.290 INFO [http-nio-8090-exec-89] org.apache.catalina.core.ApplicationContext.log Manager: list: Listing contexts for virtual host 'localhost'
21-Mar-2018 16:07:12.290 INFO [http-nio-8090-exec-95] org.apache.catalina.core.ApplicationContext.log Manager: list: Listing contexts for virtual host 'localhost'
21-Mar-2018 16:08:50.421 INFO [http-nio-8090-exec-98] org.apache.catalina.core.ApplicationContext.log Manager: list: Listing contexts for virtual host 'localhost'
21-Mar-2018 16:08:50.437 INFO [http-nio-8090-exec-93] org.apache.catalina.core.ApplicationContext.log Manager: restart: Reloading web application '/Checklist'
21-Mar-2018 16:09:00.318 INFO [http-nio-8090-exec-99] org.apache.catalina.core.ApplicationContext.log Manager: list: Listing contexts for virtual host 'localhost'
21-Mar-2018 16:09:00.318 INFO [http-nio-8090-exec-97] org.apache.catalina.core.ApplicationContext.log Manager: restart: Reloading web application '/Checklist'
21-Mar-2018 16:10:32.261 INFO [http-nio-8090-exec-105] org.apache.catalina.core.ApplicationContext.log Manager: list: Listing contexts for virtual host 'localhost'
21-Mar-2018 16:10:32.261 INFO [http-nio-8090-exec-93] org.apache.catalina.core.ApplicationContext.log Manager: restart: Reloading web application '/Checklist'
21-Mar-2018 16:17:22.039 INFO [http-nio-8090-exec-114] org.apache.catalina.core.ApplicationContext.log Manager: list: Listing contexts for virtual host 'localhost'
21-Mar-2018 16:17:22.039 INFO [http-nio-8090-exec-115] org.apache.catalina.core.ApplicationContext.log Manager: list: Listing contexts for virtual host 'localhost'
21-Mar-2018 16:17:22.054 INFO [http-nio-8090-exec-116] org.apache.catalina.core.ApplicationContext.log Manager: restart: Reloading web application '/Checklist'
21-Mar-2018 16:19:43.920 INFO [http-nio-8090-exec-119] org.apache.catalina.core.ApplicationContext.log Manager: list: Listing contexts for virtual host 'localhost'
21-Mar-2018 16:21:13.204 INFO [http-nio-8090-exec-121] org.apache.catalina.core.ApplicationContext.log Manager: list: Listing contexts for virtual host 'localhost'
21-Mar-2018 16:21:48.259 INFO [http-nio-8090-exec-122] org.apache.catalina.core.ApplicationContext.log Manager: list: Listing contexts for virtual host 'localhost'
21-Mar-2018 16:21:59.761 INFO [http-nio-8090-exec-121] org.apache.catalina.core.ApplicationContext.log Manager: list: Listing contexts for virtual host 'localhost'
21-Mar-2018 16:21:59.764 INFO [http-nio-8090-exec-118] org.apache.catalina.core.ApplicationContext.log Manager: list: Listing contexts for virtual host 'localhost'
21-Mar-2018 16:22:16.995 INFO [http-nio-8090-exec-125] org.apache.catalina.core.ApplicationContext.log Manager: list: Listing contexts for virtual host 'localhost'
21-Mar-2018 16:22:30.211 INFO [http-nio-8090-exec-127] org.apache.catalina.core.ApplicationContext.log Manager: list: Listing contexts for virtual host 'localhost'
21-Mar-2018 16:22:30.211 INFO [http-nio-8090-exec-121] org.apache.catalina.core.ApplicationContext.log Manager: list: Listing contexts for virtual host 'localhost'
21-Mar-2018 16:22:43.619 INFO [http-nio-8090-exec-121] org.apache.catalina.core.ApplicationContext.log Manager: list: Listing contexts for virtual host 'localhost'
21-Mar-2018 16:22:45.754 INFO [http-nio-8090-exec-119] org.apache.catalina.core.ApplicationContext.log Manager: list: Listing contexts for virtual host 'localhost'
21-Mar-2018 16:22:45.754 INFO [http-nio-8090-exec-125] org.apache.catalina.core.ApplicationContext.log Manager: list: Listing contexts for virtual host 'localhost'
21-Mar-2018 16:23:17.935 INFO [http-nio-8090-exec-119] org.apache.catalina.core.ApplicationContext.log Manager: list: Listing contexts for virtual host 'localhost'
21-Mar-2018 16:23:20.209 INFO [http-nio-8090-exec-127] org.apache.catalina.core.ApplicationContext.log Manager: list: Listing contexts for virtual host 'localhost'
21-Mar-2018 16:23:20.209 INFO [http-nio-8090-exec-122] org.apache.catalina.core.ApplicationContext.log Manager: list: Listing contexts for virtual host 'localhost'
21-Mar-2018 16:23:36.637 INFO [http-nio-8090-exec-122] org.apache.catalina.core.ApplicationContext.log Manager: list: Listing contexts for virtual host 'localhost'
21-Mar-2018 16:23:39.326 INFO [http-nio-8090-exec-121] org.apache.catalina.core.ApplicationContext.log Manager: list: Listing contexts for virtual host 'localhost'
21-Mar-2018 16:23:39.326 INFO [http-nio-8090-exec-119] org.apache.catalina.core.ApplicationContext.log Manager: list: Listing contexts for virtual host 'localhost'
21-Mar-2018 16:23:58.261 INFO [http-nio-8090-exec-120] org.apache.catalina.core.ApplicationContext.log Manager: list: Listing contexts for virtual host 'localhost'
21-Mar-2018 16:23:58.261 INFO [http-nio-8090-exec-118] org.apache.catalina.core.ApplicationContext.log Manager: list: Listing contexts for virtual host 'localhost'
21-Mar-2018 16:24:25.306 INFO [http-nio-8090-exec-120] org.apache.catalina.core.ApplicationContext.log Manager: list: Listing contexts for virtual host 'localhost'
21-Mar-2018 16:24:27.199 INFO [http-nio-8090-exec-123] org.apache.catalina.core.ApplicationContext.log Manager: list: Listing contexts for virtual host 'localhost'
21-Mar-2018 16:24:27.199 INFO [http-nio-8090-exec-127] org.apache.catalina.core.ApplicationContext.log Manager: list: Listing contexts for virtual host 'localhost'
21-Mar-2018 16:27:59.486 INFO [http-nio-8090-exec-127] org.apache.catalina.core.ApplicationContext.log Manager: list: Listing contexts for virtual host 'localhost'
21-Mar-2018 16:28:09.912 INFO [http-nio-8090-exec-124] org.apache.catalina.core.ApplicationContext.log Manager: list: Listing contexts for virtual host 'localhost'
21-Mar-2018 16:28:09.914 INFO [http-nio-8090-exec-121] org.apache.catalina.core.ApplicationContext.log Manager: list: Listing contexts for virtual host 'localhost'
21-Mar-2018 16:28:30.126 INFO [http-nio-8090-exec-122] org.apache.catalina.core.ApplicationContext.log Manager: list: Listing contexts for virtual host 'localhost'
21-Mar-2018 16:28:32.559 INFO [http-nio-8090-exec-119] org.apache.catalina.core.ApplicationContext.log Manager: list: Listing contexts for virtual host 'localhost'
21-Mar-2018 16:28:32.559 INFO [http-nio-8090-exec-121] org.apache.catalina.core.ApplicationContext.log Manager: list: Listing contexts for virtual host 'localhost'
21-Mar-2018 16:29:19.376 INFO [http-nio-8090-exec-121] org.apache.catalina.core.ApplicationContext.log Manager: list: Listing contexts for virtual host 'localhost'
21-Mar-2018 16:29:25.819 INFO [http-nio-8090-exec-127] org.apache.catalina.core.ApplicationContext.log Manager: list: Listing contexts for virtual host 'localhost'
21-Mar-2018 16:29:25.819 INFO [http-nio-8090-exec-123] org.apache.catalina.core.ApplicationContext.log Manager: list: Listing contexts for virtual host 'localhost'
21-Mar-2018 16:29:57.218 INFO [http-nio-8090-exec-123] org.apache.catalina.core.ApplicationContext.log Manager: list: Listing contexts for virtual host 'localhost'
21-Mar-2018 16:30:09.055 INFO [http-nio-8090-exec-119] org.apache.catalina.core.ApplicationContext.log Manager: list: Listing contexts for virtual host 'localhost'
21-Mar-2018 16:30:09.055 INFO [http-nio-8090-exec-120] org.apache.catalina.core.ApplicationContext.log Manager: list: Listing contexts for virtual host 'localhost'
21-Mar-2018 16:30:24.440 INFO [http-nio-8090-exec-124] org.apache.catalina.core.ApplicationContext.log Manager: list: Listing contexts for virtual host 'localhost'
21-Mar-2018 16:30:26.813 INFO [http-nio-8090-exec-120] org.apache.catalina.core.ApplicationContext.log Manager: list: Listing contexts for virtual host 'localhost'
21-Mar-2018 16:30:26.813 INFO [http-nio-8090-exec-125] org.apache.catalina.core.ApplicationContext.log Manager: list: Listing contexts for virtual host 'localhost'
21-Mar-2018 16:53:54.540 INFO [http-nio-8090-exec-118] org.apache.catalina.core.ApplicationContext.log Manager: list: Listing contexts for virtual host 'localhost'
21-Mar-2018 16:53:54.540 INFO [http-nio-8090-exec-122] org.apache.catalina.core.ApplicationContext.log Manager: list: Listing contexts for virtual host 'localhost'
21-Mar-2018 16:54:16.851 INFO [http-nio-8090-exec-123] org.apache.catalina.core.ApplicationContext.log Manager: list: Listing contexts for virtual host 'localhost'
21-Mar-2018 16:54:16.851 INFO [http-nio-8090-exec-126] org.apache.catalina.core.ApplicationContext.log Manager: list: Listing contexts for virtual host 'localhost'
21-Mar-2018 16:54:33.507 INFO [http-nio-8090-exec-119] org.apache.catalina.core.ApplicationContext.log Manager: list: Listing contexts for virtual host 'localhost'
21-Mar-2018 16:54:33.507 INFO [http-nio-8090-exec-121] org.apache.catalina.core.ApplicationContext.log Manager: list: Listing contexts for virtual host 'localhost'
21-Mar-2018 16:55:28.836 INFO [http-nio-8090-exec-119] org.apache.catalina.core.ApplicationContext.log Manager: list: Listing contexts for virtual host 'localhost'
21-Mar-2018 19:15:27.841 INFO [http-nio-8090-exec-121] org.apache.catalina.core.ApplicationContext.log Manager: list: Listing contexts for virtual host 'localhost'
21-Mar-2018 19:15:28.244 INFO [http-nio-8090-exec-120] org.apache.catalina.core.ApplicationContext.log Manager: list: Listing contexts for virtual host 'localhost'
21-Mar-2018 19:15:28.412 INFO [http-nio-8090-exec-125] org.apache.catalina.core.ApplicationContext.log Manager: install: Installing context configuration at 'file:/C:/Users/SURAJ~1.JEN/AppData/Local/Temp/context9218429627190481338.xml'
21-Mar-2018 19:15:36.207 INFO [http-nio-8090-exec-125] org.apache.catalina.core.ApplicationContext.log Manager: start: Starting web application '/Check_List'
21-Mar-2018 19:16:21.611 INFO [http-nio-8090-exec-125] org.apache.catalina.core.ApplicationContext.log Manager: list: Listing contexts for virtual host 'localhost'
21-Mar-2018 19:16:32.010 INFO [http-nio-8090-exec-122] org.apache.catalina.core.ApplicationContext.log Manager: list: Listing contexts for virtual host 'localhost'
21-Mar-2018 19:16:32.010 INFO [http-nio-8090-exec-118] org.apache.catalina.core.ApplicationContext.log Manager: list: Listing contexts for virtual host 'localhost'
21-Mar-2018 19:17:29.426 INFO [http-nio-8090-exec-122] org.apache.catalina.core.ApplicationContext.log Manager: list: Listing contexts for virtual host 'localhost'
21-Mar-2018 19:17:29.468 INFO [http-nio-8090-exec-118] org.apache.catalina.core.ApplicationContext.log Manager: restart: Reloading web application '/Check_List'
21-Mar-2018 19:17:31.002 INFO [http-nio-8090-exec-122] org.apache.catalina.core.ApplicationContext.log Manager: list: Listing contexts for virtual host 'localhost'
21-Mar-2018 19:17:31.034 INFO [http-nio-8090-exec-127] org.apache.catalina.core.ApplicationContext.log Manager: restart: Reloading web application '/Check_List'
21-Mar-2018 19:17:44.364 INFO [http-nio-8090-exec-122] org.apache.catalina.core.ApplicationContext.log Manager: list: Listing contexts for virtual host 'localhost'
21-Mar-2018 19:17:44.456 INFO [http-nio-8090-exec-126] org.apache.catalina.core.ApplicationContext.log Manager: restart: Reloading web application '/Check_List'
21-Mar-2018 19:18:12.263 INFO [http-nio-8090-exec-129] org.apache.catalina.core.ApplicationContext.log Manager: list: Listing contexts for virtual host 'localhost'
21-Mar-2018 19:18:12.339 INFO [http-nio-8090-exec-127] org.apache.catalina.core.ApplicationContext.log Manager: restart: Reloading web application '/Check_List'
21-Mar-2018 19:18:14.622 INFO [http-nio-8090-exec-125] org.apache.catalina.core.ApplicationContext.log Manager: list: Listing contexts for virtual host 'localhost'
21-Mar-2018 19:18:14.622 INFO [http-nio-8090-exec-120] org.apache.catalina.core.ApplicationContext.log Manager: restart: Reloading web application '/Check_List'
21-Mar-2018 19:18:50.888 INFO [http-nio-8090-exec-126] org.apache.catalina.core.ApplicationContext.log Manager: list: Listing contexts for virtual host 'localhost'
21-Mar-2018 19:18:50.888 INFO [http-nio-8090-exec-132] org.apache.catalina.core.ApplicationContext.log Manager: restart: Reloading web application '/Check_List'
21-Mar-2018 19:18:51.197 INFO [http-nio-8090-exec-124] org.apache.catalina.core.ApplicationContext.log Manager: list: Listing contexts for virtual host 'localhost'
21-Mar-2018 19:18:51.204 INFO [http-nio-8090-exec-131] org.apache.catalina.core.ApplicationContext.log Manager: restart: Reloading web application '/Check_List'
21-Mar-2018 19:19:14.074 INFO [http-nio-8090-exec-132] org.apache.catalina.core.ApplicationContext.log Manager: list: Listing contexts for virtual host 'localhost'
21-Mar-2018 19:19:14.089 INFO [http-nio-8090-exec-126] org.apache.catalina.core.ApplicationContext.log Manager: restart: Reloading web application '/Check_List'
21-Mar-2018 19:19:14.443 INFO [http-nio-8090-exec-125] org.apache.catalina.core.ApplicationContext.log Manager: list: Listing contexts for virtual host 'localhost'
21-Mar-2018 19:19:14.443 INFO [http-nio-8090-exec-120] org.apache.catalina.core.ApplicationContext.log Manager: restart: Reloading web application '/Check_List'
21-Mar-2018 19:19:19.241 INFO [http-nio-8090-exec-119] org.apache.catalina.core.ApplicationContext.log Manager: list: Listing contexts for virtual host 'localhost'
21-Mar-2018 19:19:19.244 INFO [http-nio-8090-exec-124] org.apache.catalina.core.ApplicationContext.log Manager: list: Listing contexts for virtual host 'localhost'
21-Mar-2018 19:19:19.259 INFO [http-nio-8090-exec-125] org.apache.catalina.core.ApplicationContext.log Manager: restart: Reloading web application '/Check_List'
21-Mar-2018 19:20:48.727 INFO [http-nio-8090-exec-138] org.apache.catalina.core.ApplicationContext.log Manager: list: Listing contexts for virtual host 'localhost'
21-Mar-2018 19:20:48.727 INFO [http-nio-8090-exec-139] org.apache.catalina.core.ApplicationContext.log Manager: restart: Reloading web application '/Check_List'
21-Mar-2018 19:21:09.701 INFO [http-nio-8090-exec-137] org.apache.catalina.core.ApplicationContext.log Manager: list: Listing contexts for virtual host 'localhost'
21-Mar-2018 19:21:09.701 INFO [http-nio-8090-exec-141] org.apache.catalina.core.ApplicationContext.log Manager: restart: Reloading web application '/Check_List'
21-Mar-2018 19:21:09.897 INFO [http-nio-8090-exec-125] org.apache.catalina.core.ApplicationContext.log Manager: list: Listing contexts for virtual host 'localhost'
21-Mar-2018 19:21:09.924 INFO [http-nio-8090-exec-140] org.apache.catalina.core.ApplicationContext.log Manager: restart: Reloading web application '/Check_List'
21-Mar-2018 19:21:26.382 INFO [http-nio-8090-exec-141] org.apache.catalina.core.ApplicationContext.log Manager: list: Listing contexts for virtual host 'localhost'
21-Mar-2018 19:21:26.397 INFO [http-nio-8090-exec-134] org.apache.catalina.core.ApplicationContext.log Manager: restart: Reloading web application '/Check_List'
21-Mar-2018 19:21:26.500 INFO [http-nio-8090-exec-119] org.apache.catalina.core.ApplicationContext.log Manager: list: Listing contexts for virtual host 'localhost'
21-Mar-2018 19:21:26.515 INFO [http-nio-8090-exec-125] org.apache.catalina.core.ApplicationContext.log Manager: restart: Reloading web application '/Check_List'
21-Mar-2018 19:21:42.046 INFO [http-nio-8090-exec-134] org.apache.catalina.core.ApplicationContext.log Manager: list: Listing contexts for virtual host 'localhost'
21-Mar-2018 19:21:42.062 INFO [http-nio-8090-exec-141] org.apache.catalina.core.ApplicationContext.log Manager: restart: Reloading web application '/Check_List'
21-Mar-2018 19:21:46.051 INFO [http-nio-8090-exec-144] org.apache.catalina.core.ApplicationContext.log Manager: list: Listing contexts for virtual host 'localhost'
21-Mar-2018 19:21:46.051 INFO [http-nio-8090-exec-142] org.apache.catalina.core.ApplicationContext.log Manager: list: Listing contexts for virtual host 'localhost'
21-Mar-2018 19:21:46.066 INFO [http-nio-8090-exec-119] org.apache.catalina.core.ApplicationContext.log Manager: restart: Reloading web application '/Check_List'
21-Mar-2018 19:23:07.044 INFO [http-nio-8090-exec-149] org.apache.catalina.core.ApplicationContext.log Manager: list: Listing contexts for virtual host 'localhost'
21-Mar-2018 19:23:07.044 INFO [http-nio-8090-exec-152] org.apache.catalina.core.ApplicationContext.log Manager: restart: Reloading web application '/Check_List'
21-Mar-2018 19:23:15.971 INFO [http-nio-8090-exec-119] org.apache.catalina.core.ApplicationContext.log Manager: list: Listing contexts for virtual host 'localhost'
21-Mar-2018 19:23:15.973 INFO [http-nio-8090-exec-145] org.apache.catalina.core.ApplicationContext.log Manager: list: Listing contexts for virtual host 'localhost'
21-Mar-2018 19:23:15.982 INFO [http-nio-8090-exec-149] org.apache.catalina.core.ApplicationContext.log Manager: restart: Reloading web application '/Check_List'
21-Mar-2018 19:25:03.945 INFO [http-nio-8090-exec-155] org.apache.catalina.core.ApplicationContext.log Manager: list: Listing contexts for virtual host 'localhost'
21-Mar-2018 19:25:32.499 INFO [http-nio-8090-exec-145] org.apache.catalina.core.ApplicationContext.log Manager: list: Listing contexts for virtual host 'localhost'
21-Mar-2018 19:25:32.499 INFO [http-nio-8090-exec-158] org.apache.catalina.core.ApplicationContext.log Manager: restart: Reloading web application '/Check_List'
21-Mar-2018 19:26:03.977 INFO [http-nio-8090-exec-145] org.apache.catalina.core.ApplicationContext.log Manager: list: Listing contexts for virtual host 'localhost'
21-Mar-2018 19:26:03.992 INFO [http-nio-8090-exec-160] org.apache.catalina.core.ApplicationContext.log Manager: list: Listing contexts for virtual host 'localhost'
21-Mar-2018 19:26:04.008 INFO [http-nio-8090-exec-159] org.apache.catalina.core.ApplicationContext.log Manager: restart: Reloading web application '/Check_List'
21-Mar-2018 19:26:37.954 INFO [http-nio-8090-exec-153] org.apache.catalina.core.ApplicationContext.log Manager: list: Listing contexts for virtual host 'localhost'
21-Mar-2018 19:26:37.954 INFO [http-nio-8090-exec-159] org.apache.catalina.core.ApplicationContext.log Manager: restart: Reloading web application '/Check_List'
21-Mar-2018 19:27:41.374 INFO [http-nio-8090-exec-161] org.apache.catalina.core.ApplicationContext.log Manager: list: Listing contexts for virtual host 'localhost'
21-Mar-2018 19:27:41.390 INFO [http-nio-8090-exec-162] org.apache.catalina.core.ApplicationContext.log Manager: restart: Reloading web application '/Check_List'
21-Mar-2018 19:29:41.515 INFO [http-nio-8090-exec-159] org.apache.catalina.core.ApplicationContext.log Manager: list: Listing contexts for virtual host 'localhost'
21-Mar-2018 19:29:41.530 INFO [http-nio-8090-exec-155] org.apache.catalina.core.ApplicationContext.log Manager: restart: Reloading web application '/Check_List'
21-Mar-2018 19:30:21.994 INFO [http-nio-8090-exec-169] org.apache.catalina.core.ApplicationContext.log Manager: list: Listing contexts for virtual host 'localhost'
21-Mar-2018 19:30:21.994 INFO [http-nio-8090-exec-170] org.apache.catalina.core.ApplicationContext.log Manager: restart: Reloading web application '/Check_List'
21-Mar-2018 19:30:55.013 INFO [http-nio-8090-exec-169] org.apache.catalina.core.ApplicationContext.log Manager: list: Listing contexts for virtual host 'localhost'
21-Mar-2018 19:30:55.029 INFO [http-nio-8090-exec-161] org.apache.catalina.core.ApplicationContext.log Manager: restart: Reloading web application '/Check_List'
21-Mar-2018 19:32:41.219 INFO [http-nio-8090-exec-162] org.apache.catalina.core.ApplicationContext.log Manager: list: Listing contexts for virtual host 'localhost'
21-Mar-2018 19:32:41.219 INFO [http-nio-8090-exec-169] org.apache.catalina.core.ApplicationContext.log Manager: restart: Reloading web application '/Check_List'
21-Mar-2018 19:33:26.700 INFO [http-nio-8090-exec-173] org.apache.catalina.core.ApplicationContext.log Manager: list: Listing contexts for virtual host 'localhost'
21-Mar-2018 19:33:26.716 INFO [http-nio-8090-exec-161] org.apache.catalina.core.ApplicationContext.log Manager: restart: Reloading web application '/Check_List'
21-Mar-2018 19:33:58.918 INFO [http-nio-8090-exec-172] org.apache.catalina.core.ApplicationContext.log Manager: list: Listing contexts for virtual host 'localhost'
21-Mar-2018 19:33:58.918 INFO [http-nio-8090-exec-174] org.apache.catalina.core.ApplicationContext.log Manager: restart: Reloading web application '/Check_List'
21-Mar-2018 19:34:19.354 INFO [http-nio-8090-exec-173] org.apache.catalina.core.ApplicationContext.log Manager: list: Listing contexts for virtual host 'localhost'
21-Mar-2018 19:34:19.370 INFO [http-nio-8090-exec-175] org.apache.catalina.core.ApplicationContext.log Manager: restart: Reloading web application '/Check_List'
21-Mar-2018 19:35:18.519 INFO [http-nio-8090-exec-173] org.apache.catalina.core.ApplicationContext.log Manager: list: Listing contexts for virtual host 'localhost'
21-Mar-2018 19:35:18.535 INFO [http-nio-8090-exec-161] org.apache.catalina.core.ApplicationContext.log Manager: restart: Reloading web application '/Check_List'
21-Mar-2018 19:36:15.331 INFO [http-nio-8090-exec-159] org.apache.catalina.core.ApplicationContext.log Manager: list: Listing contexts for virtual host 'localhost'
21-Mar-2018 19:36:15.331 INFO [http-nio-8090-exec-165] org.apache.catalina.core.ApplicationContext.log Manager: restart: Reloading web application '/Check_List'
21-Mar-2018 19:37:30.109 INFO [http-nio-8090-exec-175] org.apache.catalina.core.ApplicationContext.log Manager: list: Listing contexts for virtual host 'localhost'
21-Mar-2018 19:37:30.109 INFO [http-nio-8090-exec-161] org.apache.catalina.core.ApplicationContext.log Manager: restart: Reloading web application '/Check_List'
21-Mar-2018 19:41:13.515 INFO [http-nio-8090-exec-183] org.apache.catalina.core.ApplicationContext.log Manager: list: Listing contexts for virtual host 'localhost'
21-Mar-2018 19:41:13.530 INFO [http-nio-8090-exec-180] org.apache.catalina.core.ApplicationContext.log Manager: restart: Reloading web application '/Check_List'
21-Mar-2018 19:46:58.403 INFO [http-nio-8090-exec-188] org.apache.catalina.core.ApplicationContext.log Manager: list: Listing contexts for virtual host 'localhost'
21-Mar-2018 19:46:59.216 INFO [http-nio-8090-exec-189] org.apache.catalina.core.ApplicationContext.log Manager: restart: Reloading web application '/Check_List'
21-Mar-2018 19:47:00.612 INFO [http-nio-8090-exec-155] org.apache.catalina.core.ApplicationContext.log Manager: list: Listing contexts for virtual host 'localhost'
21-Mar-2018 19:47:00.628 INFO [http-nio-8090-exec-180] org.apache.catalina.core.ApplicationContext.log Manager: restart: Reloading web application '/Check_List'
21-Mar-2018 19:47:05.039 INFO [http-nio-8090-exec-187] org.apache.catalina.core.ApplicationContext.log Manager: list: Listing contexts for virtual host 'localhost'
21-Mar-2018 19:47:05.039 INFO [http-nio-8090-exec-188] org.apache.catalina.core.ApplicationContext.log Manager: restart: Reloading web application '/Check_List'
21-Mar-2018 19:48:03.023 INFO [http-nio-8090-exec-193] org.apache.catalina.core.ApplicationContext.log Manager: list: Listing contexts for virtual host 'localhost'
21-Mar-2018 19:48:03.023 INFO [http-nio-8090-exec-194] org.apache.catalina.core.ApplicationContext.log Manager: restart: Reloading web application '/Check_List'
21-Mar-2018 19:54:37.030 INFO [http-nio-8090-exec-197] org.apache.catalina.core.ApplicationContext.log Manager: list: Listing contexts for virtual host 'localhost'
21-Mar-2018 19:54:37.046 INFO [http-nio-8090-exec-198] org.apache.catalina.core.ApplicationContext.log Manager: restart: Reloading web application '/Check_List'
21-Mar-2018 19:55:16.173 INFO [http-nio-8090-exec-202] org.apache.catalina.core.ApplicationContext.log Manager: list: Listing contexts for virtual host 'localhost'
21-Mar-2018 19:55:16.173 INFO [http-nio-8090-exec-199] org.apache.catalina.core.ApplicationContext.log Manager: restart: Reloading web application '/Check_List'
21-Mar-2018 19:55:59.222 INFO [http-nio-8090-exec-202] org.apache.catalina.core.ApplicationContext.log Manager: list: Listing contexts for virtual host 'localhost'
21-Mar-2018 19:55:59.222 INFO [http-nio-8090-exec-203] org.apache.catalina.core.ApplicationContext.log Manager: restart: Reloading web application '/Check_List'
21-Mar-2018 19:56:16.517 INFO [http-nio-8090-exec-204] org.apache.catalina.core.ApplicationContext.log Manager: list: Listing contexts for virtual host 'localhost'
21-Mar-2018 19:56:16.533 INFO [http-nio-8090-exec-202] org.apache.catalina.core.ApplicationContext.log Manager: restart: Reloading web application '/Check_List'
21-Mar-2018 19:57:10.662 INFO [http-nio-8090-exec-204] org.apache.catalina.core.ApplicationContext.log Manager: list: Listing contexts for virtual host 'localhost'
21-Mar-2018 19:57:10.693 INFO [http-nio-8090-exec-203] org.apache.catalina.core.ApplicationContext.log Manager: restart: Reloading web application '/Check_List'
21-Mar-2018 19:57:42.104 INFO [http-nio-8090-exec-202] org.apache.catalina.core.ApplicationContext.log Manager: list: Listing contexts for virtual host 'localhost'
21-Mar-2018 19:57:42.113 INFO [http-nio-8090-exec-206] org.apache.catalina.core.ApplicationContext.log Manager: restart: Reloading web application '/Check_List'
21-Mar-2018 19:58:16.591 INFO [http-nio-8090-exec-203] org.apache.catalina.core.ApplicationContext.log Manager: list: Listing contexts for virtual host 'localhost'
21-Mar-2018 19:58:16.591 INFO [http-nio-8090-exec-197] org.apache.catalina.core.ApplicationContext.log Manager: restart: Reloading web application '/Check_List'
21-Mar-2018 19:58:39.600 INFO [http-nio-8090-exec-203] org.apache.catalina.core.ApplicationContext.log Manager: list: Listing contexts for virtual host 'localhost'
21-Mar-2018 19:58:39.600 INFO [http-nio-8090-exec-208] org.apache.catalina.core.ApplicationContext.log Manager: restart: Reloading web application '/Check_List'
21-Mar-2018 20:00:07.028 INFO [http-nio-8090-exec-207] org.apache.catalina.core.ApplicationContext.log Manager: list: Listing contexts for virtual host 'localhost'
21-Mar-2018 20:00:07.044 INFO [http-nio-8090-exec-172] org.apache.catalina.core.ApplicationContext.log Manager: restart: Reloading web application '/Check_List'
21-Mar-2018 20:01:18.822 INFO [http-nio-8090-exec-211] org.apache.catalina.core.ApplicationContext.log Manager: list: Listing contexts for virtual host 'localhost'
21-Mar-2018 20:01:18.838 INFO [http-nio-8090-exec-207] org.apache.catalina.core.ApplicationContext.log Manager: restart: Reloading web application '/Check_List'
21-Mar-2018 20:02:33.273 INFO [http-nio-8090-exec-211] org.apache.catalina.core.ApplicationContext.log Manager: list: Listing contexts for virtual host 'localhost'
21-Mar-2018 20:02:33.320 INFO [http-nio-8090-exec-209] org.apache.catalina.core.ApplicationContext.log Manager: restart: Reloading web application '/Check_List'
21-Mar-2018 20:02:48.299 INFO [http-nio-8090-exec-211] org.apache.catalina.core.ApplicationContext.log Manager: list: Listing contexts for virtual host 'localhost'
21-Mar-2018 20:02:48.314 INFO [http-nio-8090-exec-215] org.apache.catalina.core.ApplicationContext.log Manager: restart: Reloading web application '/Check_List'
21-Mar-2018 20:03:23.664 INFO [http-nio-8090-exec-211] org.apache.catalina.core.ApplicationContext.log Manager: list: Listing contexts for virtual host 'localhost'
21-Mar-2018 20:03:23.679 INFO [http-nio-8090-exec-208] org.apache.catalina.core.ApplicationContext.log Manager: restart: Reloading web application '/Check_List'
21-Mar-2018 20:03:37.617 INFO [http-nio-8090-exec-180] org.apache.catalina.core.ApplicationContext.log Manager: list: Listing contexts for virtual host 'localhost'
21-Mar-2018 20:03:37.617 INFO [http-nio-8090-exec-155] org.apache.catalina.core.ApplicationContext.log Manager: restart: Reloading web application '/Check_List'
21-Mar-2018 20:04:48.618 INFO [http-nio-8090-exec-219] org.apache.catalina.core.ApplicationContext.log Manager: list: Listing contexts for virtual host 'localhost'
21-Mar-2018 20:04:48.633 INFO [http-nio-8090-exec-216] org.apache.catalina.core.ApplicationContext.log Manager: list: Listing contexts for virtual host 'localhost'
21-Mar-2018 20:04:48.847 INFO [http-nio-8090-exec-180] org.apache.catalina.core.ApplicationContext.log Manager: restart: Reloading web application '/Check_List'
21-Mar-2018 20:05:10.958 INFO [http-nio-8090-exec-219] org.apache.catalina.core.ApplicationContext.log Manager: list: Listing contexts for virtual host 'localhost'
21-Mar-2018 20:05:10.990 INFO [http-nio-8090-exec-223] org.apache.catalina.core.ApplicationContext.log Manager: list: Listing contexts for virtual host 'localhost'
21-Mar-2018 20:05:58.021 INFO [http-nio-8090-exec-230] org.apache.catalina.core.ApplicationContext.log Manager: list: Listing contexts for virtual host 'localhost'
21-Mar-2018 20:05:58.068 INFO [http-nio-8090-exec-225] org.apache.catalina.core.ApplicationContext.log Manager: restart: Reloading web application '/Check_List'
21-Mar-2018 20:05:58.475 INFO [http-nio-8090-exec-223] org.apache.catalina.core.ApplicationContext.log Manager: list: Listing contexts for virtual host 'localhost'
21-Mar-2018 20:05:58.553 INFO [http-nio-8090-exec-229] org.apache.catalina.core.ApplicationContext.log Manager: restart: Reloading web application '/Check_List'
21-Mar-2018 20:06:35.061 INFO [http-nio-8090-exec-227] org.apache.catalina.core.ApplicationContext.log Manager: list: Listing contexts for virtual host 'localhost'
21-Mar-2018 20:06:35.077 INFO [http-nio-8090-exec-222] org.apache.catalina.core.ApplicationContext.log Manager: restart: Reloading web application '/Check_List'
21-Mar-2018 20:06:35.336 INFO [http-nio-8090-exec-180] org.apache.catalina.core.ApplicationContext.log Manager: list: Listing contexts for virtual host 'localhost'
21-Mar-2018 20:06:35.351 INFO [http-nio-8090-exec-224] org.apache.catalina.core.ApplicationContext.log Manager: restart: Reloading web application '/Check_List'
21-Mar-2018 20:07:19.208 INFO [http-nio-8090-exec-222] org.apache.catalina.core.ApplicationContext.log Manager: list: Listing contexts for virtual host 'localhost'
21-Mar-2018 20:07:19.254 INFO [http-nio-8090-exec-227] org.apache.catalina.core.ApplicationContext.log Manager: restart: Reloading web application '/Check_List'
21-Mar-2018 20:07:49.829 INFO [http-nio-8090-exec-222] org.apache.catalina.core.ApplicationContext.log Manager: list: Listing contexts for virtual host 'localhost'
21-Mar-2018 20:07:49.861 INFO [http-nio-8090-exec-232] org.apache.catalina.core.ApplicationContext.log Manager: restart: Reloading web application '/Check_List'
21-Mar-2018 20:08:07.482 INFO [http-nio-8090-exec-222] org.apache.catalina.core.ApplicationContext.log Manager: list: Listing contexts for virtual host 'localhost'
21-Mar-2018 20:08:07.482 INFO [http-nio-8090-exec-227] org.apache.catalina.core.ApplicationContext.log Manager: restart: Reloading web application '/Check_List'
21-Mar-2018 20:08:44.881 INFO [http-nio-8090-exec-225] org.apache.catalina.core.ApplicationContext.log Manager: list: Listing contexts for virtual host 'localhost'
21-Mar-2018 20:08:44.881 INFO [http-nio-8090-exec-222] org.apache.catalina.core.ApplicationContext.log Manager: restart: Reloading web application '/Check_List'
21-Mar-2018 20:09:27.720 INFO [http-nio-8090-exec-226] org.apache.catalina.core.ApplicationContext.log Manager: list: Listing contexts for virtual host 'localhost'
21-Mar-2018 20:09:27.720 INFO [http-nio-8090-exec-232] org.apache.catalina.core.ApplicationContext.log Manager: restart: Reloading web application '/Check_List'
21-Mar-2018 20:10:13.469 INFO [http-nio-8090-exec-226] org.apache.catalina.core.ApplicationContext.log Manager: list: Listing contexts for virtual host 'localhost'
21-Mar-2018 20:10:13.469 INFO [http-nio-8090-exec-227] org.apache.catalina.core.ApplicationContext.log Manager: restart: Reloading web application '/Check_List'
21-Mar-2018 20:11:21.048 INFO [http-nio-8090-exec-232] org.apache.catalina.core.ApplicationContext.log Manager: list: Listing contexts for virtual host 'localhost'
21-Mar-2018 20:11:39.134 INFO [http-nio-8090-exec-232] org.apache.catalina.core.ApplicationContext.log Manager: list: Listing contexts for virtual host 'localhost'
21-Mar-2018 20:11:39.134 INFO [http-nio-8090-exec-237] org.apache.catalina.core.ApplicationContext.log Manager: restart: Reloading web application '/Check_List'
21-Mar-2018 20:11:51.106 INFO [http-nio-8090-exec-229] org.apache.catalina.core.ApplicationContext.log Manager: list: Listing contexts for virtual host 'localhost'
21-Mar-2018 20:11:51.121 INFO [http-nio-8090-exec-238] org.apache.catalina.core.ApplicationContext.log Manager: restart: Reloading web application '/Check_List'
21-Mar-2018 20:11:57.767 INFO [http-nio-8090-exec-227] org.apache.catalina.core.ApplicationContext.log Manager: list: Listing contexts for virtual host 'localhost'
21-Mar-2018 20:11:57.767 INFO [http-nio-8090-exec-232] org.apache.catalina.core.ApplicationContext.log Manager: restart: Reloading web application '/Check_List'
21-Mar-2018 20:12:19.368 INFO [http-nio-8090-exec-240] org.apache.catalina.core.ApplicationContext.log Manager: list: Listing contexts for virtual host 'localhost'
21-Mar-2018 20:12:19.368 INFO [http-nio-8090-exec-227] org.apache.catalina.core.ApplicationContext.log Manager: restart: Reloading web application '/Check_List'
21-Mar-2018 20:12:19.478 INFO [http-nio-8090-exec-241] org.apache.catalina.core.ApplicationContext.log Manager: list: Listing contexts for virtual host 'localhost'
21-Mar-2018 20:12:19.494 INFO [http-nio-8090-exec-244] org.apache.catalina.core.ApplicationContext.log Manager: restart: Reloading web application '/Check_List'
21-Mar-2018 20:12:26.572 INFO [http-nio-8090-exec-241] org.apache.catalina.core.ApplicationContext.log Manager: list: Listing contexts for virtual host 'localhost'
21-Mar-2018 20:12:26.572 INFO [http-nio-8090-exec-245] org.apache.catalina.core.ApplicationContext.log Manager: list: Listing contexts for virtual host 'localhost'
21-Mar-2018 20:12:26.588 INFO [http-nio-8090-exec-224] org.apache.catalina.core.ApplicationContext.log Manager: restart: Reloading web application '/Check_List'
21-Mar-2018 20:15:39.101 INFO [http-nio-8090-exec-249] org.apache.catalina.core.ApplicationContext.log Manager: list: Listing contexts for virtual host 'localhost'
21-Mar-2018 20:15:39.476 INFO [http-nio-8090-exec-245] org.apache.catalina.core.ApplicationContext.log Manager: list: Listing contexts for virtual host 'localhost'
21-Mar-2018 20:18:06.921 INFO [http-nio-8090-exec-248] org.apache.catalina.core.ApplicationContext.log Manager: list: Listing contexts for virtual host 'localhost'
21-Mar-2018 20:18:07.249 INFO [http-nio-8090-exec-251] org.apache.catalina.core.ApplicationContext.log Manager: list: Listing contexts for virtual host 'localhost'
21-Mar-2018 20:20:48.697 INFO [http-nio-8090-exec-250] org.apache.catalina.core.ApplicationContext.log Manager: list: Listing contexts for virtual host 'localhost'
21-Mar-2018 20:21:22.903 INFO [http-nio-8090-exec-251] org.apache.catalina.core.ApplicationContext.log Manager: list: Listing contexts for virtual host 'localhost'
21-Mar-2018 20:21:22.903 INFO [http-nio-8090-exec-259] org.apache.catalina.core.ApplicationContext.log Manager: list: Listing contexts for virtual host 'localhost'
21-Mar-2018 20:21:23.263 INFO [http-nio-8090-exec-256] org.apache.catalina.core.ApplicationContext.log Manager: undeploy: Undeploying web application at '/Check_List'
21-Mar-2018 20:21:23.809 INFO [http-nio-8090-exec-249] org.apache.catalina.core.ApplicationContext.log Manager: install: Installing context configuration at 'file:/C:/Users/SURAJ~1.JEN/AppData/Local/Temp/context6065721478438023497.xml'
