16-Mar-2018 08:48:20.990 INFO [http-nio-8090-exec-466] org.apache.catalina.core.ApplicationContext.log Manager: list: Listing contexts for virtual host 'localhost'
16-Mar-2018 08:49:35.306 INFO [http-nio-8090-exec-458] org.apache.catalina.core.ApplicationContext.log Manager: list: Listing contexts for virtual host 'localhost'
16-Mar-2018 08:49:35.308 INFO [http-nio-8090-exec-467] org.apache.catalina.core.ApplicationContext.log Manager: list: Listing contexts for virtual host 'localhost'
16-Mar-2018 08:49:36.401 INFO [http-nio-8090-exec-459] org.apache.catalina.core.ApplicationContext.log Manager: restart: Reloading web application '/'
16-Mar-2018 09:46:03.997 INFO [http-nio-8090-exec-468] org.apache.catalina.core.ApplicationContext.log Manager: list: Listing contexts for virtual host 'localhost'
16-Mar-2018 09:46:15.896 INFO [http-nio-8090-exec-472] org.apache.catalina.core.ApplicationContext.log Manager: list: Listing contexts for virtual host 'localhost'
16-Mar-2018 09:46:15.896 INFO [http-nio-8090-exec-469] org.apache.catalina.core.ApplicationContext.log Manager: list: Listing contexts for virtual host 'localhost'
16-Mar-2018 09:50:57.801 INFO [http-nio-8090-exec-472] org.apache.catalina.core.ApplicationContext.log Manager: list: Listing contexts for virtual host 'localhost'
16-Mar-2018 09:51:53.980 INFO [http-nio-8090-exec-473] org.apache.catalina.core.ApplicationContext.log Manager: list: Listing contexts for virtual host 'localhost'
16-Mar-2018 09:51:54.074 INFO [http-nio-8090-exec-471] org.apache.catalina.core.ApplicationContext.log Manager: list: Listing contexts for virtual host 'localhost'
16-Mar-2018 09:58:43.198 INFO [http-nio-8090-exec-473] org.apache.catalina.core.ApplicationContext.log Manager: list: Listing contexts for virtual host 'localhost'
16-Mar-2018 10:00:26.698 INFO [http-nio-8090-exec-471] org.apache.catalina.core.ApplicationContext.log Manager: list: Listing contexts for virtual host 'localhost'
16-Mar-2018 10:00:37.646 INFO [http-nio-8090-exec-471] org.apache.catalina.core.ApplicationContext.log Manager: list: Listing contexts for virtual host 'localhost'
16-Mar-2018 10:00:37.646 INFO [http-nio-8090-exec-473] org.apache.catalina.core.ApplicationContext.log Manager: list: Listing contexts for virtual host 'localhost'
16-Mar-2018 10:05:01.151 INFO [http-nio-8090-exec-470] org.apache.catalina.core.ApplicationContext.log Manager: list: Listing contexts for virtual host 'localhost'
16-Mar-2018 10:05:33.346 INFO [http-nio-8090-exec-468] org.apache.catalina.core.ApplicationContext.log Manager: list: Listing contexts for virtual host 'localhost'
16-Mar-2018 10:05:33.410 INFO [http-nio-8090-exec-470] org.apache.catalina.core.ApplicationContext.log Manager: list: Listing contexts for virtual host 'localhost'
16-Mar-2018 10:06:44.507 INFO [http-nio-8090-exec-469] org.apache.catalina.core.ApplicationContext.log Manager: list: Listing contexts for virtual host 'localhost'
16-Mar-2018 10:06:44.507 INFO [http-nio-8090-exec-468] org.apache.catalina.core.ApplicationContext.log Manager: list: Listing contexts for virtual host 'localhost'
16-Mar-2018 10:06:44.632 INFO [http-nio-8090-exec-470] org.apache.catalina.core.ApplicationContext.log Manager: restart: Reloading web application '/IT_Company_Locator'
16-Mar-2018 10:08:30.706 INFO [http-nio-8090-exec-478] org.apache.catalina.core.ApplicationContext.log Manager: list: Listing contexts for virtual host 'localhost'
16-Mar-2018 10:11:12.898 INFO [http-nio-8090-exec-478] org.apache.catalina.core.ApplicationContext.log Manager: list: Listing contexts for virtual host 'localhost'
16-Mar-2018 10:11:16.062 INFO [http-nio-8090-exec-480] org.apache.catalina.core.ApplicationContext.log Manager: restart: Reloading web application '/IT_Company_Locator'
16-Mar-2018 10:18:31.393 INFO [http-nio-8090-exec-488] org.apache.catalina.core.ApplicationContext.log Manager: list: Listing contexts for virtual host 'localhost'
16-Mar-2018 10:19:05.831 INFO [http-nio-8090-exec-488] org.apache.catalina.core.ApplicationContext.log Manager: list: Listing contexts for virtual host 'localhost'
16-Mar-2018 10:19:35.039 INFO [http-nio-8090-exec-488] org.apache.catalina.core.ApplicationContext.log Manager: list: Listing contexts for virtual host 'localhost'
16-Mar-2018 10:19:44.197 INFO [http-nio-8090-exec-494] org.apache.catalina.core.ApplicationContext.log Manager: list: Listing contexts for virtual host 'localhost'
16-Mar-2018 10:19:44.213 INFO [http-nio-8090-exec-494] org.apache.catalina.core.ApplicationContext.log Manager: list: Listing contexts for virtual host 'localhost'
16-Mar-2018 10:19:44.440 INFO [http-nio-8090-exec-495] org.apache.catalina.core.ApplicationContext.log Manager: restart: Reloading web application '/IT_Company_Locator'
16-Mar-2018 10:21:44.098 INFO [1104] org.apache.catalina.core.ApplicationContext.log Manager: list: Listing contexts for virtual host 'localhost'
16-Mar-2018 10:22:49.422 INFO [http-nio-8090-exec-501] org.apache.catalina.core.ApplicationContext.log Manager: list: Listing contexts for virtual host 'localhost'
16-Mar-2018 10:23:06.229 INFO [http-nio-8090-exec-502] org.apache.catalina.core.ApplicationContext.log Manager: list: Listing contexts for virtual host 'localhost'
16-Mar-2018 10:23:06.229 INFO [http-nio-8090-exec-505] org.apache.catalina.core.ApplicationContext.log Manager: list: Listing contexts for virtual host 'localhost'
16-Mar-2018 10:26:32.167 INFO [http-nio-8090-exec-499] org.apache.catalina.core.ApplicationContext.log Manager: list: Listing contexts for virtual host 'localhost'
16-Mar-2018 10:26:52.890 INFO [http-nio-8090-exec-500] org.apache.catalina.core.ApplicationContext.log Manager: list: Listing contexts for virtual host 'localhost'
16-Mar-2018 10:26:52.890 INFO [http-nio-8090-exec-501] org.apache.catalina.core.ApplicationContext.log Manager: list: Listing contexts for virtual host 'localhost'
16-Mar-2018 10:26:58.308 INFO [http-nio-8090-exec-499] org.apache.catalina.core.ApplicationContext.log Manager: list: Listing contexts for virtual host 'localhost'
16-Mar-2018 10:26:58.308 INFO [http-nio-8090-exec-507] org.apache.catalina.core.ApplicationContext.log Manager: list: Listing contexts for virtual host 'localhost'
16-Mar-2018 12:05:54.886 INFO [http-nio-8090-exec-505] org.apache.catalina.core.ApplicationContext.log Manager: list: Listing contexts for virtual host 'localhost'
16-Mar-2018 12:06:36.441 INFO [http-nio-8090-exec-507] org.apache.catalina.core.ApplicationContext.log Manager: list: Listing contexts for virtual host 'localhost'
16-Mar-2018 12:06:44.901 INFO [http-nio-8090-exec-501] org.apache.catalina.core.ApplicationContext.log Manager: list: Listing contexts for virtual host 'localhost'
16-Mar-2018 12:06:44.901 INFO [http-nio-8090-exec-500] org.apache.catalina.core.ApplicationContext.log Manager: list: Listing contexts for virtual host 'localhost'
16-Mar-2018 12:09:22.772 INFO [http-nio-8090-exec-507] org.apache.catalina.core.ApplicationContext.log Manager: list: Listing contexts for virtual host 'localhost'
16-Mar-2018 12:10:24.288 INFO [http-nio-8090-exec-506] org.apache.catalina.core.ApplicationContext.log Manager: list: Listing contexts for virtual host 'localhost'
16-Mar-2018 12:10:24.288 INFO [http-nio-8090-exec-499] org.apache.catalina.core.ApplicationContext.log Manager: list: Listing contexts for virtual host 'localhost'
16-Mar-2018 12:10:48.644 INFO [http-nio-8090-exec-502] org.apache.catalina.core.ApplicationContext.log Manager: list: Listing contexts for virtual host 'localhost'
16-Mar-2018 12:10:48.644 INFO [http-nio-8090-exec-504] org.apache.catalina.core.ApplicationContext.log Manager: list: Listing contexts for virtual host 'localhost'
16-Mar-2018 12:11:15.415 INFO [http-nio-8090-exec-503] org.apache.catalina.core.ApplicationContext.log Manager: list: Listing contexts for virtual host 'localhost'
16-Mar-2018 12:11:15.415 INFO [http-nio-8090-exec-499] org.apache.catalina.core.ApplicationContext.log Manager: list: Listing contexts for virtual host 'localhost'
16-Mar-2018 12:13:30.043 INFO [http-nio-8090-exec-500] org.apache.catalina.core.ApplicationContext.log Manager: list: Listing contexts for virtual host 'localhost'
16-Mar-2018 12:13:48.892 INFO [http-nio-8090-exec-506] org.apache.catalina.core.ApplicationContext.log Manager: list: Listing contexts for virtual host 'localhost'
16-Mar-2018 12:13:48.892 INFO [http-nio-8090-exec-498] org.apache.catalina.core.ApplicationContext.log Manager: list: Listing contexts for virtual host 'localhost'
16-Mar-2018 12:16:34.389 INFO [http-nio-8090-exec-507] org.apache.catalina.core.ApplicationContext.log Manager: list: Listing contexts for virtual host 'localhost'
16-Mar-2018 12:16:41.640 INFO [http-nio-8090-exec-504] org.apache.catalina.core.ApplicationContext.log Manager: list: Listing contexts for virtual host 'localhost'
16-Mar-2018 12:16:41.640 INFO [http-nio-8090-exec-506] org.apache.catalina.core.ApplicationContext.log Manager: list: Listing contexts for virtual host 'localhost'
16-Mar-2018 12:16:57.695 INFO [http-nio-8090-exec-499] org.apache.catalina.core.ApplicationContext.log Manager: list: Listing contexts for virtual host 'localhost'
16-Mar-2018 12:16:57.695 INFO [http-nio-8090-exec-501] org.apache.catalina.core.ApplicationContext.log Manager: list: Listing contexts for virtual host 'localhost'
16-Mar-2018 12:18:15.190 INFO [http-nio-8090-exec-500] org.apache.catalina.core.ApplicationContext.log Manager: list: Listing contexts for virtual host 'localhost'
16-Mar-2018 12:19:26.695 INFO [http-nio-8090-exec-504] org.apache.catalina.core.ApplicationContext.log Manager: list: Listing contexts for virtual host 'localhost'
16-Mar-2018 12:19:26.695 INFO [http-nio-8090-exec-506] org.apache.catalina.core.ApplicationContext.log Manager: list: Listing contexts for virtual host 'localhost'
16-Mar-2018 12:20:09.825 INFO [http-nio-8090-exec-503] org.apache.catalina.core.ApplicationContext.log Manager: list: Listing contexts for virtual host 'localhost'
16-Mar-2018 12:20:09.903 INFO [http-nio-8090-exec-501] org.apache.catalina.core.ApplicationContext.log Manager: list: Listing contexts for virtual host 'localhost'
16-Mar-2018 12:23:28.667 INFO [http-nio-8090-exec-500] org.apache.catalina.core.ApplicationContext.log Manager: list: Listing contexts for virtual host 'localhost'
16-Mar-2018 12:23:39.011 INFO [http-nio-8090-exec-507] org.apache.catalina.core.ApplicationContext.log Manager: list: Listing contexts for virtual host 'localhost'
16-Mar-2018 12:23:39.011 INFO [http-nio-8090-exec-504] org.apache.catalina.core.ApplicationContext.log Manager: list: Listing contexts for virtual host 'localhost'
16-Mar-2018 12:24:24.561 INFO [http-nio-8090-exec-501] org.apache.catalina.core.ApplicationContext.log Manager: list: Listing contexts for virtual host 'localhost'
16-Mar-2018 12:24:24.608 INFO [http-nio-8090-exec-503] org.apache.catalina.core.ApplicationContext.log Manager: list: Listing contexts for virtual host 'localhost'
16-Mar-2018 12:25:14.135 INFO [http-nio-8090-exec-505] org.apache.catalina.core.ApplicationContext.log Manager: list: Listing contexts for virtual host 'localhost'
16-Mar-2018 12:25:14.137 INFO [http-nio-8090-exec-507] org.apache.catalina.core.ApplicationContext.log Manager: list: Listing contexts for virtual host 'localhost'
16-Mar-2018 12:29:03.076 INFO [http-nio-8090-exec-502] org.apache.catalina.core.ApplicationContext.log Manager: list: Listing contexts for virtual host 'localhost'
16-Mar-2018 12:29:16.281 INFO [http-nio-8090-exec-501] org.apache.catalina.core.ApplicationContext.log Manager: list: Listing contexts for virtual host 'localhost'
16-Mar-2018 12:29:27.013 INFO [http-nio-8090-exec-503] org.apache.catalina.core.ApplicationContext.log Manager: list: Listing contexts for virtual host 'localhost'
16-Mar-2018 12:29:27.015 INFO [http-nio-8090-exec-498] org.apache.catalina.core.ApplicationContext.log Manager: list: Listing contexts for virtual host 'localhost'
16-Mar-2018 12:31:31.972 INFO [http-nio-8090-exec-506] org.apache.catalina.core.ApplicationContext.log Manager: list: Listing contexts for virtual host 'localhost'
16-Mar-2018 12:31:42.334 INFO [http-nio-8090-exec-505] org.apache.catalina.core.ApplicationContext.log Manager: list: Listing contexts for virtual host 'localhost'
16-Mar-2018 12:31:42.350 INFO [http-nio-8090-exec-507] org.apache.catalina.core.ApplicationContext.log Manager: list: Listing contexts for virtual host 'localhost'
16-Mar-2018 12:33:05.949 INFO [http-nio-8090-exec-498] org.apache.catalina.core.ApplicationContext.log Manager: list: Listing contexts for virtual host 'localhost'
16-Mar-2018 12:33:23.324 INFO [http-nio-8090-exec-500] org.apache.catalina.core.ApplicationContext.log Manager: list: Listing contexts for virtual host 'localhost'
16-Mar-2018 12:33:23.324 INFO [http-nio-8090-exec-502] org.apache.catalina.core.ApplicationContext.log Manager: list: Listing contexts for virtual host 'localhost'
16-Mar-2018 12:35:01.344 INFO [http-nio-8090-exec-499] org.apache.catalina.core.ApplicationContext.log Manager: list: Listing contexts for virtual host 'localhost'
16-Mar-2018 12:35:14.234 INFO [http-nio-8090-exec-505] org.apache.catalina.core.ApplicationContext.log Manager: list: Listing contexts for virtual host 'localhost'
16-Mar-2018 12:35:14.234 INFO [http-nio-8090-exec-507] org.apache.catalina.core.ApplicationContext.log Manager: list: Listing contexts for virtual host 'localhost'
16-Mar-2018 12:41:52.120 INFO [http-nio-8090-exec-503] org.apache.catalina.core.ApplicationContext.log Manager: list: Listing contexts for virtual host 'localhost'
16-Mar-2018 12:41:52.120 INFO [http-nio-8090-exec-500] org.apache.catalina.core.ApplicationContext.log Manager: list: Listing contexts for virtual host 'localhost'
16-Mar-2018 13:01:49.980 INFO [http-nio-8090-exec-502] org.apache.catalina.core.ApplicationContext.log Manager: list: Listing contexts for virtual host 'localhost'
16-Mar-2018 13:01:50.120 INFO [http-nio-8090-exec-505] org.apache.catalina.core.ApplicationContext.log Manager: list: Listing contexts for virtual host 'localhost'
16-Mar-2018 13:04:40.013 INFO [http-nio-8090-exec-502] org.apache.catalina.core.ApplicationContext.log Manager: list: Listing contexts for virtual host 'localhost'
16-Mar-2018 13:04:40.013 INFO [http-nio-8090-exec-498] org.apache.catalina.core.ApplicationContext.log Manager: list: Listing contexts for virtual host 'localhost'
16-Mar-2018 14:12:43.483 INFO [http-nio-8090-exec-505] org.apache.catalina.core.ApplicationContext.log Manager: list: Listing contexts for virtual host 'localhost'
16-Mar-2018 14:12:43.968 INFO [http-nio-8090-exec-498] org.apache.catalina.core.ApplicationContext.log Manager: restart: Reloading web application '/IT_Company_Locator'
16-Mar-2018 14:12:56.879 INFO [http-nio-8090-exec-505] org.apache.catalina.core.ApplicationContext.log Manager: list: Listing contexts for virtual host 'localhost'
16-Mar-2018 14:12:56.879 INFO [http-nio-8090-exec-500] org.apache.catalina.core.ApplicationContext.log Manager: restart: Reloading web application '/IT_Company_Locator'
16-Mar-2018 14:14:35.655 INFO [http-nio-8090-exec-505] org.apache.catalina.core.ApplicationContext.log Manager: list: Listing contexts for virtual host 'localhost'
16-Mar-2018 14:14:35.671 INFO [http-nio-8090-exec-508] org.apache.catalina.core.ApplicationContext.log Manager: restart: Reloading web application '/IT_Company_Locator'
16-Mar-2018 14:17:41.357 INFO [http-nio-8090-exec-513] org.apache.catalina.core.ApplicationContext.log Manager: list: Listing contexts for virtual host 'localhost'
16-Mar-2018 14:17:41.404 INFO [http-nio-8090-exec-515] org.apache.catalina.core.ApplicationContext.log Manager: restart: Reloading web application '/IT_Company_Locator'
16-Mar-2018 14:19:53.223 INFO [http-nio-8090-exec-521] org.apache.catalina.core.ApplicationContext.log Manager: list: Listing contexts for virtual host 'localhost'
16-Mar-2018 14:19:53.238 INFO [http-nio-8090-exec-517] org.apache.catalina.core.ApplicationContext.log Manager: restart: Reloading web application '/IT_Company_Locator'
16-Mar-2018 14:20:16.112 INFO [http-nio-8090-exec-512] org.apache.catalina.core.ApplicationContext.log Manager: list: Listing contexts for virtual host 'localhost'
16-Mar-2018 14:20:16.112 INFO [http-nio-8090-exec-520] org.apache.catalina.core.ApplicationContext.log Manager: restart: Reloading web application '/IT_Company_Locator'
16-Mar-2018 14:22:59.580 INFO [http-nio-8090-exec-519] org.apache.catalina.core.ApplicationContext.log Manager: list: Listing contexts for virtual host 'localhost'
16-Mar-2018 14:22:59.596 INFO [http-nio-8090-exec-517] org.apache.catalina.core.ApplicationContext.log Manager: restart: Reloading web application '/IT_Company_Locator'
16-Mar-2018 14:31:02.484 INFO [http-nio-8090-exec-528] org.apache.catalina.core.ApplicationContext.log Manager: list: Listing contexts for virtual host 'localhost'
16-Mar-2018 14:31:02.500 INFO [http-nio-8090-exec-529] org.apache.catalina.core.ApplicationContext.log Manager: restart: Reloading web application '/IT_Company_Locator'
16-Mar-2018 14:32:51.418 INFO [http-nio-8090-exec-527] org.apache.catalina.core.ApplicationContext.log Manager: list: Listing contexts for virtual host 'localhost'
16-Mar-2018 14:32:51.418 INFO [http-nio-8090-exec-530] org.apache.catalina.core.ApplicationContext.log Manager: restart: Reloading web application '/IT_Company_Locator'
16-Mar-2018 14:34:16.431 INFO [http-nio-8090-exec-526] org.apache.catalina.core.ApplicationContext.log Manager: list: Listing contexts for virtual host 'localhost'
16-Mar-2018 14:34:16.431 INFO [http-nio-8090-exec-534] org.apache.catalina.core.ApplicationContext.log Manager: restart: Reloading web application '/IT_Company_Locator'
16-Mar-2018 14:43:43.167 INFO [http-nio-8090-exec-541] org.apache.catalina.core.ApplicationContext.log Manager: list: Listing contexts for virtual host 'localhost'
16-Mar-2018 14:43:43.198 INFO [http-nio-8090-exec-542] org.apache.catalina.core.ApplicationContext.log Manager: restart: Reloading web application '/IT_Company_Locator'
16-Mar-2018 14:44:01.577 INFO [http-nio-8090-exec-546] org.apache.catalina.core.ApplicationContext.log Manager: list: Listing contexts for virtual host 'localhost'
16-Mar-2018 14:44:01.577 INFO [http-nio-8090-exec-543] org.apache.catalina.core.ApplicationContext.log Manager: list: Listing contexts for virtual host 'localhost'
16-Mar-2018 14:44:01.671 INFO [http-nio-8090-exec-547] org.apache.catalina.core.ApplicationContext.log Manager: restart: Reloading web application '/IT_Company_Locator'
16-Mar-2018 14:50:04.673 INFO [http-nio-8090-exec-557] org.apache.catalina.core.ApplicationContext.log Manager: list: Listing contexts for virtual host 'localhost'
16-Mar-2018 14:50:04.704 INFO [http-nio-8090-exec-551] org.apache.catalina.core.ApplicationContext.log Manager: restart: Reloading web application '/IT_Company_Locator'
16-Mar-2018 16:44:38.108 INFO [http-nio-8090-exec-565] org.apache.catalina.core.ApplicationContext.log Manager: list: Listing contexts for virtual host 'localhost'
16-Mar-2018 16:44:38.886 INFO [http-nio-8090-exec-567] org.apache.catalina.core.ApplicationContext.log Manager: list: Listing contexts for virtual host 'localhost'
16-Mar-2018 16:44:39.590 INFO [http-nio-8090-exec-566] org.apache.catalina.core.ApplicationContext.log Manager: install: Installing context configuration at 'file:/C:/Users/SURAJ~1.JEN/AppData/Local/Temp/context1574164185672619394.xml'
16-Mar-2018 16:44:52.738 INFO [http-nio-8090-exec-570] org.apache.catalina.core.ApplicationContext.log Manager: start: Starting web application '/paginations'
16-Mar-2018 16:45:28.631 INFO [http-nio-8090-exec-568] org.apache.catalina.core.ApplicationContext.log Manager: list: Listing contexts for virtual host 'localhost'
16-Mar-2018 16:45:28.633 INFO [http-nio-8090-exec-570] org.apache.catalina.core.ApplicationContext.log Manager: list: Listing contexts for virtual host 'localhost'
16-Mar-2018 16:46:21.203 INFO [http-nio-8090-exec-563] org.apache.catalina.core.ApplicationContext.log Manager: list: Listing contexts for virtual host 'localhost'
16-Mar-2018 16:46:21.204 INFO [http-nio-8090-exec-564] org.apache.catalina.core.ApplicationContext.log Manager: list: Listing contexts for virtual host 'localhost'
16-Mar-2018 22:05:56.365 INFO [http-nio-8090-exec-565] org.apache.catalina.core.ApplicationContext.log Manager: list: Listing contexts for virtual host 'localhost'
16-Mar-2018 22:05:56.442 INFO [http-nio-8090-exec-566] org.apache.catalina.core.ApplicationContext.log Manager: list: Listing contexts for virtual host 'localhost'
16-Mar-2018 22:08:56.231 INFO [http-nio-8090-exec-568] org.apache.catalina.core.ApplicationContext.log Manager: list: Listing contexts for virtual host 'localhost'
16-Mar-2018 22:11:43.997 INFO [http-nio-8090-exec-566] org.apache.catalina.core.ApplicationContext.log Manager: list: Listing contexts for virtual host 'localhost'
16-Mar-2018 22:13:40.668 INFO [http-nio-8090-exec-562] org.apache.catalina.core.ApplicationContext.log Manager: list: Listing contexts for virtual host 'localhost'
16-Mar-2018 22:15:02.925 INFO [http-nio-8090-exec-569] org.apache.catalina.core.ApplicationContext.log Manager: list: Listing contexts for virtual host 'localhost'
16-Mar-2018 22:15:37.069 INFO [http-nio-8090-exec-570] org.apache.catalina.core.ApplicationContext.log Manager: list: Listing contexts for virtual host 'localhost'
16-Mar-2018 22:15:55.166 INFO [http-nio-8090-exec-562] org.apache.catalina.core.ApplicationContext.log Manager: list: Listing contexts for virtual host 'localhost'
16-Mar-2018 22:16:05.787 INFO [http-nio-8090-exec-561] org.apache.catalina.core.ApplicationContext.log Manager: list: Listing contexts for virtual host 'localhost'
16-Mar-2018 22:17:34.423 INFO [http-nio-8090-exec-568] org.apache.catalina.core.ApplicationContext.log Manager: list: Listing contexts for virtual host 'localhost'
16-Mar-2018 22:17:34.426 INFO [http-nio-8090-exec-564] org.apache.catalina.core.ApplicationContext.log Manager: list: Listing contexts for virtual host 'localhost'
16-Mar-2018 22:17:34.635 INFO [http-nio-8090-exec-565] org.apache.catalina.core.ApplicationContext.log Manager: restart: Reloading web application '/IT_Company_Locator'
16-Mar-2018 22:23:55.998 INFO [http-nio-8090-exec-571] org.apache.catalina.core.ApplicationContext.log Manager: list: Listing contexts for virtual host 'localhost'
16-Mar-2018 22:24:00.745 INFO [http-nio-8090-exec-580] org.apache.catalina.core.ApplicationContext.log Manager: list: Listing contexts for virtual host 'localhost'
