09-Mar-2018 09:51:15.431 INFO [http-nio-8090-exec-7] org.apache.catalina.core.ApplicationContext.log Manager: init: Associated with Deployer 'Catalina:type=Deployer,host=localhost'
09-Mar-2018 09:51:15.431 INFO [http-nio-8090-exec-7] org.apache.catalina.core.ApplicationContext.log Manager: init: Global resources are available
09-Mar-2018 09:51:16.138 INFO [http-nio-8090-exec-3] org.apache.catalina.core.ApplicationContext.log Manager: list: Listing contexts for virtual host 'localhost'
09-Mar-2018 09:51:16.147 INFO [http-nio-8090-exec-9] org.apache.catalina.core.ApplicationContext.log Manager: list: Listing contexts for virtual host 'localhost'
09-Mar-2018 09:51:16.342 INFO [http-nio-8090-exec-1] org.apache.catalina.core.ApplicationContext.log Manager: restart: Reloading web application '/WebApplication2'
09-Mar-2018 09:54:09.458 INFO [http-nio-8090-exec-12] org.apache.catalina.core.ApplicationContext.log Manager: list: Listing contexts for virtual host 'localhost'
09-Mar-2018 09:54:09.458 INFO [http-nio-8090-exec-13] org.apache.catalina.core.ApplicationContext.log Manager: restart: Reloading web application '/WebApplication2'
09-Mar-2018 09:54:10.036 INFO [http-nio-8090-exec-19] org.apache.catalina.core.ApplicationContext.log Manager: list: Listing contexts for virtual host 'localhost'
09-Mar-2018 09:54:10.036 INFO [http-nio-8090-exec-14] org.apache.catalina.core.ApplicationContext.log Manager: restart: Reloading web application '/WebApplication2'
09-Mar-2018 09:54:14.413 INFO [http-nio-8090-exec-15] org.apache.catalina.core.ApplicationContext.log Manager: list: Listing contexts for virtual host 'localhost'
09-Mar-2018 09:54:14.416 INFO [http-nio-8090-exec-19] org.apache.catalina.core.ApplicationContext.log Manager: list: Listing contexts for virtual host 'localhost'
09-Mar-2018 09:54:14.427 INFO [http-nio-8090-exec-17] org.apache.catalina.core.ApplicationContext.log Manager: restart: Reloading web application '/WebApplication2'
09-Mar-2018 09:56:43.146 INFO [http-nio-8090-exec-23] org.apache.catalina.core.ApplicationContext.log Manager: list: Listing contexts for virtual host 'localhost'
09-Mar-2018 09:56:43.146 INFO [http-nio-8090-exec-24] org.apache.catalina.core.ApplicationContext.log Manager: restart: Reloading web application '/WebApplication2'
09-Mar-2018 09:56:53.563 INFO [http-nio-8090-exec-12] org.apache.catalina.core.ApplicationContext.log Manager: list: Listing contexts for virtual host 'localhost'
09-Mar-2018 09:56:53.563 INFO [http-nio-8090-exec-25] org.apache.catalina.core.ApplicationContext.log Manager: restart: Reloading web application '/WebApplication2'
09-Mar-2018 09:56:53.610 INFO [http-nio-8090-exec-22] org.apache.catalina.core.ApplicationContext.log Manager: list: Listing contexts for virtual host 'localhost'
09-Mar-2018 09:56:53.625 INFO [http-nio-8090-exec-23] org.apache.catalina.core.ApplicationContext.log Manager: restart: Reloading web application '/WebApplication2'
09-Mar-2018 09:59:28.365 INFO [http-nio-8090-exec-31] org.apache.catalina.core.ApplicationContext.log Manager: list: Listing contexts for virtual host 'localhost'
09-Mar-2018 09:59:28.365 INFO [http-nio-8090-exec-25] org.apache.catalina.core.ApplicationContext.log Manager: restart: Reloading web application '/WebApplication2'
09-Mar-2018 10:05:08.358 INFO [http-nio-8090-exec-34] org.apache.catalina.core.ApplicationContext.log Manager: list: Listing contexts for virtual host 'localhost'
09-Mar-2018 10:05:08.374 INFO [http-nio-8090-exec-35] org.apache.catalina.core.ApplicationContext.log Manager: restart: Reloading web application '/WebApplication2'
09-Mar-2018 10:06:34.613 INFO [http-nio-8090-exec-36] org.apache.catalina.core.ApplicationContext.log Manager: list: Listing contexts for virtual host 'localhost'
09-Mar-2018 10:06:34.644 INFO [http-nio-8090-exec-25] org.apache.catalina.core.ApplicationContext.log Manager: restart: Reloading web application '/WebApplication2'
09-Mar-2018 10:07:48.879 INFO [http-nio-8090-exec-37] org.apache.catalina.core.ApplicationContext.log Manager: list: Listing contexts for virtual host 'localhost'
09-Mar-2018 10:07:48.879 INFO [http-nio-8090-exec-34] org.apache.catalina.core.ApplicationContext.log Manager: restart: Reloading web application '/WebApplication2'
09-Mar-2018 10:08:41.048 INFO [http-nio-8090-exec-25] org.apache.catalina.core.ApplicationContext.log Manager: list: Listing contexts for virtual host 'localhost'
09-Mar-2018 10:08:41.048 INFO [http-nio-8090-exec-37] org.apache.catalina.core.ApplicationContext.log Manager: restart: Reloading web application '/WebApplication2'
09-Mar-2018 10:14:26.185 INFO [http-nio-8090-exec-44] org.apache.catalina.core.ApplicationContext.log Manager: list: Listing contexts for virtual host 'localhost'
09-Mar-2018 10:14:26.185 INFO [http-nio-8090-exec-45] org.apache.catalina.core.ApplicationContext.log Manager: restart: Reloading web application '/WebApplication2'
09-Mar-2018 10:28:57.427 INFO [http-nio-8090-exec-50] org.apache.catalina.core.ApplicationContext.log Manager: list: Listing contexts for virtual host 'localhost'
09-Mar-2018 10:28:57.443 INFO [http-nio-8090-exec-51] org.apache.catalina.core.ApplicationContext.log Manager: restart: Reloading web application '/WebApplication2'
09-Mar-2018 10:28:57.637 INFO [http-nio-8090-exec-55] org.apache.catalina.core.ApplicationContext.log Manager: list: Listing contexts for virtual host 'localhost'
09-Mar-2018 10:28:57.653 INFO [http-nio-8090-exec-49] org.apache.catalina.core.ApplicationContext.log Manager: restart: Reloading web application '/WebApplication2'
09-Mar-2018 10:29:17.430 INFO [http-nio-8090-exec-54] org.apache.catalina.core.ApplicationContext.log Manager: list: Listing contexts for virtual host 'localhost'
09-Mar-2018 10:29:17.446 INFO [http-nio-8090-exec-52] org.apache.catalina.core.ApplicationContext.log Manager: restart: Reloading web application '/WebApplication2'
09-Mar-2018 10:48:16.488 INFO [http-nio-8090-exec-64] org.apache.catalina.core.ApplicationContext.log Manager: list: Listing contexts for virtual host 'localhost'
09-Mar-2018 10:48:16.488 INFO [http-nio-8090-exec-63] org.apache.catalina.core.ApplicationContext.log Manager: restart: Reloading web application '/WebApplication2'
09-Mar-2018 10:50:30.595 INFO [http-nio-8090-exec-73] org.apache.catalina.core.ApplicationContext.log Manager: list: Listing contexts for virtual host 'localhost'
09-Mar-2018 10:50:30.595 INFO [http-nio-8090-exec-69] org.apache.catalina.core.ApplicationContext.log Manager: list: Listing contexts for virtual host 'localhost'
09-Mar-2018 10:50:30.611 INFO [http-nio-8090-exec-62] org.apache.catalina.core.ApplicationContext.log Manager: restart: Reloading web application '/WebApplication2'
09-Mar-2018 10:57:39.696 INFO [http-nio-8090-exec-77] org.apache.catalina.core.ApplicationContext.log Manager: list: Listing contexts for virtual host 'localhost'
09-Mar-2018 10:57:39.696 INFO [http-nio-8090-exec-78] org.apache.catalina.core.ApplicationContext.log Manager: restart: Reloading web application '/WebApplication2'
09-Mar-2018 10:59:56.060 INFO [http-nio-8090-exec-79] org.apache.catalina.core.ApplicationContext.log Manager: list: Listing contexts for virtual host 'localhost'
09-Mar-2018 10:59:56.066 INFO [http-nio-8090-exec-83] org.apache.catalina.core.ApplicationContext.log Manager: restart: Reloading web application '/WebApplication2'
09-Mar-2018 11:02:41.020 INFO [http-nio-8090-exec-89] org.apache.catalina.core.ApplicationContext.log Manager: list: Listing contexts for virtual host 'localhost'
09-Mar-2018 11:02:41.027 INFO [http-nio-8090-exec-75] org.apache.catalina.core.ApplicationContext.log Manager: restart: Reloading web application '/WebApplication2'
09-Mar-2018 11:10:53.179 INFO [http-nio-8090-exec-90] org.apache.catalina.core.ApplicationContext.log Manager: list: Listing contexts for virtual host 'localhost'
09-Mar-2018 11:10:53.237 INFO [http-nio-8090-exec-91] org.apache.catalina.core.ApplicationContext.log Manager: restart: Reloading web application '/WebApplication2'
09-Mar-2018 11:11:01.545 INFO [http-nio-8090-exec-93] org.apache.catalina.core.ApplicationContext.log Manager: list: Listing contexts for virtual host 'localhost'
09-Mar-2018 11:11:01.564 INFO [http-nio-8090-exec-98] org.apache.catalina.core.ApplicationContext.log Manager: restart: Reloading web application '/WebApplication2'
09-Mar-2018 11:11:19.768 INFO [http-nio-8090-exec-94] org.apache.catalina.core.ApplicationContext.log Manager: list: Listing contexts for virtual host 'localhost'
09-Mar-2018 11:11:19.780 INFO [http-nio-8090-exec-99] org.apache.catalina.core.ApplicationContext.log Manager: restart: Reloading web application '/WebApplication2'
09-Mar-2018 11:11:20.042 INFO [http-nio-8090-exec-95] org.apache.catalina.core.ApplicationContext.log Manager: list: Listing contexts for virtual host 'localhost'
09-Mar-2018 11:11:20.063 INFO [http-nio-8090-exec-91] org.apache.catalina.core.ApplicationContext.log Manager: restart: Reloading web application '/WebApplication2'
09-Mar-2018 11:33:28.909 INFO [http-nio-8090-exec-102] org.apache.catalina.core.ApplicationContext.log Manager: list: Listing contexts for virtual host 'localhost'
09-Mar-2018 11:33:28.925 INFO [http-nio-8090-exec-103] org.apache.catalina.core.ApplicationContext.log Manager: restart: Reloading web application '/WebApplication2'
09-Mar-2018 11:33:33.649 INFO [http-nio-8090-exec-111] org.apache.catalina.core.ApplicationContext.log Manager: list: Listing contexts for virtual host 'localhost'
09-Mar-2018 11:33:34.564 INFO [http-nio-8090-exec-112] org.apache.catalina.core.ApplicationContext.log Manager: restart: Reloading web application '/WebApplication2'
09-Mar-2018 11:43:11.081 INFO [http-nio-8090-exec-113] org.apache.catalina.core.ApplicationContext.log Manager: list: Listing contexts for virtual host 'localhost'
09-Mar-2018 11:43:11.087 INFO [http-nio-8090-exec-114] org.apache.catalina.core.ApplicationContext.log Manager: restart: Reloading web application '/WebApplication2'
09-Mar-2018 11:43:11.840 INFO [http-nio-8090-exec-116] org.apache.catalina.core.ApplicationContext.log Manager: list: Listing contexts for virtual host 'localhost'
09-Mar-2018 11:43:11.854 INFO [http-nio-8090-exec-120] org.apache.catalina.core.ApplicationContext.log Manager: restart: Reloading web application '/WebApplication2'
09-Mar-2018 11:47:27.618 INFO [http-nio-8090-exec-125] org.apache.catalina.core.ApplicationContext.log Manager: list: Listing contexts for virtual host 'localhost'
09-Mar-2018 11:47:27.643 INFO [http-nio-8090-exec-126] org.apache.catalina.core.ApplicationContext.log Manager: restart: Reloading web application '/WebApplication2'
09-Mar-2018 11:56:30.358 INFO [http-nio-8090-exec-130] org.apache.catalina.core.ApplicationContext.log Manager: list: Listing contexts for virtual host 'localhost'
09-Mar-2018 11:56:30.375 INFO [http-nio-8090-exec-132] org.apache.catalina.core.ApplicationContext.log Manager: restart: Reloading web application '/WebApplication2'
09-Mar-2018 11:59:21.791 INFO [http-nio-8090-exec-135] org.apache.catalina.core.ApplicationContext.log Manager: list: Listing contexts for virtual host 'localhost'
09-Mar-2018 11:59:21.819 INFO [http-nio-8090-exec-135] org.apache.catalina.core.ApplicationContext.log Manager: restart: Reloading web application '/WebApplication2'
09-Mar-2018 12:01:35.113 INFO [http-nio-8090-exec-144] org.apache.catalina.core.ApplicationContext.log Manager: list: Listing contexts for virtual host 'localhost'
09-Mar-2018 12:01:35.128 INFO [http-nio-8090-exec-141] org.apache.catalina.core.ApplicationContext.log Manager: restart: Reloading web application '/WebApplication2'
09-Mar-2018 12:01:49.732 INFO [http-nio-8090-exec-144] org.apache.catalina.core.ApplicationContext.log Manager: list: Listing contexts for virtual host 'localhost'
09-Mar-2018 12:01:49.740 INFO [http-nio-8090-exec-137] org.apache.catalina.core.ApplicationContext.log Manager: restart: Reloading web application '/WebApplication2'
09-Mar-2018 12:02:19.658 INFO [http-nio-8090-exec-145] org.apache.catalina.core.ApplicationContext.log Manager: list: Listing contexts for virtual host 'localhost'
09-Mar-2018 12:02:19.666 INFO [http-nio-8090-exec-135] org.apache.catalina.core.ApplicationContext.log Manager: restart: Reloading web application '/WebApplication2'
09-Mar-2018 12:05:06.893 INFO [http-nio-8090-exec-146] org.apache.catalina.core.ApplicationContext.log Manager: list: Listing contexts for virtual host 'localhost'
09-Mar-2018 12:05:06.902 INFO [http-nio-8090-exec-137] org.apache.catalina.core.ApplicationContext.log Manager: restart: Reloading web application '/WebApplication2'
09-Mar-2018 12:05:26.844 INFO [http-nio-8090-exec-149] org.apache.catalina.core.ApplicationContext.log Manager: list: Listing contexts for virtual host 'localhost'
09-Mar-2018 12:05:26.857 INFO [http-nio-8090-exec-135] org.apache.catalina.core.ApplicationContext.log Manager: restart: Reloading web application '/WebApplication2'
09-Mar-2018 12:06:56.053 INFO [http-nio-8090-exec-143] org.apache.catalina.core.ApplicationContext.log Manager: list: Listing contexts for virtual host 'localhost'
09-Mar-2018 12:06:56.058 INFO [http-nio-8090-exec-149] org.apache.catalina.core.ApplicationContext.log Manager: restart: Reloading web application '/WebApplication2'
09-Mar-2018 12:07:28.041 INFO [http-nio-8090-exec-152] org.apache.catalina.core.ApplicationContext.log Manager: list: Listing contexts for virtual host 'localhost'
09-Mar-2018 12:07:28.188 INFO [http-nio-8090-exec-143] org.apache.catalina.core.ApplicationContext.log Manager: restart: Reloading web application '/WebApplication2'
09-Mar-2018 12:08:29.318 INFO [http-nio-8090-exec-149] org.apache.catalina.core.ApplicationContext.log Manager: list: Listing contexts for virtual host 'localhost'
09-Mar-2018 12:08:29.352 INFO [http-nio-8090-exec-135] org.apache.catalina.core.ApplicationContext.log Manager: restart: Reloading web application '/WebApplication2'
09-Mar-2018 12:08:34.117 INFO [http-nio-8090-exec-137] org.apache.catalina.core.ApplicationContext.log Manager: list: Listing contexts for virtual host 'localhost'
09-Mar-2018 12:08:34.125 INFO [http-nio-8090-exec-149] org.apache.catalina.core.ApplicationContext.log Manager: restart: Reloading web application '/WebApplication2'
09-Mar-2018 12:17:33.205 INFO [http-nio-8090-exec-164] org.apache.catalina.core.ApplicationContext.log Manager: list: Listing contexts for virtual host 'localhost'
09-Mar-2018 12:17:33.305 INFO [http-nio-8090-exec-156] org.apache.catalina.core.ApplicationContext.log Manager: undeploy: Undeploying web application at '/WebApplication2'
09-Mar-2018 12:24:24.867 INFO [http-nio-8090-exec-166] org.apache.catalina.core.ApplicationContext.log Manager: list: Listing contexts for virtual host 'localhost'
09-Mar-2018 12:24:25.323 INFO [http-nio-8090-exec-172] org.apache.catalina.core.ApplicationContext.log Manager: list: Listing contexts for virtual host 'localhost'
09-Mar-2018 12:25:01.283 INFO [http-nio-8090-exec-167] org.apache.catalina.core.ApplicationContext.log Manager: list: Listing contexts for virtual host 'localhost'
09-Mar-2018 12:25:01.634 INFO [http-nio-8090-exec-168] org.apache.catalina.core.ApplicationContext.log Manager: list: Listing contexts for virtual host 'localhost'
09-Mar-2018 12:25:43.474 INFO [http-nio-8090-exec-171] org.apache.catalina.core.ApplicationContext.log Manager: list: Listing contexts for virtual host 'localhost'
09-Mar-2018 12:26:01.909 INFO [http-nio-8090-exec-166] org.apache.catalina.core.ApplicationContext.log Manager: list: Listing contexts for virtual host 'localhost'
09-Mar-2018 12:27:02.939 INFO [http-nio-8090-exec-168] org.apache.catalina.core.ApplicationContext.log Manager: list: Listing contexts for virtual host 'localhost'
09-Mar-2018 12:28:38.189 INFO [http-nio-8090-exec-174] org.apache.catalina.core.ApplicationContext.log Manager: list: Listing contexts for virtual host 'localhost'
09-Mar-2018 12:31:21.694 INFO [http-nio-8090-exec-166] org.apache.catalina.core.ApplicationContext.log Manager: list: Listing contexts for virtual host 'localhost'
09-Mar-2018 12:32:25.573 INFO [http-nio-8090-exec-167] org.apache.catalina.core.ApplicationContext.log Manager: list: Listing contexts for virtual host 'localhost'
09-Mar-2018 12:34:07.578 INFO [http-nio-8090-exec-173] org.apache.catalina.core.ApplicationContext.log Manager: list: Listing contexts for virtual host 'localhost'
09-Mar-2018 12:37:27.260 INFO [http-nio-8090-exec-165] org.apache.catalina.core.ApplicationContext.log Manager: list: Listing contexts for virtual host 'localhost'
09-Mar-2018 12:38:33.409 INFO [http-nio-8090-exec-167] org.apache.catalina.core.ApplicationContext.log Manager: list: Listing contexts for virtual host 'localhost'
09-Mar-2018 12:41:07.332 INFO [http-nio-8090-exec-174] org.apache.catalina.core.ApplicationContext.log Manager: list: Listing contexts for virtual host 'localhost'
09-Mar-2018 12:45:59.173 INFO [http-nio-8090-exec-171] org.apache.catalina.core.ApplicationContext.log Manager: list: Listing contexts for virtual host 'localhost'
09-Mar-2018 12:45:59.590 INFO [http-nio-8090-exec-166] org.apache.catalina.core.ApplicationContext.log Manager: list: Listing contexts for virtual host 'localhost'
09-Mar-2018 12:57:49.543 INFO [http-nio-8090-exec-165] org.apache.catalina.core.ApplicationContext.log Manager: list: Listing contexts for virtual host 'localhost'
09-Mar-2018 12:58:24.003 INFO [http-nio-8090-exec-174] org.apache.catalina.core.ApplicationContext.log Manager: list: Listing contexts for virtual host 'localhost'
09-Mar-2018 12:58:24.384 INFO [http-nio-8090-exec-167] org.apache.catalina.core.ApplicationContext.log Manager: list: Listing contexts for virtual host 'localhost'
09-Mar-2018 13:02:50.575 INFO [http-nio-8090-exec-169] org.apache.catalina.core.ApplicationContext.log Manager: list: Listing contexts for virtual host 'localhost'
09-Mar-2018 13:04:39.376 INFO [http-nio-8090-exec-173] org.apache.catalina.core.ApplicationContext.log Manager: list: Listing contexts for virtual host 'localhost'
09-Mar-2018 13:20:37.086 INFO [http-nio-8090-exec-167] org.apache.catalina.core.ApplicationContext.log Manager: list: Listing contexts for virtual host 'localhost'
09-Mar-2018 13:27:28.777 INFO [http-nio-8090-exec-169] org.apache.catalina.core.ApplicationContext.log Manager: list: Listing contexts for virtual host 'localhost'
09-Mar-2018 13:27:36.887 INFO [http-nio-8090-exec-166] org.apache.catalina.core.ApplicationContext.log Manager: list: Listing contexts for virtual host 'localhost'
09-Mar-2018 13:30:50.330 INFO [http-nio-8090-exec-172] org.apache.catalina.core.ApplicationContext.log Manager: list: Listing contexts for virtual host 'localhost'
09-Mar-2018 15:08:24.895 INFO [http-nio-8090-exec-169] org.apache.catalina.core.ApplicationContext.log Manager: list: Listing contexts for virtual host 'localhost'
09-Mar-2018 15:16:01.685 INFO [http-nio-8090-exec-168] org.apache.catalina.core.ApplicationContext.log Manager: list: Listing contexts for virtual host 'localhost'
09-Mar-2018 15:16:10.712 INFO [http-nio-8090-exec-165] org.apache.catalina.core.ApplicationContext.log Manager: list: Listing contexts for virtual host 'localhost'
09-Mar-2018 15:17:22.737 INFO [http-nio-8090-exec-174] org.apache.catalina.core.ApplicationContext.log Manager: list: Listing contexts for virtual host 'localhost'
09-Mar-2018 15:18:19.434 INFO [http-nio-8090-exec-170] org.apache.catalina.core.ApplicationContext.log Manager: list: Listing contexts for virtual host 'localhost'
09-Mar-2018 15:32:30.935 INFO [http-nio-8090-exec-172] org.apache.catalina.core.ApplicationContext.log Manager: list: Listing contexts for virtual host 'localhost'
09-Mar-2018 15:46:11.325 INFO [http-nio-8090-exec-167] org.apache.catalina.core.ApplicationContext.log Manager: list: Listing contexts for virtual host 'localhost'
09-Mar-2018 15:46:23.886 INFO [http-nio-8090-exec-172] org.apache.catalina.core.ApplicationContext.log Manager: list: Listing contexts for virtual host 'localhost'
09-Mar-2018 15:50:17.762 INFO [http-nio-8090-exec-166] org.apache.catalina.core.ApplicationContext.log Manager: list: Listing contexts for virtual host 'localhost'
09-Mar-2018 15:50:17.855 INFO [http-nio-8090-exec-171] org.apache.catalina.core.ApplicationContext.log Manager: list: Listing contexts for virtual host 'localhost'
09-Mar-2018 15:51:41.201 INFO [http-nio-8090-exec-174] org.apache.catalina.core.ApplicationContext.log Manager: list: Listing contexts for virtual host 'localhost'
09-Mar-2018 15:52:10.030 INFO [http-nio-8090-exec-172] org.apache.catalina.core.ApplicationContext.log Manager: list: Listing contexts for virtual host 'localhost'
09-Mar-2018 15:52:35.820 INFO [http-nio-8090-exec-170] org.apache.catalina.core.ApplicationContext.log Manager: list: Listing contexts for virtual host 'localhost'
09-Mar-2018 15:52:35.820 INFO [http-nio-8090-exec-173] org.apache.catalina.core.ApplicationContext.log Manager: list: Listing contexts for virtual host 'localhost'
09-Mar-2018 15:52:35.898 INFO [http-nio-8090-exec-172] org.apache.catalina.core.ApplicationContext.log Manager: install: Installing context configuration at 'file:/C:/Users/SURAJ~1.JEN/AppData/Local/Temp/context4585487991365182683.xml'
09-Mar-2018 15:52:38.508 INFO [http-nio-8090-exec-172] org.apache.catalina.core.ApplicationContext.log Manager: start: Starting web application '/ITCompanyLocator'
09-Mar-2018 15:53:48.999 INFO [http-nio-8090-exec-166] org.apache.catalina.core.ApplicationContext.log Manager: list: Listing contexts for virtual host 'localhost'
09-Mar-2018 15:53:48.999 INFO [http-nio-8090-exec-167] org.apache.catalina.core.ApplicationContext.log Manager: list: Listing contexts for virtual host 'localhost'
09-Mar-2018 15:53:49.015 INFO [http-nio-8090-exec-169] org.apache.catalina.core.ApplicationContext.log Manager: restart: Reloading web application '/ITCompanyLocator'
09-Mar-2018 15:55:57.235 INFO [http-nio-8090-exec-176] org.apache.catalina.core.ApplicationContext.log Manager: list: Listing contexts for virtual host 'localhost'
09-Mar-2018 15:55:57.360 INFO [http-nio-8090-exec-177] org.apache.catalina.core.ApplicationContext.log Manager: restart: Reloading web application '/ITCompanyLocator'
09-Mar-2018 15:56:18.664 INFO [http-nio-8090-exec-178] org.apache.catalina.core.ApplicationContext.log Manager: list: Listing contexts for virtual host 'localhost'
09-Mar-2018 15:56:18.680 INFO [http-nio-8090-exec-173] org.apache.catalina.core.ApplicationContext.log Manager: restart: Reloading web application '/ITCompanyLocator'
09-Mar-2018 15:56:26.483 INFO [http-nio-8090-exec-181] org.apache.catalina.core.ApplicationContext.log Manager: list: Listing contexts for virtual host 'localhost'
09-Mar-2018 15:56:26.483 INFO [http-nio-8090-exec-173] org.apache.catalina.core.ApplicationContext.log Manager: list: Listing contexts for virtual host 'localhost'
09-Mar-2018 15:56:26.499 INFO [http-nio-8090-exec-179] org.apache.catalina.core.ApplicationContext.log Manager: restart: Reloading web application '/ITCompanyLocator'
09-Mar-2018 16:03:24.742 INFO [http-nio-8090-exec-184] org.apache.catalina.core.ApplicationContext.log Manager: list: Listing contexts for virtual host 'localhost'
09-Mar-2018 16:03:24.773 INFO [http-nio-8090-exec-185] org.apache.catalina.core.ApplicationContext.log Manager: restart: Reloading web application '/ITCompanyLocator'
09-Mar-2018 16:10:34.476 INFO [http-nio-8090-exec-195] org.apache.catalina.core.ApplicationContext.log Manager: list: Listing contexts for virtual host 'localhost'
09-Mar-2018 16:10:34.491 INFO [http-nio-8090-exec-197] org.apache.catalina.core.ApplicationContext.log Manager: restart: Reloading web application '/ITCompanyLocator'
09-Mar-2018 16:12:49.430 INFO [http-nio-8090-exec-199] org.apache.catalina.core.ApplicationContext.log Manager: list: Listing contexts for virtual host 'localhost'
09-Mar-2018 16:12:49.445 INFO [http-nio-8090-exec-194] org.apache.catalina.core.ApplicationContext.log Manager: restart: Reloading web application '/ITCompanyLocator'
09-Mar-2018 16:12:54.766 INFO [http-nio-8090-exec-204] org.apache.catalina.core.ApplicationContext.log Manager: list: Listing contexts for virtual host 'localhost'
09-Mar-2018 16:12:54.781 INFO [http-nio-8090-exec-202] org.apache.catalina.core.ApplicationContext.log Manager: restart: Reloading web application '/ITCompanyLocator'
09-Mar-2018 16:12:59.754 INFO [http-nio-8090-exec-202] org.apache.catalina.core.ApplicationContext.log Manager: list: Listing contexts for virtual host 'localhost'
09-Mar-2018 16:12:59.770 INFO [http-nio-8090-exec-197] org.apache.catalina.core.ApplicationContext.log Manager: list: Listing contexts for virtual host 'localhost'
09-Mar-2018 16:12:59.785 INFO [http-nio-8090-exec-184] org.apache.catalina.core.ApplicationContext.log Manager: restart: Reloading web application '/ITCompanyLocator'
09-Mar-2018 16:14:19.267 INFO [http-nio-8090-exec-207] org.apache.catalina.core.ApplicationContext.log Manager: list: Listing contexts for virtual host 'localhost'
09-Mar-2018 16:14:31.861 INFO [http-nio-8090-exec-210] org.apache.catalina.core.ApplicationContext.log Manager: list: Listing contexts for virtual host 'localhost'
09-Mar-2018 16:14:31.877 INFO [http-nio-8090-exec-203] org.apache.catalina.core.ApplicationContext.log Manager: restart: Reloading web application '/ITCompanyLocator'
09-Mar-2018 16:14:40.147 INFO [http-nio-8090-exec-203] org.apache.catalina.core.ApplicationContext.log Manager: list: Listing contexts for virtual host 'localhost'
09-Mar-2018 16:14:40.147 INFO [http-nio-8090-exec-184] org.apache.catalina.core.ApplicationContext.log Manager: list: Listing contexts for virtual host 'localhost'
09-Mar-2018 16:14:40.161 INFO [http-nio-8090-exec-210] org.apache.catalina.core.ApplicationContext.log Manager: restart: Reloading web application '/ITCompanyLocator'
09-Mar-2018 16:24:47.368 INFO [http-nio-8090-exec-215] org.apache.catalina.core.ApplicationContext.log Manager: list: Listing contexts for virtual host 'localhost'
09-Mar-2018 16:24:47.373 INFO [http-nio-8090-exec-216] org.apache.catalina.core.ApplicationContext.log Manager: restart: Reloading web application '/ITCompanyLocator'
09-Mar-2018 16:33:08.865 INFO [http-nio-8090-exec-224] org.apache.catalina.core.ApplicationContext.log Manager: list: Listing contexts for virtual host 'localhost'
09-Mar-2018 16:33:08.872 INFO [http-nio-8090-exec-225] org.apache.catalina.core.ApplicationContext.log Manager: restart: Reloading web application '/ITCompanyLocator'
09-Mar-2018 16:34:56.923 INFO [http-nio-8090-exec-232] org.apache.catalina.core.ApplicationContext.log Manager: list: Listing contexts for virtual host 'localhost'
09-Mar-2018 16:34:56.934 INFO [http-nio-8090-exec-224] org.apache.catalina.core.ApplicationContext.log Manager: restart: Reloading web application '/ITCompanyLocator'
09-Mar-2018 16:35:25.736 INFO [http-nio-8090-exec-235] org.apache.catalina.core.ApplicationContext.log Manager: list: Listing contexts for virtual host 'localhost'
09-Mar-2018 16:35:25.742 INFO [http-nio-8090-exec-225] org.apache.catalina.core.ApplicationContext.log Manager: restart: Reloading web application '/ITCompanyLocator'
09-Mar-2018 16:35:30.817 INFO [http-nio-8090-exec-224] org.apache.catalina.core.ApplicationContext.log Manager: list: Listing contexts for virtual host 'localhost'
09-Mar-2018 16:35:30.826 INFO [http-nio-8090-exec-231] org.apache.catalina.core.ApplicationContext.log Manager: restart: Reloading web application '/ITCompanyLocator'
09-Mar-2018 16:35:34.442 INFO [http-nio-8090-exec-224] org.apache.catalina.core.ApplicationContext.log Manager: list: Listing contexts for virtual host 'localhost'
09-Mar-2018 16:35:34.477 INFO [http-nio-8090-exec-225] org.apache.catalina.core.ApplicationContext.log Manager: restart: Reloading web application '/ITCompanyLocator'
09-Mar-2018 16:36:29.643 INFO [http-nio-8090-exec-224] org.apache.catalina.core.ApplicationContext.log Manager: list: Listing contexts for virtual host 'localhost'
09-Mar-2018 16:36:29.663 INFO [http-nio-8090-exec-235] org.apache.catalina.core.ApplicationContext.log Manager: restart: Reloading web application '/ITCompanyLocator'
09-Mar-2018 16:36:35.422 INFO [http-nio-8090-exec-231] org.apache.catalina.core.ApplicationContext.log Manager: list: Listing contexts for virtual host 'localhost'
09-Mar-2018 16:36:35.431 INFO [http-nio-8090-exec-232] org.apache.catalina.core.ApplicationContext.log Manager: restart: Reloading web application '/ITCompanyLocator'
09-Mar-2018 16:36:38.651 INFO [http-nio-8090-exec-230] org.apache.catalina.core.ApplicationContext.log Manager: list: Listing contexts for virtual host 'localhost'
09-Mar-2018 16:36:38.653 INFO [http-nio-8090-exec-234] org.apache.catalina.core.ApplicationContext.log Manager: list: Listing contexts for virtual host 'localhost'
09-Mar-2018 16:36:38.664 INFO [http-nio-8090-exec-226] org.apache.catalina.core.ApplicationContext.log Manager: restart: Reloading web application '/ITCompanyLocator'
09-Mar-2018 17:17:43.931 INFO [http-nio-8090-exec-243] org.apache.catalina.core.ApplicationContext.log Manager: list: Listing contexts for virtual host 'localhost'
09-Mar-2018 17:56:29.819 INFO [http-nio-8090-exec-242] org.apache.catalina.core.ApplicationContext.log Manager: list: Listing contexts for virtual host 'localhost'
09-Mar-2018 17:56:30.292 INFO [http-nio-8090-exec-245] org.apache.catalina.core.ApplicationContext.log Manager: restart: Reloading web application '/ITCompanyLocator'
09-Mar-2018 17:57:54.857 INFO [http-nio-8090-exec-248] org.apache.catalina.core.ApplicationContext.log Manager: list: Listing contexts for virtual host 'localhost'
09-Mar-2018 17:57:55.026 INFO [http-nio-8090-exec-242] org.apache.catalina.core.ApplicationContext.log Manager: restart: Reloading web application '/ITCompanyLocator'
09-Mar-2018 18:05:40.124 INFO [http-nio-8090-exec-258] org.apache.catalina.core.ApplicationContext.log Manager: list: Listing contexts for virtual host 'localhost'
09-Mar-2018 18:05:40.137 INFO [http-nio-8090-exec-259] org.apache.catalina.core.ApplicationContext.log Manager: restart: Reloading web application '/ITCompanyLocator'
09-Mar-2018 19:41:39.431 INFO [http-nio-8090-exec-265] org.apache.catalina.core.ApplicationContext.log Manager: list: Listing contexts for virtual host 'localhost'
09-Mar-2018 19:41:39.595 INFO [http-nio-8090-exec-268] org.apache.catalina.core.ApplicationContext.log Manager: list: Listing contexts for virtual host 'localhost'
09-Mar-2018 19:41:40.719 INFO [http-nio-8090-exec-270] org.apache.catalina.core.ApplicationContext.log Manager: restart: Reloading web application '/ITCompanyLocator'
09-Mar-2018 19:43:58.368 INFO [http-nio-8090-exec-281] org.apache.catalina.core.ApplicationContext.log Manager: list: Listing contexts for virtual host 'localhost'
09-Mar-2018 19:43:58.563 INFO [http-nio-8090-exec-269] org.apache.catalina.core.ApplicationContext.log Manager: list: Listing contexts for virtual host 'localhost'
09-Mar-2018 19:43:58.821 INFO [http-nio-8090-exec-267] org.apache.catalina.core.ApplicationContext.log Manager: restart: Reloading web application '/ITCompanyLocator'
09-Mar-2018 20:36:50.460 INFO [http-nio-8090-exec-284] org.apache.catalina.core.ApplicationContext.log Manager: list: Listing contexts for virtual host 'localhost'
09-Mar-2018 20:39:11.920 INFO [http-nio-8090-exec-291] org.apache.catalina.core.ApplicationContext.log Manager: list: Listing contexts for virtual host 'localhost'
09-Mar-2018 20:39:12.163 INFO [http-nio-8090-exec-282] org.apache.catalina.core.ApplicationContext.log Manager: restart: Reloading web application '/ITCompanyLocator'
09-Mar-2018 20:39:28.739 INFO [http-nio-8090-exec-288] org.apache.catalina.core.ApplicationContext.log Manager: list: Listing contexts for virtual host 'localhost'
09-Mar-2018 20:39:28.837 INFO [http-nio-8090-exec-284] org.apache.catalina.core.ApplicationContext.log Manager: list: Listing contexts for virtual host 'localhost'
09-Mar-2018 20:39:28.994 INFO [http-nio-8090-exec-292] org.apache.catalina.core.ApplicationContext.log Manager: restart: Reloading web application '/ITCompanyLocator'
09-Mar-2018 20:41:11.119 INFO [http-nio-8090-exec-298] org.apache.catalina.core.ApplicationContext.log Manager: list: Listing contexts for virtual host 'localhost'
09-Mar-2018 20:41:11.133 INFO [http-nio-8090-exec-287] org.apache.catalina.core.ApplicationContext.log Manager: restart: Reloading web application '/ITCompanyLocator'
09-Mar-2018 20:41:25.502 INFO [http-nio-8090-exec-296] org.apache.catalina.core.ApplicationContext.log Manager: list: Listing contexts for virtual host 'localhost'
09-Mar-2018 20:41:25.530 INFO [http-nio-8090-exec-299] org.apache.catalina.core.ApplicationContext.log Manager: list: Listing contexts for virtual host 'localhost'
09-Mar-2018 20:41:25.548 INFO [http-nio-8090-exec-292] org.apache.catalina.core.ApplicationContext.log Manager: restart: Reloading web application '/ITCompanyLocator'
09-Mar-2018 20:42:26.451 INFO [http-nio-8090-exec-302] org.apache.catalina.core.ApplicationContext.log Manager: list: Listing contexts for virtual host 'localhost'
09-Mar-2018 20:42:26.561 INFO [http-nio-8090-exec-293] org.apache.catalina.core.ApplicationContext.log Manager: restart: Reloading web application '/ITCompanyLocator'
09-Mar-2018 20:42:35.360 INFO [http-nio-8090-exec-303] org.apache.catalina.core.ApplicationContext.log Manager: list: Listing contexts for virtual host 'localhost'
09-Mar-2018 20:42:35.379 INFO [http-nio-8090-exec-295] org.apache.catalina.core.ApplicationContext.log Manager: restart: Reloading web application '/ITCompanyLocator'
09-Mar-2018 20:42:41.230 INFO [http-nio-8090-exec-301] org.apache.catalina.core.ApplicationContext.log Manager: list: Listing contexts for virtual host 'localhost'
09-Mar-2018 20:42:41.232 INFO [http-nio-8090-exec-295] org.apache.catalina.core.ApplicationContext.log Manager: list: Listing contexts for virtual host 'localhost'
09-Mar-2018 20:42:41.242 INFO [http-nio-8090-exec-302] org.apache.catalina.core.ApplicationContext.log Manager: restart: Reloading web application '/ITCompanyLocator'
09-Mar-2018 20:43:16.794 INFO [http-nio-8090-exec-286] org.apache.catalina.core.ApplicationContext.log Manager: list: Listing contexts for virtual host 'localhost'
09-Mar-2018 20:43:16.818 INFO [http-nio-8090-exec-295] org.apache.catalina.core.ApplicationContext.log Manager: restart: Reloading web application '/ITCompanyLocator'
09-Mar-2018 20:43:21.491 INFO [http-nio-8090-exec-302] org.apache.catalina.core.ApplicationContext.log Manager: list: Listing contexts for virtual host 'localhost'
09-Mar-2018 20:43:21.493 INFO [http-nio-8090-exec-308] org.apache.catalina.core.ApplicationContext.log Manager: list: Listing contexts for virtual host 'localhost'
09-Mar-2018 20:43:21.690 INFO [http-nio-8090-exec-306] org.apache.catalina.core.ApplicationContext.log Manager: restart: Reloading web application '/ITCompanyLocator'
09-Mar-2018 20:44:12.228 INFO [http-nio-8090-exec-286] org.apache.catalina.core.ApplicationContext.log Manager: list: Listing contexts for virtual host 'localhost'
09-Mar-2018 20:44:12.250 INFO [http-nio-8090-exec-295] org.apache.catalina.core.ApplicationContext.log Manager: restart: Reloading web application '/ITCompanyLocator'
09-Mar-2018 20:44:45.930 INFO [http-nio-8090-exec-305] org.apache.catalina.core.ApplicationContext.log Manager: list: Listing contexts for virtual host 'localhost'
09-Mar-2018 20:44:45.932 INFO [http-nio-8090-exec-310] org.apache.catalina.core.ApplicationContext.log Manager: list: Listing contexts for virtual host 'localhost'
09-Mar-2018 20:44:45.957 INFO [http-nio-8090-exec-295] org.apache.catalina.core.ApplicationContext.log Manager: restart: Reloading web application '/ITCompanyLocator'
09-Mar-2018 20:45:44.102 INFO [http-nio-8090-exec-312] org.apache.catalina.core.ApplicationContext.log Manager: list: Listing contexts for virtual host 'localhost'
09-Mar-2018 20:45:44.118 INFO [http-nio-8090-exec-298] org.apache.catalina.core.ApplicationContext.log Manager: restart: Reloading web application '/ITCompanyLocator'
09-Mar-2018 20:45:46.987 INFO [http-nio-8090-exec-298] org.apache.catalina.core.ApplicationContext.log Manager: list: Listing contexts for virtual host 'localhost'
09-Mar-2018 20:45:46.989 INFO [http-nio-8090-exec-312] org.apache.catalina.core.ApplicationContext.log Manager: list: Listing contexts for virtual host 'localhost'
09-Mar-2018 20:45:46.999 INFO [http-nio-8090-exec-317] org.apache.catalina.core.ApplicationContext.log Manager: restart: Reloading web application '/ITCompanyLocator'
09-Mar-2018 20:46:16.048 INFO [http-nio-8090-exec-295] org.apache.catalina.core.ApplicationContext.log Manager: list: Listing contexts for virtual host 'localhost'
09-Mar-2018 20:46:16.087 INFO [http-nio-8090-exec-298] org.apache.catalina.core.ApplicationContext.log Manager: restart: Reloading web application '/ITCompanyLocator'
09-Mar-2018 20:46:24.607 INFO [http-nio-8090-exec-318] org.apache.catalina.core.ApplicationContext.log Manager: list: Listing contexts for virtual host 'localhost'
09-Mar-2018 20:46:24.610 INFO [http-nio-8090-exec-317] org.apache.catalina.core.ApplicationContext.log Manager: list: Listing contexts for virtual host 'localhost'
09-Mar-2018 20:46:24.640 INFO [http-nio-8090-exec-306] org.apache.catalina.core.ApplicationContext.log Manager: restart: Reloading web application '/ITCompanyLocator'
09-Mar-2018 20:48:02.369 INFO [http-nio-8090-exec-295] org.apache.catalina.core.ApplicationContext.log Manager: list: Listing contexts for virtual host 'localhost'
09-Mar-2018 20:48:02.379 INFO [http-nio-8090-exec-321] org.apache.catalina.core.ApplicationContext.log Manager: restart: Reloading web application '/ITCompanyLocator'
09-Mar-2018 20:48:06.292 INFO [http-nio-8090-exec-310] org.apache.catalina.core.ApplicationContext.log Manager: list: Listing contexts for virtual host 'localhost'
09-Mar-2018 20:48:06.335 INFO [http-nio-8090-exec-321] org.apache.catalina.core.ApplicationContext.log Manager: list: Listing contexts for virtual host 'localhost'
09-Mar-2018 20:48:06.345 INFO [http-nio-8090-exec-325] org.apache.catalina.core.ApplicationContext.log Manager: restart: Reloading web application '/ITCompanyLocator'
09-Mar-2018 20:48:35.148 INFO [http-nio-8090-exec-295] org.apache.catalina.core.ApplicationContext.log Manager: list: Listing contexts for virtual host 'localhost'
09-Mar-2018 20:48:35.153 INFO [http-nio-8090-exec-332] org.apache.catalina.core.ApplicationContext.log Manager: restart: Reloading web application '/ITCompanyLocator'
09-Mar-2018 20:48:37.235 INFO [http-nio-8090-exec-329] org.apache.catalina.core.ApplicationContext.log Manager: list: Listing contexts for virtual host 'localhost'
09-Mar-2018 20:48:37.237 INFO [http-nio-8090-exec-325] org.apache.catalina.core.ApplicationContext.log Manager: list: Listing contexts for virtual host 'localhost'
09-Mar-2018 20:48:37.273 INFO [http-nio-8090-exec-331] org.apache.catalina.core.ApplicationContext.log Manager: restart: Reloading web application '/ITCompanyLocator'
09-Mar-2018 20:51:19.094 INFO [http-nio-8090-exec-336] org.apache.catalina.core.ApplicationContext.log Manager: list: Listing contexts for virtual host 'localhost'
09-Mar-2018 20:51:19.151 INFO [http-nio-8090-exec-337] org.apache.catalina.core.ApplicationContext.log Manager: restart: Reloading web application '/ITCompanyLocator'
09-Mar-2018 20:53:39.548 INFO [http-nio-8090-exec-334] org.apache.catalina.core.ApplicationContext.log Manager: list: Listing contexts for virtual host 'localhost'
09-Mar-2018 21:00:30.783 INFO [http-nio-8090-exec-343] org.apache.catalina.core.ApplicationContext.log Manager: list: Listing contexts for virtual host 'localhost'
09-Mar-2018 21:00:30.788 INFO [http-nio-8090-exec-342] org.apache.catalina.core.ApplicationContext.log Manager: restart: Reloading web application '/ITCompanyLocator'
09-Mar-2018 21:04:20.886 INFO [http-nio-8090-exec-352] org.apache.catalina.core.ApplicationContext.log Manager: list: Listing contexts for virtual host 'localhost'
09-Mar-2018 21:17:48.517 INFO [http-nio-8090-exec-359] org.apache.catalina.core.ApplicationContext.log Manager: list: Listing contexts for virtual host 'localhost'
09-Mar-2018 21:18:29.474 INFO [http-nio-8090-exec-359] org.apache.catalina.core.ApplicationContext.log Manager: list: Listing contexts for virtual host 'localhost'
09-Mar-2018 21:18:29.491 INFO [http-nio-8090-exec-354] org.apache.catalina.core.ApplicationContext.log Manager: list: Listing contexts for virtual host 'localhost'
09-Mar-2018 21:18:29.536 INFO [http-nio-8090-exec-351] org.apache.catalina.core.ApplicationContext.log Manager: restart: Reloading web application '/ITCompanyLocator'
09-Mar-2018 21:21:44.632 INFO [http-nio-8090-exec-364] org.apache.catalina.core.ApplicationContext.log Manager: list: Listing contexts for virtual host 'localhost'
09-Mar-2018 21:21:44.633 INFO [http-nio-8090-exec-352] org.apache.catalina.core.ApplicationContext.log Manager: list: Listing contexts for virtual host 'localhost'
