08-Feb-2018 09:07:56.223 INFO [http-nio-8090-exec-3] org.apache.catalina.core.ApplicationContext.log Manager: init: Associated with Deployer 'Catalina:type=Deployer,host=localhost'
08-Feb-2018 09:07:56.223 INFO [http-nio-8090-exec-3] org.apache.catalina.core.ApplicationContext.log Manager: init: Global resources are available
08-Feb-2018 09:07:56.227 INFO [http-nio-8090-exec-3] org.apache.catalina.core.ApplicationContext.log Manager: list: Listing contexts for virtual host 'localhost'
08-Feb-2018 09:07:56.232 INFO [http-nio-8090-exec-3] org.apache.catalina.core.ApplicationContext.log Manager: list: Listing contexts for virtual host 'localhost'
08-Feb-2018 09:07:56.234 INFO [http-nio-8090-exec-4] org.apache.catalina.core.ApplicationContext.log Manager: undeploy: Undeploying web application at '/webapp'
08-Feb-2018 09:07:56.762 INFO [http-nio-8090-exec-5] org.apache.catalina.core.ApplicationContext.log Manager: deploy: Deploying web application '/webapp'
08-Feb-2018 09:07:56.762 INFO [http-nio-8090-exec-5] org.apache.catalina.core.ApplicationContext.log Manager: Uploading WAR file to C:\Users\suraj.jena\Desktop\web\next\maven-project\apache-tomcat-8.5.27-windows-x64\apache-tomcat-8.5.27\webapps\webapp.war
08-Feb-2018 09:09:06.392 INFO [http-nio-8090-exec-11] org.apache.catalina.core.ApplicationContext.log Manager: list: Listing contexts for virtual host 'localhost'
08-Feb-2018 09:09:06.396 INFO [http-nio-8090-exec-12] org.apache.catalina.core.ApplicationContext.log Manager: list: Listing contexts for virtual host 'localhost'
08-Feb-2018 09:09:06.398 INFO [http-nio-8090-exec-10] org.apache.catalina.core.ApplicationContext.log Manager: undeploy: Undeploying web application at '/webapp'
08-Feb-2018 09:09:06.915 INFO [http-nio-8090-exec-12] org.apache.catalina.core.ApplicationContext.log Manager: deploy: Deploying web application '/webapp'
08-Feb-2018 09:09:06.915 INFO [http-nio-8090-exec-12] org.apache.catalina.core.ApplicationContext.log Manager: Uploading WAR file to C:\Users\suraj.jena\Desktop\web\next\maven-project\apache-tomcat-8.5.27-windows-x64\apache-tomcat-8.5.27\webapps\webapp.war
08-Feb-2018 09:11:24.414 INFO [http-nio-8090-exec-14] org.apache.catalina.core.ApplicationContext.log Manager: list: Listing contexts for virtual host 'localhost'
08-Feb-2018 09:11:24.417 INFO [http-nio-8090-exec-15] org.apache.catalina.core.ApplicationContext.log Manager: list: Listing contexts for virtual host 'localhost'
08-Feb-2018 09:11:24.418 INFO [http-nio-8090-exec-16] org.apache.catalina.core.ApplicationContext.log Manager: undeploy: Undeploying web application at '/webapp'
08-Feb-2018 09:11:24.932 INFO [http-nio-8090-exec-3] org.apache.catalina.core.ApplicationContext.log Manager: deploy: Deploying web application '/webapp'
08-Feb-2018 09:11:24.932 INFO [http-nio-8090-exec-3] org.apache.catalina.core.ApplicationContext.log Manager: Uploading WAR file to C:\Users\suraj.jena\Desktop\web\next\maven-project\apache-tomcat-8.5.27-windows-x64\apache-tomcat-8.5.27\webapps\webapp.war
08-Feb-2018 09:14:17.184 INFO [http-nio-8090-exec-18] org.apache.catalina.core.ApplicationContext.log Manager: list: Listing contexts for virtual host 'localhost'
08-Feb-2018 09:14:17.186 INFO [http-nio-8090-exec-18] org.apache.catalina.core.ApplicationContext.log Manager: list: Listing contexts for virtual host 'localhost'
08-Feb-2018 09:14:17.188 INFO [http-nio-8090-exec-18] org.apache.catalina.core.ApplicationContext.log Manager: undeploy: Undeploying web application at '/webapp'
08-Feb-2018 09:14:17.728 INFO [http-nio-8090-exec-3] org.apache.catalina.core.ApplicationContext.log Manager: deploy: Deploying web application '/webapp'
08-Feb-2018 09:14:17.728 INFO [http-nio-8090-exec-3] org.apache.catalina.core.ApplicationContext.log Manager: Uploading WAR file to C:\Users\suraj.jena\Desktop\web\next\maven-project\apache-tomcat-8.5.27-windows-x64\apache-tomcat-8.5.27\webapps\webapp.war
08-Feb-2018 09:16:28.936 INFO [http-nio-8090-exec-22] org.apache.catalina.core.ApplicationContext.log Manager: list: Listing contexts for virtual host 'localhost'
08-Feb-2018 09:16:28.938 INFO [http-nio-8090-exec-23] org.apache.catalina.core.ApplicationContext.log Manager: list: Listing contexts for virtual host 'localhost'
08-Feb-2018 09:16:28.940 INFO [http-nio-8090-exec-23] org.apache.catalina.core.ApplicationContext.log Manager: undeploy: Undeploying web application at '/webapp'
08-Feb-2018 09:16:29.451 INFO [http-nio-8090-exec-13] org.apache.catalina.core.ApplicationContext.log Manager: deploy: Deploying web application '/webapp'
08-Feb-2018 09:16:29.451 INFO [http-nio-8090-exec-13] org.apache.catalina.core.ApplicationContext.log Manager: Uploading WAR file to C:\Users\suraj.jena\Desktop\web\next\maven-project\apache-tomcat-8.5.27-windows-x64\apache-tomcat-8.5.27\webapps\webapp.war
08-Feb-2018 09:41:11.481 INFO [http-nio-8090-exec-26] org.apache.catalina.core.ApplicationContext.log Manager: list: Listing contexts for virtual host 'localhost'
08-Feb-2018 09:41:11.481 INFO [http-nio-8090-exec-27] org.apache.catalina.core.ApplicationContext.log Manager: list: Listing contexts for virtual host 'localhost'
08-Feb-2018 09:41:11.481 INFO [http-nio-8090-exec-28] org.apache.catalina.core.ApplicationContext.log Manager: undeploy: Undeploying web application at '/webapp'
08-Feb-2018 09:41:12.005 INFO [http-nio-8090-exec-35] org.apache.catalina.core.ApplicationContext.log Manager: deploy: Deploying web application '/webapp'
08-Feb-2018 09:41:12.005 INFO [http-nio-8090-exec-35] org.apache.catalina.core.ApplicationContext.log Manager: Uploading WAR file to C:\Users\suraj.jena\Desktop\web\next\maven-project\apache-tomcat-8.5.27-windows-x64\apache-tomcat-8.5.27\webapps\webapp.war
08-Feb-2018 09:42:52.545 INFO [http-nio-8090-exec-36] org.apache.catalina.core.ApplicationContext.log Manager: list: Listing contexts for virtual host 'localhost'
08-Feb-2018 09:42:52.547 INFO [http-nio-8090-exec-36] org.apache.catalina.core.ApplicationContext.log Manager: list: Listing contexts for virtual host 'localhost'
08-Feb-2018 09:42:52.549 INFO [http-nio-8090-exec-37] org.apache.catalina.core.ApplicationContext.log Manager: undeploy: Undeploying web application at '/webapp'
08-Feb-2018 09:42:53.073 INFO [http-nio-8090-exec-37] org.apache.catalina.core.ApplicationContext.log Manager: deploy: Deploying web application '/webapp'
08-Feb-2018 09:42:53.073 INFO [http-nio-8090-exec-37] org.apache.catalina.core.ApplicationContext.log Manager: Uploading WAR file to C:\Users\suraj.jena\Desktop\web\next\maven-project\apache-tomcat-8.5.27-windows-x64\apache-tomcat-8.5.27\webapps\webapp.war
08-Feb-2018 09:43:47.725 INFO [http-nio-8090-exec-27] org.apache.catalina.core.ApplicationContext.log Manager: list: Listing contexts for virtual host 'localhost'
08-Feb-2018 09:43:47.728 INFO [http-nio-8090-exec-36] org.apache.catalina.core.ApplicationContext.log Manager: list: Listing contexts for virtual host 'localhost'
08-Feb-2018 09:43:47.730 INFO [http-nio-8090-exec-38] org.apache.catalina.core.ApplicationContext.log Manager: undeploy: Undeploying web application at '/webapp'
08-Feb-2018 09:43:48.251 INFO [http-nio-8090-exec-33] org.apache.catalina.core.ApplicationContext.log Manager: deploy: Deploying web application '/webapp'
08-Feb-2018 09:43:48.251 INFO [http-nio-8090-exec-33] org.apache.catalina.core.ApplicationContext.log Manager: Uploading WAR file to C:\Users\suraj.jena\Desktop\web\next\maven-project\apache-tomcat-8.5.27-windows-x64\apache-tomcat-8.5.27\webapps\webapp.war
08-Feb-2018 09:45:09.897 INFO [http-nio-8090-exec-42] org.apache.catalina.core.ApplicationContext.log Manager: list: Listing contexts for virtual host 'localhost'
08-Feb-2018 09:45:09.899 INFO [http-nio-8090-exec-41] org.apache.catalina.core.ApplicationContext.log Manager: list: Listing contexts for virtual host 'localhost'
08-Feb-2018 09:45:09.901 INFO [http-nio-8090-exec-26] org.apache.catalina.core.ApplicationContext.log Manager: undeploy: Undeploying web application at '/webapp'
08-Feb-2018 09:45:10.423 INFO [http-nio-8090-exec-38] org.apache.catalina.core.ApplicationContext.log Manager: deploy: Deploying web application '/webapp'
08-Feb-2018 09:45:10.423 INFO [http-nio-8090-exec-38] org.apache.catalina.core.ApplicationContext.log Manager: Uploading WAR file to C:\Users\suraj.jena\Desktop\web\next\maven-project\apache-tomcat-8.5.27-windows-x64\apache-tomcat-8.5.27\webapps\webapp.war
08-Feb-2018 09:45:57.629 INFO [http-nio-8090-exec-39] org.apache.catalina.core.ApplicationContext.log Manager: list: Listing contexts for virtual host 'localhost'
08-Feb-2018 09:45:57.645 INFO [http-nio-8090-exec-44] org.apache.catalina.core.ApplicationContext.log Manager: list: Listing contexts for virtual host 'localhost'
08-Feb-2018 09:45:57.645 INFO [http-nio-8090-exec-32] org.apache.catalina.core.ApplicationContext.log Manager: undeploy: Undeploying web application at '/webapp'
08-Feb-2018 09:45:58.159 INFO [http-nio-8090-exec-32] org.apache.catalina.core.ApplicationContext.log Manager: deploy: Deploying web application '/webapp'
08-Feb-2018 09:45:58.159 INFO [http-nio-8090-exec-32] org.apache.catalina.core.ApplicationContext.log Manager: Uploading WAR file to C:\Users\suraj.jena\Desktop\web\next\maven-project\apache-tomcat-8.5.27-windows-x64\apache-tomcat-8.5.27\webapps\webapp.war
08-Feb-2018 09:46:41.684 INFO [http-nio-8090-exec-42] org.apache.catalina.core.ApplicationContext.log Manager: list: Listing contexts for virtual host 'localhost'
08-Feb-2018 09:46:41.686 INFO [http-nio-8090-exec-38] org.apache.catalina.core.ApplicationContext.log Manager: list: Listing contexts for virtual host 'localhost'
08-Feb-2018 09:46:41.687 INFO [http-nio-8090-exec-44] org.apache.catalina.core.ApplicationContext.log Manager: undeploy: Undeploying web application at '/webapp'
08-Feb-2018 09:46:42.201 INFO [http-nio-8090-exec-38] org.apache.catalina.core.ApplicationContext.log Manager: deploy: Deploying web application '/webapp'
08-Feb-2018 09:46:42.201 INFO [http-nio-8090-exec-38] org.apache.catalina.core.ApplicationContext.log Manager: Uploading WAR file to C:\Users\suraj.jena\Desktop\web\next\maven-project\apache-tomcat-8.5.27-windows-x64\apache-tomcat-8.5.27\webapps\webapp.war
08-Feb-2018 09:48:40.214 INFO [http-nio-8090-exec-49] org.apache.catalina.core.ApplicationContext.log Manager: list: Listing contexts for virtual host 'localhost'
08-Feb-2018 09:48:40.216 INFO [http-nio-8090-exec-47] org.apache.catalina.core.ApplicationContext.log Manager: list: Listing contexts for virtual host 'localhost'
08-Feb-2018 09:48:40.217 INFO [http-nio-8090-exec-40] org.apache.catalina.core.ApplicationContext.log Manager: undeploy: Undeploying web application at '/webapp'
08-Feb-2018 09:48:40.732 INFO [http-nio-8090-exec-51] org.apache.catalina.core.ApplicationContext.log Manager: deploy: Deploying web application '/webapp'
08-Feb-2018 09:48:40.732 INFO [http-nio-8090-exec-51] org.apache.catalina.core.ApplicationContext.log Manager: Uploading WAR file to C:\Users\suraj.jena\Desktop\web\next\maven-project\apache-tomcat-8.5.27-windows-x64\apache-tomcat-8.5.27\webapps\webapp.war
08-Feb-2018 09:51:02.908 INFO [http-nio-8090-exec-52] org.apache.catalina.core.ApplicationContext.log Manager: list: Listing contexts for virtual host 'localhost'
08-Feb-2018 09:51:02.910 INFO [http-nio-8090-exec-53] org.apache.catalina.core.ApplicationContext.log Manager: list: Listing contexts for virtual host 'localhost'
08-Feb-2018 09:51:02.912 INFO [http-nio-8090-exec-44] org.apache.catalina.core.ApplicationContext.log Manager: undeploy: Undeploying web application at '/webapp'
08-Feb-2018 09:51:03.435 INFO [http-nio-8090-exec-52] org.apache.catalina.core.ApplicationContext.log Manager: deploy: Deploying web application '/webapp'
08-Feb-2018 09:51:03.435 INFO [http-nio-8090-exec-52] org.apache.catalina.core.ApplicationContext.log Manager: Uploading WAR file to C:\Users\suraj.jena\Desktop\web\next\maven-project\apache-tomcat-8.5.27-windows-x64\apache-tomcat-8.5.27\webapps\webapp.war
08-Feb-2018 09:54:18.204 INFO [http-nio-8090-exec-55] org.apache.catalina.core.ApplicationContext.log Manager: list: Listing contexts for virtual host 'localhost'
08-Feb-2018 09:54:18.206 INFO [http-nio-8090-exec-56] org.apache.catalina.core.ApplicationContext.log Manager: list: Listing contexts for virtual host 'localhost'
08-Feb-2018 09:54:18.208 INFO [http-nio-8090-exec-57] org.apache.catalina.core.ApplicationContext.log Manager: undeploy: Undeploying web application at '/webapp'
08-Feb-2018 09:54:18.729 INFO [http-nio-8090-exec-52] org.apache.catalina.core.ApplicationContext.log Manager: deploy: Deploying web application '/webapp'
08-Feb-2018 09:54:18.729 INFO [http-nio-8090-exec-52] org.apache.catalina.core.ApplicationContext.log Manager: Uploading WAR file to C:\Users\suraj.jena\Desktop\web\next\maven-project\apache-tomcat-8.5.27-windows-x64\apache-tomcat-8.5.27\webapps\webapp.war
08-Feb-2018 09:55:34.114 INFO [http-nio-8090-exec-60] org.apache.catalina.core.ApplicationContext.log Manager: list: Listing contexts for virtual host 'localhost'
08-Feb-2018 09:55:34.116 INFO [http-nio-8090-exec-61] org.apache.catalina.core.ApplicationContext.log Manager: list: Listing contexts for virtual host 'localhost'
08-Feb-2018 09:55:34.118 INFO [http-nio-8090-exec-61] org.apache.catalina.core.ApplicationContext.log Manager: undeploy: Undeploying web application at '/webapp'
08-Feb-2018 09:55:34.629 INFO [http-nio-8090-exec-52] org.apache.catalina.core.ApplicationContext.log Manager: deploy: Deploying web application '/webapp'
08-Feb-2018 09:55:34.629 INFO [http-nio-8090-exec-52] org.apache.catalina.core.ApplicationContext.log Manager: Uploading WAR file to C:\Users\suraj.jena\Desktop\web\next\maven-project\apache-tomcat-8.5.27-windows-x64\apache-tomcat-8.5.27\webapps\webapp.war
08-Feb-2018 09:57:13.106 INFO [http-nio-8090-exec-63] org.apache.catalina.core.ApplicationContext.log Manager: list: Listing contexts for virtual host 'localhost'
08-Feb-2018 09:57:13.106 INFO [http-nio-8090-exec-64] org.apache.catalina.core.ApplicationContext.log Manager: list: Listing contexts for virtual host 'localhost'
08-Feb-2018 09:57:13.106 INFO [http-nio-8090-exec-56] org.apache.catalina.core.ApplicationContext.log Manager: undeploy: Undeploying web application at '/webapp'
08-Feb-2018 09:57:13.622 INFO [http-nio-8090-exec-64] org.apache.catalina.core.ApplicationContext.log Manager: deploy: Deploying web application '/webapp'
08-Feb-2018 09:57:13.622 INFO [http-nio-8090-exec-64] org.apache.catalina.core.ApplicationContext.log Manager: Uploading WAR file to C:\Users\suraj.jena\Desktop\web\next\maven-project\apache-tomcat-8.5.27-windows-x64\apache-tomcat-8.5.27\webapps\webapp.war
08-Feb-2018 13:37:24.118 INFO [http-nio-8090-exec-66] org.apache.catalina.core.ApplicationContext.log Manager: list: Listing contexts for virtual host 'localhost'
08-Feb-2018 13:37:24.134 INFO [http-nio-8090-exec-66] org.apache.catalina.core.ApplicationContext.log Manager: list: Listing contexts for virtual host 'localhost'
08-Feb-2018 13:37:24.134 INFO [http-nio-8090-exec-67] org.apache.catalina.core.ApplicationContext.log Manager: undeploy: Undeploying web application at '/webapp'
08-Feb-2018 13:37:24.979 INFO [http-nio-8090-exec-66] org.apache.catalina.core.ApplicationContext.log Manager: deploy: Deploying web application '/webapp'
08-Feb-2018 13:37:24.979 INFO [http-nio-8090-exec-66] org.apache.catalina.core.ApplicationContext.log Manager: Uploading WAR file to C:\Users\suraj.jena\Desktop\web\next\maven-project\apache-tomcat-8.5.27-windows-x64\apache-tomcat-8.5.27\webapps\webapp.war
