15-Mar-2018 09:54:02.878 INFO [http-nio-8090-exec-279] org.apache.catalina.core.ApplicationContext.log Manager: list: Listing contexts for virtual host 'localhost'
15-Mar-2018 09:54:03.384 INFO [http-nio-8090-exec-280] org.apache.catalina.core.ApplicationContext.log Manager: list: Listing contexts for virtual host 'localhost'
15-Mar-2018 09:54:05.038 INFO [http-nio-8090-exec-272] org.apache.catalina.core.ApplicationContext.log Manager: restart: Reloading web application '/ITCompanyLocator12_1'
15-Mar-2018 10:01:48.776 INFO [http-nio-8090-exec-282] org.apache.catalina.core.ApplicationContext.log Manager: list: Listing contexts for virtual host 'localhost'
15-Mar-2018 10:01:48.784 INFO [http-nio-8090-exec-283] org.apache.catalina.core.ApplicationContext.log Manager: restart: Reloading web application '/ITCompanyLocator12_1'
15-Mar-2018 10:02:45.867 INFO [http-nio-8090-exec-286] org.apache.catalina.core.ApplicationContext.log Manager: list: Listing contexts for virtual host 'localhost'
15-Mar-2018 10:02:45.872 INFO [http-nio-8090-exec-289] org.apache.catalina.core.ApplicationContext.log Manager: restart: Reloading web application '/ITCompanyLocator12_1'
15-Mar-2018 10:03:52.375 INFO [http-nio-8090-exec-288] org.apache.catalina.core.ApplicationContext.log Manager: list: Listing contexts for virtual host 'localhost'
15-Mar-2018 10:03:52.403 INFO [http-nio-8090-exec-287] org.apache.catalina.core.ApplicationContext.log Manager: restart: Reloading web application '/ITCompanyLocator12_1'
15-Mar-2018 10:09:50.436 INFO [http-nio-8090-exec-297] org.apache.catalina.core.ApplicationContext.log Manager: list: Listing contexts for virtual host 'localhost'
15-Mar-2018 10:09:50.440 INFO [http-nio-8090-exec-298] org.apache.catalina.core.ApplicationContext.log Manager: restart: Reloading web application '/ITCompanyLocator12_1'
15-Mar-2018 10:09:59.184 INFO [http-nio-8090-exec-300] org.apache.catalina.core.ApplicationContext.log Manager: list: Listing contexts for virtual host 'localhost'
15-Mar-2018 10:09:59.211 INFO [http-nio-8090-exec-295] org.apache.catalina.core.ApplicationContext.log Manager: restart: Reloading web application '/ITCompanyLocator12_1'
15-Mar-2018 10:10:08.884 INFO [http-nio-8090-exec-301] org.apache.catalina.core.ApplicationContext.log Manager: list: Listing contexts for virtual host 'localhost'
15-Mar-2018 10:10:08.933 INFO [http-nio-8090-exec-299] org.apache.catalina.core.ApplicationContext.log Manager: restart: Reloading web application '/ITCompanyLocator12_1'
15-Mar-2018 10:10:24.754 INFO [http-nio-8090-exec-297] org.apache.catalina.core.ApplicationContext.log Manager: list: Listing contexts for virtual host 'localhost'
15-Mar-2018 10:10:24.766 INFO [http-nio-8090-exec-295] org.apache.catalina.core.ApplicationContext.log Manager: restart: Reloading web application '/ITCompanyLocator12_1'
15-Mar-2018 10:11:46.796 INFO [http-nio-8090-exec-303] org.apache.catalina.core.ApplicationContext.log Manager: list: Listing contexts for virtual host 'localhost'
15-Mar-2018 10:11:46.805 INFO [http-nio-8090-exec-297] org.apache.catalina.core.ApplicationContext.log Manager: restart: Reloading web application '/ITCompanyLocator12_1'
15-Mar-2018 10:12:41.356 INFO [http-nio-8090-exec-293] org.apache.catalina.core.ApplicationContext.log Manager: list: Listing contexts for virtual host 'localhost'
15-Mar-2018 10:12:41.399 INFO [http-nio-8090-exec-295] org.apache.catalina.core.ApplicationContext.log Manager: restart: Reloading web application '/ITCompanyLocator12_1'
15-Mar-2018 10:12:52.807 INFO [http-nio-8090-exec-298] org.apache.catalina.core.ApplicationContext.log Manager: list: Listing contexts for virtual host 'localhost'
15-Mar-2018 10:12:52.921 INFO [http-nio-8090-exec-303] org.apache.catalina.core.ApplicationContext.log Manager: restart: Reloading web application '/ITCompanyLocator12_1'
15-Mar-2018 10:13:49.710 INFO [http-nio-8090-exec-298] org.apache.catalina.core.ApplicationContext.log Manager: list: Listing contexts for virtual host 'localhost'
15-Mar-2018 10:13:49.724 INFO [http-nio-8090-exec-295] org.apache.catalina.core.ApplicationContext.log Manager: restart: Reloading web application '/ITCompanyLocator12_1'
15-Mar-2018 10:14:15.317 INFO [http-nio-8090-exec-303] org.apache.catalina.core.ApplicationContext.log Manager: list: Listing contexts for virtual host 'localhost'
15-Mar-2018 10:14:15.328 INFO [http-nio-8090-exec-298] org.apache.catalina.core.ApplicationContext.log Manager: restart: Reloading web application '/ITCompanyLocator12_1'
15-Mar-2018 10:14:48.977 INFO [http-nio-8090-exec-295] org.apache.catalina.core.ApplicationContext.log Manager: list: Listing contexts for virtual host 'localhost'
15-Mar-2018 10:14:48.988 INFO [http-nio-8090-exec-303] org.apache.catalina.core.ApplicationContext.log Manager: restart: Reloading web application '/ITCompanyLocator12_1'
15-Mar-2018 10:15:14.543 INFO [http-nio-8090-exec-298] org.apache.catalina.core.ApplicationContext.log Manager: list: Listing contexts for virtual host 'localhost'
15-Mar-2018 10:15:14.547 INFO [http-nio-8090-exec-295] org.apache.catalina.core.ApplicationContext.log Manager: restart: Reloading web application '/ITCompanyLocator12_1'
15-Mar-2018 10:16:17.781 INFO [http-nio-8090-exec-293] org.apache.catalina.core.ApplicationContext.log Manager: list: Listing contexts for virtual host 'localhost'
15-Mar-2018 10:16:17.786 INFO [http-nio-8090-exec-314] org.apache.catalina.core.ApplicationContext.log Manager: restart: Reloading web application '/ITCompanyLocator12_1'
15-Mar-2018 10:16:56.210 INFO [http-nio-8090-exec-312] org.apache.catalina.core.ApplicationContext.log Manager: list: Listing contexts for virtual host 'localhost'
15-Mar-2018 10:16:56.246 INFO [http-nio-8090-exec-303] org.apache.catalina.core.ApplicationContext.log Manager: restart: Reloading web application '/ITCompanyLocator12_1'
15-Mar-2018 10:18:06.432 INFO [http-nio-8090-exec-313] org.apache.catalina.core.ApplicationContext.log Manager: list: Listing contexts for virtual host 'localhost'
15-Mar-2018 10:18:06.445 INFO [http-nio-8090-exec-310] org.apache.catalina.core.ApplicationContext.log Manager: restart: Reloading web application '/ITCompanyLocator12_1'
15-Mar-2018 10:18:41.301 INFO [http-nio-8090-exec-303] org.apache.catalina.core.ApplicationContext.log Manager: list: Listing contexts for virtual host 'localhost'
15-Mar-2018 10:18:41.308 INFO [http-nio-8090-exec-312] org.apache.catalina.core.ApplicationContext.log Manager: restart: Reloading web application '/ITCompanyLocator12_1'
15-Mar-2018 10:20:32.251 INFO [http-nio-8090-exec-310] org.apache.catalina.core.ApplicationContext.log Manager: list: Listing contexts for virtual host 'localhost'
15-Mar-2018 10:20:32.255 INFO [http-nio-8090-exec-313] org.apache.catalina.core.ApplicationContext.log Manager: restart: Reloading web application '/ITCompanyLocator12_1'
15-Mar-2018 10:52:52.303 INFO [http-nio-8090-exec-322] org.apache.catalina.core.ApplicationContext.log Manager: list: Listing contexts for virtual host 'localhost'
15-Mar-2018 10:52:52.669 INFO [http-nio-8090-exec-324] org.apache.catalina.core.ApplicationContext.log Manager: restart: Reloading web application '/ITCompanyLocator12_1'
15-Mar-2018 10:53:19.418 INFO [http-nio-8090-exec-323] org.apache.catalina.core.ApplicationContext.log Manager: list: Listing contexts for virtual host 'localhost'
15-Mar-2018 10:53:19.423 INFO [http-nio-8090-exec-327] org.apache.catalina.core.ApplicationContext.log Manager: restart: Reloading web application '/ITCompanyLocator12_1'
15-Mar-2018 10:53:55.677 INFO [http-nio-8090-exec-330] org.apache.catalina.core.ApplicationContext.log Manager: list: Listing contexts for virtual host 'localhost'
15-Mar-2018 10:53:55.693 INFO [http-nio-8090-exec-330] org.apache.catalina.core.ApplicationContext.log Manager: restart: Reloading web application '/ITCompanyLocator12_1'
15-Mar-2018 10:54:47.420 INFO [http-nio-8090-exec-323] org.apache.catalina.core.ApplicationContext.log Manager: list: Listing contexts for virtual host 'localhost'
15-Mar-2018 10:54:47.439 INFO [http-nio-8090-exec-333] org.apache.catalina.core.ApplicationContext.log Manager: restart: Reloading web application '/ITCompanyLocator12_1'
15-Mar-2018 10:57:02.207 INFO [http-nio-8090-exec-336] org.apache.catalina.core.ApplicationContext.log Manager: list: Listing contexts for virtual host 'localhost'
15-Mar-2018 10:57:02.211 INFO [http-nio-8090-exec-334] org.apache.catalina.core.ApplicationContext.log Manager: restart: Reloading web application '/ITCompanyLocator12_1'
15-Mar-2018 10:57:44.922 INFO [http-nio-8090-exec-323] org.apache.catalina.core.ApplicationContext.log Manager: list: Listing contexts for virtual host 'localhost'
15-Mar-2018 10:57:44.930 INFO [http-nio-8090-exec-333] org.apache.catalina.core.ApplicationContext.log Manager: restart: Reloading web application '/ITCompanyLocator12_1'
15-Mar-2018 10:58:01.469 INFO [http-nio-8090-exec-334] org.apache.catalina.core.ApplicationContext.log Manager: list: Listing contexts for virtual host 'localhost'
15-Mar-2018 10:58:01.482 INFO [http-nio-8090-exec-323] org.apache.catalina.core.ApplicationContext.log Manager: restart: Reloading web application '/ITCompanyLocator12_1'
15-Mar-2018 10:58:17.967 INFO [http-nio-8090-exec-339] org.apache.catalina.core.ApplicationContext.log Manager: list: Listing contexts for virtual host 'localhost'
15-Mar-2018 10:58:18.074 INFO [http-nio-8090-exec-333] org.apache.catalina.core.ApplicationContext.log Manager: restart: Reloading web application '/ITCompanyLocator12_1'
15-Mar-2018 10:58:29.595 INFO [http-nio-8090-exec-339] org.apache.catalina.core.ApplicationContext.log Manager: list: Listing contexts for virtual host 'localhost'
15-Mar-2018 10:58:29.609 INFO [http-nio-8090-exec-323] org.apache.catalina.core.ApplicationContext.log Manager: restart: Reloading web application '/ITCompanyLocator12_1'
15-Mar-2018 11:00:00.001 INFO [http-nio-8090-exec-339] org.apache.catalina.core.ApplicationContext.log Manager: list: Listing contexts for virtual host 'localhost'
15-Mar-2018 11:00:00.010 INFO [http-nio-8090-exec-336] org.apache.catalina.core.ApplicationContext.log Manager: restart: Reloading web application '/ITCompanyLocator12_1'
15-Mar-2018 11:00:33.153 INFO [http-nio-8090-exec-337] org.apache.catalina.core.ApplicationContext.log Manager: list: Listing contexts for virtual host 'localhost'
15-Mar-2018 11:00:33.186 INFO [http-nio-8090-exec-339] org.apache.catalina.core.ApplicationContext.log Manager: restart: Reloading web application '/ITCompanyLocator12_1'
15-Mar-2018 11:01:39.421 INFO [http-nio-8090-exec-323] org.apache.catalina.core.ApplicationContext.log Manager: list: Listing contexts for virtual host 'localhost'
15-Mar-2018 11:01:39.426 INFO [http-nio-8090-exec-341] org.apache.catalina.core.ApplicationContext.log Manager: restart: Reloading web application '/ITCompanyLocator12_1'
15-Mar-2018 11:02:20.392 INFO [http-nio-8090-exec-339] org.apache.catalina.core.ApplicationContext.log Manager: list: Listing contexts for virtual host 'localhost'
15-Mar-2018 11:02:20.427 INFO [http-nio-8090-exec-336] org.apache.catalina.core.ApplicationContext.log Manager: restart: Reloading web application '/ITCompanyLocator12_1'
15-Mar-2018 11:03:10.417 INFO [http-nio-8090-exec-341] org.apache.catalina.core.ApplicationContext.log Manager: list: Listing contexts for virtual host 'localhost'
15-Mar-2018 11:03:10.424 INFO [http-nio-8090-exec-346] org.apache.catalina.core.ApplicationContext.log Manager: restart: Reloading web application '/ITCompanyLocator12_1'
15-Mar-2018 11:03:33.788 INFO [http-nio-8090-exec-336] org.apache.catalina.core.ApplicationContext.log Manager: list: Listing contexts for virtual host 'localhost'
15-Mar-2018 11:03:33.794 INFO [http-nio-8090-exec-341] org.apache.catalina.core.ApplicationContext.log Manager: restart: Reloading web application '/ITCompanyLocator12_1'
15-Mar-2018 11:04:00.755 INFO [http-nio-8090-exec-349] org.apache.catalina.core.ApplicationContext.log Manager: list: Listing contexts for virtual host 'localhost'
15-Mar-2018 11:04:00.769 INFO [http-nio-8090-exec-346] org.apache.catalina.core.ApplicationContext.log Manager: restart: Reloading web application '/ITCompanyLocator12_1'
15-Mar-2018 11:06:48.586 INFO [http-nio-8090-exec-352] org.apache.catalina.core.ApplicationContext.log Manager: list: Listing contexts for virtual host 'localhost'
15-Mar-2018 11:06:48.654 INFO [http-nio-8090-exec-346] org.apache.catalina.core.ApplicationContext.log Manager: restart: Reloading web application '/ITCompanyLocator12_1'
15-Mar-2018 11:07:07.718 INFO [http-nio-8090-exec-352] org.apache.catalina.core.ApplicationContext.log Manager: list: Listing contexts for virtual host 'localhost'
15-Mar-2018 11:07:07.725 INFO [http-nio-8090-exec-341] org.apache.catalina.core.ApplicationContext.log Manager: restart: Reloading web application '/ITCompanyLocator12_1'
15-Mar-2018 11:07:57.394 INFO [http-nio-8090-exec-346] org.apache.catalina.core.ApplicationContext.log Manager: list: Listing contexts for virtual host 'localhost'
15-Mar-2018 11:07:57.454 INFO [http-nio-8090-exec-352] org.apache.catalina.core.ApplicationContext.log Manager: restart: Reloading web application '/ITCompanyLocator12_1'
15-Mar-2018 11:08:33.148 INFO [http-nio-8090-exec-341] org.apache.catalina.core.ApplicationContext.log Manager: list: Listing contexts for virtual host 'localhost'
15-Mar-2018 11:08:33.159 INFO [http-nio-8090-exec-346] org.apache.catalina.core.ApplicationContext.log Manager: restart: Reloading web application '/ITCompanyLocator12_1'
15-Mar-2018 11:09:07.555 INFO [http-nio-8090-exec-356] org.apache.catalina.core.ApplicationContext.log Manager: list: Listing contexts for virtual host 'localhost'
15-Mar-2018 11:09:07.577 INFO [http-nio-8090-exec-341] org.apache.catalina.core.ApplicationContext.log Manager: restart: Reloading web application '/ITCompanyLocator12_1'
15-Mar-2018 11:09:26.418 INFO [http-nio-8090-exec-356] org.apache.catalina.core.ApplicationContext.log Manager: list: Listing contexts for virtual host 'localhost'
15-Mar-2018 11:09:26.433 INFO [http-nio-8090-exec-346] org.apache.catalina.core.ApplicationContext.log Manager: restart: Reloading web application '/ITCompanyLocator12_1'
15-Mar-2018 11:09:36.655 INFO [http-nio-8090-exec-356] org.apache.catalina.core.ApplicationContext.log Manager: list: Listing contexts for virtual host 'localhost'
15-Mar-2018 11:09:36.667 INFO [http-nio-8090-exec-341] org.apache.catalina.core.ApplicationContext.log Manager: restart: Reloading web application '/ITCompanyLocator12_1'
15-Mar-2018 11:09:42.358 INFO [http-nio-8090-exec-346] org.apache.catalina.core.ApplicationContext.log Manager: list: Listing contexts for virtual host 'localhost'
15-Mar-2018 11:09:42.371 INFO [http-nio-8090-exec-356] org.apache.catalina.core.ApplicationContext.log Manager: restart: Reloading web application '/ITCompanyLocator12_1'
15-Mar-2018 11:09:51.303 INFO [http-nio-8090-exec-341] org.apache.catalina.core.ApplicationContext.log Manager: list: Listing contexts for virtual host 'localhost'
15-Mar-2018 11:09:51.307 INFO [http-nio-8090-exec-346] org.apache.catalina.core.ApplicationContext.log Manager: restart: Reloading web application '/ITCompanyLocator12_1'
15-Mar-2018 11:11:51.580 INFO [http-nio-8090-exec-360] org.apache.catalina.core.ApplicationContext.log Manager: list: Listing contexts for virtual host 'localhost'
15-Mar-2018 11:11:51.594 INFO [http-nio-8090-exec-341] org.apache.catalina.core.ApplicationContext.log Manager: restart: Reloading web application '/ITCompanyLocator12_1'
15-Mar-2018 11:14:37.491 INFO [http-nio-8090-exec-366] org.apache.catalina.core.ApplicationContext.log Manager: list: Listing contexts for virtual host 'localhost'
15-Mar-2018 11:14:37.609 INFO [http-nio-8090-exec-356] org.apache.catalina.core.ApplicationContext.log Manager: restart: Reloading web application '/ITCompanyLocator12_1'
15-Mar-2018 11:17:00.659 INFO [http-nio-8090-exec-365] org.apache.catalina.core.ApplicationContext.log Manager: list: Listing contexts for virtual host 'localhost'
15-Mar-2018 11:17:00.668 INFO [http-nio-8090-exec-341] org.apache.catalina.core.ApplicationContext.log Manager: restart: Reloading web application '/ITCompanyLocator12_1'
15-Mar-2018 11:17:01.132 INFO [http-nio-8090-exec-367] org.apache.catalina.core.ApplicationContext.log Manager: list: Listing contexts for virtual host 'localhost'
15-Mar-2018 11:17:01.142 INFO [http-nio-8090-exec-359] org.apache.catalina.core.ApplicationContext.log Manager: restart: Reloading web application '/ITCompanyLocator12_1'
15-Mar-2018 11:17:10.645 INFO [http-nio-8090-exec-365] org.apache.catalina.core.ApplicationContext.log Manager: list: Listing contexts for virtual host 'localhost'
15-Mar-2018 11:17:10.657 INFO [http-nio-8090-exec-341] org.apache.catalina.core.ApplicationContext.log Manager: restart: Reloading web application '/ITCompanyLocator12_1'
15-Mar-2018 11:17:30.392 INFO [http-nio-8090-exec-365] org.apache.catalina.core.ApplicationContext.log Manager: list: Listing contexts for virtual host 'localhost'
15-Mar-2018 11:17:30.421 INFO [http-nio-8090-exec-368] org.apache.catalina.core.ApplicationContext.log Manager: restart: Reloading web application '/ITCompanyLocator12_1'
15-Mar-2018 11:19:49.686 INFO [http-nio-8090-exec-369] org.apache.catalina.core.ApplicationContext.log Manager: list: Listing contexts for virtual host 'localhost'
15-Mar-2018 11:19:49.700 INFO [http-nio-8090-exec-374] org.apache.catalina.core.ApplicationContext.log Manager: restart: Reloading web application '/ITCompanyLocator12_1'
15-Mar-2018 11:24:04.284 INFO [http-nio-8090-exec-377] org.apache.catalina.core.ApplicationContext.log Manager: list: Listing contexts for virtual host 'localhost'
15-Mar-2018 11:24:04.300 INFO [http-nio-8090-exec-379] org.apache.catalina.core.ApplicationContext.log Manager: restart: Reloading web application '/ITCompanyLocator12_1'
15-Mar-2018 11:24:33.564 INFO [http-nio-8090-exec-376] org.apache.catalina.core.ApplicationContext.log Manager: list: Listing contexts for virtual host 'localhost'
15-Mar-2018 11:24:33.580 INFO [http-nio-8090-exec-378] org.apache.catalina.core.ApplicationContext.log Manager: restart: Reloading web application '/ITCompanyLocator12_1'
15-Mar-2018 11:26:19.222 INFO [http-nio-8090-exec-377] org.apache.catalina.core.ApplicationContext.log Manager: list: Listing contexts for virtual host 'localhost'
15-Mar-2018 11:26:19.222 INFO [http-nio-8090-exec-376] org.apache.catalina.core.ApplicationContext.log Manager: restart: Reloading web application '/ITCompanyLocator12_1'
15-Mar-2018 11:26:27.436 INFO [http-nio-8090-exec-378] org.apache.catalina.core.ApplicationContext.log Manager: list: Listing contexts for virtual host 'localhost'
15-Mar-2018 11:26:27.443 INFO [http-nio-8090-exec-380] org.apache.catalina.core.ApplicationContext.log Manager: restart: Reloading web application '/ITCompanyLocator12_1'
15-Mar-2018 11:26:36.781 INFO [http-nio-8090-exec-383] org.apache.catalina.core.ApplicationContext.log Manager: list: Listing contexts for virtual host 'localhost'
15-Mar-2018 11:26:36.796 INFO [http-nio-8090-exec-378] org.apache.catalina.core.ApplicationContext.log Manager: restart: Reloading web application '/ITCompanyLocator12_1'
15-Mar-2018 11:26:43.704 INFO [http-nio-8090-exec-381] org.apache.catalina.core.ApplicationContext.log Manager: list: Listing contexts for virtual host 'localhost'
15-Mar-2018 11:26:43.719 INFO [http-nio-8090-exec-383] org.apache.catalina.core.ApplicationContext.log Manager: restart: Reloading web application '/ITCompanyLocator12_1'
15-Mar-2018 11:26:59.220 INFO [http-nio-8090-exec-378] org.apache.catalina.core.ApplicationContext.log Manager: list: Listing contexts for virtual host 'localhost'
15-Mar-2018 11:26:59.222 INFO [http-nio-8090-exec-381] org.apache.catalina.core.ApplicationContext.log Manager: restart: Reloading web application '/ITCompanyLocator12_1'
15-Mar-2018 11:28:11.581 INFO [http-nio-8090-exec-386] org.apache.catalina.core.ApplicationContext.log Manager: list: Listing contexts for virtual host 'localhost'
15-Mar-2018 11:28:11.581 INFO [http-nio-8090-exec-384] org.apache.catalina.core.ApplicationContext.log Manager: restart: Reloading web application '/ITCompanyLocator12_1'
15-Mar-2018 11:28:25.891 INFO [http-nio-8090-exec-386] org.apache.catalina.core.ApplicationContext.log Manager: list: Listing contexts for virtual host 'localhost'
15-Mar-2018 11:28:25.891 INFO [http-nio-8090-exec-381] org.apache.catalina.core.ApplicationContext.log Manager: restart: Reloading web application '/ITCompanyLocator12_1'
15-Mar-2018 11:32:18.299 INFO [http-nio-8090-exec-387] org.apache.catalina.core.ApplicationContext.log Manager: list: Listing contexts for virtual host 'localhost'
15-Mar-2018 11:32:18.315 INFO [http-nio-8090-exec-393] org.apache.catalina.core.ApplicationContext.log Manager: restart: Reloading web application '/ITCompanyLocator12_1'
15-Mar-2018 11:32:41.921 INFO [http-nio-8090-exec-387] org.apache.catalina.core.ApplicationContext.log Manager: list: Listing contexts for virtual host 'localhost'
15-Mar-2018 11:32:41.921 INFO [http-nio-8090-exec-391] org.apache.catalina.core.ApplicationContext.log Manager: restart: Reloading web application '/ITCompanyLocator12_1'
15-Mar-2018 11:37:53.177 INFO [http-nio-8090-exec-337] org.apache.catalina.core.ApplicationContext.log Manager: list: Listing contexts for virtual host 'localhost'
15-Mar-2018 11:37:53.179 INFO [http-nio-8090-exec-391] org.apache.catalina.core.ApplicationContext.log Manager: list: Listing contexts for virtual host 'localhost'
15-Mar-2018 11:37:53.360 INFO [http-nio-8090-exec-400] org.apache.catalina.core.ApplicationContext.log Manager: restart: Reloading web application '/'
15-Mar-2018 11:40:13.937 INFO [http-nio-8090-exec-404] org.apache.catalina.core.ApplicationContext.log Manager: list: Listing contexts for virtual host 'localhost'
15-Mar-2018 11:40:33.011 INFO [http-nio-8090-exec-404] org.apache.catalina.core.ApplicationContext.log Manager: list: Listing contexts for virtual host 'localhost'
15-Mar-2018 11:40:33.370 INFO [http-nio-8090-exec-405] org.apache.catalina.core.ApplicationContext.log Manager: restart: Reloading web application '/'
15-Mar-2018 11:42:44.134 INFO [http-nio-8090-exec-414] org.apache.catalina.core.ApplicationContext.log Manager: list: Listing contexts for virtual host 'localhost'
15-Mar-2018 11:42:44.139 INFO [http-nio-8090-exec-417] org.apache.catalina.core.ApplicationContext.log Manager: restart: Reloading web application '/'
15-Mar-2018 11:44:08.278 INFO [http-nio-8090-exec-410] org.apache.catalina.core.ApplicationContext.log Manager: list: Listing contexts for virtual host 'localhost'
15-Mar-2018 11:44:08.285 INFO [http-nio-8090-exec-404] org.apache.catalina.core.ApplicationContext.log Manager: restart: Reloading web application '/IT_Company_Locator'
15-Mar-2018 11:44:26.044 INFO [http-nio-8090-exec-414] org.apache.catalina.core.ApplicationContext.log Manager: list: Listing contexts for virtual host 'localhost'
15-Mar-2018 11:44:41.101 INFO [http-nio-8090-exec-415] org.apache.catalina.core.ApplicationContext.log Manager: list: Listing contexts for virtual host 'localhost'
15-Mar-2018 11:44:41.111 INFO [http-nio-8090-exec-420] org.apache.catalina.core.ApplicationContext.log Manager: restart: Reloading web application '/IT_Company_Locator'
15-Mar-2018 11:45:00.930 INFO [http-nio-8090-exec-404] org.apache.catalina.core.ApplicationContext.log Manager: list: Listing contexts for virtual host 'localhost'
15-Mar-2018 11:45:00.985 INFO [http-nio-8090-exec-417] org.apache.catalina.core.ApplicationContext.log Manager: restart: Reloading web application '/IT_Company_Locator'
15-Mar-2018 11:50:06.628 INFO [http-nio-8090-exec-425] org.apache.catalina.core.ApplicationContext.log Manager: list: Listing contexts for virtual host 'localhost'
15-Mar-2018 11:50:22.572 INFO [http-nio-8090-exec-424] org.apache.catalina.core.ApplicationContext.log Manager: list: Listing contexts for virtual host 'localhost'
15-Mar-2018 11:52:14.907 INFO [http-nio-8090-exec-424] org.apache.catalina.core.ApplicationContext.log Manager: list: Listing contexts for virtual host 'localhost'
15-Mar-2018 11:52:42.864 INFO [http-nio-8090-exec-430] org.apache.catalina.core.ApplicationContext.log Manager: list: Listing contexts for virtual host 'localhost'
15-Mar-2018 11:56:14.391 INFO [http-nio-8090-exec-429] org.apache.catalina.core.ApplicationContext.log Manager: list: Listing contexts for virtual host 'localhost'
15-Mar-2018 11:56:14.452 INFO [http-nio-8090-exec-431] org.apache.catalina.core.ApplicationContext.log Manager: restart: Reloading web application '/IT_Company_Locator'
15-Mar-2018 11:56:22.135 INFO [http-nio-8090-exec-426] org.apache.catalina.core.ApplicationContext.log Manager: list: Listing contexts for virtual host 'localhost'
15-Mar-2018 11:56:22.153 INFO [http-nio-8090-exec-425] org.apache.catalina.core.ApplicationContext.log Manager: restart: Reloading web application '/IT_Company_Locator'
15-Mar-2018 11:57:51.227 INFO [http-nio-8090-exec-430] org.apache.catalina.core.ApplicationContext.log Manager: list: Listing contexts for virtual host 'localhost'
15-Mar-2018 11:57:51.229 INFO [http-nio-8090-exec-432] org.apache.catalina.core.ApplicationContext.log Manager: list: Listing contexts for virtual host 'localhost'
15-Mar-2018 11:57:51.375 INFO [http-nio-8090-exec-429] org.apache.catalina.core.ApplicationContext.log Manager: restart: Reloading web application '/IT_Company_Locator'
15-Mar-2018 11:59:05.125 INFO [http-nio-8090-exec-442] org.apache.catalina.core.ApplicationContext.log Manager: list: Listing contexts for virtual host 'localhost'
15-Mar-2018 11:59:10.853 INFO [http-nio-8090-exec-440] org.apache.catalina.core.ApplicationContext.log Manager: list: Listing contexts for virtual host 'localhost'
15-Mar-2018 11:59:10.856 INFO [http-nio-8090-exec-441] org.apache.catalina.core.ApplicationContext.log Manager: list: Listing contexts for virtual host 'localhost'
15-Mar-2018 12:01:15.315 INFO [http-nio-8090-exec-437] org.apache.catalina.core.ApplicationContext.log Manager: list: Listing contexts for virtual host 'localhost'
15-Mar-2018 12:01:20.061 INFO [http-nio-8090-exec-442] org.apache.catalina.core.ApplicationContext.log Manager: list: Listing contexts for virtual host 'localhost'
15-Mar-2018 12:01:20.061 INFO [http-nio-8090-exec-438] org.apache.catalina.core.ApplicationContext.log Manager: list: Listing contexts for virtual host 'localhost'
15-Mar-2018 12:02:53.740 INFO [http-nio-8090-exec-441] org.apache.catalina.core.ApplicationContext.log Manager: list: Listing contexts for virtual host 'localhost'
15-Mar-2018 12:02:59.889 INFO [http-nio-8090-exec-444] org.apache.catalina.core.ApplicationContext.log Manager: list: Listing contexts for virtual host 'localhost'
15-Mar-2018 12:02:59.889 INFO [http-nio-8090-exec-439] org.apache.catalina.core.ApplicationContext.log Manager: list: Listing contexts for virtual host 'localhost'
15-Mar-2018 12:05:05.339 INFO [http-nio-8090-exec-445] org.apache.catalina.core.ApplicationContext.log Manager: list: Listing contexts for virtual host 'localhost'
15-Mar-2018 12:05:24.627 INFO [http-nio-8090-exec-440] org.apache.catalina.core.ApplicationContext.log Manager: list: Listing contexts for virtual host 'localhost'
15-Mar-2018 12:05:38.565 INFO [http-nio-8090-exec-443] org.apache.catalina.core.ApplicationContext.log Manager: list: Listing contexts for virtual host 'localhost'
15-Mar-2018 12:05:38.565 INFO [http-nio-8090-exec-444] org.apache.catalina.core.ApplicationContext.log Manager: list: Listing contexts for virtual host 'localhost'
15-Mar-2018 12:16:18.124 INFO [http-nio-8090-exec-445] org.apache.catalina.core.ApplicationContext.log Manager: list: Listing contexts for virtual host 'localhost'
15-Mar-2018 12:16:22.286 INFO [http-nio-8090-exec-444] org.apache.catalina.core.ApplicationContext.log Manager: list: Listing contexts for virtual host 'localhost'
15-Mar-2018 12:16:22.286 INFO [http-nio-8090-exec-443] org.apache.catalina.core.ApplicationContext.log Manager: list: Listing contexts for virtual host 'localhost'
15-Mar-2018 12:17:08.541 INFO [http-nio-8090-exec-439] org.apache.catalina.core.ApplicationContext.log Manager: list: Listing contexts for virtual host 'localhost'
15-Mar-2018 12:17:12.077 INFO [http-nio-8090-exec-446] org.apache.catalina.core.ApplicationContext.log Manager: list: Listing contexts for virtual host 'localhost'
15-Mar-2018 12:17:12.077 INFO [http-nio-8090-exec-444] org.apache.catalina.core.ApplicationContext.log Manager: list: Listing contexts for virtual host 'localhost'
15-Mar-2018 12:18:36.221 INFO [http-nio-8090-exec-442] org.apache.catalina.core.ApplicationContext.log Manager: list: Listing contexts for virtual host 'localhost'
15-Mar-2018 12:18:42.232 INFO [http-nio-8090-exec-438] org.apache.catalina.core.ApplicationContext.log Manager: list: Listing contexts for virtual host 'localhost'
15-Mar-2018 12:18:42.232 INFO [http-nio-8090-exec-439] org.apache.catalina.core.ApplicationContext.log Manager: list: Listing contexts for virtual host 'localhost'
15-Mar-2018 12:19:30.353 INFO [http-nio-8090-exec-443] org.apache.catalina.core.ApplicationContext.log Manager: list: Listing contexts for virtual host 'localhost'
15-Mar-2018 12:19:34.487 INFO [http-nio-8090-exec-438] org.apache.catalina.core.ApplicationContext.log Manager: list: Listing contexts for virtual host 'localhost'
15-Mar-2018 12:19:34.487 INFO [http-nio-8090-exec-437] org.apache.catalina.core.ApplicationContext.log Manager: list: Listing contexts for virtual host 'localhost'
15-Mar-2018 12:20:29.344 INFO [http-nio-8090-exec-439] org.apache.catalina.core.ApplicationContext.log Manager: list: Listing contexts for virtual host 'localhost'
15-Mar-2018 12:20:34.077 INFO [http-nio-8090-exec-441] org.apache.catalina.core.ApplicationContext.log Manager: list: Listing contexts for virtual host 'localhost'
15-Mar-2018 12:20:34.077 INFO [http-nio-8090-exec-444] org.apache.catalina.core.ApplicationContext.log Manager: list: Listing contexts for virtual host 'localhost'
15-Mar-2018 12:24:24.200 INFO [http-nio-8090-exec-443] org.apache.catalina.core.ApplicationContext.log Manager: list: Listing contexts for virtual host 'localhost'
15-Mar-2018 12:24:29.855 INFO [http-nio-8090-exec-438] org.apache.catalina.core.ApplicationContext.log Manager: list: Listing contexts for virtual host 'localhost'
15-Mar-2018 12:24:29.871 INFO [http-nio-8090-exec-439] org.apache.catalina.core.ApplicationContext.log Manager: list: Listing contexts for virtual host 'localhost'
15-Mar-2018 12:27:35.552 INFO [http-nio-8090-exec-441] org.apache.catalina.core.ApplicationContext.log Manager: list: Listing contexts for virtual host 'localhost'
15-Mar-2018 12:27:39.255 INFO [http-nio-8090-exec-445] org.apache.catalina.core.ApplicationContext.log Manager: list: Listing contexts for virtual host 'localhost'
15-Mar-2018 12:27:39.256 INFO [http-nio-8090-exec-438] org.apache.catalina.core.ApplicationContext.log Manager: list: Listing contexts for virtual host 'localhost'
15-Mar-2018 12:28:39.251 INFO [http-nio-8090-exec-437] org.apache.catalina.core.ApplicationContext.log Manager: list: Listing contexts for virtual host 'localhost'
15-Mar-2018 12:29:26.861 INFO [http-nio-8090-exec-440] org.apache.catalina.core.ApplicationContext.log Manager: list: Listing contexts for virtual host 'localhost'
15-Mar-2018 12:29:31.874 INFO [http-nio-8090-exec-443] org.apache.catalina.core.ApplicationContext.log Manager: list: Listing contexts for virtual host 'localhost'
15-Mar-2018 12:29:31.874 INFO [http-nio-8090-exec-442] org.apache.catalina.core.ApplicationContext.log Manager: list: Listing contexts for virtual host 'localhost'
15-Mar-2018 12:30:22.875 INFO [http-nio-8090-exec-439] org.apache.catalina.core.ApplicationContext.log Manager: list: Listing contexts for virtual host 'localhost'
15-Mar-2018 12:30:27.015 INFO [http-nio-8090-exec-441] org.apache.catalina.core.ApplicationContext.log Manager: list: Listing contexts for virtual host 'localhost'
15-Mar-2018 12:30:27.015 INFO [http-nio-8090-exec-440] org.apache.catalina.core.ApplicationContext.log Manager: list: Listing contexts for virtual host 'localhost'
15-Mar-2018 12:31:29.967 INFO [http-nio-8090-exec-443] org.apache.catalina.core.ApplicationContext.log Manager: list: Listing contexts for virtual host 'localhost'
15-Mar-2018 12:31:33.449 INFO [http-nio-8090-exec-442] org.apache.catalina.core.ApplicationContext.log Manager: list: Listing contexts for virtual host 'localhost'
15-Mar-2018 12:31:33.450 INFO [http-nio-8090-exec-438] org.apache.catalina.core.ApplicationContext.log Manager: list: Listing contexts for virtual host 'localhost'
15-Mar-2018 12:32:20.999 INFO [http-nio-8090-exec-443] org.apache.catalina.core.ApplicationContext.log Manager: list: Listing contexts for virtual host 'localhost'
15-Mar-2018 12:32:25.655 INFO [http-nio-8090-exec-444] org.apache.catalina.core.ApplicationContext.log Manager: list: Listing contexts for virtual host 'localhost'
15-Mar-2018 12:32:25.655 INFO [http-nio-8090-exec-438] org.apache.catalina.core.ApplicationContext.log Manager: list: Listing contexts for virtual host 'localhost'
15-Mar-2018 12:33:31.139 INFO [http-nio-8090-exec-443] org.apache.catalina.core.ApplicationContext.log Manager: list: Listing contexts for virtual host 'localhost'
15-Mar-2018 12:33:35.326 INFO [http-nio-8090-exec-441] org.apache.catalina.core.ApplicationContext.log Manager: list: Listing contexts for virtual host 'localhost'
15-Mar-2018 12:33:35.328 INFO [http-nio-8090-exec-445] org.apache.catalina.core.ApplicationContext.log Manager: list: Listing contexts for virtual host 'localhost'
15-Mar-2018 12:36:22.447 INFO [http-nio-8090-exec-444] org.apache.catalina.core.ApplicationContext.log Manager: list: Listing contexts for virtual host 'localhost'
15-Mar-2018 12:36:30.558 INFO [http-nio-8090-exec-446] org.apache.catalina.core.ApplicationContext.log Manager: list: Listing contexts for virtual host 'localhost'
15-Mar-2018 12:36:30.560 INFO [http-nio-8090-exec-441] org.apache.catalina.core.ApplicationContext.log Manager: list: Listing contexts for virtual host 'localhost'
15-Mar-2018 12:36:56.894 INFO [http-nio-8090-exec-438] org.apache.catalina.core.ApplicationContext.log Manager: list: Listing contexts for virtual host 'localhost'
15-Mar-2018 12:36:56.895 INFO [http-nio-8090-exec-439] org.apache.catalina.core.ApplicationContext.log Manager: list: Listing contexts for virtual host 'localhost'
15-Mar-2018 12:39:58.743 INFO [http-nio-8090-exec-439] org.apache.catalina.core.ApplicationContext.log Manager: list: Listing contexts for virtual host 'localhost'
15-Mar-2018 12:40:05.718 INFO [http-nio-8090-exec-446] org.apache.catalina.core.ApplicationContext.log Manager: list: Listing contexts for virtual host 'localhost'
15-Mar-2018 12:40:05.720 INFO [http-nio-8090-exec-441] org.apache.catalina.core.ApplicationContext.log Manager: list: Listing contexts for virtual host 'localhost'
15-Mar-2018 12:41:44.896 INFO [http-nio-8090-exec-442] org.apache.catalina.core.ApplicationContext.log Manager: list: Listing contexts for virtual host 'localhost'
15-Mar-2018 12:41:50.107 INFO [http-nio-8090-exec-443] org.apache.catalina.core.ApplicationContext.log Manager: list: Listing contexts for virtual host 'localhost'
15-Mar-2018 12:41:50.109 INFO [http-nio-8090-exec-446] org.apache.catalina.core.ApplicationContext.log Manager: list: Listing contexts for virtual host 'localhost'
15-Mar-2018 12:42:51.672 INFO [http-nio-8090-exec-445] org.apache.catalina.core.ApplicationContext.log Manager: list: Listing contexts for virtual host 'localhost'
15-Mar-2018 12:43:16.734 INFO [http-nio-8090-exec-445] org.apache.catalina.core.ApplicationContext.log Manager: list: Listing contexts for virtual host 'localhost'
15-Mar-2018 12:43:24.039 INFO [http-nio-8090-exec-442] org.apache.catalina.core.ApplicationContext.log Manager: list: Listing contexts for virtual host 'localhost'
15-Mar-2018 12:43:24.039 INFO [http-nio-8090-exec-439] org.apache.catalina.core.ApplicationContext.log Manager: list: Listing contexts for virtual host 'localhost'
15-Mar-2018 15:38:12.168 INFO [http-nio-8090-exec-442] org.apache.catalina.core.ApplicationContext.log Manager: list: Listing contexts for virtual host 'localhost'
15-Mar-2018 15:38:12.771 INFO [http-nio-8090-exec-443] org.apache.catalina.core.ApplicationContext.log Manager: restart: Reloading web application '/IT_Company_Locator'
15-Mar-2018 15:38:19.619 INFO [http-nio-8090-exec-439] org.apache.catalina.core.ApplicationContext.log Manager: list: Listing contexts for virtual host 'localhost'
15-Mar-2018 15:38:19.650 INFO [http-nio-8090-exec-440] org.apache.catalina.core.ApplicationContext.log Manager: restart: Reloading web application '/IT_Company_Locator'
15-Mar-2018 22:23:44.921 INFO [http-nio-8090-exec-453] org.apache.catalina.core.ApplicationContext.log Manager: list: Listing contexts for virtual host 'localhost'
15-Mar-2018 22:24:15.503 INFO [http-nio-8090-exec-453] org.apache.catalina.core.ApplicationContext.log Manager: list: Listing contexts for virtual host 'localhost'
15-Mar-2018 22:24:15.505 INFO [http-nio-8090-exec-454] org.apache.catalina.core.ApplicationContext.log Manager: list: Listing contexts for virtual host 'localhost'
15-Mar-2018 22:24:16.569 INFO [http-nio-8090-exec-455] org.apache.catalina.core.ApplicationContext.log Manager: restart: Reloading web application '/ITCompanyLocator12_1'
15-Mar-2018 22:25:35.298 INFO [http-nio-8090-exec-459] org.apache.catalina.core.ApplicationContext.log Manager: list: Listing contexts for virtual host 'localhost'
15-Mar-2018 22:26:01.125 INFO [http-nio-8090-exec-458] org.apache.catalina.core.ApplicationContext.log Manager: list: Listing contexts for virtual host 'localhost'
15-Mar-2018 22:26:01.127 INFO [http-nio-8090-exec-459] org.apache.catalina.core.ApplicationContext.log Manager: list: Listing contexts for virtual host 'localhost'
15-Mar-2018 22:26:42.825 INFO [http-nio-8090-exec-462] org.apache.catalina.core.ApplicationContext.log Manager: list: Listing contexts for virtual host 'localhost'
15-Mar-2018 22:26:42.844 INFO [http-nio-8090-exec-459] org.apache.catalina.core.ApplicationContext.log Manager: list: Listing contexts for virtual host 'localhost'
15-Mar-2018 22:27:16.626 INFO [http-nio-8090-exec-450] org.apache.catalina.core.ApplicationContext.log Manager: list: Listing contexts for virtual host 'localhost'
15-Mar-2018 22:27:26.765 INFO [http-nio-8090-exec-463] org.apache.catalina.core.ApplicationContext.log Manager: list: Listing contexts for virtual host 'localhost'
15-Mar-2018 22:27:32.632 INFO [http-nio-8090-exec-464] org.apache.catalina.core.ApplicationContext.log Manager: list: Listing contexts for virtual host 'localhost'
15-Mar-2018 22:27:32.634 INFO [http-nio-8090-exec-458] org.apache.catalina.core.ApplicationContext.log Manager: list: Listing contexts for virtual host 'localhost'
15-Mar-2018 22:28:09.226 INFO [http-nio-8090-exec-460] org.apache.catalina.core.ApplicationContext.log Manager: list: Listing contexts for virtual host 'localhost'
15-Mar-2018 22:28:11.802 INFO [http-nio-8090-exec-461] org.apache.catalina.core.ApplicationContext.log Manager: list: Listing contexts for virtual host 'localhost'
15-Mar-2018 22:28:11.804 INFO [http-nio-8090-exec-463] org.apache.catalina.core.ApplicationContext.log Manager: list: Listing contexts for virtual host 'localhost'
15-Mar-2018 22:48:21.162 INFO [http-nio-8090-exec-462] org.apache.catalina.core.ApplicationContext.log Manager: list: Listing contexts for virtual host 'localhost'
15-Mar-2018 22:48:40.816 INFO [http-nio-8090-exec-467] org.apache.catalina.core.ApplicationContext.log Manager: list: Listing contexts for virtual host 'localhost'
15-Mar-2018 22:48:55.470 INFO [http-nio-8090-exec-466] org.apache.catalina.core.ApplicationContext.log Manager: list: Listing contexts for virtual host 'localhost'
15-Mar-2018 22:48:55.484 INFO [http-nio-8090-exec-458] org.apache.catalina.core.ApplicationContext.log Manager: list: Listing contexts for virtual host 'localhost'
