08-Mar-2018 11:17:26.271 INFO [http-nio-8090-exec-2] org.apache.catalina.core.ApplicationContext.log Manager: init: Associated with Deployer 'Catalina:type=Deployer,host=localhost'
08-Mar-2018 11:17:26.271 INFO [http-nio-8090-exec-2] org.apache.catalina.core.ApplicationContext.log Manager: init: Global resources are available
08-Mar-2018 11:17:26.710 INFO [http-nio-8090-exec-10] org.apache.catalina.core.ApplicationContext.log Manager: list: Listing contexts for virtual host 'localhost'
08-Mar-2018 11:17:26.710 INFO [http-nio-8090-exec-9] org.apache.catalina.core.ApplicationContext.log Manager: list: Listing contexts for virtual host 'localhost'
08-Mar-2018 11:17:26.757 INFO [http-nio-8090-exec-7] org.apache.catalina.core.ApplicationContext.log Manager: restart: Reloading web application '/WebApplication2'
08-Mar-2018 11:21:48.329 INFO [http-nio-8090-exec-12] org.apache.catalina.core.ApplicationContext.log Manager: list: Listing contexts for virtual host 'localhost'
08-Mar-2018 11:21:48.337 INFO [http-nio-8090-exec-14] org.apache.catalina.core.ApplicationContext.log Manager: restart: Reloading web application '/WebApplication2'
08-Mar-2018 11:21:59.546 INFO [http-nio-8090-exec-18] org.apache.catalina.core.ApplicationContext.log Manager: list: Listing contexts for virtual host 'localhost'
08-Mar-2018 11:21:59.546 INFO [http-nio-8090-exec-13] org.apache.catalina.core.ApplicationContext.log Manager: list: Listing contexts for virtual host 'localhost'
08-Mar-2018 11:21:59.562 INFO [http-nio-8090-exec-15] org.apache.catalina.core.ApplicationContext.log Manager: restart: Reloading web application '/WebApplication2'
08-Mar-2018 11:25:09.424 INFO [http-nio-8090-exec-24] org.apache.catalina.core.ApplicationContext.log Manager: list: Listing contexts for virtual host 'localhost'
08-Mar-2018 11:25:09.424 INFO [http-nio-8090-exec-25] org.apache.catalina.core.ApplicationContext.log Manager: restart: Reloading web application '/WebApplication2'
08-Mar-2018 11:25:09.486 INFO [http-nio-8090-exec-26] org.apache.catalina.core.ApplicationContext.log Manager: list: Listing contexts for virtual host 'localhost'
08-Mar-2018 11:25:09.502 INFO [http-nio-8090-exec-22] org.apache.catalina.core.ApplicationContext.log Manager: restart: Reloading web application '/WebApplication2'
08-Mar-2018 11:25:56.857 INFO [http-nio-8090-exec-24] org.apache.catalina.core.ApplicationContext.log Manager: list: Listing contexts for virtual host 'localhost'
08-Mar-2018 11:25:56.857 INFO [http-nio-8090-exec-11] org.apache.catalina.core.ApplicationContext.log Manager: restart: Reloading web application '/WebApplication2'
08-Mar-2018 11:26:04.022 INFO [http-nio-8090-exec-28] org.apache.catalina.core.ApplicationContext.log Manager: list: Listing contexts for virtual host 'localhost'
08-Mar-2018 11:26:04.038 INFO [http-nio-8090-exec-26] org.apache.catalina.core.ApplicationContext.log Manager: list: Listing contexts for virtual host 'localhost'
08-Mar-2018 11:26:04.038 INFO [http-nio-8090-exec-22] org.apache.catalina.core.ApplicationContext.log Manager: restart: Reloading web application '/WebApplication2'
08-Mar-2018 11:30:26.728 INFO [http-nio-8090-exec-32] org.apache.catalina.core.ApplicationContext.log Manager: list: Listing contexts for virtual host 'localhost'
08-Mar-2018 11:30:26.744 INFO [http-nio-8090-exec-33] org.apache.catalina.core.ApplicationContext.log Manager: restart: Reloading web application '/WebApplication2'
08-Mar-2018 11:36:13.112 INFO [http-nio-8090-exec-40] org.apache.catalina.core.ApplicationContext.log Manager: list: Listing contexts for virtual host 'localhost'
08-Mar-2018 11:36:13.112 INFO [http-nio-8090-exec-41] org.apache.catalina.core.ApplicationContext.log Manager: restart: Reloading web application '/WebApplication2'
08-Mar-2018 11:36:37.002 INFO [http-nio-8090-exec-43] org.apache.catalina.core.ApplicationContext.log Manager: list: Listing contexts for virtual host 'localhost'
08-Mar-2018 11:36:37.002 INFO [http-nio-8090-exec-30] org.apache.catalina.core.ApplicationContext.log Manager: restart: Reloading web application '/WebApplication2'
08-Mar-2018 11:37:02.780 INFO [http-nio-8090-exec-33] org.apache.catalina.core.ApplicationContext.log Manager: list: Listing contexts for virtual host 'localhost'
08-Mar-2018 11:37:22.274 INFO [http-nio-8090-exec-39] org.apache.catalina.core.ApplicationContext.log Manager: list: Listing contexts for virtual host 'localhost'
08-Mar-2018 11:37:22.290 INFO [http-nio-8090-exec-44] org.apache.catalina.core.ApplicationContext.log Manager: restart: Reloading web application '/WebApplication2'
08-Mar-2018 11:37:27.821 INFO [http-nio-8090-exec-31] org.apache.catalina.core.ApplicationContext.log Manager: list: Listing contexts for virtual host 'localhost'
08-Mar-2018 11:37:27.821 INFO [http-nio-8090-exec-39] org.apache.catalina.core.ApplicationContext.log Manager: list: Listing contexts for virtual host 'localhost'
08-Mar-2018 11:37:27.837 INFO [http-nio-8090-exec-30] org.apache.catalina.core.ApplicationContext.log Manager: restart: Reloading web application '/WebApplication2'
08-Mar-2018 11:39:08.272 INFO [http-nio-8090-exec-41] org.apache.catalina.core.ApplicationContext.log Manager: list: Listing contexts for virtual host 'localhost'
08-Mar-2018 11:39:08.287 INFO [http-nio-8090-exec-52] org.apache.catalina.core.ApplicationContext.log Manager: list: Listing contexts for virtual host 'localhost'
08-Mar-2018 11:39:08.303 INFO [http-nio-8090-exec-30] org.apache.catalina.core.ApplicationContext.log Manager: restart: Reloading web application '/WebApplication2'
08-Mar-2018 12:02:17.131 INFO [http-nio-8090-exec-55] org.apache.catalina.core.ApplicationContext.log Manager: list: Listing contexts for virtual host 'localhost'
08-Mar-2018 12:02:17.163 INFO [http-nio-8090-exec-56] org.apache.catalina.core.ApplicationContext.log Manager: restart: Reloading web application '/WebApplication2'
08-Mar-2018 12:04:19.742 INFO [http-nio-8090-exec-66] org.apache.catalina.core.ApplicationContext.log Manager: list: Listing contexts for virtual host 'localhost'
08-Mar-2018 12:04:19.794 INFO [http-nio-8090-exec-63] org.apache.catalina.core.ApplicationContext.log Manager: restart: Reloading web application '/WebApplication2'
08-Mar-2018 12:08:29.958 INFO [http-nio-8090-exec-70] org.apache.catalina.core.ApplicationContext.log Manager: list: Listing contexts for virtual host 'localhost'
08-Mar-2018 12:08:30.021 INFO [http-nio-8090-exec-65] org.apache.catalina.core.ApplicationContext.log Manager: restart: Reloading web application '/WebApplication2'
08-Mar-2018 12:08:31.560 INFO [http-nio-8090-exec-57] org.apache.catalina.core.ApplicationContext.log Manager: list: Listing contexts for virtual host 'localhost'
08-Mar-2018 12:08:31.575 INFO [http-nio-8090-exec-55] org.apache.catalina.core.ApplicationContext.log Manager: restart: Reloading web application '/WebApplication2'
08-Mar-2018 12:09:17.253 INFO [http-nio-8090-exec-65] org.apache.catalina.core.ApplicationContext.log Manager: list: Listing contexts for virtual host 'localhost'
08-Mar-2018 12:10:16.338 INFO [http-nio-8090-exec-74] org.apache.catalina.core.ApplicationContext.log Manager: list: Listing contexts for virtual host 'localhost'
08-Mar-2018 12:10:16.338 INFO [http-nio-8090-exec-57] org.apache.catalina.core.ApplicationContext.log Manager: restart: Reloading web application '/WebApplication2'
08-Mar-2018 12:11:34.914 INFO [http-nio-8090-exec-72] org.apache.catalina.core.ApplicationContext.log Manager: list: Listing contexts for virtual host 'localhost'
08-Mar-2018 12:11:34.914 INFO [http-nio-8090-exec-70] org.apache.catalina.core.ApplicationContext.log Manager: restart: Reloading web application '/WebApplication2'
08-Mar-2018 12:14:37.259 INFO [http-nio-8090-exec-80] org.apache.catalina.core.ApplicationContext.log Manager: list: Listing contexts for virtual host 'localhost'
08-Mar-2018 12:14:37.259 INFO [http-nio-8090-exec-72] org.apache.catalina.core.ApplicationContext.log Manager: restart: Reloading web application '/WebApplication2'
08-Mar-2018 12:24:54.257 INFO [http-nio-8090-exec-83] org.apache.catalina.core.ApplicationContext.log Manager: list: Listing contexts for virtual host 'localhost'
08-Mar-2018 12:24:54.273 INFO [http-nio-8090-exec-84] org.apache.catalina.core.ApplicationContext.log Manager: restart: Reloading web application '/WebApplication2'
08-Mar-2018 12:25:05.608 INFO [http-nio-8090-exec-93] org.apache.catalina.core.ApplicationContext.log Manager: list: Listing contexts for virtual host 'localhost'
08-Mar-2018 12:25:05.608 INFO [http-nio-8090-exec-83] org.apache.catalina.core.ApplicationContext.log Manager: list: Listing contexts for virtual host 'localhost'
08-Mar-2018 12:25:05.624 INFO [http-nio-8090-exec-91] org.apache.catalina.core.ApplicationContext.log Manager: restart: Reloading web application '/WebApplication2'
08-Mar-2018 12:25:59.166 INFO [http-nio-8090-exec-85] org.apache.catalina.core.ApplicationContext.log Manager: list: Listing contexts for virtual host 'localhost'
08-Mar-2018 12:25:59.182 INFO [http-nio-8090-exec-88] org.apache.catalina.core.ApplicationContext.log Manager: restart: Reloading web application '/WebApplication2'
08-Mar-2018 12:26:01.916 INFO [http-nio-8090-exec-93] org.apache.catalina.core.ApplicationContext.log Manager: list: Listing contexts for virtual host 'localhost'
08-Mar-2018 12:26:01.916 INFO [http-nio-8090-exec-91] org.apache.catalina.core.ApplicationContext.log Manager: list: Listing contexts for virtual host 'localhost'
08-Mar-2018 12:26:01.931 INFO [http-nio-8090-exec-97] org.apache.catalina.core.ApplicationContext.log Manager: restart: Reloading web application '/WebApplication2'
08-Mar-2018 12:26:35.719 INFO [http-nio-8090-exec-88] org.apache.catalina.core.ApplicationContext.log Manager: list: Listing contexts for virtual host 'localhost'
08-Mar-2018 12:26:35.719 INFO [http-nio-8090-exec-94] org.apache.catalina.core.ApplicationContext.log Manager: restart: Reloading web application '/WebApplication2'
08-Mar-2018 12:26:40.860 INFO [http-nio-8090-exec-100] org.apache.catalina.core.ApplicationContext.log Manager: list: Listing contexts for virtual host 'localhost'
08-Mar-2018 12:26:40.875 INFO [http-nio-8090-exec-102] org.apache.catalina.core.ApplicationContext.log Manager: restart: Reloading web application '/WebApplication2'
08-Mar-2018 12:26:46.033 INFO [http-nio-8090-exec-101] org.apache.catalina.core.ApplicationContext.log Manager: list: Listing contexts for virtual host 'localhost'
08-Mar-2018 12:26:46.036 INFO [http-nio-8090-exec-93] org.apache.catalina.core.ApplicationContext.log Manager: list: Listing contexts for virtual host 'localhost'
08-Mar-2018 12:26:46.048 INFO [http-nio-8090-exec-97] org.apache.catalina.core.ApplicationContext.log Manager: restart: Reloading web application '/WebApplication2'
08-Mar-2018 12:27:17.583 INFO [http-nio-8090-exec-104] org.apache.catalina.core.ApplicationContext.log Manager: list: Listing contexts for virtual host 'localhost'
08-Mar-2018 12:27:17.583 INFO [http-nio-8090-exec-97] org.apache.catalina.core.ApplicationContext.log Manager: list: Listing contexts for virtual host 'localhost'
08-Mar-2018 12:27:30.041 INFO [http-nio-8090-exec-87] org.apache.catalina.core.ApplicationContext.log Manager: list: Listing contexts for virtual host 'localhost'
08-Mar-2018 12:27:30.041 INFO [http-nio-8090-exec-104] org.apache.catalina.core.ApplicationContext.log Manager: list: Listing contexts for virtual host 'localhost'
08-Mar-2018 12:28:38.341 INFO [http-nio-8090-exec-105] org.apache.catalina.core.ApplicationContext.log Manager: list: Listing contexts for virtual host 'localhost'
08-Mar-2018 12:28:38.356 INFO [http-nio-8090-exec-106] org.apache.catalina.core.ApplicationContext.log Manager: list: Listing contexts for virtual host 'localhost'
08-Mar-2018 12:28:38.356 INFO [http-nio-8090-exec-112] org.apache.catalina.core.ApplicationContext.log Manager: restart: Reloading web application '/WebApplication2'
08-Mar-2018 12:30:02.796 INFO [http-nio-8090-exec-105] org.apache.catalina.core.ApplicationContext.log Manager: list: Listing contexts for virtual host 'localhost'
08-Mar-2018 12:30:02.796 INFO [http-nio-8090-exec-87] org.apache.catalina.core.ApplicationContext.log Manager: list: Listing contexts for virtual host 'localhost'
08-Mar-2018 12:30:37.858 INFO [http-nio-8090-exec-87] org.apache.catalina.core.ApplicationContext.log Manager: list: Listing contexts for virtual host 'localhost'
08-Mar-2018 12:30:37.858 INFO [http-nio-8090-exec-119] org.apache.catalina.core.ApplicationContext.log Manager: list: Listing contexts for virtual host 'localhost'
08-Mar-2018 12:32:30.568 INFO [http-nio-8090-exec-115] org.apache.catalina.core.ApplicationContext.log Manager: list: Listing contexts for virtual host 'localhost'
08-Mar-2018 12:32:30.568 INFO [http-nio-8090-exec-116] org.apache.catalina.core.ApplicationContext.log Manager: list: Listing contexts for virtual host 'localhost'
08-Mar-2018 12:32:30.584 INFO [http-nio-8090-exec-122] org.apache.catalina.core.ApplicationContext.log Manager: restart: Reloading web application '/WebApplication2'
08-Mar-2018 12:32:54.522 INFO [http-nio-8090-exec-114] org.apache.catalina.core.ApplicationContext.log Manager: list: Listing contexts for virtual host 'localhost'
08-Mar-2018 12:32:54.524 INFO [http-nio-8090-exec-121] org.apache.catalina.core.ApplicationContext.log Manager: list: Listing contexts for virtual host 'localhost'
08-Mar-2018 12:33:20.869 INFO [http-nio-8090-exec-121] org.apache.catalina.core.ApplicationContext.log Manager: list: Listing contexts for virtual host 'localhost'
08-Mar-2018 12:33:20.869 INFO [http-nio-8090-exec-126] org.apache.catalina.core.ApplicationContext.log Manager: list: Listing contexts for virtual host 'localhost'
08-Mar-2018 12:33:44.463 INFO [http-nio-8090-exec-118] org.apache.catalina.core.ApplicationContext.log Manager: list: Listing contexts for virtual host 'localhost'
08-Mar-2018 12:33:44.478 INFO [http-nio-8090-exec-129] org.apache.catalina.core.ApplicationContext.log Manager: restart: Reloading web application '/WebApplication2'
08-Mar-2018 12:33:49.776 INFO [http-nio-8090-exec-125] org.apache.catalina.core.ApplicationContext.log Manager: list: Listing contexts for virtual host 'localhost'
08-Mar-2018 12:33:49.776 INFO [http-nio-8090-exec-114] org.apache.catalina.core.ApplicationContext.log Manager: list: Listing contexts for virtual host 'localhost'
08-Mar-2018 12:33:49.876 INFO [http-nio-8090-exec-128] org.apache.catalina.core.ApplicationContext.log Manager: restart: Reloading web application '/WebApplication2'
08-Mar-2018 12:34:32.878 INFO [http-nio-8090-exec-132] org.apache.catalina.core.ApplicationContext.log Manager: list: Listing contexts for virtual host 'localhost'
08-Mar-2018 12:34:32.878 INFO [http-nio-8090-exec-125] org.apache.catalina.core.ApplicationContext.log Manager: list: Listing contexts for virtual host 'localhost'
08-Mar-2018 12:34:58.112 INFO [http-nio-8090-exec-128] org.apache.catalina.core.ApplicationContext.log Manager: list: Listing contexts for virtual host 'localhost'
08-Mar-2018 12:34:58.115 INFO [http-nio-8090-exec-132] org.apache.catalina.core.ApplicationContext.log Manager: list: Listing contexts for virtual host 'localhost'
08-Mar-2018 12:35:41.360 INFO [http-nio-8090-exec-127] org.apache.catalina.core.ApplicationContext.log Manager: list: Listing contexts for virtual host 'localhost'
08-Mar-2018 12:35:41.368 INFO [http-nio-8090-exec-128] org.apache.catalina.core.ApplicationContext.log Manager: restart: Reloading web application '/WebApplication2'
08-Mar-2018 12:35:45.455 INFO [http-nio-8090-exec-133] org.apache.catalina.core.ApplicationContext.log Manager: list: Listing contexts for virtual host 'localhost'
08-Mar-2018 12:35:45.455 INFO [http-nio-8090-exec-135] org.apache.catalina.core.ApplicationContext.log Manager: list: Listing contexts for virtual host 'localhost'
08-Mar-2018 12:35:45.455 INFO [http-nio-8090-exec-132] org.apache.catalina.core.ApplicationContext.log Manager: restart: Reloading web application '/WebApplication2'
08-Mar-2018 12:36:02.734 INFO [http-nio-8090-exec-143] org.apache.catalina.core.ApplicationContext.log Manager: list: Listing contexts for virtual host 'localhost'
08-Mar-2018 12:36:02.740 INFO [http-nio-8090-exec-136] org.apache.catalina.core.ApplicationContext.log Manager: restart: Reloading web application '/WebApplication2'
08-Mar-2018 12:36:22.174 INFO [http-nio-8090-exec-132] org.apache.catalina.core.ApplicationContext.log Manager: list: Listing contexts for virtual host 'localhost'
08-Mar-2018 12:36:22.174 INFO [http-nio-8090-exec-143] org.apache.catalina.core.ApplicationContext.log Manager: list: Listing contexts for virtual host 'localhost'
08-Mar-2018 12:36:22.206 INFO [http-nio-8090-exec-141] org.apache.catalina.core.ApplicationContext.log Manager: restart: Reloading web application '/WebApplication2'
08-Mar-2018 12:37:06.241 INFO [http-nio-8090-exec-137] org.apache.catalina.core.ApplicationContext.log Manager: list: Listing contexts for virtual host 'localhost'
08-Mar-2018 12:37:06.249 INFO [http-nio-8090-exec-139] org.apache.catalina.core.ApplicationContext.log Manager: restart: Reloading web application '/WebApplication2'
08-Mar-2018 12:37:06.362 INFO [http-nio-8090-exec-146] org.apache.catalina.core.ApplicationContext.log Manager: list: Listing contexts for virtual host 'localhost'
08-Mar-2018 12:37:06.362 INFO [http-nio-8090-exec-149] org.apache.catalina.core.ApplicationContext.log Manager: restart: Reloading web application '/WebApplication2'
08-Mar-2018 12:37:22.990 INFO [http-nio-8090-exec-137] org.apache.catalina.core.ApplicationContext.log Manager: list: Listing contexts for virtual host 'localhost'
08-Mar-2018 12:37:23.007 INFO [http-nio-8090-exec-139] org.apache.catalina.core.ApplicationContext.log Manager: restart: Reloading web application '/WebApplication2'
08-Mar-2018 12:37:26.431 INFO [http-nio-8090-exec-146] org.apache.catalina.core.ApplicationContext.log Manager: list: Listing contexts for virtual host 'localhost'
08-Mar-2018 12:37:26.433 INFO [http-nio-8090-exec-148] org.apache.catalina.core.ApplicationContext.log Manager: list: Listing contexts for virtual host 'localhost'
08-Mar-2018 12:37:26.439 INFO [http-nio-8090-exec-149] org.apache.catalina.core.ApplicationContext.log Manager: restart: Reloading web application '/WebApplication2'
08-Mar-2018 12:37:54.347 INFO [http-nio-8090-exec-150] org.apache.catalina.core.ApplicationContext.log Manager: list: Listing contexts for virtual host 'localhost'
08-Mar-2018 12:37:54.355 INFO [http-nio-8090-exec-145] org.apache.catalina.core.ApplicationContext.log Manager: restart: Reloading web application '/WebApplication2'
08-Mar-2018 12:38:10.109 INFO [http-nio-8090-exec-144] org.apache.catalina.core.ApplicationContext.log Manager: list: Listing contexts for virtual host 'localhost'
08-Mar-2018 12:38:10.112 INFO [http-nio-8090-exec-154] org.apache.catalina.core.ApplicationContext.log Manager: list: Listing contexts for virtual host 'localhost'
08-Mar-2018 12:38:10.123 INFO [http-nio-8090-exec-139] org.apache.catalina.core.ApplicationContext.log Manager: restart: Reloading web application '/WebApplication2'
08-Mar-2018 12:38:38.095 INFO [http-nio-8090-exec-157] org.apache.catalina.core.ApplicationContext.log Manager: list: Listing contexts for virtual host 'localhost'
08-Mar-2018 12:38:38.095 INFO [http-nio-8090-exec-158] org.apache.catalina.core.ApplicationContext.log Manager: list: Listing contexts for virtual host 'localhost'
08-Mar-2018 12:38:58.617 INFO [http-nio-8090-exec-157] org.apache.catalina.core.ApplicationContext.log Manager: list: Listing contexts for virtual host 'localhost'
08-Mar-2018 12:38:58.619 INFO [http-nio-8090-exec-158] org.apache.catalina.core.ApplicationContext.log Manager: list: Listing contexts for virtual host 'localhost'
08-Mar-2018 12:40:07.533 INFO [http-nio-8090-exec-158] org.apache.catalina.core.ApplicationContext.log Manager: list: Listing contexts for virtual host 'localhost'
08-Mar-2018 12:40:07.541 INFO [http-nio-8090-exec-159] org.apache.catalina.core.ApplicationContext.log Manager: restart: Reloading web application '/WebApplication2'
08-Mar-2018 12:40:13.845 INFO [http-nio-8090-exec-157] org.apache.catalina.core.ApplicationContext.log Manager: list: Listing contexts for virtual host 'localhost'
08-Mar-2018 12:40:13.848 INFO [http-nio-8090-exec-164] org.apache.catalina.core.ApplicationContext.log Manager: list: Listing contexts for virtual host 'localhost'
08-Mar-2018 12:40:13.850 INFO [http-nio-8090-exec-162] org.apache.catalina.core.ApplicationContext.log Manager: restart: Reloading web application '/WebApplication2'
08-Mar-2018 12:41:34.069 INFO [http-nio-8090-exec-168] org.apache.catalina.core.ApplicationContext.log Manager: list: Listing contexts for virtual host 'localhost'
08-Mar-2018 12:41:34.073 INFO [http-nio-8090-exec-169] org.apache.catalina.core.ApplicationContext.log Manager: restart: Reloading web application '/WebApplication2'
08-Mar-2018 12:41:58.580 INFO [http-nio-8090-exec-153] org.apache.catalina.core.ApplicationContext.log Manager: list: Listing contexts for virtual host 'localhost'
08-Mar-2018 12:41:58.580 INFO [http-nio-8090-exec-159] org.apache.catalina.core.ApplicationContext.log Manager: restart: Reloading web application '/WebApplication2'
08-Mar-2018 12:42:04.461 INFO [http-nio-8090-exec-159] org.apache.catalina.core.ApplicationContext.log Manager: list: Listing contexts for virtual host 'localhost'
08-Mar-2018 12:42:04.461 INFO [http-nio-8090-exec-170] org.apache.catalina.core.ApplicationContext.log Manager: list: Listing contexts for virtual host 'localhost'
08-Mar-2018 12:42:04.477 INFO [http-nio-8090-exec-167] org.apache.catalina.core.ApplicationContext.log Manager: restart: Reloading web application '/WebApplication2'
08-Mar-2018 12:42:29.936 INFO [http-nio-8090-exec-158] org.apache.catalina.core.ApplicationContext.log Manager: list: Listing contexts for virtual host 'localhost'
08-Mar-2018 12:42:29.943 INFO [http-nio-8090-exec-153] org.apache.catalina.core.ApplicationContext.log Manager: restart: Reloading web application '/WebApplication2'
08-Mar-2018 12:42:29.988 INFO [http-nio-8090-exec-172] org.apache.catalina.core.ApplicationContext.log Manager: list: Listing contexts for virtual host 'localhost'
08-Mar-2018 12:42:30.025 INFO [http-nio-8090-exec-175] org.apache.catalina.core.ApplicationContext.log Manager: restart: Reloading web application '/WebApplication2'
08-Mar-2018 12:42:33.084 INFO [http-nio-8090-exec-167] org.apache.catalina.core.ApplicationContext.log Manager: list: Listing contexts for virtual host 'localhost'
08-Mar-2018 12:42:33.084 INFO [http-nio-8090-exec-177] org.apache.catalina.core.ApplicationContext.log Manager: list: Listing contexts for virtual host 'localhost'
08-Mar-2018 12:42:33.104 INFO [http-nio-8090-exec-172] org.apache.catalina.core.ApplicationContext.log Manager: restart: Reloading web application '/WebApplication2'
08-Mar-2018 12:44:30.624 INFO [http-nio-8090-exec-180] org.apache.catalina.core.ApplicationContext.log Manager: list: Listing contexts for virtual host 'localhost'
08-Mar-2018 12:44:30.631 INFO [http-nio-8090-exec-181] org.apache.catalina.core.ApplicationContext.log Manager: restart: Reloading web application '/WebApplication2'
08-Mar-2018 12:44:31.142 INFO [http-nio-8090-exec-183] org.apache.catalina.core.ApplicationContext.log Manager: list: Listing contexts for virtual host 'localhost'
08-Mar-2018 12:44:31.149 INFO [http-nio-8090-exec-179] org.apache.catalina.core.ApplicationContext.log Manager: restart: Reloading web application '/WebApplication2'
08-Mar-2018 12:44:33.148 INFO [http-nio-8090-exec-179] org.apache.catalina.core.ApplicationContext.log Manager: list: Listing contexts for virtual host 'localhost'
08-Mar-2018 12:44:33.148 INFO [http-nio-8090-exec-180] org.apache.catalina.core.ApplicationContext.log Manager: list: Listing contexts for virtual host 'localhost'
08-Mar-2018 12:44:33.148 INFO [http-nio-8090-exec-183] org.apache.catalina.core.ApplicationContext.log Manager: restart: Reloading web application '/WebApplication2'
08-Mar-2018 12:45:18.865 INFO [http-nio-8090-exec-153] org.apache.catalina.core.ApplicationContext.log Manager: list: Listing contexts for virtual host 'localhost'
08-Mar-2018 12:45:18.865 INFO [http-nio-8090-exec-159] org.apache.catalina.core.ApplicationContext.log Manager: restart: Reloading web application '/WebApplication2'
08-Mar-2018 12:47:01.948 INFO [http-nio-8090-exec-176] org.apache.catalina.core.ApplicationContext.log Manager: list: Listing contexts for virtual host 'localhost'
08-Mar-2018 12:47:01.949 INFO [http-nio-8090-exec-188] org.apache.catalina.core.ApplicationContext.log Manager: restart: Reloading web application '/WebApplication2'
08-Mar-2018 12:51:43.136 INFO [http-nio-8090-exec-194] org.apache.catalina.core.ApplicationContext.log Manager: list: Listing contexts for virtual host 'localhost'
08-Mar-2018 12:51:43.143 INFO [http-nio-8090-exec-196] org.apache.catalina.core.ApplicationContext.log Manager: restart: Reloading web application '/WebApplication2'
08-Mar-2018 12:51:44.271 INFO [http-nio-8090-exec-190] org.apache.catalina.core.ApplicationContext.log Manager: list: Listing contexts for virtual host 'localhost'
08-Mar-2018 12:51:44.271 INFO [http-nio-8090-exec-193] org.apache.catalina.core.ApplicationContext.log Manager: list: Listing contexts for virtual host 'localhost'
08-Mar-2018 12:51:44.286 INFO [http-nio-8090-exec-194] org.apache.catalina.core.ApplicationContext.log Manager: restart: Reloading web application '/WebApplication2'
08-Mar-2018 12:52:52.150 INFO [http-nio-8090-exec-200] org.apache.catalina.core.ApplicationContext.log Manager: list: Listing contexts for virtual host 'localhost'
08-Mar-2018 12:52:52.166 INFO [http-nio-8090-exec-202] org.apache.catalina.core.ApplicationContext.log Manager: restart: Reloading web application '/WebApplication2'
08-Mar-2018 12:53:46.099 INFO [http-nio-8090-exec-192] org.apache.catalina.core.ApplicationContext.log Manager: list: Listing contexts for virtual host 'localhost'
08-Mar-2018 12:53:46.104 INFO [http-nio-8090-exec-198] org.apache.catalina.core.ApplicationContext.log Manager: restart: Reloading web application '/WebApplication2'
08-Mar-2018 12:53:47.648 INFO [http-nio-8090-exec-203] org.apache.catalina.core.ApplicationContext.log Manager: list: Listing contexts for virtual host 'localhost'
08-Mar-2018 12:53:47.648 INFO [http-nio-8090-exec-199] org.apache.catalina.core.ApplicationContext.log Manager: restart: Reloading web application '/WebApplication2'
08-Mar-2018 12:53:50.847 INFO [http-nio-8090-exec-194] org.apache.catalina.core.ApplicationContext.log Manager: list: Listing contexts for virtual host 'localhost'
08-Mar-2018 12:53:50.847 INFO [http-nio-8090-exec-191] org.apache.catalina.core.ApplicationContext.log Manager: list: Listing contexts for virtual host 'localhost'
08-Mar-2018 12:53:50.847 INFO [http-nio-8090-exec-204] org.apache.catalina.core.ApplicationContext.log Manager: restart: Reloading web application '/WebApplication2'
08-Mar-2018 12:54:04.512 INFO [http-nio-8090-exec-201] org.apache.catalina.core.ApplicationContext.log Manager: list: Listing contexts for virtual host 'localhost'
08-Mar-2018 12:54:04.520 INFO [http-nio-8090-exec-194] org.apache.catalina.core.ApplicationContext.log Manager: list: Listing contexts for virtual host 'localhost'
08-Mar-2018 12:54:40.098 INFO [http-nio-8090-exec-197] org.apache.catalina.core.ApplicationContext.log Manager: list: Listing contexts for virtual host 'localhost'
08-Mar-2018 12:54:40.106 INFO [http-nio-8090-exec-192] org.apache.catalina.core.ApplicationContext.log Manager: restart: Reloading web application '/WebApplication2'
08-Mar-2018 12:54:42.362 INFO [http-nio-8090-exec-209] org.apache.catalina.core.ApplicationContext.log Manager: list: Listing contexts for virtual host 'localhost'
08-Mar-2018 12:54:42.378 INFO [http-nio-8090-exec-194] org.apache.catalina.core.ApplicationContext.log Manager: list: Listing contexts for virtual host 'localhost'
08-Mar-2018 12:54:42.378 INFO [http-nio-8090-exec-206] org.apache.catalina.core.ApplicationContext.log Manager: restart: Reloading web application '/WebApplication2'
08-Mar-2018 12:55:43.893 INFO [http-nio-8090-exec-213] org.apache.catalina.core.ApplicationContext.log Manager: list: Listing contexts for virtual host 'localhost'
08-Mar-2018 12:55:43.893 INFO [http-nio-8090-exec-214] org.apache.catalina.core.ApplicationContext.log Manager: restart: Reloading web application '/WebApplication2'
08-Mar-2018 12:56:46.455 INFO [http-nio-8090-exec-206] org.apache.catalina.core.ApplicationContext.log Manager: list: Listing contexts for virtual host 'localhost'
08-Mar-2018 12:56:46.455 INFO [http-nio-8090-exec-215] org.apache.catalina.core.ApplicationContext.log Manager: list: Listing contexts for virtual host 'localhost'
08-Mar-2018 12:56:46.471 INFO [http-nio-8090-exec-213] org.apache.catalina.core.ApplicationContext.log Manager: restart: Reloading web application '/WebApplication2'
08-Mar-2018 12:59:01.872 INFO [http-nio-8090-exec-221] org.apache.catalina.core.ApplicationContext.log Manager: list: Listing contexts for virtual host 'localhost'
08-Mar-2018 12:59:01.878 INFO [http-nio-8090-exec-222] org.apache.catalina.core.ApplicationContext.log Manager: restart: Reloading web application '/WebApplication2'
08-Mar-2018 12:59:01.932 INFO [http-nio-8090-exec-223] org.apache.catalina.core.ApplicationContext.log Manager: list: Listing contexts for virtual host 'localhost'
08-Mar-2018 12:59:01.937 INFO [http-nio-8090-exec-221] org.apache.catalina.core.ApplicationContext.log Manager: restart: Reloading web application '/WebApplication2'
08-Mar-2018 12:59:04.591 INFO [http-nio-8090-exec-207] org.apache.catalina.core.ApplicationContext.log Manager: list: Listing contexts for virtual host 'localhost'
08-Mar-2018 12:59:04.612 INFO [http-nio-8090-exec-219] org.apache.catalina.core.ApplicationContext.log Manager: restart: Reloading web application '/WebApplication2'
08-Mar-2018 12:59:18.165 INFO [http-nio-8090-exec-223] org.apache.catalina.core.ApplicationContext.log Manager: list: Listing contexts for virtual host 'localhost'
08-Mar-2018 12:59:18.181 INFO [http-nio-8090-exec-213] org.apache.catalina.core.ApplicationContext.log Manager: list: Listing contexts for virtual host 'localhost'
08-Mar-2018 12:59:18.181 INFO [http-nio-8090-exec-221] org.apache.catalina.core.ApplicationContext.log Manager: restart: Reloading web application '/WebApplication2'
08-Mar-2018 13:00:48.712 INFO [http-nio-8090-exec-231] org.apache.catalina.core.ApplicationContext.log Manager: list: Listing contexts for virtual host 'localhost'
08-Mar-2018 13:00:48.727 INFO [http-nio-8090-exec-221] org.apache.catalina.core.ApplicationContext.log Manager: list: Listing contexts for virtual host 'localhost'
08-Mar-2018 13:00:48.727 INFO [http-nio-8090-exec-219] org.apache.catalina.core.ApplicationContext.log Manager: restart: Reloading web application '/WebApplication2'
08-Mar-2018 13:01:24.149 INFO [http-nio-8090-exec-230] org.apache.catalina.core.ApplicationContext.log Manager: list: Listing contexts for virtual host 'localhost'
08-Mar-2018 13:01:24.149 INFO [http-nio-8090-exec-229] org.apache.catalina.core.ApplicationContext.log Manager: restart: Reloading web application '/WebApplication2'
08-Mar-2018 13:01:29.088 INFO [http-nio-8090-exec-224] org.apache.catalina.core.ApplicationContext.log Manager: list: Listing contexts for virtual host 'localhost'
08-Mar-2018 13:01:29.088 INFO [http-nio-8090-exec-219] org.apache.catalina.core.ApplicationContext.log Manager: list: Listing contexts for virtual host 'localhost'
08-Mar-2018 13:01:29.104 INFO [http-nio-8090-exec-234] org.apache.catalina.core.ApplicationContext.log Manager: restart: Reloading web application '/WebApplication2'
08-Mar-2018 13:02:03.466 INFO [http-nio-8090-exec-229] org.apache.catalina.core.ApplicationContext.log Manager: list: Listing contexts for virtual host 'localhost'
08-Mar-2018 13:02:03.466 INFO [http-nio-8090-exec-237] org.apache.catalina.core.ApplicationContext.log Manager: restart: Reloading web application '/WebApplication2'
08-Mar-2018 13:02:06.134 INFO [http-nio-8090-exec-238] org.apache.catalina.core.ApplicationContext.log Manager: list: Listing contexts for virtual host 'localhost'
08-Mar-2018 13:02:06.134 INFO [http-nio-8090-exec-234] org.apache.catalina.core.ApplicationContext.log Manager: list: Listing contexts for virtual host 'localhost'
08-Mar-2018 13:02:06.134 INFO [http-nio-8090-exec-239] org.apache.catalina.core.ApplicationContext.log Manager: restart: Reloading web application '/WebApplication2'
08-Mar-2018 13:02:58.610 INFO [http-nio-8090-exec-226] org.apache.catalina.core.ApplicationContext.log Manager: list: Listing contexts for virtual host 'localhost'
08-Mar-2018 13:02:58.610 INFO [http-nio-8090-exec-231] org.apache.catalina.core.ApplicationContext.log Manager: restart: Reloading web application '/WebApplication2'
08-Mar-2018 13:03:01.326 INFO [http-nio-8090-exec-238] org.apache.catalina.core.ApplicationContext.log Manager: list: Listing contexts for virtual host 'localhost'
08-Mar-2018 13:03:01.326 INFO [http-nio-8090-exec-243] org.apache.catalina.core.ApplicationContext.log Manager: list: Listing contexts for virtual host 'localhost'
08-Mar-2018 13:03:01.342 INFO [http-nio-8090-exec-244] org.apache.catalina.core.ApplicationContext.log Manager: restart: Reloading web application '/WebApplication2'
08-Mar-2018 13:03:23.743 INFO [http-nio-8090-exec-245] org.apache.catalina.core.ApplicationContext.log Manager: list: Listing contexts for virtual host 'localhost'
08-Mar-2018 13:03:23.759 INFO [http-nio-8090-exec-243] org.apache.catalina.core.ApplicationContext.log Manager: restart: Reloading web application '/WebApplication2'
08-Mar-2018 13:03:27.132 INFO [http-nio-8090-exec-244] org.apache.catalina.core.ApplicationContext.log Manager: list: Listing contexts for virtual host 'localhost'
08-Mar-2018 13:03:27.132 INFO [http-nio-8090-exec-245] org.apache.catalina.core.ApplicationContext.log Manager: list: Listing contexts for virtual host 'localhost'
08-Mar-2018 13:03:27.147 INFO [http-nio-8090-exec-237] org.apache.catalina.core.ApplicationContext.log Manager: restart: Reloading web application '/WebApplication2'
08-Mar-2018 13:04:48.540 INFO [http-nio-8090-exec-254] org.apache.catalina.core.ApplicationContext.log Manager: list: Listing contexts for virtual host 'localhost'
08-Mar-2018 13:04:48.540 INFO [http-nio-8090-exec-255] org.apache.catalina.core.ApplicationContext.log Manager: restart: Reloading web application '/WebApplication2'
08-Mar-2018 13:06:03.803 INFO [http-nio-8090-exec-231] org.apache.catalina.core.ApplicationContext.log Manager: list: Listing contexts for virtual host 'localhost'
08-Mar-2018 13:06:03.803 INFO [http-nio-8090-exec-253] org.apache.catalina.core.ApplicationContext.log Manager: restart: Reloading web application '/WebApplication2'
08-Mar-2018 13:06:07.368 INFO [http-nio-8090-exec-253] org.apache.catalina.core.ApplicationContext.log Manager: list: Listing contexts for virtual host 'localhost'
08-Mar-2018 13:06:07.368 INFO [http-nio-8090-exec-258] org.apache.catalina.core.ApplicationContext.log Manager: list: Listing contexts for virtual host 'localhost'
08-Mar-2018 13:06:07.383 INFO [http-nio-8090-exec-254] org.apache.catalina.core.ApplicationContext.log Manager: restart: Reloading web application '/WebApplication2'
08-Mar-2018 13:06:37.266 INFO [http-nio-8090-exec-255] org.apache.catalina.core.ApplicationContext.log Manager: list: Listing contexts for virtual host 'localhost'
08-Mar-2018 13:06:37.282 INFO [http-nio-8090-exec-256] org.apache.catalina.core.ApplicationContext.log Manager: restart: Reloading web application '/WebApplication2'
08-Mar-2018 13:07:00.543 INFO [http-nio-8090-exec-258] org.apache.catalina.core.ApplicationContext.log Manager: list: Listing contexts for virtual host 'localhost'
08-Mar-2018 13:07:00.546 INFO [http-nio-8090-exec-254] org.apache.catalina.core.ApplicationContext.log Manager: list: Listing contexts for virtual host 'localhost'
08-Mar-2018 13:07:00.555 INFO [http-nio-8090-exec-262] org.apache.catalina.core.ApplicationContext.log Manager: restart: Reloading web application '/WebApplication2'
08-Mar-2018 13:08:49.359 INFO [http-nio-8090-exec-267] org.apache.catalina.core.ApplicationContext.log Manager: list: Listing contexts for virtual host 'localhost'
08-Mar-2018 13:08:49.375 INFO [http-nio-8090-exec-268] org.apache.catalina.core.ApplicationContext.log Manager: restart: Reloading web application '/WebApplication2'
08-Mar-2018 13:08:53.779 INFO [http-nio-8090-exec-267] org.apache.catalina.core.ApplicationContext.log Manager: list: Listing contexts for virtual host 'localhost'
08-Mar-2018 13:08:53.779 INFO [http-nio-8090-exec-265] org.apache.catalina.core.ApplicationContext.log Manager: list: Listing contexts for virtual host 'localhost'
08-Mar-2018 13:08:53.795 INFO [http-nio-8090-exec-266] org.apache.catalina.core.ApplicationContext.log Manager: restart: Reloading web application '/WebApplication2'
08-Mar-2018 13:09:19.082 INFO [http-nio-8090-exec-269] org.apache.catalina.core.ApplicationContext.log Manager: list: Listing contexts for virtual host 'localhost'
08-Mar-2018 13:09:19.082 INFO [http-nio-8090-exec-267] org.apache.catalina.core.ApplicationContext.log Manager: restart: Reloading web application '/WebApplication2'
08-Mar-2018 13:09:22.838 INFO [http-nio-8090-exec-272] org.apache.catalina.core.ApplicationContext.log Manager: list: Listing contexts for virtual host 'localhost'
08-Mar-2018 13:09:22.838 INFO [http-nio-8090-exec-266] org.apache.catalina.core.ApplicationContext.log Manager: list: Listing contexts for virtual host 'localhost'
08-Mar-2018 13:09:22.853 INFO [http-nio-8090-exec-274] org.apache.catalina.core.ApplicationContext.log Manager: restart: Reloading web application '/WebApplication2'
08-Mar-2018 13:09:51.125 INFO [http-nio-8090-exec-275] org.apache.catalina.core.ApplicationContext.log Manager: list: Listing contexts for virtual host 'localhost'
08-Mar-2018 13:09:51.141 INFO [http-nio-8090-exec-266] org.apache.catalina.core.ApplicationContext.log Manager: restart: Reloading web application '/WebApplication2'
08-Mar-2018 13:09:55.192 INFO [http-nio-8090-exec-278] org.apache.catalina.core.ApplicationContext.log Manager: list: Listing contexts for virtual host 'localhost'
08-Mar-2018 13:09:55.208 INFO [http-nio-8090-exec-275] org.apache.catalina.core.ApplicationContext.log Manager: list: Listing contexts for virtual host 'localhost'
08-Mar-2018 13:09:55.208 INFO [http-nio-8090-exec-277] org.apache.catalina.core.ApplicationContext.log Manager: restart: Reloading web application '/WebApplication2'
08-Mar-2018 13:30:38.605 INFO [http-nio-8090-exec-287] org.apache.catalina.core.ApplicationContext.log Manager: list: Listing contexts for virtual host 'localhost'
08-Mar-2018 13:30:38.605 INFO [http-nio-8090-exec-288] org.apache.catalina.core.ApplicationContext.log Manager: list: Listing contexts for virtual host 'localhost'
08-Mar-2018 13:30:51.764 INFO [http-nio-8090-exec-288] org.apache.catalina.core.ApplicationContext.log Manager: list: Listing contexts for virtual host 'localhost'
08-Mar-2018 13:30:51.764 INFO [http-nio-8090-exec-289] org.apache.catalina.core.ApplicationContext.log Manager: list: Listing contexts for virtual host 'localhost'
08-Mar-2018 13:32:53.821 INFO [http-nio-8090-exec-286] org.apache.catalina.core.ApplicationContext.log Manager: list: Listing contexts for virtual host 'localhost'
08-Mar-2018 13:32:53.899 INFO [http-nio-8090-exec-284] org.apache.catalina.core.ApplicationContext.log Manager: restart: Reloading web application '/WebApplication2'
08-Mar-2018 13:32:57.966 INFO [http-nio-8090-exec-282] org.apache.catalina.core.ApplicationContext.log Manager: list: Listing contexts for virtual host 'localhost'
08-Mar-2018 13:32:57.981 INFO [http-nio-8090-exec-288] org.apache.catalina.core.ApplicationContext.log Manager: list: Listing contexts for virtual host 'localhost'
08-Mar-2018 13:32:58.013 INFO [http-nio-8090-exec-290] org.apache.catalina.core.ApplicationContext.log Manager: restart: Reloading web application '/WebApplication2'
08-Mar-2018 13:34:21.421 INFO [http-nio-8090-exec-295] org.apache.catalina.core.ApplicationContext.log Manager: list: Listing contexts for virtual host 'localhost'
08-Mar-2018 13:34:21.436 INFO [http-nio-8090-exec-297] org.apache.catalina.core.ApplicationContext.log Manager: restart: Reloading web application '/WebApplication2'
08-Mar-2018 13:34:22.075 INFO [http-nio-8090-exec-295] org.apache.catalina.core.ApplicationContext.log Manager: list: Listing contexts for virtual host 'localhost'
08-Mar-2018 13:34:22.075 INFO [http-nio-8090-exec-296] org.apache.catalina.core.ApplicationContext.log Manager: restart: Reloading web application '/WebApplication2'
08-Mar-2018 13:34:34.818 INFO [http-nio-8090-exec-294] org.apache.catalina.core.ApplicationContext.log Manager: list: Listing contexts for virtual host 'localhost'
08-Mar-2018 13:34:34.834 INFO [http-nio-8090-exec-293] org.apache.catalina.core.ApplicationContext.log Manager: restart: Reloading web application '/WebApplication2'
08-Mar-2018 13:35:00.121 INFO [http-nio-8090-exec-294] org.apache.catalina.core.ApplicationContext.log Manager: list: Listing contexts for virtual host 'localhost'
08-Mar-2018 13:35:00.136 INFO [http-nio-8090-exec-281] org.apache.catalina.core.ApplicationContext.log Manager: restart: Reloading web application '/WebApplication2'
08-Mar-2018 13:43:39.359 INFO [http-nio-8090-exec-301] org.apache.catalina.core.ApplicationContext.log Manager: list: Listing contexts for virtual host 'localhost'
08-Mar-2018 13:43:39.469 INFO [http-nio-8090-exec-308] org.apache.catalina.core.ApplicationContext.log Manager: list: Listing contexts for virtual host 'localhost'
08-Mar-2018 13:43:39.500 INFO [http-nio-8090-exec-307] org.apache.catalina.core.ApplicationContext.log Manager: restart: Reloading web application '/WebApplication2'
08-Mar-2018 13:44:07.431 INFO [http-nio-8090-exec-305] org.apache.catalina.core.ApplicationContext.log Manager: list: Listing contexts for virtual host 'localhost'
08-Mar-2018 13:44:07.446 INFO [http-nio-8090-exec-306] org.apache.catalina.core.ApplicationContext.log Manager: restart: Reloading web application '/WebApplication2'
08-Mar-2018 13:44:11.842 INFO [http-nio-8090-exec-309] org.apache.catalina.core.ApplicationContext.log Manager: list: Listing contexts for virtual host 'localhost'
08-Mar-2018 13:44:11.842 INFO [http-nio-8090-exec-310] org.apache.catalina.core.ApplicationContext.log Manager: list: Listing contexts for virtual host 'localhost'
08-Mar-2018 13:44:11.873 INFO [http-nio-8090-exec-311] org.apache.catalina.core.ApplicationContext.log Manager: restart: Reloading web application '/WebApplication2'
08-Mar-2018 13:44:36.873 INFO [http-nio-8090-exec-316] org.apache.catalina.core.ApplicationContext.log Manager: list: Listing contexts for virtual host 'localhost'
08-Mar-2018 13:44:36.904 INFO [http-nio-8090-exec-314] org.apache.catalina.core.ApplicationContext.log Manager: restart: Reloading web application '/WebApplication2'
08-Mar-2018 13:44:45.070 INFO [http-nio-8090-exec-306] org.apache.catalina.core.ApplicationContext.log Manager: list: Listing contexts for virtual host 'localhost'
08-Mar-2018 13:44:45.102 INFO [http-nio-8090-exec-301] org.apache.catalina.core.ApplicationContext.log Manager: restart: Reloading web application '/WebApplication2'
08-Mar-2018 13:44:45.602 INFO [http-nio-8090-exec-318] org.apache.catalina.core.ApplicationContext.log Manager: list: Listing contexts for virtual host 'localhost'
08-Mar-2018 13:44:45.617 INFO [http-nio-8090-exec-317] org.apache.catalina.core.ApplicationContext.log Manager: restart: Reloading web application '/WebApplication2'
08-Mar-2018 13:44:59.959 INFO [http-nio-8090-exec-310] org.apache.catalina.core.ApplicationContext.log Manager: list: Listing contexts for virtual host 'localhost'
08-Mar-2018 13:44:59.959 INFO [http-nio-8090-exec-320] org.apache.catalina.core.ApplicationContext.log Manager: list: Listing contexts for virtual host 'localhost'
08-Mar-2018 13:45:00.115 INFO [http-nio-8090-exec-318] org.apache.catalina.core.ApplicationContext.log Manager: restart: Reloading web application '/WebApplication2'
08-Mar-2018 15:17:44.103 INFO [http-nio-8090-exec-324] org.apache.catalina.core.ApplicationContext.log Manager: list: Listing contexts for virtual host 'localhost'
08-Mar-2018 15:17:44.119 INFO [http-nio-8090-exec-327] org.apache.catalina.core.ApplicationContext.log Manager: restart: Reloading web application '/WebApplication2'
08-Mar-2018 15:17:46.420 INFO [http-nio-8090-exec-323] org.apache.catalina.core.ApplicationContext.log Manager: list: Listing contexts for virtual host 'localhost'
08-Mar-2018 15:17:46.451 INFO [http-nio-8090-exec-330] org.apache.catalina.core.ApplicationContext.log Manager: restart: Reloading web application '/WebApplication2'
08-Mar-2018 15:18:16.612 INFO [http-nio-8090-exec-329] org.apache.catalina.core.ApplicationContext.log Manager: list: Listing contexts for virtual host 'localhost'
08-Mar-2018 15:18:16.643 INFO [http-nio-8090-exec-326] org.apache.catalina.core.ApplicationContext.log Manager: restart: Reloading web application '/WebApplication2'
08-Mar-2018 15:18:16.896 INFO [http-nio-8090-exec-332] org.apache.catalina.core.ApplicationContext.log Manager: list: Listing contexts for virtual host 'localhost'
08-Mar-2018 15:18:17.021 INFO [http-nio-8090-exec-334] org.apache.catalina.core.ApplicationContext.log Manager: restart: Reloading web application '/WebApplication2'
08-Mar-2018 15:19:17.469 INFO [http-nio-8090-exec-326] org.apache.catalina.core.ApplicationContext.log Manager: list: Listing contexts for virtual host 'localhost'
08-Mar-2018 15:19:17.516 INFO [http-nio-8090-exec-329] org.apache.catalina.core.ApplicationContext.log Manager: restart: Reloading web application '/WebApplication2'
08-Mar-2018 15:19:40.572 INFO [http-nio-8090-exec-336] org.apache.catalina.core.ApplicationContext.log Manager: list: Listing contexts for virtual host 'localhost'
08-Mar-2018 15:19:40.587 INFO [http-nio-8090-exec-326] org.apache.catalina.core.ApplicationContext.log Manager: restart: Reloading web application '/WebApplication2'
08-Mar-2018 15:21:56.836 INFO [http-nio-8090-exec-340] org.apache.catalina.core.ApplicationContext.log Manager: list: Listing contexts for virtual host 'localhost'
08-Mar-2018 15:21:56.836 INFO [http-nio-8090-exec-330] org.apache.catalina.core.ApplicationContext.log Manager: restart: Reloading web application '/WebApplication2'
08-Mar-2018 15:23:32.718 INFO [http-nio-8090-exec-339] org.apache.catalina.core.ApplicationContext.log Manager: list: Listing contexts for virtual host 'localhost'
08-Mar-2018 15:23:32.718 INFO [http-nio-8090-exec-338] org.apache.catalina.core.ApplicationContext.log Manager: restart: Reloading web application '/WebApplication2'
08-Mar-2018 15:23:58.291 INFO [http-nio-8090-exec-342] org.apache.catalina.core.ApplicationContext.log Manager: list: Listing contexts for virtual host 'localhost'
08-Mar-2018 15:23:58.307 INFO [http-nio-8090-exec-326] org.apache.catalina.core.ApplicationContext.log Manager: restart: Reloading web application '/WebApplication2'
08-Mar-2018 15:25:39.059 INFO [http-nio-8090-exec-330] org.apache.catalina.core.ApplicationContext.log Manager: list: Listing contexts for virtual host 'localhost'
08-Mar-2018 15:25:39.074 INFO [http-nio-8090-exec-342] org.apache.catalina.core.ApplicationContext.log Manager: restart: Reloading web application '/WebApplication2'
08-Mar-2018 15:26:36.296 INFO [http-nio-8090-exec-326] org.apache.catalina.core.ApplicationContext.log Manager: list: Listing contexts for virtual host 'localhost'
08-Mar-2018 15:26:36.296 INFO [http-nio-8090-exec-339] org.apache.catalina.core.ApplicationContext.log Manager: restart: Reloading web application '/WebApplication2'
08-Mar-2018 15:27:06.137 INFO [http-nio-8090-exec-342] org.apache.catalina.core.ApplicationContext.log Manager: list: Listing contexts for virtual host 'localhost'
08-Mar-2018 15:27:06.137 INFO [http-nio-8090-exec-326] org.apache.catalina.core.ApplicationContext.log Manager: restart: Reloading web application '/WebApplication2'
08-Mar-2018 15:28:21.081 INFO [http-nio-8090-exec-346] org.apache.catalina.core.ApplicationContext.log Manager: list: Listing contexts for virtual host 'localhost'
08-Mar-2018 15:28:21.096 INFO [http-nio-8090-exec-347] org.apache.catalina.core.ApplicationContext.log Manager: restart: Reloading web application '/WebApplication2'
08-Mar-2018 15:28:49.517 INFO [http-nio-8090-exec-349] org.apache.catalina.core.ApplicationContext.log Manager: list: Listing contexts for virtual host 'localhost'
08-Mar-2018 15:28:49.548 INFO [http-nio-8090-exec-326] org.apache.catalina.core.ApplicationContext.log Manager: restart: Reloading web application '/WebApplication2'
08-Mar-2018 15:29:19.058 INFO [http-nio-8090-exec-346] org.apache.catalina.core.ApplicationContext.log Manager: list: Listing contexts for virtual host 'localhost'
08-Mar-2018 15:29:19.058 INFO [http-nio-8090-exec-349] org.apache.catalina.core.ApplicationContext.log Manager: restart: Reloading web application '/WebApplication2'
08-Mar-2018 15:29:31.798 INFO [http-nio-8090-exec-326] org.apache.catalina.core.ApplicationContext.log Manager: list: Listing contexts for virtual host 'localhost'
08-Mar-2018 15:29:31.813 INFO [http-nio-8090-exec-346] org.apache.catalina.core.ApplicationContext.log Manager: restart: Reloading web application '/WebApplication2'
08-Mar-2018 15:29:32.017 INFO [http-nio-8090-exec-341] org.apache.catalina.core.ApplicationContext.log Manager: list: Listing contexts for virtual host 'localhost'
08-Mar-2018 15:29:32.032 INFO [http-nio-8090-exec-351] org.apache.catalina.core.ApplicationContext.log Manager: restart: Reloading web application '/WebApplication2'
08-Mar-2018 15:29:36.368 INFO [http-nio-8090-exec-324] org.apache.catalina.core.ApplicationContext.log Manager: list: Listing contexts for virtual host 'localhost'
08-Mar-2018 15:29:36.384 INFO [http-nio-8090-exec-323] org.apache.catalina.core.ApplicationContext.log Manager: list: Listing contexts for virtual host 'localhost'
08-Mar-2018 15:29:36.384 INFO [http-nio-8090-exec-341] org.apache.catalina.core.ApplicationContext.log Manager: restart: Reloading web application '/WebApplication2'
08-Mar-2018 15:40:57.560 INFO [http-nio-8090-exec-357] org.apache.catalina.core.ApplicationContext.log Manager: list: Listing contexts for virtual host 'localhost'
08-Mar-2018 15:40:57.560 INFO [http-nio-8090-exec-360] org.apache.catalina.core.ApplicationContext.log Manager: list: Listing contexts for virtual host 'localhost'
08-Mar-2018 15:41:36.819 INFO [http-nio-8090-exec-356] org.apache.catalina.core.ApplicationContext.log Manager: list: Listing contexts for virtual host 'localhost'
08-Mar-2018 15:41:36.834 INFO [http-nio-8090-exec-358] org.apache.catalina.core.ApplicationContext.log Manager: restart: Reloading web application '/WebApplication2'
08-Mar-2018 15:41:37.303 INFO [http-nio-8090-exec-357] org.apache.catalina.core.ApplicationContext.log Manager: list: Listing contexts for virtual host 'localhost'
08-Mar-2018 15:41:37.319 INFO [http-nio-8090-exec-363] org.apache.catalina.core.ApplicationContext.log Manager: restart: Reloading web application '/WebApplication2'
08-Mar-2018 15:41:44.609 INFO [http-nio-8090-exec-354] org.apache.catalina.core.ApplicationContext.log Manager: list: Listing contexts for virtual host 'localhost'
08-Mar-2018 15:41:44.625 INFO [http-nio-8090-exec-362] org.apache.catalina.core.ApplicationContext.log Manager: restart: Reloading web application '/WebApplication2'
08-Mar-2018 15:42:21.515 INFO [http-nio-8090-exec-365] org.apache.catalina.core.ApplicationContext.log Manager: list: Listing contexts for virtual host 'localhost'
08-Mar-2018 15:42:21.640 INFO [http-nio-8090-exec-364] org.apache.catalina.core.ApplicationContext.log Manager: restart: Reloading web application '/WebApplication2'
08-Mar-2018 15:44:31.458 INFO [http-nio-8090-exec-365] org.apache.catalina.core.ApplicationContext.log Manager: list: Listing contexts for virtual host 'localhost'
08-Mar-2018 15:44:31.458 INFO [http-nio-8090-exec-362] org.apache.catalina.core.ApplicationContext.log Manager: restart: Reloading web application '/WebApplication2'
08-Mar-2018 15:49:43.444 INFO [http-nio-8090-exec-363] org.apache.catalina.core.ApplicationContext.log Manager: list: Listing contexts for virtual host 'localhost'
08-Mar-2018 15:49:43.446 INFO [http-nio-8090-exec-375] org.apache.catalina.core.ApplicationContext.log Manager: list: Listing contexts for virtual host 'localhost'
08-Mar-2018 15:49:43.463 INFO [http-nio-8090-exec-357] org.apache.catalina.core.ApplicationContext.log Manager: restart: Reloading web application '/WebApplication2'
08-Mar-2018 15:50:18.713 INFO [http-nio-8090-exec-373] org.apache.catalina.core.ApplicationContext.log Manager: list: Listing contexts for virtual host 'localhost'
08-Mar-2018 15:50:18.725 INFO [http-nio-8090-exec-359] org.apache.catalina.core.ApplicationContext.log Manager: restart: Reloading web application '/WebApplication2'
08-Mar-2018 15:50:45.012 INFO [http-nio-8090-exec-379] org.apache.catalina.core.ApplicationContext.log Manager: list: Listing contexts for virtual host 'localhost'
08-Mar-2018 15:50:45.027 INFO [http-nio-8090-exec-380] org.apache.catalina.core.ApplicationContext.log Manager: restart: Reloading web application '/WebApplication2'
08-Mar-2018 15:51:29.450 INFO [http-nio-8090-exec-379] org.apache.catalina.core.ApplicationContext.log Manager: list: Listing contexts for virtual host 'localhost'
08-Mar-2018 15:51:29.450 INFO [http-nio-8090-exec-376] org.apache.catalina.core.ApplicationContext.log Manager: restart: Reloading web application '/WebApplication2'
08-Mar-2018 15:52:20.919 INFO [http-nio-8090-exec-380] org.apache.catalina.core.ApplicationContext.log Manager: list: Listing contexts for virtual host 'localhost'
08-Mar-2018 15:52:20.951 INFO [http-nio-8090-exec-373] org.apache.catalina.core.ApplicationContext.log Manager: restart: Reloading web application '/WebApplication2'
08-Mar-2018 16:00:09.036 INFO [http-nio-8090-exec-363] org.apache.catalina.core.ApplicationContext.log Manager: list: Listing contexts for virtual host 'localhost'
08-Mar-2018 16:00:09.067 INFO [http-nio-8090-exec-390] org.apache.catalina.core.ApplicationContext.log Manager: list: Listing contexts for virtual host 'localhost'
08-Mar-2018 16:00:09.114 INFO [http-nio-8090-exec-384] org.apache.catalina.core.ApplicationContext.log Manager: restart: Reloading web application '/WebApplication2'
08-Mar-2018 16:00:11.558 INFO [http-nio-8090-exec-389] org.apache.catalina.core.ApplicationContext.log Manager: list: Listing contexts for virtual host 'localhost'
08-Mar-2018 16:00:11.589 INFO [http-nio-8090-exec-363] org.apache.catalina.core.ApplicationContext.log Manager: restart: Reloading web application '/WebApplication2'
08-Mar-2018 16:00:55.961 INFO [http-nio-8090-exec-393] org.apache.catalina.core.ApplicationContext.log Manager: list: Listing contexts for virtual host 'localhost'
08-Mar-2018 16:00:55.961 INFO [http-nio-8090-exec-384] org.apache.catalina.core.ApplicationContext.log Manager: restart: Reloading web application '/WebApplication2'
08-Mar-2018 16:01:45.004 INFO [http-nio-8090-exec-393] org.apache.catalina.core.ApplicationContext.log Manager: list: Listing contexts for virtual host 'localhost'
08-Mar-2018 16:01:45.004 INFO [http-nio-8090-exec-391] org.apache.catalina.core.ApplicationContext.log Manager: restart: Reloading web application '/WebApplication2'
08-Mar-2018 16:01:45.702 INFO [http-nio-8090-exec-387] org.apache.catalina.core.ApplicationContext.log Manager: list: Listing contexts for virtual host 'localhost'
08-Mar-2018 16:01:45.736 INFO [http-nio-8090-exec-385] org.apache.catalina.core.ApplicationContext.log Manager: restart: Reloading web application '/WebApplication2'
08-Mar-2018 16:01:45.799 SEVERE [http-nio-8090-exec-385] org.apache.catalina.core.ApplicationContext.log Manager: ManagerServlet.reload[/WebApplication2]
 java.lang.IllegalStateException: Context with name [/WebApplication2] has not yet been started
	at org.apache.catalina.core.StandardContext.reload(StandardContext.java:3783)
	at org.apache.catalina.manager.ManagerServlet.reload(ManagerServlet.java:1040)
	at org.apache.catalina.manager.ManagerServlet.doGet(ManagerServlet.java:353)
	at javax.servlet.http.HttpServlet.service(HttpServlet.java:635)
	at javax.servlet.http.HttpServlet.service(HttpServlet.java:742)
	at org.apache.catalina.core.ApplicationFilterChain.internalDoFilter(ApplicationFilterChain.java:231)
	at org.apache.catalina.core.ApplicationFilterChain.doFilter(ApplicationFilterChain.java:166)
	at org.apache.tomcat.websocket.server.WsFilter.doFilter(WsFilter.java:52)
	at org.apache.catalina.core.ApplicationFilterChain.internalDoFilter(ApplicationFilterChain.java:193)
	at org.apache.catalina.core.ApplicationFilterChain.doFilter(ApplicationFilterChain.java:166)
	at org.apache.catalina.filters.SetCharacterEncodingFilter.doFilter(SetCharacterEncodingFilter.java:108)
	at org.apache.catalina.core.ApplicationFilterChain.internalDoFilter(ApplicationFilterChain.java:193)
	at org.apache.catalina.core.ApplicationFilterChain.doFilter(ApplicationFilterChain.java:166)
	at org.apache.catalina.core.StandardWrapperValve.invoke(StandardWrapperValve.java:199)
	at org.apache.catalina.core.StandardContextValve.invoke(StandardContextValve.java:96)
	at org.apache.catalina.authenticator.AuthenticatorBase.invoke(AuthenticatorBase.java:621)
	at org.apache.catalina.valves.RequestFilterValve.process(RequestFilterValve.java:348)
	at org.apache.catalina.valves.RemoteAddrValve.invoke(RemoteAddrValve.java:52)
	at org.apache.catalina.core.StandardHostValve.invoke(StandardHostValve.java:140)
	at org.apache.catalina.valves.ErrorReportValve.invoke(ErrorReportValve.java:81)
	at org.apache.catalina.valves.AbstractAccessLogValve.invoke(AbstractAccessLogValve.java:650)
	at org.apache.catalina.core.StandardEngineValve.invoke(StandardEngineValve.java:87)
	at org.apache.catalina.connector.CoyoteAdapter.service(CoyoteAdapter.java:342)
	at org.apache.coyote.http11.Http11Processor.service(Http11Processor.java:803)
	at org.apache.coyote.AbstractProcessorLight.process(AbstractProcessorLight.java:66)
	at org.apache.coyote.AbstractProtocol$ConnectionHandler.process(AbstractProtocol.java:790)
	at org.apache.tomcat.util.net.NioEndpoint$SocketProcessor.doRun(NioEndpoint.java:1459)
	at org.apache.tomcat.util.net.SocketProcessorBase.run(SocketProcessorBase.java:49)
	at java.util.concurrent.ThreadPoolExecutor.runWorker(ThreadPoolExecutor.java:1149)
	at java.util.concurrent.ThreadPoolExecutor$Worker.run(ThreadPoolExecutor.java:624)
	at org.apache.tomcat.util.threads.TaskThread$WrappingRunnable.run(TaskThread.java:61)
	at java.lang.Thread.run(Thread.java:748)

08-Mar-2018 16:02:27.618 INFO [http-nio-8090-exec-396] org.apache.catalina.core.ApplicationContext.log Manager: list: Listing contexts for virtual host 'localhost'
08-Mar-2018 16:02:27.665 INFO [http-nio-8090-exec-384] org.apache.catalina.core.ApplicationContext.log Manager: list: Listing contexts for virtual host 'localhost'
08-Mar-2018 16:02:27.791 INFO [http-nio-8090-exec-385] org.apache.catalina.core.ApplicationContext.log Manager: undeploy: Undeploying web application at '/WebApplication2'
08-Mar-2018 16:02:28.969 INFO [http-nio-8090-exec-359] org.apache.catalina.core.ApplicationContext.log Manager: install: Installing context configuration at 'file:/C:/Users/SURAJ~1.JEN/AppData/Local/Temp/context2707028032651250553.xml'
08-Mar-2018 16:02:30.746 INFO [http-nio-8090-exec-387] org.apache.catalina.core.ApplicationContext.log Manager: start: Starting web application '/WebApplication2'
08-Mar-2018 17:35:42.446 INFO [http-nio-8090-exec-5] org.apache.catalina.core.ApplicationContext.log Manager: init: Associated with Deployer 'Catalina:type=Deployer,host=localhost'
08-Mar-2018 17:35:42.446 INFO [http-nio-8090-exec-5] org.apache.catalina.core.ApplicationContext.log Manager: init: Global resources are available
08-Mar-2018 17:35:43.226 INFO [http-nio-8090-exec-10] org.apache.catalina.core.ApplicationContext.log Manager: list: Listing contexts for virtual host 'localhost'
08-Mar-2018 17:35:43.236 INFO [http-nio-8090-exec-2] org.apache.catalina.core.ApplicationContext.log Manager: list: Listing contexts for virtual host 'localhost'
08-Mar-2018 17:35:43.287 INFO [http-nio-8090-exec-1] org.apache.catalina.core.ApplicationContext.log Manager: restart: Reloading web application '/WebApplication2'
08-Mar-2018 17:36:16.345 INFO [http-nio-8090-exec-4] org.apache.catalina.core.ApplicationContext.log Manager: list: Listing contexts for virtual host 'localhost'
08-Mar-2018 17:36:16.356 INFO [http-nio-8090-exec-7] org.apache.catalina.core.ApplicationContext.log Manager: restart: Reloading web application '/WebApplication2'
08-Mar-2018 17:36:36.193 INFO [http-nio-8090-exec-12] org.apache.catalina.core.ApplicationContext.log Manager: list: Listing contexts for virtual host 'localhost'
08-Mar-2018 17:36:36.196 INFO [http-nio-8090-exec-14] org.apache.catalina.core.ApplicationContext.log Manager: list: Listing contexts for virtual host 'localhost'
08-Mar-2018 17:36:36.208 INFO [http-nio-8090-exec-11] org.apache.catalina.core.ApplicationContext.log Manager: restart: Reloading web application '/WebApplication2'
08-Mar-2018 17:36:52.210 INFO [http-nio-8090-exec-6] org.apache.catalina.core.ApplicationContext.log Manager: list: Listing contexts for virtual host 'localhost'
08-Mar-2018 17:36:52.215 INFO [http-nio-8090-exec-9] org.apache.catalina.core.ApplicationContext.log Manager: list: Listing contexts for virtual host 'localhost'
08-Mar-2018 17:37:49.479 INFO [http-nio-8090-exec-2] org.apache.catalina.core.ApplicationContext.log Manager: list: Listing contexts for virtual host 'localhost'
08-Mar-2018 17:37:49.490 INFO [http-nio-8090-exec-20] org.apache.catalina.core.ApplicationContext.log Manager: restart: Reloading web application '/WebApplication2'
08-Mar-2018 17:37:52.562 INFO [http-nio-8090-exec-15] org.apache.catalina.core.ApplicationContext.log Manager: list: Listing contexts for virtual host 'localhost'
08-Mar-2018 17:37:52.566 INFO [http-nio-8090-exec-17] org.apache.catalina.core.ApplicationContext.log Manager: list: Listing contexts for virtual host 'localhost'
08-Mar-2018 17:37:52.579 INFO [http-nio-8090-exec-19] org.apache.catalina.core.ApplicationContext.log Manager: restart: Reloading web application '/WebApplication2'
08-Mar-2018 17:40:51.948 INFO [http-nio-8090-exec-23] org.apache.catalina.core.ApplicationContext.log Manager: list: Listing contexts for virtual host 'localhost'
08-Mar-2018 17:40:51.956 INFO [http-nio-8090-exec-24] org.apache.catalina.core.ApplicationContext.log Manager: restart: Reloading web application '/WebApplication2'
08-Mar-2018 17:41:17.855 INFO [http-nio-8090-exec-22] org.apache.catalina.core.ApplicationContext.log Manager: list: Listing contexts for virtual host 'localhost'
08-Mar-2018 17:41:17.863 INFO [http-nio-8090-exec-13] org.apache.catalina.core.ApplicationContext.log Manager: restart: Reloading web application '/WebApplication2'
08-Mar-2018 17:41:29.251 INFO [http-nio-8090-exec-9] org.apache.catalina.core.ApplicationContext.log Manager: list: Listing contexts for virtual host 'localhost'
08-Mar-2018 17:41:29.259 INFO [http-nio-8090-exec-6] org.apache.catalina.core.ApplicationContext.log Manager: restart: Reloading web application '/WebApplication2'
08-Mar-2018 17:41:29.450 INFO [http-nio-8090-exec-24] org.apache.catalina.core.ApplicationContext.log Manager: list: Listing contexts for virtual host 'localhost'
08-Mar-2018 17:41:29.459 INFO [http-nio-8090-exec-23] org.apache.catalina.core.ApplicationContext.log Manager: restart: Reloading web application '/WebApplication2'
08-Mar-2018 17:41:50.708 INFO [http-nio-8090-exec-13] org.apache.catalina.core.ApplicationContext.log Manager: list: Listing contexts for virtual host 'localhost'
08-Mar-2018 17:41:50.715 INFO [http-nio-8090-exec-9] org.apache.catalina.core.ApplicationContext.log Manager: restart: Reloading web application '/WebApplication2'
08-Mar-2018 17:46:30.318 INFO [http-nio-8090-exec-33] org.apache.catalina.core.ApplicationContext.log Manager: list: Listing contexts for virtual host 'localhost'
08-Mar-2018 17:46:30.349 INFO [http-nio-8090-exec-35] org.apache.catalina.core.ApplicationContext.log Manager: restart: Reloading web application '/WebApplication2'
08-Mar-2018 17:47:16.280 INFO [http-nio-8090-exec-34] org.apache.catalina.core.ApplicationContext.log Manager: list: Listing contexts for virtual host 'localhost'
08-Mar-2018 17:47:16.308 INFO [http-nio-8090-exec-31] org.apache.catalina.core.ApplicationContext.log Manager: restart: Reloading web application '/WebApplication2'
08-Mar-2018 17:47:50.147 INFO [http-nio-8090-exec-34] org.apache.catalina.core.ApplicationContext.log Manager: list: Listing contexts for virtual host 'localhost'
08-Mar-2018 17:47:50.154 INFO [http-nio-8090-exec-35] org.apache.catalina.core.ApplicationContext.log Manager: restart: Reloading web application '/WebApplication2'
08-Mar-2018 17:47:50.633 INFO [http-nio-8090-exec-25] org.apache.catalina.core.ApplicationContext.log Manager: list: Listing contexts for virtual host 'localhost'
08-Mar-2018 17:47:50.644 INFO [http-nio-8090-exec-27] org.apache.catalina.core.ApplicationContext.log Manager: restart: Reloading web application '/WebApplication2'
08-Mar-2018 17:48:02.480 INFO [http-nio-8090-exec-31] org.apache.catalina.core.ApplicationContext.log Manager: list: Listing contexts for virtual host 'localhost'
08-Mar-2018 17:48:02.511 INFO [http-nio-8090-exec-9] org.apache.catalina.core.ApplicationContext.log Manager: restart: Reloading web application '/WebApplication2'
08-Mar-2018 17:50:00.897 INFO [http-nio-8090-exec-31] org.apache.catalina.core.ApplicationContext.log Manager: list: Listing contexts for virtual host 'localhost'
08-Mar-2018 17:50:00.906 INFO [http-nio-8090-exec-37] org.apache.catalina.core.ApplicationContext.log Manager: restart: Reloading web application '/WebApplication2'
08-Mar-2018 17:50:16.776 INFO [http-nio-8090-exec-40] org.apache.catalina.core.ApplicationContext.log Manager: list: Listing contexts for virtual host 'localhost'
08-Mar-2018 17:50:16.784 INFO [http-nio-8090-exec-9] org.apache.catalina.core.ApplicationContext.log Manager: restart: Reloading web application '/WebApplication2'
08-Mar-2018 17:50:46.620 INFO [http-nio-8090-exec-25] org.apache.catalina.core.ApplicationContext.log Manager: list: Listing contexts for virtual host 'localhost'
08-Mar-2018 17:50:46.625 INFO [http-nio-8090-exec-27] org.apache.catalina.core.ApplicationContext.log Manager: list: Listing contexts for virtual host 'localhost'
08-Mar-2018 17:50:46.636 INFO [http-nio-8090-exec-38] org.apache.catalina.core.ApplicationContext.log Manager: restart: Reloading web application '/WebApplication2'
08-Mar-2018 17:51:31.856 INFO [http-nio-8090-exec-43] org.apache.catalina.core.ApplicationContext.log Manager: list: Listing contexts for virtual host 'localhost'
08-Mar-2018 17:51:31.865 INFO [http-nio-8090-exec-31] org.apache.catalina.core.ApplicationContext.log Manager: restart: Reloading web application '/WebApplication2'
08-Mar-2018 17:51:43.112 INFO [http-nio-8090-exec-31] org.apache.catalina.core.ApplicationContext.log Manager: list: Listing contexts for virtual host 'localhost'
08-Mar-2018 17:51:43.115 INFO [http-nio-8090-exec-45] org.apache.catalina.core.ApplicationContext.log Manager: list: Listing contexts for virtual host 'localhost'
08-Mar-2018 17:51:43.139 INFO [http-nio-8090-exec-38] org.apache.catalina.core.ApplicationContext.log Manager: restart: Reloading web application '/WebApplication2'
