13-Feb-2018 09:51:07.208 INFO [http-nio-8090-exec-1] org.apache.catalina.core.ApplicationContext.log Manager: init: Associated with Deployer 'Catalina:type=Deployer,host=localhost'
13-Feb-2018 09:51:07.208 INFO [http-nio-8090-exec-1] org.apache.catalina.core.ApplicationContext.log Manager: init: Global resources are available
13-Feb-2018 09:51:07.223 INFO [http-nio-8090-exec-1] org.apache.catalina.core.ApplicationContext.log Manager: list: Listing contexts for virtual host 'localhost'
13-Feb-2018 09:51:07.239 INFO [http-nio-8090-exec-1] org.apache.catalina.core.ApplicationContext.log Manager: list: Listing contexts for virtual host 'localhost'
13-Feb-2018 09:51:07.239 INFO [http-nio-8090-exec-2] org.apache.catalina.core.ApplicationContext.log Manager: undeploy: Undeploying web application at '/sample'
13-Feb-2018 09:51:07.779 INFO [http-nio-8090-exec-1] org.apache.catalina.core.ApplicationContext.log Manager: deploy: Deploying web application '/sample'
13-Feb-2018 09:51:07.794 INFO [http-nio-8090-exec-1] org.apache.catalina.core.ApplicationContext.log Manager: Uploading WAR file to C:\Users\suraj.jena\Desktop\web\next\maven-project\apache-tomcat-8.5.27-windows-x64\apache-tomcat-8.5.27\webapps\sample.war
13-Feb-2018 09:51:07.982 INFO [http-nio-8090-exec-7] org.apache.catalina.core.ApplicationContext.log Manager: list: Listing contexts for virtual host 'localhost'
13-Feb-2018 09:51:07.997 INFO [http-nio-8090-exec-6] org.apache.catalina.core.ApplicationContext.log Manager: list: Listing contexts for virtual host 'localhost'
13-Feb-2018 09:51:07.997 INFO [http-nio-8090-exec-6] org.apache.catalina.core.ApplicationContext.log Manager: undeploy: Undeploying web application at '/sample'
13-Feb-2018 09:51:08.505 INFO [http-nio-8090-exec-5] org.apache.catalina.core.ApplicationContext.log Manager: deploy: Deploying web application '/sample'
13-Feb-2018 09:51:08.505 INFO [http-nio-8090-exec-5] org.apache.catalina.core.ApplicationContext.log Manager: Uploading WAR file to C:\Users\suraj.jena\Desktop\web\next\maven-project\apache-tomcat-8.5.27-windows-x64\apache-tomcat-8.5.27\webapps\sample.war
13-Feb-2018 09:51:08.698 INFO [http-nio-8090-exec-3] org.apache.catalina.core.ApplicationContext.log Manager: list: Listing contexts for virtual host 'localhost'
13-Feb-2018 09:51:08.699 INFO [http-nio-8090-exec-11] org.apache.catalina.core.ApplicationContext.log Manager: list: Listing contexts for virtual host 'localhost'
13-Feb-2018 09:51:08.700 INFO [http-nio-8090-exec-8] org.apache.catalina.core.ApplicationContext.log Manager: undeploy: Undeploying web application at '/webapp'
13-Feb-2018 09:51:09.258 INFO [http-nio-8090-exec-3] org.apache.catalina.core.ApplicationContext.log Manager: deploy: Deploying web application '/webapp'
13-Feb-2018 09:51:09.258 INFO [http-nio-8090-exec-3] org.apache.catalina.core.ApplicationContext.log Manager: Uploading WAR file to C:\Users\suraj.jena\Desktop\web\next\maven-project\apache-tomcat-8.5.27-windows-x64\apache-tomcat-8.5.27\webapps\webapp.war
13-Feb-2018 09:51:09.351 INFO [http-nio-8090-exec-11] org.apache.catalina.core.ApplicationContext.log Manager: list: Listing contexts for virtual host 'localhost'
13-Feb-2018 09:51:09.351 INFO [http-nio-8090-exec-5] org.apache.catalina.core.ApplicationContext.log Manager: list: Listing contexts for virtual host 'localhost'
13-Feb-2018 09:51:09.351 INFO [http-nio-8090-exec-5] org.apache.catalina.core.ApplicationContext.log Manager: undeploy: Undeploying web application at '/webapp'
13-Feb-2018 09:51:09.880 INFO [http-nio-8090-exec-5] org.apache.catalina.core.ApplicationContext.log Manager: deploy: Deploying web application '/webapp'
13-Feb-2018 09:51:09.880 INFO [http-nio-8090-exec-5] org.apache.catalina.core.ApplicationContext.log Manager: Uploading WAR file to C:\Users\suraj.jena\Desktop\web\next\maven-project\apache-tomcat-8.5.27-windows-x64\apache-tomcat-8.5.27\webapps\webapp.war
