09-Feb-2018 11:41:03.913 INFO [http-nio-8090-exec-1] org.apache.catalina.core.ApplicationContext.log Manager: init: Associated with Deployer 'Catalina:type=Deployer,host=localhost'
09-Feb-2018 11:41:03.913 INFO [http-nio-8090-exec-1] org.apache.catalina.core.ApplicationContext.log Manager: init: Global resources are available
09-Feb-2018 11:41:03.929 INFO [http-nio-8090-exec-1] org.apache.catalina.core.ApplicationContext.log Manager: list: Listing contexts for virtual host 'localhost'
09-Feb-2018 11:41:03.976 INFO [http-nio-8090-exec-2] org.apache.catalina.core.ApplicationContext.log Manager: list: Listing contexts for virtual host 'localhost'
09-Feb-2018 11:41:03.976 INFO [http-nio-8090-exec-3] org.apache.catalina.core.ApplicationContext.log Manager: undeploy: Undeploying web application at '/webapp'
09-Feb-2018 11:41:04.590 INFO [http-nio-8090-exec-4] org.apache.catalina.core.ApplicationContext.log Manager: deploy: Deploying web application '/webapp'
09-Feb-2018 11:41:04.606 INFO [http-nio-8090-exec-4] org.apache.catalina.core.ApplicationContext.log Manager: Uploading WAR file to C:\Users\suraj.jena\Desktop\web\next\maven-project\apache-tomcat-8.5.27-windows-x64\apache-tomcat-8.5.27\webapps\webapp.war
09-Feb-2018 11:54:01.373 INFO [http-nio-8090-exec-11] org.apache.catalina.core.ApplicationContext.log Manager: list: Listing contexts for virtual host 'localhost'
09-Feb-2018 11:54:01.376 INFO [http-nio-8090-exec-11] org.apache.catalina.core.ApplicationContext.log Manager: deploy: Deploying web application '/sample'
09-Feb-2018 11:54:01.376 INFO [http-nio-8090-exec-11] org.apache.catalina.core.ApplicationContext.log Manager: Uploading WAR file to C:\Users\suraj.jena\Desktop\web\next\maven-project\apache-tomcat-8.5.27-windows-x64\apache-tomcat-8.5.27\webapps\sample.war
09-Feb-2018 11:54:01.527 INFO [http-nio-8090-exec-12] org.apache.catalina.core.ApplicationContext.log Manager: list: Listing contexts for virtual host 'localhost'
09-Feb-2018 11:54:01.527 INFO [http-nio-8090-exec-13] org.apache.catalina.core.ApplicationContext.log Manager: list: Listing contexts for virtual host 'localhost'
09-Feb-2018 11:54:01.527 INFO [http-nio-8090-exec-14] org.apache.catalina.core.ApplicationContext.log Manager: undeploy: Undeploying web application at '/webapp'
09-Feb-2018 11:54:02.062 INFO [http-nio-8090-exec-18] org.apache.catalina.core.ApplicationContext.log Manager: deploy: Deploying web application '/webapp'
09-Feb-2018 11:54:02.062 INFO [http-nio-8090-exec-18] org.apache.catalina.core.ApplicationContext.log Manager: Uploading WAR file to C:\Users\suraj.jena\Desktop\web\next\maven-project\apache-tomcat-8.5.27-windows-x64\apache-tomcat-8.5.27\webapps\webapp.war
09-Feb-2018 11:54:02.159 INFO [http-nio-8090-exec-17] org.apache.catalina.core.ApplicationContext.log Manager: list: Listing contexts for virtual host 'localhost'
09-Feb-2018 11:54:02.161 INFO [http-nio-8090-exec-17] org.apache.catalina.core.ApplicationContext.log Manager: list: Listing contexts for virtual host 'localhost'
09-Feb-2018 11:54:02.163 INFO [http-nio-8090-exec-15] org.apache.catalina.core.ApplicationContext.log Manager: undeploy: Undeploying web application at '/webapp'
09-Feb-2018 11:54:02.677 INFO [http-nio-8090-exec-17] org.apache.catalina.core.ApplicationContext.log Manager: deploy: Deploying web application '/webapp'
09-Feb-2018 11:54:02.677 INFO [http-nio-8090-exec-17] org.apache.catalina.core.ApplicationContext.log Manager: Uploading WAR file to C:\Users\suraj.jena\Desktop\web\next\maven-project\apache-tomcat-8.5.27-windows-x64\apache-tomcat-8.5.27\webapps\webapp.war
09-Feb-2018 11:54:16.320 INFO [http-nio-8090-exec-21] org.apache.catalina.core.ApplicationContext.log Manager: list: Listing contexts for virtual host 'localhost'
09-Feb-2018 11:54:16.320 INFO [http-nio-8090-exec-16] org.apache.catalina.core.ApplicationContext.log Manager: list: Listing contexts for virtual host 'localhost'
09-Feb-2018 11:54:16.320 INFO [http-nio-8090-exec-12] org.apache.catalina.core.ApplicationContext.log Manager: undeploy: Undeploying web application at '/sample'
09-Feb-2018 11:54:16.825 INFO [http-nio-8090-exec-15] org.apache.catalina.core.ApplicationContext.log Manager: deploy: Deploying web application '/sample'
09-Feb-2018 11:54:16.825 INFO [http-nio-8090-exec-15] org.apache.catalina.core.ApplicationContext.log Manager: Uploading WAR file to C:\Users\suraj.jena\Desktop\web\next\maven-project\apache-tomcat-8.5.27-windows-x64\apache-tomcat-8.5.27\webapps\sample.war
09-Feb-2018 11:54:17.012 INFO [http-nio-8090-exec-11] org.apache.catalina.core.ApplicationContext.log Manager: list: Listing contexts for virtual host 'localhost'
09-Feb-2018 11:54:17.012 INFO [http-nio-8090-exec-17] org.apache.catalina.core.ApplicationContext.log Manager: list: Listing contexts for virtual host 'localhost'
09-Feb-2018 11:54:17.012 INFO [http-nio-8090-exec-13] org.apache.catalina.core.ApplicationContext.log Manager: undeploy: Undeploying web application at '/webapp'
09-Feb-2018 11:54:17.528 INFO [http-nio-8090-exec-15] org.apache.catalina.core.ApplicationContext.log Manager: deploy: Deploying web application '/webapp'
09-Feb-2018 11:54:17.528 INFO [http-nio-8090-exec-15] org.apache.catalina.core.ApplicationContext.log Manager: Uploading WAR file to C:\Users\suraj.jena\Desktop\web\next\maven-project\apache-tomcat-8.5.27-windows-x64\apache-tomcat-8.5.27\webapps\webapp.war
09-Feb-2018 11:54:17.625 INFO [http-nio-8090-exec-11] org.apache.catalina.core.ApplicationContext.log Manager: list: Listing contexts for virtual host 'localhost'
09-Feb-2018 11:54:17.625 INFO [http-nio-8090-exec-17] org.apache.catalina.core.ApplicationContext.log Manager: list: Listing contexts for virtual host 'localhost'
09-Feb-2018 11:54:17.625 INFO [http-nio-8090-exec-20] org.apache.catalina.core.ApplicationContext.log Manager: undeploy: Undeploying web application at '/webapp'
09-Feb-2018 11:54:18.141 INFO [http-nio-8090-exec-15] org.apache.catalina.core.ApplicationContext.log Manager: deploy: Deploying web application '/webapp'
09-Feb-2018 11:54:18.141 INFO [http-nio-8090-exec-15] org.apache.catalina.core.ApplicationContext.log Manager: Uploading WAR file to C:\Users\suraj.jena\Desktop\web\next\maven-project\apache-tomcat-8.5.27-windows-x64\apache-tomcat-8.5.27\webapps\webapp.war
