12-Mar-2018 00:07:05.006 INFO [http-nio-8090-exec-53] org.apache.catalina.core.ApplicationContext.log Manager: list: Listing contexts for virtual host 'localhost'
12-Mar-2018 00:07:18.465 INFO [http-nio-8090-exec-53] org.apache.catalina.core.ApplicationContext.log Manager: list: Listing contexts for virtual host 'localhost'
12-Mar-2018 00:07:18.467 INFO [http-nio-8090-exec-54] org.apache.catalina.core.ApplicationContext.log Manager: list: Listing contexts for virtual host 'localhost'
12-Mar-2018 00:11:52.393 INFO [http-nio-8090-exec-54] org.apache.catalina.core.ApplicationContext.log Manager: list: Listing contexts for virtual host 'localhost'
12-Mar-2018 00:11:57.646 INFO [http-nio-8090-exec-56] org.apache.catalina.core.ApplicationContext.log Manager: list: Listing contexts for virtual host 'localhost'
12-Mar-2018 00:11:57.648 INFO [http-nio-8090-exec-55] org.apache.catalina.core.ApplicationContext.log Manager: list: Listing contexts for virtual host 'localhost'
12-Mar-2018 00:14:58.463 INFO [http-nio-8090-exec-60] org.apache.catalina.core.ApplicationContext.log Manager: list: Listing contexts for virtual host 'localhost'
12-Mar-2018 00:14:58.466 INFO [http-nio-8090-exec-57] org.apache.catalina.core.ApplicationContext.log Manager: list: Listing contexts for virtual host 'localhost'
12-Mar-2018 00:16:40.475 INFO [http-nio-8090-exec-58] org.apache.catalina.core.ApplicationContext.log Manager: list: Listing contexts for virtual host 'localhost'
12-Mar-2018 00:17:50.173 INFO [http-nio-8090-exec-55] org.apache.catalina.core.ApplicationContext.log Manager: list: Listing contexts for virtual host 'localhost'
12-Mar-2018 00:17:50.182 INFO [http-nio-8090-exec-59] org.apache.catalina.core.ApplicationContext.log Manager: restart: Reloading web application '/ITCompanyLocator12'
12-Mar-2018 00:18:05.284 INFO [http-nio-8090-exec-51] org.apache.catalina.core.ApplicationContext.log Manager: list: Listing contexts for virtual host 'localhost'
12-Mar-2018 00:18:17.179 INFO [http-nio-8090-exec-58] org.apache.catalina.core.ApplicationContext.log Manager: list: Listing contexts for virtual host 'localhost'
12-Mar-2018 00:18:20.865 INFO [http-nio-8090-exec-63] org.apache.catalina.core.ApplicationContext.log Manager: list: Listing contexts for virtual host 'localhost'
12-Mar-2018 00:18:20.867 INFO [http-nio-8090-exec-62] org.apache.catalina.core.ApplicationContext.log Manager: list: Listing contexts for virtual host 'localhost'
12-Mar-2018 00:18:20.880 INFO [http-nio-8090-exec-51] org.apache.catalina.core.ApplicationContext.log Manager: restart: Reloading web application '/ITCompanyLocator12'
12-Mar-2018 00:20:37.187 INFO [http-nio-8090-exec-68] org.apache.catalina.core.ApplicationContext.log Manager: list: Listing contexts for virtual host 'localhost'
12-Mar-2018 00:20:37.201 INFO [http-nio-8090-exec-70] org.apache.catalina.core.ApplicationContext.log Manager: restart: Reloading web application '/ITCompanyLocator12'
12-Mar-2018 00:20:46.971 INFO [http-nio-8090-exec-68] org.apache.catalina.core.ApplicationContext.log Manager: list: Listing contexts for virtual host 'localhost'
12-Mar-2018 00:20:50.867 INFO [http-nio-8090-exec-51] org.apache.catalina.core.ApplicationContext.log Manager: list: Listing contexts for virtual host 'localhost'
12-Mar-2018 00:20:50.901 INFO [http-nio-8090-exec-69] org.apache.catalina.core.ApplicationContext.log Manager: list: Listing contexts for virtual host 'localhost'
12-Mar-2018 00:20:50.938 INFO [http-nio-8090-exec-65] org.apache.catalina.core.ApplicationContext.log Manager: restart: Reloading web application '/ITCompanyLocator12'
12-Mar-2018 00:25:08.475 INFO [http-nio-8090-exec-79] org.apache.catalina.core.ApplicationContext.log Manager: list: Listing contexts for virtual host 'localhost'
12-Mar-2018 00:25:13.435 INFO [http-nio-8090-exec-84] org.apache.catalina.core.ApplicationContext.log Manager: list: Listing contexts for virtual host 'localhost'
12-Mar-2018 00:25:23.150 INFO [http-nio-8090-exec-84] org.apache.catalina.core.ApplicationContext.log Manager: list: Listing contexts for virtual host 'localhost'
12-Mar-2018 00:26:21.568 INFO [http-nio-8090-exec-84] org.apache.catalina.core.ApplicationContext.log Manager: list: Listing contexts for virtual host 'localhost'
12-Mar-2018 00:26:28.126 INFO [http-nio-8090-exec-83] org.apache.catalina.core.ApplicationContext.log Manager: list: Listing contexts for virtual host 'localhost'
12-Mar-2018 00:26:28.128 INFO [http-nio-8090-exec-79] org.apache.catalina.core.ApplicationContext.log Manager: list: Listing contexts for virtual host 'localhost'
12-Mar-2018 00:28:11.034 INFO [http-nio-8090-exec-77] org.apache.catalina.core.ApplicationContext.log Manager: list: Listing contexts for virtual host 'localhost'
12-Mar-2018 00:29:46.468 INFO [http-nio-8090-exec-81] org.apache.catalina.core.ApplicationContext.log Manager: list: Listing contexts for virtual host 'localhost'
12-Mar-2018 00:32:36.536 INFO [http-nio-8090-exec-79] org.apache.catalina.core.ApplicationContext.log Manager: list: Listing contexts for virtual host 'localhost'
12-Mar-2018 00:32:44.113 INFO [http-nio-8090-exec-82] org.apache.catalina.core.ApplicationContext.log Manager: list: Listing contexts for virtual host 'localhost'
12-Mar-2018 00:32:44.115 INFO [http-nio-8090-exec-81] org.apache.catalina.core.ApplicationContext.log Manager: list: Listing contexts for virtual host 'localhost'
12-Mar-2018 00:36:08.355 INFO [http-nio-8090-exec-76] org.apache.catalina.core.ApplicationContext.log Manager: list: Listing contexts for virtual host 'localhost'
12-Mar-2018 00:36:46.501 INFO [http-nio-8090-exec-81] org.apache.catalina.core.ApplicationContext.log Manager: list: Listing contexts for virtual host 'localhost'
12-Mar-2018 00:36:51.117 INFO [http-nio-8090-exec-76] org.apache.catalina.core.ApplicationContext.log Manager: list: Listing contexts for virtual host 'localhost'
12-Mar-2018 00:36:51.121 INFO [http-nio-8090-exec-77] org.apache.catalina.core.ApplicationContext.log Manager: list: Listing contexts for virtual host 'localhost'
12-Mar-2018 09:38:49.619 INFO [http-nio-8090-exec-76] org.apache.catalina.core.ApplicationContext.log Manager: list: Listing contexts for virtual host 'localhost'
12-Mar-2018 09:38:49.635 INFO [http-nio-8090-exec-77] org.apache.catalina.core.ApplicationContext.log Manager: list: Listing contexts for virtual host 'localhost'
12-Mar-2018 09:40:40.564 INFO [http-nio-8090-exec-77] org.apache.catalina.core.ApplicationContext.log Manager: list: Listing contexts for virtual host 'localhost'
12-Mar-2018 09:40:40.580 INFO [http-nio-8090-exec-76] org.apache.catalina.core.ApplicationContext.log Manager: list: Listing contexts for virtual host 'localhost'
12-Mar-2018 09:44:47.540 INFO [http-nio-8090-exec-84] org.apache.catalina.core.ApplicationContext.log Manager: list: Listing contexts for virtual host 'localhost'
12-Mar-2018 09:44:53.928 INFO [http-nio-8090-exec-81] org.apache.catalina.core.ApplicationContext.log Manager: list: Listing contexts for virtual host 'localhost'
12-Mar-2018 09:44:53.928 INFO [http-nio-8090-exec-83] org.apache.catalina.core.ApplicationContext.log Manager: list: Listing contexts for virtual host 'localhost'
12-Mar-2018 09:46:02.170 INFO [http-nio-8090-exec-75] org.apache.catalina.core.ApplicationContext.log Manager: list: Listing contexts for virtual host 'localhost'
12-Mar-2018 09:46:26.082 INFO [http-nio-8090-exec-75] org.apache.catalina.core.ApplicationContext.log Manager: list: Listing contexts for virtual host 'localhost'
12-Mar-2018 09:47:23.801 INFO [http-nio-8090-exec-78] org.apache.catalina.core.ApplicationContext.log Manager: list: Listing contexts for virtual host 'localhost'
12-Mar-2018 09:47:35.711 INFO [http-nio-8090-exec-80] org.apache.catalina.core.ApplicationContext.log Manager: list: Listing contexts for virtual host 'localhost'
12-Mar-2018 09:47:35.714 INFO [http-nio-8090-exec-75] org.apache.catalina.core.ApplicationContext.log Manager: list: Listing contexts for virtual host 'localhost'
12-Mar-2018 09:48:46.503 INFO [http-nio-8090-exec-79] org.apache.catalina.core.ApplicationContext.log Manager: list: Listing contexts for virtual host 'localhost'
12-Mar-2018 10:12:18.663 INFO [http-nio-8090-exec-6] org.apache.catalina.core.ApplicationContext.log Manager: init: Associated with Deployer 'Catalina:type=Deployer,host=localhost'
12-Mar-2018 10:12:18.663 INFO [http-nio-8090-exec-6] org.apache.catalina.core.ApplicationContext.log Manager: init: Global resources are available
12-Mar-2018 10:12:18.991 INFO [http-nio-8090-exec-10] org.apache.catalina.core.ApplicationContext.log Manager: list: Listing contexts for virtual host 'localhost'
12-Mar-2018 10:12:19.007 INFO [http-nio-8090-exec-1] org.apache.catalina.core.ApplicationContext.log Manager: undeploy: Undeploying web application at '/'
12-Mar-2018 10:12:19.673 INFO [http-nio-8090-exec-4] org.apache.catalina.core.ApplicationContext.log Manager: install: Installing context configuration at 'file:/C:/Users/SURAJ~1.JEN/AppData/Local/Temp/context3754489234452400498.xml'
12-Mar-2018 10:12:19.751 INFO [http-nio-8090-exec-10] org.apache.catalina.core.ApplicationContext.log Manager: start: Starting web application '/'
12-Mar-2018 10:14:27.057 INFO [http-nio-8090-exec-12] org.apache.catalina.core.ApplicationContext.log Manager: list: Listing contexts for virtual host 'localhost'
12-Mar-2018 10:14:27.088 INFO [http-nio-8090-exec-13] org.apache.catalina.core.ApplicationContext.log Manager: restart: Reloading web application '/'
12-Mar-2018 10:14:35.355 INFO [http-nio-8090-exec-20] org.apache.catalina.core.ApplicationContext.log Manager: list: Listing contexts for virtual host 'localhost'
12-Mar-2018 10:14:35.371 INFO [http-nio-8090-exec-12] org.apache.catalina.core.ApplicationContext.log Manager: restart: Reloading web application '/'
12-Mar-2018 10:19:33.621 INFO [http-nio-8090-exec-23] org.apache.catalina.core.ApplicationContext.log Manager: list: Listing contexts for virtual host 'localhost'
12-Mar-2018 10:19:53.825 INFO [http-nio-8090-exec-18] org.apache.catalina.core.ApplicationContext.log Manager: list: Listing contexts for virtual host 'localhost'
12-Mar-2018 10:20:32.109 INFO [http-nio-8090-exec-26] org.apache.catalina.core.ApplicationContext.log Manager: list: Listing contexts for virtual host 'localhost'
12-Mar-2018 10:20:52.318 INFO [http-nio-8090-exec-25] org.apache.catalina.core.ApplicationContext.log Manager: list: Listing contexts for virtual host 'localhost'
12-Mar-2018 10:20:52.318 INFO [http-nio-8090-exec-28] org.apache.catalina.core.ApplicationContext.log Manager: list: Listing contexts for virtual host 'localhost'
12-Mar-2018 10:20:52.333 INFO [http-nio-8090-exec-27] org.apache.catalina.core.ApplicationContext.log Manager: restart: Reloading web application '/'
12-Mar-2018 10:24:24.229 INFO [http-nio-8090-exec-37] org.apache.catalina.core.ApplicationContext.log Manager: list: Listing contexts for virtual host 'localhost'
12-Mar-2018 10:24:24.229 INFO [http-nio-8090-exec-38] org.apache.catalina.core.ApplicationContext.log Manager: list: Listing contexts for virtual host 'localhost'
12-Mar-2018 10:24:35.032 INFO [http-nio-8090-exec-39] org.apache.catalina.core.ApplicationContext.log Manager: list: Listing contexts for virtual host 'localhost'
12-Mar-2018 10:24:35.040 INFO [http-nio-8090-exec-31] org.apache.catalina.core.ApplicationContext.log Manager: list: Listing contexts for virtual host 'localhost'
12-Mar-2018 10:25:27.114 INFO [http-nio-8090-exec-35] org.apache.catalina.core.ApplicationContext.log Manager: list: Listing contexts for virtual host 'localhost'
12-Mar-2018 10:25:27.114 INFO [http-nio-8090-exec-34] org.apache.catalina.core.ApplicationContext.log Manager: list: Listing contexts for virtual host 'localhost'
12-Mar-2018 10:44:04.124 INFO [http-nio-8090-exec-36] org.apache.catalina.core.ApplicationContext.log Manager: list: Listing contexts for virtual host 'localhost'
12-Mar-2018 10:44:04.145 INFO [http-nio-8090-exec-34] org.apache.catalina.core.ApplicationContext.log Manager: restart: Reloading web application '/'
12-Mar-2018 10:49:16.723 INFO [http-nio-8090-exec-30] org.apache.catalina.core.ApplicationContext.log Manager: list: Listing contexts for virtual host 'localhost'
12-Mar-2018 10:49:16.723 INFO [http-nio-8090-exec-45] org.apache.catalina.core.ApplicationContext.log Manager: list: Listing contexts for virtual host 'localhost'
12-Mar-2018 10:49:16.910 INFO [http-nio-8090-exec-37] org.apache.catalina.core.ApplicationContext.log Manager: restart: Reloading web application '/'
12-Mar-2018 10:49:32.521 INFO [http-nio-8090-exec-48] org.apache.catalina.core.ApplicationContext.log Manager: list: Listing contexts for virtual host 'localhost'
12-Mar-2018 10:49:32.536 INFO [http-nio-8090-exec-43] org.apache.catalina.core.ApplicationContext.log Manager: list: Listing contexts for virtual host 'localhost'
12-Mar-2018 10:49:55.539 INFO [http-nio-8090-exec-41] org.apache.catalina.core.ApplicationContext.log Manager: list: Listing contexts for virtual host 'localhost'
12-Mar-2018 10:49:55.539 INFO [http-nio-8090-exec-36] org.apache.catalina.core.ApplicationContext.log Manager: list: Listing contexts for virtual host 'localhost'
12-Mar-2018 10:50:23.106 INFO [http-nio-8090-exec-51] org.apache.catalina.core.ApplicationContext.log Manager: list: Listing contexts for virtual host 'localhost'
12-Mar-2018 10:50:23.106 INFO [http-nio-8090-exec-47] org.apache.catalina.core.ApplicationContext.log Manager: list: Listing contexts for virtual host 'localhost'
12-Mar-2018 10:53:19.092 INFO [http-nio-8090-exec-47] org.apache.catalina.core.ApplicationContext.log Manager: list: Listing contexts for virtual host 'localhost'
12-Mar-2018 10:53:19.123 INFO [http-nio-8090-exec-48] org.apache.catalina.core.ApplicationContext.log Manager: restart: Reloading web application '/'
12-Mar-2018 10:53:24.371 INFO [http-nio-8090-exec-53] org.apache.catalina.core.ApplicationContext.log Manager: list: Listing contexts for virtual host 'localhost'
12-Mar-2018 10:53:24.387 INFO [http-nio-8090-exec-50] org.apache.catalina.core.ApplicationContext.log Manager: list: Listing contexts for virtual host 'localhost'
12-Mar-2018 10:53:24.387 INFO [http-nio-8090-exec-49] org.apache.catalina.core.ApplicationContext.log Manager: restart: Reloading web application '/'
12-Mar-2018 11:01:09.455 INFO [http-nio-8090-exec-59] org.apache.catalina.core.ApplicationContext.log Manager: list: Listing contexts for virtual host 'localhost'
12-Mar-2018 11:01:09.455 INFO [http-nio-8090-exec-67] org.apache.catalina.core.ApplicationContext.log Manager: list: Listing contexts for virtual host 'localhost'
12-Mar-2018 11:03:14.617 INFO [http-nio-8090-exec-63] org.apache.catalina.core.ApplicationContext.log Manager: list: Listing contexts for virtual host 'localhost'
12-Mar-2018 11:03:14.617 INFO [http-nio-8090-exec-64] org.apache.catalina.core.ApplicationContext.log Manager: list: Listing contexts for virtual host 'localhost'
12-Mar-2018 11:12:02.207 INFO [http-nio-8090-exec-66] org.apache.catalina.core.ApplicationContext.log Manager: list: Listing contexts for virtual host 'localhost'
12-Mar-2018 11:12:30.844 INFO [http-nio-8090-exec-67] org.apache.catalina.core.ApplicationContext.log Manager: list: Listing contexts for virtual host 'localhost'
12-Mar-2018 11:14:16.577 INFO [http-nio-8090-exec-66] org.apache.catalina.core.ApplicationContext.log Manager: list: Listing contexts for virtual host 'localhost'
12-Mar-2018 11:18:03.422 INFO [http-nio-8090-exec-65] org.apache.catalina.core.ApplicationContext.log Manager: list: Listing contexts for virtual host 'localhost'
12-Mar-2018 11:18:17.819 INFO [http-nio-8090-exec-65] org.apache.catalina.core.ApplicationContext.log Manager: list: Listing contexts for virtual host 'localhost'
12-Mar-2018 11:18:31.091 INFO [http-nio-8090-exec-64] org.apache.catalina.core.ApplicationContext.log Manager: list: Listing contexts for virtual host 'localhost'
12-Mar-2018 11:18:37.858 INFO [http-nio-8090-exec-66] org.apache.catalina.core.ApplicationContext.log Manager: list: Listing contexts for virtual host 'localhost'
12-Mar-2018 11:19:04.327 INFO [http-nio-8090-exec-66] org.apache.catalina.core.ApplicationContext.log Manager: list: Listing contexts for virtual host 'localhost'
12-Mar-2018 11:19:10.026 INFO [http-nio-8090-exec-65] org.apache.catalina.core.ApplicationContext.log Manager: list: Listing contexts for virtual host 'localhost'
12-Mar-2018 11:19:22.966 INFO [http-nio-8090-exec-60] org.apache.catalina.core.ApplicationContext.log Manager: list: Listing contexts for virtual host 'localhost'
12-Mar-2018 11:19:37.249 INFO [http-nio-8090-exec-61] org.apache.catalina.core.ApplicationContext.log Manager: list: Listing contexts for virtual host 'localhost'
12-Mar-2018 11:20:46.812 INFO [http-nio-8090-exec-67] org.apache.catalina.core.ApplicationContext.log Manager: list: Listing contexts for virtual host 'localhost'
12-Mar-2018 11:20:46.817 INFO [http-nio-8090-exec-66] org.apache.catalina.core.ApplicationContext.log Manager: list: Listing contexts for virtual host 'localhost'
12-Mar-2018 11:21:29.229 INFO [http-nio-8090-exec-63] org.apache.catalina.core.ApplicationContext.log Manager: list: Listing contexts for virtual host 'localhost'
12-Mar-2018 11:21:33.921 INFO [http-nio-8090-exec-66] org.apache.catalina.core.ApplicationContext.log Manager: list: Listing contexts for virtual host 'localhost'
12-Mar-2018 11:21:33.936 INFO [http-nio-8090-exec-68] org.apache.catalina.core.ApplicationContext.log Manager: list: Listing contexts for virtual host 'localhost'
12-Mar-2018 11:21:53.996 INFO [http-nio-8090-exec-67] org.apache.catalina.core.ApplicationContext.log Manager: list: Listing contexts for virtual host 'localhost'
12-Mar-2018 11:21:54.011 INFO [http-nio-8090-exec-62] org.apache.catalina.core.ApplicationContext.log Manager: list: Listing contexts for virtual host 'localhost'
12-Mar-2018 11:25:38.694 INFO [http-nio-8090-exec-59] org.apache.catalina.core.ApplicationContext.log Manager: list: Listing contexts for virtual host 'localhost'
12-Mar-2018 11:25:38.900 INFO [http-nio-8090-exec-63] org.apache.catalina.core.ApplicationContext.log Manager: undeploy: Undeploying web application at '/'
12-Mar-2018 11:26:13.671 INFO [http-nio-8090-exec-69] org.apache.catalina.core.ApplicationContext.log Manager: list: Listing contexts for virtual host 'localhost'
12-Mar-2018 11:26:13.671 INFO [http-nio-8090-exec-60] org.apache.catalina.core.ApplicationContext.log Manager: list: Listing contexts for virtual host 'localhost'
12-Mar-2018 11:26:13.764 INFO [http-nio-8090-exec-70] org.apache.catalina.core.ApplicationContext.log Manager: install: Installing context configuration at 'file:/C:/Users/SURAJ~1.JEN/AppData/Local/Temp/context8188348988842462007.xml'
12-Mar-2018 11:26:14.798 INFO [http-nio-8090-exec-71] org.apache.catalina.core.ApplicationContext.log Manager: start: Starting web application '/'
12-Mar-2018 11:28:52.908 INFO [http-nio-8090-exec-76] org.apache.catalina.core.ApplicationContext.log Manager: list: Listing contexts for virtual host 'localhost'
12-Mar-2018 11:28:52.908 INFO [http-nio-8090-exec-70] org.apache.catalina.core.ApplicationContext.log Manager: list: Listing contexts for virtual host 'localhost'
12-Mar-2018 11:28:52.939 INFO [http-nio-8090-exec-77] org.apache.catalina.core.ApplicationContext.log Manager: install: Installing context configuration at 'file:/C:/Users/SURAJ~1.JEN/AppData/Local/Temp/context8501883277041627080.xml'
12-Mar-2018 11:28:53.111 INFO [http-nio-8090-exec-73] org.apache.catalina.core.ApplicationContext.log Manager: start: Starting web application '/IT_Company_Locator'
12-Mar-2018 11:29:07.353 INFO [http-nio-8090-exec-78] org.apache.catalina.core.ApplicationContext.log Manager: list: Listing contexts for virtual host 'localhost'
12-Mar-2018 11:29:07.369 INFO [http-nio-8090-exec-71] org.apache.catalina.core.ApplicationContext.log Manager: list: Listing contexts for virtual host 'localhost'
12-Mar-2018 11:29:47.646 INFO [http-nio-8090-exec-76] org.apache.catalina.core.ApplicationContext.log Manager: list: Listing contexts for virtual host 'localhost'
12-Mar-2018 11:29:47.662 INFO [http-nio-8090-exec-69] org.apache.catalina.core.ApplicationContext.log Manager: list: Listing contexts for virtual host 'localhost'
12-Mar-2018 11:30:48.173 INFO [http-nio-8090-exec-74] org.apache.catalina.core.ApplicationContext.log Manager: list: Listing contexts for virtual host 'localhost'
12-Mar-2018 11:31:30.963 INFO [http-nio-8090-exec-76] org.apache.catalina.core.ApplicationContext.log Manager: list: Listing contexts for virtual host 'localhost'
12-Mar-2018 11:31:30.963 INFO [http-nio-8090-exec-69] org.apache.catalina.core.ApplicationContext.log Manager: list: Listing contexts for virtual host 'localhost'
12-Mar-2018 11:31:30.994 INFO [http-nio-8090-exec-70] org.apache.catalina.core.ApplicationContext.log Manager: install: Installing context configuration at 'file:/C:/Users/SURAJ~1.JEN/AppData/Local/Temp/context7652987735408760678.xml'
12-Mar-2018 11:31:31.260 INFO [http-nio-8090-exec-77] org.apache.catalina.core.ApplicationContext.log Manager: start: Starting web application '/Company Locator'
12-Mar-2018 11:31:45.733 INFO [http-nio-8090-exec-78] org.apache.catalina.core.ApplicationContext.log Manager: list: Listing contexts for virtual host 'localhost'
12-Mar-2018 11:31:45.749 INFO [http-nio-8090-exec-73] org.apache.catalina.core.ApplicationContext.log Manager: list: Listing contexts for virtual host 'localhost'
12-Mar-2018 11:32:31.048 INFO [http-nio-8090-exec-70] org.apache.catalina.core.ApplicationContext.log Manager: list: Listing contexts for virtual host 'localhost'
12-Mar-2018 11:32:34.007 INFO [http-nio-8090-exec-78] org.apache.catalina.core.ApplicationContext.log Manager: list: Listing contexts for virtual host 'localhost'
12-Mar-2018 11:32:34.038 INFO [http-nio-8090-exec-73] org.apache.catalina.core.ApplicationContext.log Manager: list: Listing contexts for virtual host 'localhost'
12-Mar-2018 11:35:31.371 INFO [http-nio-8090-exec-70] org.apache.catalina.core.ApplicationContext.log Manager: list: Listing contexts for virtual host 'localhost'
12-Mar-2018 11:48:23.563 INFO [http-nio-8090-exec-76] org.apache.catalina.core.ApplicationContext.log Manager: list: Listing contexts for virtual host 'localhost'
12-Mar-2018 11:48:23.563 INFO [http-nio-8090-exec-69] org.apache.catalina.core.ApplicationContext.log Manager: list: Listing contexts for virtual host 'localhost'
12-Mar-2018 11:48:41.698 INFO [http-nio-8090-exec-74] org.apache.catalina.core.ApplicationContext.log Manager: list: Listing contexts for virtual host 'localhost'
12-Mar-2018 11:48:41.698 INFO [http-nio-8090-exec-78] org.apache.catalina.core.ApplicationContext.log Manager: list: Listing contexts for virtual host 'localhost'
12-Mar-2018 11:59:51.474 INFO [http-nio-8090-exec-77] org.apache.catalina.core.ApplicationContext.log Manager: list: Listing contexts for virtual host 'localhost'
12-Mar-2018 11:59:57.107 INFO [http-nio-8090-exec-76] org.apache.catalina.core.ApplicationContext.log Manager: list: Listing contexts for virtual host 'localhost'
12-Mar-2018 11:59:57.810 INFO [http-nio-8090-exec-77] org.apache.catalina.core.ApplicationContext.log Manager: list: Listing contexts for virtual host 'localhost'
12-Mar-2018 11:59:57.810 INFO [http-nio-8090-exec-71] org.apache.catalina.core.ApplicationContext.log Manager: list: Listing contexts for virtual host 'localhost'
12-Mar-2018 12:02:21.763 INFO [http-nio-8090-exec-70] org.apache.catalina.core.ApplicationContext.log Manager: list: Listing contexts for virtual host 'localhost'
12-Mar-2018 12:02:48.337 INFO [http-nio-8090-exec-74] org.apache.catalina.core.ApplicationContext.log Manager: list: Listing contexts for virtual host 'localhost'
12-Mar-2018 12:04:18.325 INFO [http-nio-8090-exec-74] org.apache.catalina.core.ApplicationContext.log Manager: list: Listing contexts for virtual host 'localhost'
12-Mar-2018 12:04:43.942 INFO [http-nio-8090-exec-71] org.apache.catalina.core.ApplicationContext.log Manager: list: Listing contexts for virtual host 'localhost'
12-Mar-2018 12:05:09.804 INFO [http-nio-8090-exec-77] org.apache.catalina.core.ApplicationContext.log Manager: list: Listing contexts for virtual host 'localhost'
12-Mar-2018 12:07:29.584 INFO [http-nio-8090-exec-77] org.apache.catalina.core.ApplicationContext.log Manager: list: Listing contexts for virtual host 'localhost'
12-Mar-2018 12:08:27.738 INFO [http-nio-8090-exec-70] org.apache.catalina.core.ApplicationContext.log Manager: list: Listing contexts for virtual host 'localhost'
12-Mar-2018 12:11:56.714 INFO [http-nio-8090-exec-70] org.apache.catalina.core.ApplicationContext.log Manager: list: Listing contexts for virtual host 'localhost'
12-Mar-2018 12:13:15.312 INFO [http-nio-8090-exec-70] org.apache.catalina.core.ApplicationContext.log Manager: list: Listing contexts for virtual host 'localhost'
12-Mar-2018 12:13:45.967 INFO [http-nio-8090-exec-77] org.apache.catalina.core.ApplicationContext.log Manager: list: Listing contexts for virtual host 'localhost'
12-Mar-2018 12:14:49.061 INFO [http-nio-8090-exec-72] org.apache.catalina.core.ApplicationContext.log Manager: list: Listing contexts for virtual host 'localhost'
12-Mar-2018 12:14:49.061 INFO [http-nio-8090-exec-73] org.apache.catalina.core.ApplicationContext.log Manager: list: Listing contexts for virtual host 'localhost'
12-Mar-2018 12:17:36.296 INFO [http-nio-8090-exec-73] org.apache.catalina.core.ApplicationContext.log Manager: list: Listing contexts for virtual host 'localhost'
12-Mar-2018 12:17:36.406 INFO [http-nio-8090-exec-74] org.apache.catalina.core.ApplicationContext.log Manager: restart: Reloading web application '/'
12-Mar-2018 12:18:07.513 INFO [http-nio-8090-exec-71] org.apache.catalina.core.ApplicationContext.log Manager: list: Listing contexts for virtual host 'localhost'
12-Mar-2018 12:18:07.513 INFO [http-nio-8090-exec-77] org.apache.catalina.core.ApplicationContext.log Manager: list: Listing contexts for virtual host 'localhost'
12-Mar-2018 12:18:20.636 INFO [http-nio-8090-exec-73] org.apache.catalina.core.ApplicationContext.log Manager: list: Listing contexts for virtual host 'localhost'
12-Mar-2018 12:18:20.652 INFO [http-nio-8090-exec-80] org.apache.catalina.core.ApplicationContext.log Manager: list: Listing contexts for virtual host 'localhost'
12-Mar-2018 12:18:20.652 INFO [http-nio-8090-exec-75] org.apache.catalina.core.ApplicationContext.log Manager: restart: Reloading web application '/'
12-Mar-2018 12:19:06.380 INFO [http-nio-8090-exec-71] org.apache.catalina.core.ApplicationContext.log Manager: list: Listing contexts for virtual host 'localhost'
12-Mar-2018 12:19:06.380 INFO [http-nio-8090-exec-75] org.apache.catalina.core.ApplicationContext.log Manager: restart: Reloading web application '/IT_Company_Locator'
12-Mar-2018 12:19:27.432 INFO [http-nio-8090-exec-69] org.apache.catalina.core.ApplicationContext.log Manager: list: Listing contexts for virtual host 'localhost'
12-Mar-2018 12:19:27.432 INFO [http-nio-8090-exec-81] org.apache.catalina.core.ApplicationContext.log Manager: restart: Reloading web application '/Company Locator'
12-Mar-2018 12:19:38.210 INFO [http-nio-8090-exec-75] org.apache.catalina.core.ApplicationContext.log Manager: list: Listing contexts for virtual host 'localhost'
12-Mar-2018 12:19:38.210 INFO [http-nio-8090-exec-82] org.apache.catalina.core.ApplicationContext.log Manager: list: Listing contexts for virtual host 'localhost'
12-Mar-2018 12:19:38.241 INFO [http-nio-8090-exec-87] org.apache.catalina.core.ApplicationContext.log Manager: restart: Reloading web application '/Company Locator'
12-Mar-2018 12:19:54.947 INFO [http-nio-8090-exec-86] org.apache.catalina.core.ApplicationContext.log Manager: list: Listing contexts for virtual host 'localhost'
12-Mar-2018 12:23:26.974 INFO [http-nio-8090-exec-89] org.apache.catalina.core.ApplicationContext.log Manager: list: Listing contexts for virtual host 'localhost'
12-Mar-2018 12:24:04.780 INFO [http-nio-8090-exec-89] org.apache.catalina.core.ApplicationContext.log Manager: list: Listing contexts for virtual host 'localhost'
12-Mar-2018 12:26:06.918 INFO [http-nio-8090-exec-90] org.apache.catalina.core.ApplicationContext.log Manager: list: Listing contexts for virtual host 'localhost'
12-Mar-2018 12:26:44.107 INFO [http-nio-8090-exec-90] org.apache.catalina.core.ApplicationContext.log Manager: list: Listing contexts for virtual host 'localhost'
12-Mar-2018 12:27:04.430 INFO [http-nio-8090-exec-90] org.apache.catalina.core.ApplicationContext.log Manager: list: Listing contexts for virtual host 'localhost'
12-Mar-2018 12:27:17.775 INFO [http-nio-8090-exec-98] org.apache.catalina.core.ApplicationContext.log Manager: list: Listing contexts for virtual host 'localhost'
12-Mar-2018 12:27:47.701 INFO [http-nio-8090-exec-89] org.apache.catalina.core.ApplicationContext.log Manager: list: Listing contexts for virtual host 'localhost'
12-Mar-2018 12:28:08.002 INFO [http-nio-8090-exec-98] org.apache.catalina.core.ApplicationContext.log Manager: list: Listing contexts for virtual host 'localhost'
12-Mar-2018 12:28:19.397 INFO [http-nio-8090-exec-98] org.apache.catalina.core.ApplicationContext.log Manager: list: Listing contexts for virtual host 'localhost'
12-Mar-2018 12:28:50.886 INFO [http-nio-8090-exec-98] org.apache.catalina.core.ApplicationContext.log Manager: list: Listing contexts for virtual host 'localhost'
12-Mar-2018 12:29:27.013 INFO [http-nio-8090-exec-98] org.apache.catalina.core.ApplicationContext.log Manager: list: Listing contexts for virtual host 'localhost'
12-Mar-2018 12:31:44.989 INFO [http-nio-8090-exec-90] org.apache.catalina.core.ApplicationContext.log Manager: list: Listing contexts for virtual host 'localhost'
12-Mar-2018 12:32:19.692 INFO [http-nio-8090-exec-89] org.apache.catalina.core.ApplicationContext.log Manager: list: Listing contexts for virtual host 'localhost'
12-Mar-2018 12:32:38.191 INFO [http-nio-8090-exec-91] org.apache.catalina.core.ApplicationContext.log Manager: list: Listing contexts for virtual host 'localhost'
12-Mar-2018 12:32:52.300 INFO [http-nio-8090-exec-93] org.apache.catalina.core.ApplicationContext.log Manager: list: Listing contexts for virtual host 'localhost'
12-Mar-2018 12:34:32.699 INFO [http-nio-8090-exec-93] org.apache.catalina.core.ApplicationContext.log Manager: list: Listing contexts for virtual host 'localhost'
12-Mar-2018 12:35:26.871 INFO [http-nio-8090-exec-93] org.apache.catalina.core.ApplicationContext.log Manager: list: Listing contexts for virtual host 'localhost'
12-Mar-2018 12:36:03.845 INFO [http-nio-8090-exec-91] org.apache.catalina.core.ApplicationContext.log Manager: list: Listing contexts for virtual host 'localhost'
12-Mar-2018 12:36:16.564 INFO [http-nio-8090-exec-91] org.apache.catalina.core.ApplicationContext.log Manager: list: Listing contexts for virtual host 'localhost'
12-Mar-2018 12:36:23.924 INFO [http-nio-8090-exec-97] org.apache.catalina.core.ApplicationContext.log Manager: list: Listing contexts for virtual host 'localhost'
12-Mar-2018 12:37:43.849 INFO [http-nio-8090-exec-91] org.apache.catalina.core.ApplicationContext.log Manager: list: Listing contexts for virtual host 'localhost'
12-Mar-2018 12:45:48.106 INFO [http-nio-8090-exec-97] org.apache.catalina.core.ApplicationContext.log Manager: list: Listing contexts for virtual host 'localhost'
12-Mar-2018 12:46:22.270 INFO [http-nio-8090-exec-96] org.apache.catalina.core.ApplicationContext.log Manager: list: Listing contexts for virtual host 'localhost'
12-Mar-2018 12:46:22.286 INFO [http-nio-8090-exec-90] org.apache.catalina.core.ApplicationContext.log Manager: restart: Reloading web application '/IT_Company_Locator'
12-Mar-2018 12:46:51.243 INFO [http-nio-8090-exec-92] org.apache.catalina.core.ApplicationContext.log Manager: list: Listing contexts for virtual host 'localhost'
12-Mar-2018 12:46:51.251 INFO [http-nio-8090-exec-99] org.apache.catalina.core.ApplicationContext.log Manager: restart: Reloading web application '/Company Locator'
12-Mar-2018 12:47:13.883 INFO [http-nio-8090-exec-95] org.apache.catalina.core.ApplicationContext.log Manager: list: Listing contexts for virtual host 'localhost'
12-Mar-2018 12:47:13.886 INFO [http-nio-8090-exec-100] org.apache.catalina.core.ApplicationContext.log Manager: list: Listing contexts for virtual host 'localhost'
12-Mar-2018 12:47:13.953 INFO [http-nio-8090-exec-91] org.apache.catalina.core.ApplicationContext.log Manager: restart: Reloading web application '/IT_Company_Locator'
12-Mar-2018 12:48:41.151 INFO [http-nio-8090-exec-109] org.apache.catalina.core.ApplicationContext.log Manager: list: Listing contexts for virtual host 'localhost'
12-Mar-2018 12:48:41.166 INFO [http-nio-8090-exec-111] org.apache.catalina.core.ApplicationContext.log Manager: restart: Reloading web application '/IT_Company_Locator'
12-Mar-2018 12:48:46.874 INFO [http-nio-8090-exec-99] org.apache.catalina.core.ApplicationContext.log Manager: list: Listing contexts for virtual host 'localhost'
12-Mar-2018 12:48:46.874 INFO [http-nio-8090-exec-104] org.apache.catalina.core.ApplicationContext.log Manager: list: Listing contexts for virtual host 'localhost'
12-Mar-2018 12:48:46.874 INFO [http-nio-8090-exec-108] org.apache.catalina.core.ApplicationContext.log Manager: restart: Reloading web application '/IT_Company_Locator'
12-Mar-2018 12:50:04.446 INFO [http-nio-8090-exec-114] org.apache.catalina.core.ApplicationContext.log Manager: list: Listing contexts for virtual host 'localhost'
12-Mar-2018 12:50:04.495 INFO [http-nio-8090-exec-116] org.apache.catalina.core.ApplicationContext.log Manager: restart: Reloading web application '/'
12-Mar-2018 12:50:09.807 INFO [http-nio-8090-exec-94] org.apache.catalina.core.ApplicationContext.log Manager: list: Listing contexts for virtual host 'localhost'
12-Mar-2018 12:50:09.811 INFO [http-nio-8090-exec-105] org.apache.catalina.core.ApplicationContext.log Manager: list: Listing contexts for virtual host 'localhost'
12-Mar-2018 12:50:09.827 INFO [http-nio-8090-exec-118] org.apache.catalina.core.ApplicationContext.log Manager: restart: Reloading web application '/'
12-Mar-2018 12:50:59.737 INFO [http-nio-8090-exec-118] org.apache.catalina.core.ApplicationContext.log Manager: list: Listing contexts for virtual host 'localhost'
12-Mar-2018 12:50:59.743 INFO [http-nio-8090-exec-94] org.apache.catalina.core.ApplicationContext.log Manager: restart: Reloading web application '/'
12-Mar-2018 12:51:13.078 INFO [http-nio-8090-exec-125] org.apache.catalina.core.ApplicationContext.log Manager: list: Listing contexts for virtual host 'localhost'
12-Mar-2018 12:51:13.200 INFO [http-nio-8090-exec-94] org.apache.catalina.core.ApplicationContext.log Manager: restart: Reloading web application '/'
12-Mar-2018 12:52:14.211 INFO [http-nio-8090-exec-122] org.apache.catalina.core.ApplicationContext.log Manager: list: Listing contexts for virtual host 'localhost'
12-Mar-2018 12:52:14.224 INFO [http-nio-8090-exec-129] org.apache.catalina.core.ApplicationContext.log Manager: restart: Reloading web application '/'
12-Mar-2018 12:53:05.219 INFO [http-nio-8090-exec-114] org.apache.catalina.core.ApplicationContext.log Manager: list: Listing contexts for virtual host 'localhost'
12-Mar-2018 12:53:05.302 INFO [http-nio-8090-exec-126] org.apache.catalina.core.ApplicationContext.log Manager: restart: Reloading web application '/'
12-Mar-2018 12:55:12.740 INFO [http-nio-8090-exec-114] org.apache.catalina.core.ApplicationContext.log Manager: list: Listing contexts for virtual host 'localhost'
12-Mar-2018 12:55:12.755 INFO [http-nio-8090-exec-127] org.apache.catalina.core.ApplicationContext.log Manager: restart: Reloading web application '/'
12-Mar-2018 12:55:38.028 INFO [http-nio-8090-exec-134] org.apache.catalina.core.ApplicationContext.log Manager: list: Listing contexts for virtual host 'localhost'
12-Mar-2018 12:55:38.033 INFO [http-nio-8090-exec-114] org.apache.catalina.core.ApplicationContext.log Manager: restart: Reloading web application '/'
12-Mar-2018 12:55:40.898 INFO [http-nio-8090-exec-135] org.apache.catalina.core.ApplicationContext.log Manager: list: Listing contexts for virtual host 'localhost'
12-Mar-2018 12:55:40.898 INFO [http-nio-8090-exec-132] org.apache.catalina.core.ApplicationContext.log Manager: list: Listing contexts for virtual host 'localhost'
12-Mar-2018 12:55:40.929 INFO [http-nio-8090-exec-94] org.apache.catalina.core.ApplicationContext.log Manager: restart: Reloading web application '/'
12-Mar-2018 12:56:26.355 INFO [http-nio-8090-exec-94] org.apache.catalina.core.ApplicationContext.log Manager: list: Listing contexts for virtual host 'localhost'
12-Mar-2018 12:56:26.355 INFO [http-nio-8090-exec-135] org.apache.catalina.core.ApplicationContext.log Manager: restart: Reloading web application '/'
12-Mar-2018 12:56:33.895 INFO [http-nio-8090-exec-140] org.apache.catalina.core.ApplicationContext.log Manager: list: Listing contexts for virtual host 'localhost'
12-Mar-2018 12:56:33.895 INFO [http-nio-8090-exec-138] org.apache.catalina.core.ApplicationContext.log Manager: restart: Reloading web application '/'
12-Mar-2018 12:57:01.058 INFO [http-nio-8090-exec-141] org.apache.catalina.core.ApplicationContext.log Manager: list: Listing contexts for virtual host 'localhost'
12-Mar-2018 12:57:01.073 INFO [http-nio-8090-exec-140] org.apache.catalina.core.ApplicationContext.log Manager: list: Listing contexts for virtual host 'localhost'
12-Mar-2018 12:57:01.091 INFO [http-nio-8090-exec-138] org.apache.catalina.core.ApplicationContext.log Manager: restart: Reloading web application '/'
12-Mar-2018 12:57:14.161 INFO [http-nio-8090-exec-138] org.apache.catalina.core.ApplicationContext.log Manager: list: Listing contexts for virtual host 'localhost'
12-Mar-2018 12:57:14.164 INFO [http-nio-8090-exec-135] org.apache.catalina.core.ApplicationContext.log Manager: list: Listing contexts for virtual host 'localhost'
12-Mar-2018 13:05:54.070 INFO [http-nio-8090-exec-149] org.apache.catalina.core.ApplicationContext.log Manager: list: Listing contexts for virtual host 'localhost'
12-Mar-2018 13:05:54.102 INFO [http-nio-8090-exec-150] org.apache.catalina.core.ApplicationContext.log Manager: restart: Reloading web application '/IT_Company_Locator'
12-Mar-2018 13:06:27.211 INFO [http-nio-8090-exec-149] org.apache.catalina.core.ApplicationContext.log Manager: list: Listing contexts for virtual host 'localhost'
12-Mar-2018 13:06:27.220 INFO [http-nio-8090-exec-151] org.apache.catalina.core.ApplicationContext.log Manager: list: Listing contexts for virtual host 'localhost'
12-Mar-2018 13:34:49.319 INFO [http-nio-8090-exec-159] org.apache.catalina.core.ApplicationContext.log Manager: list: Listing contexts for virtual host 'localhost'
12-Mar-2018 13:34:49.350 INFO [http-nio-8090-exec-158] org.apache.catalina.core.ApplicationContext.log Manager: restart: Reloading web application '/Company Locator'
12-Mar-2018 13:40:37.713 INFO [http-nio-8090-exec-165] org.apache.catalina.core.ApplicationContext.log Manager: list: Listing contexts for virtual host 'localhost'
12-Mar-2018 13:40:37.713 INFO [http-nio-8090-exec-170] org.apache.catalina.core.ApplicationContext.log Manager: list: Listing contexts for virtual host 'localhost'
12-Mar-2018 14:01:49.269 INFO [http-nio-8090-exec-169] org.apache.catalina.core.ApplicationContext.log Manager: list: Listing contexts for virtual host 'localhost'
12-Mar-2018 14:01:49.269 INFO [http-nio-8090-exec-165] org.apache.catalina.core.ApplicationContext.log Manager: list: Listing contexts for virtual host 'localhost'
12-Mar-2018 14:01:51.297 INFO [http-nio-8090-exec-170] org.apache.catalina.core.ApplicationContext.log Manager: restart: Reloading web application '/IT_Company_Locator'
12-Mar-2018 14:10:44.697 INFO [http-nio-8090-exec-173] org.apache.catalina.core.ApplicationContext.log Manager: list: Listing contexts for virtual host 'localhost'
12-Mar-2018 14:10:44.697 INFO [http-nio-8090-exec-174] org.apache.catalina.core.ApplicationContext.log Manager: list: Listing contexts for virtual host 'localhost'
12-Mar-2018 14:15:44.520 INFO [http-nio-8090-exec-181] org.apache.catalina.core.ApplicationContext.log Manager: list: Listing contexts for virtual host 'localhost'
12-Mar-2018 14:15:44.567 INFO [http-nio-8090-exec-176] org.apache.catalina.core.ApplicationContext.log Manager: restart: Reloading web application '/Company Locator'
12-Mar-2018 14:16:13.994 INFO [http-nio-8090-exec-182] org.apache.catalina.core.ApplicationContext.log Manager: list: Listing contexts for virtual host 'localhost'
12-Mar-2018 14:16:14.010 INFO [http-nio-8090-exec-174] org.apache.catalina.core.ApplicationContext.log Manager: restart: Reloading web application '/IT_Company_Locator'
12-Mar-2018 14:16:16.071 INFO [http-nio-8090-exec-173] org.apache.catalina.core.ApplicationContext.log Manager: list: Listing contexts for virtual host 'localhost'
12-Mar-2018 14:16:16.086 INFO [http-nio-8090-exec-178] org.apache.catalina.core.ApplicationContext.log Manager: restart: Reloading web application '/IT_Company_Locator'
12-Mar-2018 14:16:39.467 INFO [http-nio-8090-exec-179] org.apache.catalina.core.ApplicationContext.log Manager: list: Listing contexts for virtual host 'localhost'
12-Mar-2018 14:16:39.954 INFO [http-nio-8090-exec-174] org.apache.catalina.core.ApplicationContext.log Manager: restart: Reloading web application '/'
