19-Mar-2018 10:02:33.792 INFO [http-nio-8090-exec-6] org.apache.catalina.core.ApplicationContext.log Manager: init: Associated with Deployer 'Catalina:type=Deployer,host=localhost'
19-Mar-2018 10:02:33.792 INFO [http-nio-8090-exec-6] org.apache.catalina.core.ApplicationContext.log Manager: init: Global resources are available
19-Mar-2018 10:02:35.026 INFO [http-nio-8090-exec-9] org.apache.catalina.core.ApplicationContext.log Manager: list: Listing contexts for virtual host 'localhost'
19-Mar-2018 10:02:35.229 INFO [http-nio-8090-exec-10] org.apache.catalina.core.ApplicationContext.log Manager: undeploy: Undeploying web application at '/IT_Company_Locator'
19-Mar-2018 10:02:35.995 INFO [http-nio-8090-exec-4] org.apache.catalina.core.ApplicationContext.log Manager: install: Installing context configuration at 'file:/C:/Users/SURAJ~1.JEN/AppData/Local/Temp/context8082575337356340637.xml'
19-Mar-2018 10:02:36.166 INFO [http-nio-8090-exec-2] org.apache.catalina.core.ApplicationContext.log Manager: start: Starting web application '/IT_Company_Locator'
19-Mar-2018 10:08:48.794 INFO [http-nio-8090-exec-13] org.apache.catalina.core.ApplicationContext.log Manager: list: Listing contexts for virtual host 'localhost'
19-Mar-2018 10:08:58.200 INFO [http-nio-8090-exec-16] org.apache.catalina.core.ApplicationContext.log Manager: list: Listing contexts for virtual host 'localhost'
19-Mar-2018 10:08:58.200 INFO [http-nio-8090-exec-12] org.apache.catalina.core.ApplicationContext.log Manager: list: Listing contexts for virtual host 'localhost'
19-Mar-2018 10:08:58.450 INFO [http-nio-8090-exec-17] org.apache.catalina.core.ApplicationContext.log Manager: undeploy: Undeploying web application at '/IT_Company_Locator'
19-Mar-2018 10:08:59.106 INFO [http-nio-8090-exec-11] org.apache.catalina.core.ApplicationContext.log Manager: install: Installing context configuration at 'file:/C:/Users/SURAJ~1.JEN/AppData/Local/Temp/context4191729349859158007.xml'
19-Mar-2018 10:08:59.560 INFO [http-nio-8090-exec-13] org.apache.catalina.core.ApplicationContext.log Manager: start: Starting web application '/IT_Company_Locator'
19-Mar-2018 10:10:40.004 INFO [http-nio-8090-exec-22] org.apache.catalina.core.ApplicationContext.log Manager: list: Listing contexts for virtual host 'localhost'
19-Mar-2018 10:10:42.247 INFO [http-nio-8090-exec-23] org.apache.catalina.core.ApplicationContext.log Manager: list: Listing contexts for virtual host 'localhost'
19-Mar-2018 10:10:42.251 INFO [http-nio-8090-exec-24] org.apache.catalina.core.ApplicationContext.log Manager: list: Listing contexts for virtual host 'localhost'
19-Mar-2018 10:10:42.266 INFO [http-nio-8090-exec-25] org.apache.catalina.core.ApplicationContext.log Manager: undeploy: Undeploying web application at '/IT_Company_Locator'
19-Mar-2018 10:10:42.781 INFO [http-nio-8090-exec-13] org.apache.catalina.core.ApplicationContext.log Manager: install: Installing context configuration at 'file:/C:/Users/SURAJ~1.JEN/AppData/Local/Temp/context4391862202154971419.xml'
19-Mar-2018 10:10:42.816 INFO [http-nio-8090-exec-24] org.apache.catalina.core.ApplicationContext.log Manager: start: Starting web application '/IT_Company_Locator'
19-Mar-2018 10:11:41.888 INFO [http-nio-8090-exec-29] org.apache.catalina.core.ApplicationContext.log Manager: list: Listing contexts for virtual host 'localhost'
19-Mar-2018 10:11:44.765 INFO [http-nio-8090-exec-22] org.apache.catalina.core.ApplicationContext.log Manager: list: Listing contexts for virtual host 'localhost'
19-Mar-2018 10:11:44.765 INFO [http-nio-8090-exec-23] org.apache.catalina.core.ApplicationContext.log Manager: list: Listing contexts for virtual host 'localhost'
19-Mar-2018 10:11:44.781 INFO [http-nio-8090-exec-18] org.apache.catalina.core.ApplicationContext.log Manager: undeploy: Undeploying web application at '/IT_Company_Locator'
19-Mar-2018 10:11:45.293 INFO [http-nio-8090-exec-13] org.apache.catalina.core.ApplicationContext.log Manager: install: Installing context configuration at 'file:/C:/Users/SURAJ~1.JEN/AppData/Local/Temp/context6415379087409450221.xml'
19-Mar-2018 10:11:45.332 INFO [http-nio-8090-exec-24] org.apache.catalina.core.ApplicationContext.log Manager: start: Starting web application '/IT_Company_Locator'
19-Mar-2018 10:12:10.624 INFO [http-nio-8090-exec-29] org.apache.catalina.core.ApplicationContext.log Manager: list: Listing contexts for virtual host 'localhost'
19-Mar-2018 10:12:10.624 INFO [http-nio-8090-exec-32] org.apache.catalina.core.ApplicationContext.log Manager: list: Listing contexts for virtual host 'localhost'
19-Mar-2018 10:12:10.639 INFO [http-nio-8090-exec-28] org.apache.catalina.core.ApplicationContext.log Manager: undeploy: Undeploying web application at '/IT_Company_Locator'
19-Mar-2018 10:12:11.165 INFO [http-nio-8090-exec-24] org.apache.catalina.core.ApplicationContext.log Manager: install: Installing context configuration at 'file:/C:/Users/SURAJ~1.JEN/AppData/Local/Temp/context6610506508359667463.xml'
19-Mar-2018 10:12:11.232 INFO [http-nio-8090-exec-13] org.apache.catalina.core.ApplicationContext.log Manager: start: Starting web application '/IT_Company_Locator'
19-Mar-2018 10:12:47.981 INFO [http-nio-8090-exec-31] org.apache.catalina.core.ApplicationContext.log Manager: list: Listing contexts for virtual host 'localhost'
19-Mar-2018 10:12:50.128 INFO [http-nio-8090-exec-22] org.apache.catalina.core.ApplicationContext.log Manager: list: Listing contexts for virtual host 'localhost'
19-Mar-2018 10:12:50.128 INFO [http-nio-8090-exec-38] org.apache.catalina.core.ApplicationContext.log Manager: list: Listing contexts for virtual host 'localhost'
19-Mar-2018 10:12:50.145 INFO [http-nio-8090-exec-37] org.apache.catalina.core.ApplicationContext.log Manager: undeploy: Undeploying web application at '/IT_Company_Locator'
19-Mar-2018 10:12:50.678 INFO [http-nio-8090-exec-13] org.apache.catalina.core.ApplicationContext.log Manager: install: Installing context configuration at 'file:/C:/Users/SURAJ~1.JEN/AppData/Local/Temp/context4721507076227512314.xml'
19-Mar-2018 10:12:50.733 INFO [http-nio-8090-exec-36] org.apache.catalina.core.ApplicationContext.log Manager: start: Starting web application '/IT_Company_Locator'
19-Mar-2018 10:13:04.607 INFO [http-nio-8090-exec-36] org.apache.catalina.core.ApplicationContext.log Manager: list: Listing contexts for virtual host 'localhost'
19-Mar-2018 10:13:06.488 INFO [http-nio-8090-exec-24] org.apache.catalina.core.ApplicationContext.log Manager: list: Listing contexts for virtual host 'localhost'
19-Mar-2018 10:13:06.491 INFO [http-nio-8090-exec-41] org.apache.catalina.core.ApplicationContext.log Manager: list: Listing contexts for virtual host 'localhost'
19-Mar-2018 10:13:06.514 INFO [http-nio-8090-exec-28] org.apache.catalina.core.ApplicationContext.log Manager: undeploy: Undeploying web application at '/IT_Company_Locator'
19-Mar-2018 10:13:07.041 INFO [http-nio-8090-exec-40] org.apache.catalina.core.ApplicationContext.log Manager: install: Installing context configuration at 'file:/C:/Users/SURAJ~1.JEN/AppData/Local/Temp/context4648019394433418258.xml'
19-Mar-2018 10:13:07.084 INFO [http-nio-8090-exec-43] org.apache.catalina.core.ApplicationContext.log Manager: start: Starting web application '/IT_Company_Locator'
19-Mar-2018 10:14:31.122 INFO [http-nio-8090-exec-47] org.apache.catalina.core.ApplicationContext.log Manager: list: Listing contexts for virtual host 'localhost'
19-Mar-2018 10:14:32.835 INFO [http-nio-8090-exec-48] org.apache.catalina.core.ApplicationContext.log Manager: list: Listing contexts for virtual host 'localhost'
19-Mar-2018 10:14:32.838 INFO [http-nio-8090-exec-49] org.apache.catalina.core.ApplicationContext.log Manager: list: Listing contexts for virtual host 'localhost'
19-Mar-2018 10:14:32.872 INFO [http-nio-8090-exec-46] org.apache.catalina.core.ApplicationContext.log Manager: undeploy: Undeploying web application at '/IT_Company_Locator'
19-Mar-2018 10:14:33.401 INFO [http-nio-8090-exec-36] org.apache.catalina.core.ApplicationContext.log Manager: install: Installing context configuration at 'file:/C:/Users/SURAJ~1.JEN/AppData/Local/Temp/context1790847927487289075.xml'
19-Mar-2018 10:14:33.475 INFO [http-nio-8090-exec-53] org.apache.catalina.core.ApplicationContext.log Manager: start: Starting web application '/IT_Company_Locator'
19-Mar-2018 10:14:49.159 INFO [http-nio-8090-exec-53] org.apache.catalina.core.ApplicationContext.log Manager: list: Listing contexts for virtual host 'localhost'
19-Mar-2018 10:14:51.661 INFO [http-nio-8090-exec-51] org.apache.catalina.core.ApplicationContext.log Manager: list: Listing contexts for virtual host 'localhost'
19-Mar-2018 10:14:51.664 INFO [http-nio-8090-exec-44] org.apache.catalina.core.ApplicationContext.log Manager: list: Listing contexts for virtual host 'localhost'
19-Mar-2018 10:14:51.678 INFO [http-nio-8090-exec-48] org.apache.catalina.core.ApplicationContext.log Manager: undeploy: Undeploying web application at '/IT_Company_Locator'
19-Mar-2018 10:14:52.185 INFO [http-nio-8090-exec-36] org.apache.catalina.core.ApplicationContext.log Manager: install: Installing context configuration at 'file:/C:/Users/SURAJ~1.JEN/AppData/Local/Temp/context8209306329420132959.xml'
19-Mar-2018 10:14:52.247 INFO [http-nio-8090-exec-54] org.apache.catalina.core.ApplicationContext.log Manager: start: Starting web application '/IT_Company_Locator'
19-Mar-2018 10:15:03.176 INFO [http-nio-8090-exec-60] org.apache.catalina.core.ApplicationContext.log Manager: list: Listing contexts for virtual host 'localhost'
19-Mar-2018 10:16:40.591 INFO [http-nio-8090-exec-60] org.apache.catalina.core.ApplicationContext.log Manager: list: Listing contexts for virtual host 'localhost'
19-Mar-2018 10:16:43.236 INFO [http-nio-8090-exec-58] org.apache.catalina.core.ApplicationContext.log Manager: list: Listing contexts for virtual host 'localhost'
19-Mar-2018 10:16:43.238 INFO [http-nio-8090-exec-62] org.apache.catalina.core.ApplicationContext.log Manager: list: Listing contexts for virtual host 'localhost'
19-Mar-2018 10:16:43.252 INFO [http-nio-8090-exec-63] org.apache.catalina.core.ApplicationContext.log Manager: undeploy: Undeploying web application at '/IT_Company_Locator'
19-Mar-2018 10:16:43.781 INFO [http-nio-8090-exec-59] org.apache.catalina.core.ApplicationContext.log Manager: install: Installing context configuration at 'file:/C:/Users/SURAJ~1.JEN/AppData/Local/Temp/context680630782926220460.xml'
19-Mar-2018 10:16:43.921 INFO [http-nio-8090-exec-54] org.apache.catalina.core.ApplicationContext.log Manager: start: Starting web application '/IT_Company_Locator'
19-Mar-2018 10:17:11.410 INFO [http-nio-8090-exec-54] org.apache.catalina.core.ApplicationContext.log Manager: list: Listing contexts for virtual host 'localhost'
19-Mar-2018 10:17:13.192 INFO [http-nio-8090-exec-62] org.apache.catalina.core.ApplicationContext.log Manager: list: Listing contexts for virtual host 'localhost'
19-Mar-2018 10:17:13.207 INFO [http-nio-8090-exec-47] org.apache.catalina.core.ApplicationContext.log Manager: list: Listing contexts for virtual host 'localhost'
19-Mar-2018 10:17:13.207 INFO [http-nio-8090-exec-60] org.apache.catalina.core.ApplicationContext.log Manager: undeploy: Undeploying web application at '/IT_Company_Locator'
19-Mar-2018 10:17:13.746 INFO [http-nio-8090-exec-67] org.apache.catalina.core.ApplicationContext.log Manager: install: Installing context configuration at 'file:/C:/Users/SURAJ~1.JEN/AppData/Local/Temp/context6222670333776163130.xml'
19-Mar-2018 10:17:13.793 INFO [http-nio-8090-exec-54] org.apache.catalina.core.ApplicationContext.log Manager: start: Starting web application '/IT_Company_Locator'
19-Mar-2018 10:17:26.644 INFO [http-nio-8090-exec-54] org.apache.catalina.core.ApplicationContext.log Manager: list: Listing contexts for virtual host 'localhost'
19-Mar-2018 11:33:18.291 INFO [http-nio-8090-exec-77] org.apache.catalina.core.ApplicationContext.log Manager: list: Listing contexts for virtual host 'localhost'
19-Mar-2018 11:33:37.244 INFO [http-nio-8090-exec-77] org.apache.catalina.core.ApplicationContext.log Manager: list: Listing contexts for virtual host 'localhost'
19-Mar-2018 11:34:32.488 INFO [http-nio-8090-exec-70] org.apache.catalina.core.ApplicationContext.log Manager: list: Listing contexts for virtual host 'localhost'
19-Mar-2018 11:34:41.666 INFO [http-nio-8090-exec-71] org.apache.catalina.core.ApplicationContext.log Manager: list: Listing contexts for virtual host 'localhost'
19-Mar-2018 11:34:41.666 INFO [http-nio-8090-exec-69] org.apache.catalina.core.ApplicationContext.log Manager: list: Listing contexts for virtual host 'localhost'
19-Mar-2018 11:34:42.057 INFO [http-nio-8090-exec-72] org.apache.catalina.core.ApplicationContext.log Manager: undeploy: Undeploying web application at '/IT_Company_Locator'
19-Mar-2018 11:34:43.009 INFO [http-nio-8090-exec-69] org.apache.catalina.core.ApplicationContext.log Manager: install: Installing context configuration at 'file:/C:/Users/SURAJ~1.JEN/AppData/Local/Temp/context1717214366512769617.xml'
19-Mar-2018 11:34:43.338 INFO [http-nio-8090-exec-70] org.apache.catalina.core.ApplicationContext.log Manager: start: Starting web application '/IT_Company_Locator'
19-Mar-2018 11:35:40.157 INFO [http-nio-8090-exec-78] org.apache.catalina.core.ApplicationContext.log Manager: list: Listing contexts for virtual host 'localhost'
19-Mar-2018 11:35:43.224 INFO [http-nio-8090-exec-82] org.apache.catalina.core.ApplicationContext.log Manager: list: Listing contexts for virtual host 'localhost'
19-Mar-2018 11:37:34.504 INFO [http-nio-8090-exec-81] org.apache.catalina.core.ApplicationContext.log Manager: list: Listing contexts for virtual host 'localhost'
19-Mar-2018 11:37:41.018 INFO [http-nio-8090-exec-81] org.apache.catalina.core.ApplicationContext.log Manager: list: Listing contexts for virtual host 'localhost'
19-Mar-2018 11:37:49.934 INFO [http-nio-8090-exec-79] org.apache.catalina.core.ApplicationContext.log Manager: list: Listing contexts for virtual host 'localhost'
19-Mar-2018 11:37:49.934 INFO [http-nio-8090-exec-82] org.apache.catalina.core.ApplicationContext.log Manager: list: Listing contexts for virtual host 'localhost'
19-Mar-2018 11:37:49.949 INFO [http-nio-8090-exec-80] org.apache.catalina.core.ApplicationContext.log Manager: undeploy: Undeploying web application at '/IT_Company_Locator'
19-Mar-2018 11:37:50.509 INFO [http-nio-8090-exec-81] org.apache.catalina.core.ApplicationContext.log Manager: install: Installing context configuration at 'file:/C:/Users/SURAJ~1.JEN/AppData/Local/Temp/context6424288165865982720.xml'
19-Mar-2018 11:37:50.602 INFO [http-nio-8090-exec-79] org.apache.catalina.core.ApplicationContext.log Manager: start: Starting web application '/IT_Company_Locator'
19-Mar-2018 11:44:05.232 INFO [http-nio-8090-exec-95] org.apache.catalina.core.ApplicationContext.log Manager: list: Listing contexts for virtual host 'localhost'
19-Mar-2018 11:44:25.873 INFO [http-nio-8090-exec-93] org.apache.catalina.core.ApplicationContext.log Manager: list: Listing contexts for virtual host 'localhost'
19-Mar-2018 11:44:25.889 INFO [http-nio-8090-exec-94] org.apache.catalina.core.ApplicationContext.log Manager: restart: Reloading web application '/IT_Company_Locator'
19-Mar-2018 11:44:31.814 INFO [http-nio-8090-exec-92] org.apache.catalina.core.ApplicationContext.log Manager: list: Listing contexts for virtual host 'localhost'
19-Mar-2018 11:44:31.814 INFO [http-nio-8090-exec-90] org.apache.catalina.core.ApplicationContext.log Manager: list: Listing contexts for virtual host 'localhost'
19-Mar-2018 11:44:31.975 INFO [http-nio-8090-exec-91] org.apache.catalina.core.ApplicationContext.log Manager: undeploy: Undeploying web application at '/IT_Company_Locator'
19-Mar-2018 11:44:32.562 INFO [http-nio-8090-exec-90] org.apache.catalina.core.ApplicationContext.log Manager: install: Installing context configuration at 'file:/C:/Users/SURAJ~1.JEN/AppData/Local/Temp/context7089370695349410454.xml'
19-Mar-2018 11:44:32.685 INFO [http-nio-8090-exec-99] org.apache.catalina.core.ApplicationContext.log Manager: start: Starting web application '/IT_Company_Locator'
19-Mar-2018 12:27:17.004 INFO [http-nio-8090-exec-110] org.apache.catalina.core.ApplicationContext.log Manager: list: Listing contexts for virtual host 'localhost'
19-Mar-2018 12:27:47.946 INFO [http-nio-8090-exec-111] org.apache.catalina.core.ApplicationContext.log Manager: list: Listing contexts for virtual host 'localhost'
19-Mar-2018 12:27:53.421 INFO [http-nio-8090-exec-104] org.apache.catalina.core.ApplicationContext.log Manager: list: Listing contexts for virtual host 'localhost'
19-Mar-2018 12:27:53.424 INFO [http-nio-8090-exec-103] org.apache.catalina.core.ApplicationContext.log Manager: list: Listing contexts for virtual host 'localhost'
19-Mar-2018 12:27:53.612 INFO [http-nio-8090-exec-105] org.apache.catalina.core.ApplicationContext.log Manager: undeploy: Undeploying web application at '/IT_Company_Locator'
19-Mar-2018 12:27:54.175 INFO [http-nio-8090-exec-110] org.apache.catalina.core.ApplicationContext.log Manager: install: Installing context configuration at 'file:/C:/Users/SURAJ~1.JEN/AppData/Local/Temp/context6400497784402506639.xml'
19-Mar-2018 12:27:54.250 INFO [http-nio-8090-exec-104] org.apache.catalina.core.ApplicationContext.log Manager: start: Starting web application '/IT_Company_Locator'
19-Mar-2018 12:45:19.169 INFO [http-nio-8090-exec-116] org.apache.catalina.core.ApplicationContext.log Manager: list: Listing contexts for virtual host 'localhost'
19-Mar-2018 12:45:32.193 INFO [http-nio-8090-exec-121] org.apache.catalina.core.ApplicationContext.log Manager: list: Listing contexts for virtual host 'localhost'
19-Mar-2018 12:45:37.524 INFO [http-nio-8090-exec-118] org.apache.catalina.core.ApplicationContext.log Manager: list: Listing contexts for virtual host 'localhost'
19-Mar-2018 12:45:37.540 INFO [http-nio-8090-exec-119] org.apache.catalina.core.ApplicationContext.log Manager: list: Listing contexts for virtual host 'localhost'
19-Mar-2018 12:45:37.540 INFO [http-nio-8090-exec-120] org.apache.catalina.core.ApplicationContext.log Manager: undeploy: Undeploying web application at '/IT_Company_Locator'
19-Mar-2018 12:45:38.071 INFO [http-nio-8090-exec-115] org.apache.catalina.core.ApplicationContext.log Manager: install: Installing context configuration at 'file:/C:/Users/SURAJ~1.JEN/AppData/Local/Temp/context4976821563942760488.xml'
19-Mar-2018 12:45:38.201 INFO [http-nio-8090-exec-113] org.apache.catalina.core.ApplicationContext.log Manager: start: Starting web application '/IT_Company_Locator'
19-Mar-2018 12:51:08.398 INFO [http-nio-8090-exec-122] org.apache.catalina.core.ApplicationContext.log Manager: list: Listing contexts for virtual host 'localhost'
19-Mar-2018 12:52:09.906 INFO [http-nio-8090-exec-127] org.apache.catalina.core.ApplicationContext.log Manager: list: Listing contexts for virtual host 'localhost'
19-Mar-2018 12:53:28.114 INFO [http-nio-8090-exec-125] org.apache.catalina.core.ApplicationContext.log Manager: list: Listing contexts for virtual host 'localhost'
19-Mar-2018 12:53:28.114 INFO [http-nio-8090-exec-126] org.apache.catalina.core.ApplicationContext.log Manager: list: Listing contexts for virtual host 'localhost'
19-Mar-2018 12:53:28.130 INFO [http-nio-8090-exec-128] org.apache.catalina.core.ApplicationContext.log Manager: undeploy: Undeploying web application at '/IT_Company_Locator'
19-Mar-2018 12:53:28.641 INFO [http-nio-8090-exec-126] org.apache.catalina.core.ApplicationContext.log Manager: install: Installing context configuration at 'file:/C:/Users/SURAJ~1.JEN/AppData/Local/Temp/context2940750385558345672.xml'
19-Mar-2018 12:53:28.751 INFO [http-nio-8090-exec-129] org.apache.catalina.core.ApplicationContext.log Manager: start: Starting web application '/IT_Company_Locator'
19-Mar-2018 12:59:18.304 INFO [http-nio-8090-exec-134] org.apache.catalina.core.ApplicationContext.log Manager: list: Listing contexts for virtual host 'localhost'
19-Mar-2018 13:00:05.619 INFO [http-nio-8090-exec-139] org.apache.catalina.core.ApplicationContext.log Manager: list: Listing contexts for virtual host 'localhost'
19-Mar-2018 13:00:10.578 INFO [http-nio-8090-exec-133] org.apache.catalina.core.ApplicationContext.log Manager: list: Listing contexts for virtual host 'localhost'
19-Mar-2018 13:00:10.580 INFO [http-nio-8090-exec-137] org.apache.catalina.core.ApplicationContext.log Manager: list: Listing contexts for virtual host 'localhost'
19-Mar-2018 13:00:10.599 INFO [http-nio-8090-exec-141] org.apache.catalina.core.ApplicationContext.log Manager: undeploy: Undeploying web application at '/IT_Company_Locator'
19-Mar-2018 13:00:12.970 INFO [http-nio-8090-exec-136] org.apache.catalina.core.ApplicationContext.log Manager: install: Installing context configuration at 'file:/C:/Users/SURAJ~1.JEN/AppData/Local/Temp/context8365442308887260916.xml'
19-Mar-2018 13:00:13.044 INFO [http-nio-8090-exec-135] org.apache.catalina.core.ApplicationContext.log Manager: start: Starting web application '/IT_Company_Locator'
19-Mar-2018 13:06:15.914 INFO [http-nio-8090-exec-148] org.apache.catalina.core.ApplicationContext.log Manager: list: Listing contexts for virtual host 'localhost'
19-Mar-2018 13:07:01.370 INFO [http-nio-8090-exec-150] org.apache.catalina.core.ApplicationContext.log Manager: list: Listing contexts for virtual host 'localhost'
19-Mar-2018 13:07:08.562 INFO [http-nio-8090-exec-144] org.apache.catalina.core.ApplicationContext.log Manager: list: Listing contexts for virtual host 'localhost'
19-Mar-2018 13:07:29.546 INFO [http-nio-8090-exec-144] org.apache.catalina.core.ApplicationContext.log Manager: list: Listing contexts for virtual host 'localhost'
19-Mar-2018 13:07:33.125 INFO [http-nio-8090-exec-151] org.apache.catalina.core.ApplicationContext.log Manager: list: Listing contexts for virtual host 'localhost'
19-Mar-2018 13:07:33.125 INFO [http-nio-8090-exec-150] org.apache.catalina.core.ApplicationContext.log Manager: list: Listing contexts for virtual host 'localhost'
19-Mar-2018 13:07:33.192 INFO [http-nio-8090-exec-142] org.apache.catalina.core.ApplicationContext.log Manager: undeploy: Undeploying web application at '/IT_Company_Locator'
19-Mar-2018 13:07:33.814 INFO [http-nio-8090-exec-150] org.apache.catalina.core.ApplicationContext.log Manager: install: Installing context configuration at 'file:/C:/Users/SURAJ~1.JEN/AppData/Local/Temp/context8741799146669765887.xml'
19-Mar-2018 13:07:33.954 INFO [http-nio-8090-exec-144] org.apache.catalina.core.ApplicationContext.log Manager: start: Starting web application '/IT_Company_Locator'
19-Mar-2018 13:12:18.345 INFO [http-nio-8090-exec-159] org.apache.catalina.core.ApplicationContext.log Manager: list: Listing contexts for virtual host 'localhost'
19-Mar-2018 13:13:22.641 INFO [http-nio-8090-exec-156] org.apache.catalina.core.ApplicationContext.log Manager: list: Listing contexts for virtual host 'localhost'
19-Mar-2018 13:13:27.076 INFO [http-nio-8090-exec-155] org.apache.catalina.core.ApplicationContext.log Manager: list: Listing contexts for virtual host 'localhost'
19-Mar-2018 13:13:27.079 INFO [http-nio-8090-exec-158] org.apache.catalina.core.ApplicationContext.log Manager: list: Listing contexts for virtual host 'localhost'
19-Mar-2018 13:13:27.102 INFO [http-nio-8090-exec-159] org.apache.catalina.core.ApplicationContext.log Manager: undeploy: Undeploying web application at '/IT_Company_Locator'
19-Mar-2018 13:13:27.646 INFO [http-nio-8090-exec-152] org.apache.catalina.core.ApplicationContext.log Manager: install: Installing context configuration at 'file:/C:/Users/SURAJ~1.JEN/AppData/Local/Temp/context8864885171254249879.xml'
19-Mar-2018 13:13:27.730 INFO [http-nio-8090-exec-153] org.apache.catalina.core.ApplicationContext.log Manager: start: Starting web application '/IT_Company_Locator'
19-Mar-2018 13:14:20.881 INFO [http-nio-8090-exec-154] org.apache.catalina.core.ApplicationContext.log Manager: list: Listing contexts for virtual host 'localhost'
19-Mar-2018 13:14:45.810 INFO [http-nio-8090-exec-162] org.apache.catalina.core.ApplicationContext.log Manager: list: Listing contexts for virtual host 'localhost'
19-Mar-2018 13:15:08.975 INFO [http-nio-8090-exec-165] org.apache.catalina.core.ApplicationContext.log Manager: list: Listing contexts for virtual host 'localhost'
19-Mar-2018 13:15:17.603 INFO [http-nio-8090-exec-168] org.apache.catalina.core.ApplicationContext.log Manager: list: Listing contexts for virtual host 'localhost'
19-Mar-2018 13:15:20.298 INFO [http-nio-8090-exec-162] org.apache.catalina.core.ApplicationContext.log Manager: list: Listing contexts for virtual host 'localhost'
19-Mar-2018 13:15:20.300 INFO [http-nio-8090-exec-163] org.apache.catalina.core.ApplicationContext.log Manager: list: Listing contexts for virtual host 'localhost'
19-Mar-2018 13:15:20.310 INFO [http-nio-8090-exec-166] org.apache.catalina.core.ApplicationContext.log Manager: undeploy: Undeploying web application at '/IT_Company_Locator'
19-Mar-2018 13:15:23.076 INFO [http-nio-8090-exec-164] org.apache.catalina.core.ApplicationContext.log Manager: install: Installing context configuration at 'file:/C:/Users/SURAJ~1.JEN/AppData/Local/Temp/context8949612357805573882.xml'
19-Mar-2018 13:15:23.112 INFO [http-nio-8090-exec-167] org.apache.catalina.core.ApplicationContext.log Manager: start: Starting web application '/IT_Company_Locator'
19-Mar-2018 13:17:50.051 INFO [http-nio-8090-exec-173] org.apache.catalina.core.ApplicationContext.log Manager: list: Listing contexts for virtual host 'localhost'
19-Mar-2018 13:17:57.168 INFO [http-nio-8090-exec-172] org.apache.catalina.core.ApplicationContext.log Manager: list: Listing contexts for virtual host 'localhost'
19-Mar-2018 13:18:00.710 INFO [http-nio-8090-exec-178] org.apache.catalina.core.ApplicationContext.log Manager: list: Listing contexts for virtual host 'localhost'
19-Mar-2018 13:18:00.710 INFO [http-nio-8090-exec-176] org.apache.catalina.core.ApplicationContext.log Manager: list: Listing contexts for virtual host 'localhost'
19-Mar-2018 13:18:00.741 INFO [http-nio-8090-exec-177] org.apache.catalina.core.ApplicationContext.log Manager: undeploy: Undeploying web application at '/IT_Company_Locator'
19-Mar-2018 13:18:01.272 INFO [http-nio-8090-exec-181] org.apache.catalina.core.ApplicationContext.log Manager: install: Installing context configuration at 'file:/C:/Users/SURAJ~1.JEN/AppData/Local/Temp/context8149819622753697716.xml'
19-Mar-2018 13:18:01.372 INFO [http-nio-8090-exec-176] org.apache.catalina.core.ApplicationContext.log Manager: start: Starting web application '/IT_Company_Locator'
19-Mar-2018 13:18:32.673 INFO [http-nio-8090-exec-179] org.apache.catalina.core.ApplicationContext.log Manager: list: Listing contexts for virtual host 'localhost'
19-Mar-2018 13:18:38.562 INFO [http-nio-8090-exec-182] org.apache.catalina.core.ApplicationContext.log Manager: list: Listing contexts for virtual host 'localhost'
19-Mar-2018 13:18:45.487 INFO [http-nio-8090-exec-183] org.apache.catalina.core.ApplicationContext.log Manager: list: Listing contexts for virtual host 'localhost'
19-Mar-2018 13:19:05.399 INFO [http-nio-8090-exec-188] org.apache.catalina.core.ApplicationContext.log Manager: list: Listing contexts for virtual host 'localhost'
19-Mar-2018 13:19:08.493 INFO [http-nio-8090-exec-190] org.apache.catalina.core.ApplicationContext.log Manager: list: Listing contexts for virtual host 'localhost'
19-Mar-2018 13:19:08.493 INFO [http-nio-8090-exec-187] org.apache.catalina.core.ApplicationContext.log Manager: list: Listing contexts for virtual host 'localhost'
19-Mar-2018 13:19:08.493 INFO [http-nio-8090-exec-185] org.apache.catalina.core.ApplicationContext.log Manager: undeploy: Undeploying web application at '/IT_Company_Locator'
19-Mar-2018 13:19:09.024 INFO [http-nio-8090-exec-190] org.apache.catalina.core.ApplicationContext.log Manager: install: Installing context configuration at 'file:/C:/Users/SURAJ~1.JEN/AppData/Local/Temp/context7845882737524636773.xml'
19-Mar-2018 13:19:09.102 INFO [http-nio-8090-exec-186] org.apache.catalina.core.ApplicationContext.log Manager: start: Starting web application '/IT_Company_Locator'
19-Mar-2018 13:21:29.151 INFO [http-nio-8090-exec-194] org.apache.catalina.core.ApplicationContext.log Manager: list: Listing contexts for virtual host 'localhost'
19-Mar-2018 13:21:34.873 INFO [http-nio-8090-exec-182] org.apache.catalina.core.ApplicationContext.log Manager: list: Listing contexts for virtual host 'localhost'
19-Mar-2018 13:21:38.250 INFO [http-nio-8090-exec-193] org.apache.catalina.core.ApplicationContext.log Manager: list: Listing contexts for virtual host 'localhost'
19-Mar-2018 13:21:38.252 INFO [http-nio-8090-exec-195] org.apache.catalina.core.ApplicationContext.log Manager: list: Listing contexts for virtual host 'localhost'
19-Mar-2018 13:21:38.263 INFO [http-nio-8090-exec-196] org.apache.catalina.core.ApplicationContext.log Manager: undeploy: Undeploying web application at '/IT_Company_Locator'
19-Mar-2018 13:21:40.950 INFO [http-nio-8090-exec-182] org.apache.catalina.core.ApplicationContext.log Manager: install: Installing context configuration at 'file:/C:/Users/SURAJ~1.JEN/AppData/Local/Temp/context4274721176811828111.xml'
19-Mar-2018 13:21:40.996 INFO [http-nio-8090-exec-184] org.apache.catalina.core.ApplicationContext.log Manager: start: Starting web application '/IT_Company_Locator'
19-Mar-2018 13:31:35.498 INFO [http-nio-8090-exec-206] org.apache.catalina.core.ApplicationContext.log Manager: list: Listing contexts for virtual host 'localhost'
19-Mar-2018 13:31:40.345 INFO [http-nio-8090-exec-203] org.apache.catalina.core.ApplicationContext.log Manager: list: Listing contexts for virtual host 'localhost'
19-Mar-2018 13:31:45.259 INFO [http-nio-8090-exec-208] org.apache.catalina.core.ApplicationContext.log Manager: list: Listing contexts for virtual host 'localhost'
19-Mar-2018 13:31:45.259 INFO [http-nio-8090-exec-201] org.apache.catalina.core.ApplicationContext.log Manager: list: Listing contexts for virtual host 'localhost'
19-Mar-2018 13:31:45.259 INFO [http-nio-8090-exec-209] org.apache.catalina.core.ApplicationContext.log Manager: undeploy: Undeploying web application at '/IT_Company_Locator'
19-Mar-2018 13:31:45.797 INFO [http-nio-8090-exec-200] org.apache.catalina.core.ApplicationContext.log Manager: install: Installing context configuration at 'file:/C:/Users/SURAJ~1.JEN/AppData/Local/Temp/context8626405223302330959.xml'
19-Mar-2018 13:31:45.875 INFO [http-nio-8090-exec-204] org.apache.catalina.core.ApplicationContext.log Manager: start: Starting web application '/IT_Company_Locator'
19-Mar-2018 13:32:23.994 INFO [http-nio-8090-exec-207] org.apache.catalina.core.ApplicationContext.log Manager: list: Listing contexts for virtual host 'localhost'
19-Mar-2018 13:32:30.836 INFO [http-nio-8090-exec-213] org.apache.catalina.core.ApplicationContext.log Manager: list: Listing contexts for virtual host 'localhost'
19-Mar-2018 13:34:13.769 INFO [http-nio-8090-exec-210] org.apache.catalina.core.ApplicationContext.log Manager: list: Listing contexts for virtual host 'localhost'
19-Mar-2018 13:34:27.876 INFO [http-nio-8090-exec-214] org.apache.catalina.core.ApplicationContext.log Manager: list: Listing contexts for virtual host 'localhost'
19-Mar-2018 13:34:27.892 INFO [http-nio-8090-exec-218] org.apache.catalina.core.ApplicationContext.log Manager: restart: Reloading web application '/IT_Company_Locator'
19-Mar-2018 13:41:30.846 INFO [http-nio-8090-exec-225] org.apache.catalina.core.ApplicationContext.log Manager: list: Listing contexts for virtual host 'localhost'
19-Mar-2018 13:41:30.846 INFO [http-nio-8090-exec-226] org.apache.catalina.core.ApplicationContext.log Manager: list: Listing contexts for virtual host 'localhost'
19-Mar-2018 13:41:30.861 INFO [http-nio-8090-exec-210] org.apache.catalina.core.ApplicationContext.log Manager: undeploy: Undeploying web application at '/IT_Company_Locator'
19-Mar-2018 13:41:31.386 INFO [http-nio-8090-exec-223] org.apache.catalina.core.ApplicationContext.log Manager: install: Installing context configuration at 'file:/C:/Users/SURAJ~1.JEN/AppData/Local/Temp/context6674695432361698616.xml'
19-Mar-2018 13:41:31.465 INFO [http-nio-8090-exec-225] org.apache.catalina.core.ApplicationContext.log Manager: start: Starting web application '/IT_Company_Locator'
19-Mar-2018 13:43:05.725 INFO [http-nio-8090-exec-219] org.apache.catalina.core.ApplicationContext.log Manager: list: Listing contexts for virtual host 'localhost'
19-Mar-2018 13:43:05.727 INFO [http-nio-8090-exec-231] org.apache.catalina.core.ApplicationContext.log Manager: list: Listing contexts for virtual host 'localhost'
19-Mar-2018 13:43:05.737 INFO [http-nio-8090-exec-222] org.apache.catalina.core.ApplicationContext.log Manager: undeploy: Undeploying web application at '/IT_Company_Locator'
19-Mar-2018 13:43:06.259 INFO [http-nio-8090-exec-230] org.apache.catalina.core.ApplicationContext.log Manager: install: Installing context configuration at 'file:/C:/Users/SURAJ~1.JEN/AppData/Local/Temp/context1506841863796945480.xml'
19-Mar-2018 13:43:06.308 INFO [http-nio-8090-exec-227] org.apache.catalina.core.ApplicationContext.log Manager: start: Starting web application '/IT_Company_Locator'
19-Mar-2018 13:51:48.841 INFO [http-nio-8090-exec-236] org.apache.catalina.core.ApplicationContext.log Manager: list: Listing contexts for virtual host 'localhost'
19-Mar-2018 13:51:48.841 INFO [http-nio-8090-exec-243] org.apache.catalina.core.ApplicationContext.log Manager: undeploy: Undeploying web application at '/IT_Company_Locator'
19-Mar-2018 13:51:49.372 INFO [http-nio-8090-exec-241] org.apache.catalina.core.ApplicationContext.log Manager: install: Installing context configuration at 'file:/C:/Users/SURAJ~1.JEN/AppData/Local/Temp/context5850316110432057227.xml'
19-Mar-2018 13:51:49.450 INFO [http-nio-8090-exec-234] org.apache.catalina.core.ApplicationContext.log Manager: start: Starting web application '/IT_Company_Locator'
19-Mar-2018 13:52:54.355 INFO [http-nio-8090-exec-239] org.apache.catalina.core.ApplicationContext.log Manager: list: Listing contexts for virtual host 'localhost'
19-Mar-2018 13:52:54.371 INFO [http-nio-8090-exec-250] org.apache.catalina.core.ApplicationContext.log Manager: undeploy: Undeploying web application at '/IT_Company_Locator'
19-Mar-2018 13:54:00.206 INFO [http-nio-8090-exec-247] org.apache.catalina.core.ApplicationContext.log Manager: list: Listing contexts for virtual host 'localhost'
19-Mar-2018 13:54:00.221 INFO [http-nio-8090-exec-251] org.apache.catalina.core.ApplicationContext.log Manager: list: Listing contexts for virtual host 'localhost'
19-Mar-2018 13:54:00.221 INFO [http-nio-8090-exec-253] org.apache.catalina.core.ApplicationContext.log Manager: install: Installing context configuration at 'file:/C:/Users/SURAJ~1.JEN/AppData/Local/Temp/context4641628525300030719.xml'
19-Mar-2018 13:54:00.315 INFO [http-nio-8090-exec-250] org.apache.catalina.core.ApplicationContext.log Manager: start: Starting web application '/IT_Company_Locator'
19-Mar-2018 14:05:42.372 INFO [http-nio-8090-exec-253] org.apache.catalina.core.ApplicationContext.log Manager: list: Listing contexts for virtual host 'localhost'
19-Mar-2018 14:06:01.363 INFO [http-nio-8090-exec-252] org.apache.catalina.core.ApplicationContext.log Manager: list: Listing contexts for virtual host 'localhost'
19-Mar-2018 14:06:07.482 INFO [http-nio-8090-exec-260] org.apache.catalina.core.ApplicationContext.log Manager: list: Listing contexts for virtual host 'localhost'
19-Mar-2018 14:06:07.482 INFO [http-nio-8090-exec-254] org.apache.catalina.core.ApplicationContext.log Manager: list: Listing contexts for virtual host 'localhost'
19-Mar-2018 14:06:07.692 INFO [http-nio-8090-exec-255] org.apache.catalina.core.ApplicationContext.log Manager: undeploy: Undeploying web application at '/IT_Company_Locator'
19-Mar-2018 14:06:08.316 INFO [http-nio-8090-exec-260] org.apache.catalina.core.ApplicationContext.log Manager: install: Installing context configuration at 'file:/C:/Users/SURAJ~1.JEN/AppData/Local/Temp/context8791977662460874573.xml'
19-Mar-2018 14:06:08.519 INFO [http-nio-8090-exec-256] org.apache.catalina.core.ApplicationContext.log Manager: start: Starting web application '/IT_Company_Locator'
19-Mar-2018 14:06:22.959 INFO [http-nio-8090-exec-259] org.apache.catalina.core.ApplicationContext.log Manager: list: Listing contexts for virtual host 'localhost'
19-Mar-2018 14:06:22.959 INFO [http-nio-8090-exec-252] org.apache.catalina.core.ApplicationContext.log Manager: list: Listing contexts for virtual host 'localhost'
19-Mar-2018 14:06:22.975 INFO [http-nio-8090-exec-253] org.apache.catalina.core.ApplicationContext.log Manager: undeploy: Undeploying web application at '/IT_Company_Locator'
19-Mar-2018 14:06:23.583 INFO [http-nio-8090-exec-262] org.apache.catalina.core.ApplicationContext.log Manager: install: Installing context configuration at 'file:/C:/Users/SURAJ~1.JEN/AppData/Local/Temp/context311296882342129168.xml'
19-Mar-2018 14:06:23.661 INFO [http-nio-8090-exec-260] org.apache.catalina.core.ApplicationContext.log Manager: start: Starting web application '/IT_Company_Locator'
19-Mar-2018 14:11:27.158 INFO [http-nio-8090-exec-270] org.apache.catalina.core.ApplicationContext.log Manager: list: Listing contexts for virtual host 'localhost'
19-Mar-2018 14:11:27.159 INFO [http-nio-8090-exec-269] org.apache.catalina.core.ApplicationContext.log Manager: list: Listing contexts for virtual host 'localhost'
19-Mar-2018 14:11:27.377 INFO [http-nio-8090-exec-273] org.apache.catalina.core.ApplicationContext.log Manager: undeploy: Undeploying web application at '/IT_Company_Locator'
19-Mar-2018 14:11:27.940 INFO [http-nio-8090-exec-264] org.apache.catalina.core.ApplicationContext.log Manager: install: Installing context configuration at 'file:/C:/Users/SURAJ~1.JEN/AppData/Local/Temp/context6879059786113901580.xml'
19-Mar-2018 14:11:28.607 INFO [http-nio-8090-exec-264] org.apache.catalina.core.ApplicationContext.log Manager: start: Starting web application '/IT_Company_Locator'
19-Mar-2018 14:11:52.905 INFO [http-nio-8090-exec-264] org.apache.catalina.core.ApplicationContext.log Manager: list: Listing contexts for virtual host 'localhost'
19-Mar-2018 14:11:52.921 INFO [http-nio-8090-exec-275] org.apache.catalina.core.ApplicationContext.log Manager: list: Listing contexts for virtual host 'localhost'
19-Mar-2018 14:11:53.015 INFO [http-nio-8090-exec-266] org.apache.catalina.core.ApplicationContext.log Manager: undeploy: Undeploying web application at '/IT_Company_Locator'
19-Mar-2018 14:11:53.558 INFO [http-nio-8090-exec-264] org.apache.catalina.core.ApplicationContext.log Manager: install: Installing context configuration at 'file:/C:/Users/SURAJ~1.JEN/AppData/Local/Temp/context1435753311383717338.xml'
19-Mar-2018 14:11:53.924 INFO [http-nio-8090-exec-265] org.apache.catalina.core.ApplicationContext.log Manager: start: Starting web application '/IT_Company_Locator'
19-Mar-2018 14:12:40.730 INFO [http-nio-8090-exec-278] org.apache.catalina.core.ApplicationContext.log Manager: list: Listing contexts for virtual host 'localhost'
19-Mar-2018 14:12:40.730 INFO [http-nio-8090-exec-270] org.apache.catalina.core.ApplicationContext.log Manager: list: Listing contexts for virtual host 'localhost'
19-Mar-2018 14:12:40.746 INFO [http-nio-8090-exec-275] org.apache.catalina.core.ApplicationContext.log Manager: undeploy: Undeploying web application at '/IT_Company_Locator'
19-Mar-2018 14:12:41.268 INFO [http-nio-8090-exec-264] org.apache.catalina.core.ApplicationContext.log Manager: install: Installing context configuration at 'file:/C:/Users/SURAJ~1.JEN/AppData/Local/Temp/context5139637661868716849.xml'
19-Mar-2018 14:12:41.690 INFO [http-nio-8090-exec-278] org.apache.catalina.core.ApplicationContext.log Manager: start: Starting web application '/IT_Company_Locator'
19-Mar-2018 14:14:08.457 INFO [http-nio-8090-exec-280] org.apache.catalina.core.ApplicationContext.log Manager: list: Listing contexts for virtual host 'localhost'
19-Mar-2018 14:14:08.473 INFO [http-nio-8090-exec-284] org.apache.catalina.core.ApplicationContext.log Manager: list: Listing contexts for virtual host 'localhost'
19-Mar-2018 14:14:08.535 INFO [http-nio-8090-exec-281] org.apache.catalina.core.ApplicationContext.log Manager: undeploy: Undeploying web application at '/IT_Company_Locator'
19-Mar-2018 14:14:09.082 INFO [http-nio-8090-exec-283] org.apache.catalina.core.ApplicationContext.log Manager: install: Installing context configuration at 'file:/C:/Users/SURAJ~1.JEN/AppData/Local/Temp/context8431387547092136447.xml'
19-Mar-2018 14:14:09.155 INFO [http-nio-8090-exec-286] org.apache.catalina.core.ApplicationContext.log Manager: start: Starting web application '/IT_Company_Locator'
19-Mar-2018 14:14:21.453 INFO [http-nio-8090-exec-285] org.apache.catalina.core.ApplicationContext.log Manager: list: Listing contexts for virtual host 'localhost'
19-Mar-2018 14:14:21.453 INFO [http-nio-8090-exec-282] org.apache.catalina.core.ApplicationContext.log Manager: list: Listing contexts for virtual host 'localhost'
19-Mar-2018 14:14:21.531 INFO [http-nio-8090-exec-288] org.apache.catalina.core.ApplicationContext.log Manager: undeploy: Undeploying web application at '/IT_Company_Locator'
19-Mar-2018 14:14:22.062 INFO [http-nio-8090-exec-265] org.apache.catalina.core.ApplicationContext.log Manager: install: Installing context configuration at 'file:/C:/Users/SURAJ~1.JEN/AppData/Local/Temp/context2771952766944499031.xml'
19-Mar-2018 14:14:22.125 INFO [http-nio-8090-exec-286] org.apache.catalina.core.ApplicationContext.log Manager: start: Starting web application '/IT_Company_Locator'
19-Mar-2018 14:16:45.565 INFO [http-nio-8090-exec-295] org.apache.catalina.core.ApplicationContext.log Manager: list: Listing contexts for virtual host 'localhost'
19-Mar-2018 14:16:45.565 INFO [http-nio-8090-exec-290] org.apache.catalina.core.ApplicationContext.log Manager: list: Listing contexts for virtual host 'localhost'
19-Mar-2018 14:16:45.628 INFO [http-nio-8090-exec-283] org.apache.catalina.core.ApplicationContext.log Manager: undeploy: Undeploying web application at '/IT_Company_Locator'
19-Mar-2018 14:16:46.245 INFO [http-nio-8090-exec-265] org.apache.catalina.core.ApplicationContext.log Manager: install: Installing context configuration at 'file:/C:/Users/SURAJ~1.JEN/AppData/Local/Temp/context8349573758250207866.xml'
19-Mar-2018 14:16:46.401 INFO [http-nio-8090-exec-291] org.apache.catalina.core.ApplicationContext.log Manager: start: Starting web application '/IT_Company_Locator'
19-Mar-2018 14:16:58.917 INFO [http-nio-8090-exec-296] org.apache.catalina.core.ApplicationContext.log Manager: list: Listing contexts for virtual host 'localhost'
19-Mar-2018 14:16:58.917 INFO [http-nio-8090-exec-292] org.apache.catalina.core.ApplicationContext.log Manager: list: Listing contexts for virtual host 'localhost'
19-Mar-2018 14:16:58.932 INFO [http-nio-8090-exec-294] org.apache.catalina.core.ApplicationContext.log Manager: undeploy: Undeploying web application at '/IT_Company_Locator'
19-Mar-2018 14:16:59.480 INFO [http-nio-8090-exec-298] org.apache.catalina.core.ApplicationContext.log Manager: install: Installing context configuration at 'file:/C:/Users/SURAJ~1.JEN/AppData/Local/Temp/context2055585198649881510.xml'
19-Mar-2018 14:16:59.542 INFO [http-nio-8090-exec-291] org.apache.catalina.core.ApplicationContext.log Manager: start: Starting web application '/IT_Company_Locator'
19-Mar-2018 15:30:27.887 INFO [http-nio-8090-exec-306] org.apache.catalina.core.ApplicationContext.log Manager: list: Listing contexts for virtual host 'localhost'
19-Mar-2018 15:30:27.889 INFO [http-nio-8090-exec-302] org.apache.catalina.core.ApplicationContext.log Manager: list: Listing contexts for virtual host 'localhost'
19-Mar-2018 15:30:28.394 INFO [http-nio-8090-exec-307] org.apache.catalina.core.ApplicationContext.log Manager: undeploy: Undeploying web application at '/IT_Company_Locator'
19-Mar-2018 15:30:28.962 INFO [http-nio-8090-exec-305] org.apache.catalina.core.ApplicationContext.log Manager: install: Installing context configuration at 'file:/C:/Users/SURAJ~1.JEN/AppData/Local/Temp/context4167158979078660958.xml'
19-Mar-2018 15:30:29.152 INFO [http-nio-8090-exec-301] org.apache.catalina.core.ApplicationContext.log Manager: start: Starting web application '/IT_Company_Locator'
19-Mar-2018 15:47:26.013 INFO [http-nio-8090-exec-7] org.apache.catalina.core.ApplicationContext.log Manager: init: Associated with Deployer 'Catalina:type=Deployer,host=localhost'
19-Mar-2018 15:47:26.013 INFO [http-nio-8090-exec-7] org.apache.catalina.core.ApplicationContext.log Manager: init: Global resources are available
19-Mar-2018 15:47:26.545 INFO [http-nio-8090-exec-10] org.apache.catalina.core.ApplicationContext.log Manager: list: Listing contexts for virtual host 'localhost'
19-Mar-2018 15:47:26.560 INFO [http-nio-8090-exec-2] org.apache.catalina.core.ApplicationContext.log Manager: list: Listing contexts for virtual host 'localhost'
19-Mar-2018 15:47:26.888 INFO [http-nio-8090-exec-3] org.apache.catalina.core.ApplicationContext.log Manager: undeploy: Undeploying web application at '/IT_Company_Locator'
19-Mar-2018 15:47:27.562 INFO [http-nio-8090-exec-5] org.apache.catalina.core.ApplicationContext.log Manager: install: Installing context configuration at 'file:/C:/Users/SURAJ~1.JEN/AppData/Local/Temp/context4205237871631536727.xml'
19-Mar-2018 15:47:27.624 INFO [http-nio-8090-exec-8] org.apache.catalina.core.ApplicationContext.log Manager: start: Starting web application '/IT_Company_Locator'
19-Mar-2018 15:48:03.893 INFO [http-nio-8090-exec-13] org.apache.catalina.core.ApplicationContext.log Manager: list: Listing contexts for virtual host 'localhost'
19-Mar-2018 15:48:03.908 INFO [http-nio-8090-exec-14] org.apache.catalina.core.ApplicationContext.log Manager: list: Listing contexts for virtual host 'localhost'
19-Mar-2018 15:48:03.924 INFO [http-nio-8090-exec-2] org.apache.catalina.core.ApplicationContext.log Manager: undeploy: Undeploying web application at '/IT_Company_Locator'
19-Mar-2018 15:48:04.451 INFO [http-nio-8090-exec-8] org.apache.catalina.core.ApplicationContext.log Manager: install: Installing context configuration at 'file:/C:/Users/SURAJ~1.JEN/AppData/Local/Temp/context785447028696411247.xml'
19-Mar-2018 15:48:04.498 INFO [http-nio-8090-exec-4] org.apache.catalina.core.ApplicationContext.log Manager: start: Starting web application '/IT_Company_Locator'
19-Mar-2018 15:48:29.166 INFO [http-nio-8090-exec-14] org.apache.catalina.core.ApplicationContext.log Manager: list: Listing contexts for virtual host 'localhost'
19-Mar-2018 15:48:29.166 INFO [http-nio-8090-exec-17] org.apache.catalina.core.ApplicationContext.log Manager: list: Listing contexts for virtual host 'localhost'
19-Mar-2018 15:48:29.182 INFO [http-nio-8090-exec-11] org.apache.catalina.core.ApplicationContext.log Manager: undeploy: Undeploying web application at '/IT_Company_Locator'
19-Mar-2018 15:48:29.739 INFO [http-nio-8090-exec-17] org.apache.catalina.core.ApplicationContext.log Manager: install: Installing context configuration at 'file:/C:/Users/SURAJ~1.JEN/AppData/Local/Temp/context5183631127303071251.xml'
19-Mar-2018 15:48:29.974 INFO [http-nio-8090-exec-16] org.apache.catalina.core.ApplicationContext.log Manager: start: Starting web application '/IT_Company_Locator'
19-Mar-2018 18:08:49.505 INFO [http-nio-8090-exec-21] org.apache.catalina.core.ApplicationContext.log Manager: list: Listing contexts for virtual host 'localhost'
19-Mar-2018 18:08:49.552 INFO [http-nio-8090-exec-26] org.apache.catalina.core.ApplicationContext.log Manager: list: Listing contexts for virtual host 'localhost'
19-Mar-2018 18:08:49.943 INFO [http-nio-8090-exec-23] org.apache.catalina.core.ApplicationContext.log Manager: undeploy: Undeploying web application at '/IT_Company_Locator'
19-Mar-2018 18:08:51.115 INFO [http-nio-8090-exec-20] org.apache.catalina.core.ApplicationContext.log Manager: install: Installing context configuration at 'file:/C:/Users/SURAJ~1.JEN/AppData/Local/Temp/context2419391609262749100.xml'
19-Mar-2018 18:08:52.027 INFO [http-nio-8090-exec-24] org.apache.catalina.core.ApplicationContext.log Manager: start: Starting web application '/IT_Company_Locator'
