07-Feb-2018 17:57:32.407 INFO [http-nio-8090-exec-1] org.apache.catalina.core.ApplicationContext.log Manager: init: Associated with Deployer 'Catalina:type=Deployer,host=localhost'
07-Feb-2018 17:57:32.407 INFO [http-nio-8090-exec-1] org.apache.catalina.core.ApplicationContext.log Manager: init: Global resources are available
07-Feb-2018 17:57:32.411 INFO [http-nio-8090-exec-1] org.apache.catalina.core.ApplicationContext.log Manager: list: Listing contexts for virtual host 'localhost'
07-Feb-2018 17:57:32.425 INFO [http-nio-8090-exec-2] org.apache.catalina.core.ApplicationContext.log Manager: deploy: Deploying web application '/webapp'
07-Feb-2018 17:57:32.425 INFO [http-nio-8090-exec-2] org.apache.catalina.core.ApplicationContext.log Manager: Uploading WAR file to C:\Users\suraj.jena\Desktop\web\next\maven-project\apache-tomcat-8.5.27-windows-x64\apache-tomcat-8.5.27\webapps\webapp.war
07-Feb-2018 17:58:11.355 INFO [http-nio-8090-exec-1] org.apache.catalina.core.ApplicationContext.log Manager: list: Listing contexts for virtual host 'localhost'
07-Feb-2018 17:58:11.357 INFO [http-nio-8090-exec-2] org.apache.catalina.core.ApplicationContext.log Manager: list: Listing contexts for virtual host 'localhost'
07-Feb-2018 17:58:11.359 INFO [http-nio-8090-exec-3] org.apache.catalina.core.ApplicationContext.log Manager: undeploy: Undeploying web application at '/webapp'
07-Feb-2018 17:58:11.903 INFO [http-nio-8090-exec-5] org.apache.catalina.core.ApplicationContext.log Manager: deploy: Deploying web application '/webapp'
07-Feb-2018 17:58:11.903 INFO [http-nio-8090-exec-5] org.apache.catalina.core.ApplicationContext.log Manager: Uploading WAR file to C:\Users\suraj.jena\Desktop\web\next\maven-project\apache-tomcat-8.5.27-windows-x64\apache-tomcat-8.5.27\webapps\webapp.war
07-Feb-2018 18:00:32.425 INFO [http-nio-8090-exec-11] org.apache.catalina.core.ApplicationContext.log Manager: list: Listing contexts for virtual host 'localhost'
07-Feb-2018 18:00:32.427 INFO [http-nio-8090-exec-6] org.apache.catalina.core.ApplicationContext.log Manager: list: Listing contexts for virtual host 'localhost'
07-Feb-2018 18:00:32.428 INFO [http-nio-8090-exec-1] org.apache.catalina.core.ApplicationContext.log Manager: undeploy: Undeploying web application at '/webapp'
07-Feb-2018 18:00:32.963 INFO [http-nio-8090-exec-11] org.apache.catalina.core.ApplicationContext.log Manager: deploy: Deploying web application '/webapp'
07-Feb-2018 18:00:32.963 INFO [http-nio-8090-exec-11] org.apache.catalina.core.ApplicationContext.log Manager: Uploading WAR file to C:\Users\suraj.jena\Desktop\web\next\maven-project\apache-tomcat-8.5.27-windows-x64\apache-tomcat-8.5.27\webapps\webapp.war
07-Feb-2018 18:01:42.467 INFO [http-nio-8090-exec-19] org.apache.catalina.core.ApplicationContext.log Manager: list: Listing contexts for virtual host 'localhost'
07-Feb-2018 18:01:42.467 INFO [http-nio-8090-exec-20] org.apache.catalina.core.ApplicationContext.log Manager: list: Listing contexts for virtual host 'localhost'
07-Feb-2018 18:01:42.467 INFO [http-nio-8090-exec-21] org.apache.catalina.core.ApplicationContext.log Manager: undeploy: Undeploying web application at '/webapp'
07-Feb-2018 18:01:42.982 INFO [http-nio-8090-exec-12] org.apache.catalina.core.ApplicationContext.log Manager: deploy: Deploying web application '/webapp'
07-Feb-2018 18:01:42.982 INFO [http-nio-8090-exec-12] org.apache.catalina.core.ApplicationContext.log Manager: Uploading WAR file to C:\Users\suraj.jena\Desktop\web\next\maven-project\apache-tomcat-8.5.27-windows-x64\apache-tomcat-8.5.27\webapps\webapp.war
07-Feb-2018 18:34:24.237 INFO [http-nio-8090-exec-30] org.apache.catalina.core.ApplicationContext.log Manager: list: Listing contexts for virtual host 'localhost'
07-Feb-2018 18:34:24.240 INFO [http-nio-8090-exec-31] org.apache.catalina.core.ApplicationContext.log Manager: list: Listing contexts for virtual host 'localhost'
07-Feb-2018 18:34:24.242 INFO [http-nio-8090-exec-32] org.apache.catalina.core.ApplicationContext.log Manager: undeploy: Undeploying web application at '/webapp'
07-Feb-2018 18:34:24.755 INFO [http-nio-8090-exec-32] org.apache.catalina.core.ApplicationContext.log Manager: deploy: Deploying web application '/webapp'
07-Feb-2018 18:34:24.755 INFO [http-nio-8090-exec-32] org.apache.catalina.core.ApplicationContext.log Manager: Uploading WAR file to C:\Users\suraj.jena\Desktop\web\next\maven-project\apache-tomcat-8.5.27-windows-x64\apache-tomcat-8.5.27\webapps\webapp.war
07-Feb-2018 18:41:00.010 INFO [http-nio-8090-exec-35] org.apache.catalina.core.ApplicationContext.log Manager: list: Listing contexts for virtual host 'localhost'
07-Feb-2018 18:41:00.010 INFO [http-nio-8090-exec-35] org.apache.catalina.core.ApplicationContext.log Manager: list: Listing contexts for virtual host 'localhost'
07-Feb-2018 18:41:00.010 INFO [http-nio-8090-exec-36] org.apache.catalina.core.ApplicationContext.log Manager: undeploy: Undeploying web application at '/webapp'
07-Feb-2018 18:41:00.529 INFO [http-nio-8090-exec-38] org.apache.catalina.core.ApplicationContext.log Manager: deploy: Deploying web application '/webapp'
07-Feb-2018 18:41:00.529 INFO [http-nio-8090-exec-38] org.apache.catalina.core.ApplicationContext.log Manager: Uploading WAR file to C:\Users\suraj.jena\Desktop\web\next\maven-project\apache-tomcat-8.5.27-windows-x64\apache-tomcat-8.5.27\webapps\webapp.war
07-Feb-2018 18:41:30.069 INFO [http-nio-8090-exec-37] org.apache.catalina.core.ApplicationContext.log Manager: list: Listing contexts for virtual host 'localhost'
07-Feb-2018 18:41:30.073 INFO [http-nio-8090-exec-42] org.apache.catalina.core.ApplicationContext.log Manager: list: Listing contexts for virtual host 'localhost'
07-Feb-2018 18:41:30.074 INFO [http-nio-8090-exec-41] org.apache.catalina.core.ApplicationContext.log Manager: undeploy: Undeploying web application at '/webapp'
07-Feb-2018 18:41:30.595 INFO [http-nio-8090-exec-38] org.apache.catalina.core.ApplicationContext.log Manager: deploy: Deploying web application '/webapp'
07-Feb-2018 18:41:30.595 INFO [http-nio-8090-exec-38] org.apache.catalina.core.ApplicationContext.log Manager: Uploading WAR file to C:\Users\suraj.jena\Desktop\web\next\maven-project\apache-tomcat-8.5.27-windows-x64\apache-tomcat-8.5.27\webapps\webapp.war
07-Feb-2018 19:05:31.038 INFO [http-nio-8090-exec-46] org.apache.catalina.core.ApplicationContext.log Manager: list: Listing contexts for virtual host 'localhost'
07-Feb-2018 19:05:31.038 INFO [http-nio-8090-exec-47] org.apache.catalina.core.ApplicationContext.log Manager: list: Listing contexts for virtual host 'localhost'
07-Feb-2018 19:05:31.038 INFO [http-nio-8090-exec-48] org.apache.catalina.core.ApplicationContext.log Manager: undeploy: Undeploying web application at '/webapp'
07-Feb-2018 19:05:31.570 INFO [http-nio-8090-exec-51] org.apache.catalina.core.ApplicationContext.log Manager: deploy: Deploying web application '/webapp'
07-Feb-2018 19:05:31.570 INFO [http-nio-8090-exec-51] org.apache.catalina.core.ApplicationContext.log Manager: Uploading WAR file to C:\Users\suraj.jena\Desktop\web\next\maven-project\apache-tomcat-8.5.27-windows-x64\apache-tomcat-8.5.27\webapps\webapp.war
07-Feb-2018 19:08:16.173 INFO [http-nio-8090-exec-56] org.apache.catalina.core.ApplicationContext.log Manager: list: Listing contexts for virtual host 'localhost'
07-Feb-2018 19:08:16.173 INFO [http-nio-8090-exec-57] org.apache.catalina.core.ApplicationContext.log Manager: list: Listing contexts for virtual host 'localhost'
07-Feb-2018 19:08:16.173 INFO [http-nio-8090-exec-58] org.apache.catalina.core.ApplicationContext.log Manager: undeploy: Undeploying web application at '/webapp'
07-Feb-2018 19:08:16.689 INFO [http-nio-8090-exec-54] org.apache.catalina.core.ApplicationContext.log Manager: deploy: Deploying web application '/webapp'
07-Feb-2018 19:08:16.689 INFO [http-nio-8090-exec-54] org.apache.catalina.core.ApplicationContext.log Manager: Uploading WAR file to C:\Users\suraj.jena\Desktop\web\next\maven-project\apache-tomcat-8.5.27-windows-x64\apache-tomcat-8.5.27\webapps\webapp.war
07-Feb-2018 19:10:41.235 INFO [http-nio-8090-exec-60] org.apache.catalina.core.ApplicationContext.log Manager: list: Listing contexts for virtual host 'localhost'
07-Feb-2018 19:10:41.235 INFO [http-nio-8090-exec-61] org.apache.catalina.core.ApplicationContext.log Manager: list: Listing contexts for virtual host 'localhost'
07-Feb-2018 19:10:41.235 INFO [http-nio-8090-exec-62] org.apache.catalina.core.ApplicationContext.log Manager: undeploy: Undeploying web application at '/webapp'
07-Feb-2018 19:10:41.764 INFO [http-nio-8090-exec-61] org.apache.catalina.core.ApplicationContext.log Manager: deploy: Deploying web application '/webapp'
07-Feb-2018 19:10:41.764 INFO [http-nio-8090-exec-61] org.apache.catalina.core.ApplicationContext.log Manager: Uploading WAR file to C:\Users\suraj.jena\Desktop\web\next\maven-project\apache-tomcat-8.5.27-windows-x64\apache-tomcat-8.5.27\webapps\webapp.war
07-Feb-2018 19:14:41.460 INFO [http-nio-8090-exec-64] org.apache.catalina.core.ApplicationContext.log Manager: list: Listing contexts for virtual host 'localhost'
07-Feb-2018 19:14:41.476 INFO [http-nio-8090-exec-65] org.apache.catalina.core.ApplicationContext.log Manager: list: Listing contexts for virtual host 'localhost'
07-Feb-2018 19:14:41.476 INFO [http-nio-8090-exec-66] org.apache.catalina.core.ApplicationContext.log Manager: undeploy: Undeploying web application at '/webapp'
07-Feb-2018 19:14:42.003 INFO [http-nio-8090-exec-61] org.apache.catalina.core.ApplicationContext.log Manager: deploy: Deploying web application '/webapp'
07-Feb-2018 19:14:42.003 INFO [http-nio-8090-exec-61] org.apache.catalina.core.ApplicationContext.log Manager: Uploading WAR file to C:\Users\suraj.jena\Desktop\web\next\maven-project\apache-tomcat-8.5.27-windows-x64\apache-tomcat-8.5.27\webapps\webapp.war
07-Feb-2018 19:21:06.880 INFO [http-nio-8090-exec-70] org.apache.catalina.core.ApplicationContext.log Manager: list: Listing contexts for virtual host 'localhost'
07-Feb-2018 19:21:06.880 INFO [http-nio-8090-exec-71] org.apache.catalina.core.ApplicationContext.log Manager: list: Listing contexts for virtual host 'localhost'
07-Feb-2018 19:21:06.880 INFO [http-nio-8090-exec-71] org.apache.catalina.core.ApplicationContext.log Manager: undeploy: Undeploying web application at '/webapp'
07-Feb-2018 19:21:07.409 INFO [http-nio-8090-exec-73] org.apache.catalina.core.ApplicationContext.log Manager: deploy: Deploying web application '/webapp'
07-Feb-2018 19:21:07.409 INFO [http-nio-8090-exec-73] org.apache.catalina.core.ApplicationContext.log Manager: Uploading WAR file to C:\Users\suraj.jena\Desktop\web\next\maven-project\apache-tomcat-8.5.27-windows-x64\apache-tomcat-8.5.27\webapps\webapp.war
