10-Mar-2018 00:09:27.620 INFO [http-nio-8090-exec-366] org.apache.catalina.core.ApplicationContext.log Manager: list: Listing contexts for virtual host 'localhost'
10-Mar-2018 00:09:48.087 INFO [http-nio-8090-exec-361] org.apache.catalina.core.ApplicationContext.log Manager: list: Listing contexts for virtual host 'localhost'
10-Mar-2018 00:09:48.137 INFO [http-nio-8090-exec-365] org.apache.catalina.core.ApplicationContext.log Manager: list: Listing contexts for virtual host 'localhost'
10-Mar-2018 00:12:00.211 INFO [http-nio-8090-exec-363] org.apache.catalina.core.ApplicationContext.log Manager: list: Listing contexts for virtual host 'localhost'
10-Mar-2018 00:12:00.213 INFO [http-nio-8090-exec-365] org.apache.catalina.core.ApplicationContext.log Manager: list: Listing contexts for virtual host 'localhost'
10-Mar-2018 00:14:56.994 INFO [http-nio-8090-exec-363] org.apache.catalina.core.ApplicationContext.log Manager: list: Listing contexts for virtual host 'localhost'
10-Mar-2018 00:14:57.176 INFO [http-nio-8090-exec-365] org.apache.catalina.core.ApplicationContext.log Manager: restart: Reloading web application '/ITCompanyLocator'
10-Mar-2018 00:15:02.042 INFO [http-nio-8090-exec-369] org.apache.catalina.core.ApplicationContext.log Manager: list: Listing contexts for virtual host 'localhost'
10-Mar-2018 00:15:02.045 INFO [http-nio-8090-exec-366] org.apache.catalina.core.ApplicationContext.log Manager: list: Listing contexts for virtual host 'localhost'
10-Mar-2018 00:15:02.082 INFO [http-nio-8090-exec-361] org.apache.catalina.core.ApplicationContext.log Manager: restart: Reloading web application '/ITCompanyLocator'
10-Mar-2018 00:15:54.114 INFO [http-nio-8090-exec-364] org.apache.catalina.core.ApplicationContext.log Manager: list: Listing contexts for virtual host 'localhost'
10-Mar-2018 00:15:54.131 INFO [http-nio-8090-exec-367] org.apache.catalina.core.ApplicationContext.log Manager: restart: Reloading web application '/ITCompanyLocator'
10-Mar-2018 00:16:31.661 INFO [http-nio-8090-exec-368] org.apache.catalina.core.ApplicationContext.log Manager: list: Listing contexts for virtual host 'localhost'
10-Mar-2018 00:16:48.566 INFO [http-nio-8090-exec-364] org.apache.catalina.core.ApplicationContext.log Manager: list: Listing contexts for virtual host 'localhost'
10-Mar-2018 00:16:48.596 INFO [http-nio-8090-exec-363] org.apache.catalina.core.ApplicationContext.log Manager: list: Listing contexts for virtual host 'localhost'
10-Mar-2018 00:16:48.607 INFO [http-nio-8090-exec-374] org.apache.catalina.core.ApplicationContext.log Manager: restart: Reloading web application '/ITCompanyLocator'
10-Mar-2018 00:18:09.532 INFO [http-nio-8090-exec-382] org.apache.catalina.core.ApplicationContext.log Manager: list: Listing contexts for virtual host 'localhost'
10-Mar-2018 00:18:28.308 INFO [http-nio-8090-exec-381] org.apache.catalina.core.ApplicationContext.log Manager: list: Listing contexts for virtual host 'localhost'
10-Mar-2018 00:18:28.315 INFO [http-nio-8090-exec-383] org.apache.catalina.core.ApplicationContext.log Manager: restart: Reloading web application '/ITCompanyLocator'
10-Mar-2018 00:18:34.954 INFO [http-nio-8090-exec-378] org.apache.catalina.core.ApplicationContext.log Manager: list: Listing contexts for virtual host 'localhost'
10-Mar-2018 00:18:34.956 INFO [http-nio-8090-exec-379] org.apache.catalina.core.ApplicationContext.log Manager: list: Listing contexts for virtual host 'localhost'
10-Mar-2018 00:18:34.966 INFO [http-nio-8090-exec-381] org.apache.catalina.core.ApplicationContext.log Manager: restart: Reloading web application '/ITCompanyLocator'
10-Mar-2018 00:19:15.624 INFO [http-nio-8090-exec-364] org.apache.catalina.core.ApplicationContext.log Manager: list: Listing contexts for virtual host 'localhost'
10-Mar-2018 00:19:15.629 INFO [http-nio-8090-exec-384] org.apache.catalina.core.ApplicationContext.log Manager: restart: Reloading web application '/ITCompanyLocator'
10-Mar-2018 00:19:18.629 INFO [http-nio-8090-exec-386] org.apache.catalina.core.ApplicationContext.log Manager: list: Listing contexts for virtual host 'localhost'
10-Mar-2018 00:19:18.637 INFO [http-nio-8090-exec-364] org.apache.catalina.core.ApplicationContext.log Manager: restart: Reloading web application '/ITCompanyLocator'
10-Mar-2018 00:19:22.626 INFO [http-nio-8090-exec-385] org.apache.catalina.core.ApplicationContext.log Manager: list: Listing contexts for virtual host 'localhost'
10-Mar-2018 00:19:22.630 INFO [http-nio-8090-exec-379] org.apache.catalina.core.ApplicationContext.log Manager: list: Listing contexts for virtual host 'localhost'
10-Mar-2018 00:19:22.640 INFO [http-nio-8090-exec-387] org.apache.catalina.core.ApplicationContext.log Manager: restart: Reloading web application '/ITCompanyLocator'
10-Mar-2018 00:21:18.609 INFO [http-nio-8090-exec-393] org.apache.catalina.core.ApplicationContext.log Manager: list: Listing contexts for virtual host 'localhost'
10-Mar-2018 00:21:18.622 INFO [http-nio-8090-exec-395] org.apache.catalina.core.ApplicationContext.log Manager: restart: Reloading web application '/ITCompanyLocator'
10-Mar-2018 00:21:31.367 INFO [http-nio-8090-exec-389] org.apache.catalina.core.ApplicationContext.log Manager: list: Listing contexts for virtual host 'localhost'
10-Mar-2018 00:21:31.374 INFO [http-nio-8090-exec-382] org.apache.catalina.core.ApplicationContext.log Manager: restart: Reloading web application '/ITCompanyLocator'
10-Mar-2018 00:22:13.641 INFO [http-nio-8090-exec-397] org.apache.catalina.core.ApplicationContext.log Manager: list: Listing contexts for virtual host 'localhost'
10-Mar-2018 00:22:24.462 INFO [http-nio-8090-exec-385] org.apache.catalina.core.ApplicationContext.log Manager: list: Listing contexts for virtual host 'localhost'
10-Mar-2018 00:22:24.465 INFO [http-nio-8090-exec-389] org.apache.catalina.core.ApplicationContext.log Manager: list: Listing contexts for virtual host 'localhost'
10-Mar-2018 00:22:24.475 INFO [http-nio-8090-exec-390] org.apache.catalina.core.ApplicationContext.log Manager: restart: Reloading web application '/ITCompanyLocator'
10-Mar-2018 00:23:08.771 INFO [http-nio-8090-exec-389] org.apache.catalina.core.ApplicationContext.log Manager: list: Listing contexts for virtual host 'localhost'
10-Mar-2018 00:27:40.686 INFO [http-nio-8090-exec-401] org.apache.catalina.core.ApplicationContext.log Manager: list: Listing contexts for virtual host 'localhost'
10-Mar-2018 00:27:48.516 INFO [http-nio-8090-exec-403] org.apache.catalina.core.ApplicationContext.log Manager: list: Listing contexts for virtual host 'localhost'
10-Mar-2018 00:27:48.518 INFO [http-nio-8090-exec-402] org.apache.catalina.core.ApplicationContext.log Manager: list: Listing contexts for virtual host 'localhost'
10-Mar-2018 00:28:39.748 INFO [http-nio-8090-exec-408] org.apache.catalina.core.ApplicationContext.log Manager: list: Listing contexts for virtual host 'localhost'
10-Mar-2018 00:29:14.666 INFO [http-nio-8090-exec-399] org.apache.catalina.core.ApplicationContext.log Manager: list: Listing contexts for virtual host 'localhost'
10-Mar-2018 00:29:14.669 INFO [http-nio-8090-exec-401] org.apache.catalina.core.ApplicationContext.log Manager: list: Listing contexts for virtual host 'localhost'
10-Mar-2018 00:29:34.817 INFO [http-nio-8090-exec-399] org.apache.catalina.core.ApplicationContext.log Manager: list: Listing contexts for virtual host 'localhost'
10-Mar-2018 00:29:34.819 INFO [http-nio-8090-exec-401] org.apache.catalina.core.ApplicationContext.log Manager: list: Listing contexts for virtual host 'localhost'
10-Mar-2018 00:30:31.615 INFO [http-nio-8090-exec-406] org.apache.catalina.core.ApplicationContext.log Manager: list: Listing contexts for virtual host 'localhost'
10-Mar-2018 00:30:31.623 INFO [http-nio-8090-exec-407] org.apache.catalina.core.ApplicationContext.log Manager: restart: Reloading web application '/ITCompanyLocator'
10-Mar-2018 00:30:35.091 INFO [http-nio-8090-exec-404] org.apache.catalina.core.ApplicationContext.log Manager: list: Listing contexts for virtual host 'localhost'
10-Mar-2018 00:30:35.093 INFO [http-nio-8090-exec-400] org.apache.catalina.core.ApplicationContext.log Manager: list: Listing contexts for virtual host 'localhost'
10-Mar-2018 00:30:35.104 INFO [http-nio-8090-exec-402] org.apache.catalina.core.ApplicationContext.log Manager: restart: Reloading web application '/ITCompanyLocator'
10-Mar-2018 00:30:56.181 INFO [http-nio-8090-exec-410] org.apache.catalina.core.ApplicationContext.log Manager: list: Listing contexts for virtual host 'localhost'
10-Mar-2018 00:30:56.183 INFO [http-nio-8090-exec-402] org.apache.catalina.core.ApplicationContext.log Manager: list: Listing contexts for virtual host 'localhost'
10-Mar-2018 00:33:12.551 INFO [http-nio-8090-exec-411] org.apache.catalina.core.ApplicationContext.log Manager: list: Listing contexts for virtual host 'localhost'
10-Mar-2018 00:33:12.560 INFO [http-nio-8090-exec-413] org.apache.catalina.core.ApplicationContext.log Manager: restart: Reloading web application '/ITCompanyLocator'
10-Mar-2018 00:33:24.919 INFO [http-nio-8090-exec-415] org.apache.catalina.core.ApplicationContext.log Manager: list: Listing contexts for virtual host 'localhost'
10-Mar-2018 00:33:24.922 INFO [http-nio-8090-exec-410] org.apache.catalina.core.ApplicationContext.log Manager: list: Listing contexts for virtual host 'localhost'
10-Mar-2018 00:33:24.934 INFO [http-nio-8090-exec-402] org.apache.catalina.core.ApplicationContext.log Manager: restart: Reloading web application '/ITCompanyLocator'
10-Mar-2018 00:34:45.967 INFO [http-nio-8090-exec-423] org.apache.catalina.core.ApplicationContext.log Manager: list: Listing contexts for virtual host 'localhost'
10-Mar-2018 00:34:45.974 INFO [http-nio-8090-exec-421] org.apache.catalina.core.ApplicationContext.log Manager: restart: Reloading web application '/ITCompanyLocator'
10-Mar-2018 00:34:50.751 INFO [http-nio-8090-exec-422] org.apache.catalina.core.ApplicationContext.log Manager: list: Listing contexts for virtual host 'localhost'
10-Mar-2018 00:34:50.753 INFO [http-nio-8090-exec-419] org.apache.catalina.core.ApplicationContext.log Manager: list: Listing contexts for virtual host 'localhost'
10-Mar-2018 00:34:50.764 INFO [http-nio-8090-exec-420] org.apache.catalina.core.ApplicationContext.log Manager: restart: Reloading web application '/ITCompanyLocator'
10-Mar-2018 00:35:33.124 INFO [http-nio-8090-exec-423] org.apache.catalina.core.ApplicationContext.log Manager: list: Listing contexts for virtual host 'localhost'
10-Mar-2018 00:35:33.137 INFO [http-nio-8090-exec-408] org.apache.catalina.core.ApplicationContext.log Manager: restart: Reloading web application '/ITCompanyLocator'
10-Mar-2018 00:35:40.268 INFO [http-nio-8090-exec-416] org.apache.catalina.core.ApplicationContext.log Manager: list: Listing contexts for virtual host 'localhost'
10-Mar-2018 00:35:40.274 INFO [http-nio-8090-exec-412] org.apache.catalina.core.ApplicationContext.log Manager: restart: Reloading web application '/ITCompanyLocator'
10-Mar-2018 00:35:45.408 INFO [http-nio-8090-exec-426] org.apache.catalina.core.ApplicationContext.log Manager: list: Listing contexts for virtual host 'localhost'
10-Mar-2018 00:35:45.411 INFO [http-nio-8090-exec-420] org.apache.catalina.core.ApplicationContext.log Manager: list: Listing contexts for virtual host 'localhost'
10-Mar-2018 00:35:45.422 INFO [http-nio-8090-exec-427] org.apache.catalina.core.ApplicationContext.log Manager: restart: Reloading web application '/ITCompanyLocator'
10-Mar-2018 00:36:41.561 INFO [http-nio-8090-exec-412] org.apache.catalina.core.ApplicationContext.log Manager: list: Listing contexts for virtual host 'localhost'
10-Mar-2018 00:36:49.421 INFO [http-nio-8090-exec-416] org.apache.catalina.core.ApplicationContext.log Manager: list: Listing contexts for virtual host 'localhost'
10-Mar-2018 00:36:49.424 INFO [http-nio-8090-exec-420] org.apache.catalina.core.ApplicationContext.log Manager: list: Listing contexts for virtual host 'localhost'
10-Mar-2018 00:37:40.933 INFO [http-nio-8090-exec-416] org.apache.catalina.core.ApplicationContext.log Manager: list: Listing contexts for virtual host 'localhost'
10-Mar-2018 00:37:40.935 INFO [http-nio-8090-exec-420] org.apache.catalina.core.ApplicationContext.log Manager: list: Listing contexts for virtual host 'localhost'
10-Mar-2018 00:38:18.319 INFO [http-nio-8090-exec-435] org.apache.catalina.core.ApplicationContext.log Manager: list: Listing contexts for virtual host 'localhost'
10-Mar-2018 00:38:23.999 INFO [http-nio-8090-exec-436] org.apache.catalina.core.ApplicationContext.log Manager: list: Listing contexts for virtual host 'localhost'
10-Mar-2018 00:38:24.001 INFO [http-nio-8090-exec-433] org.apache.catalina.core.ApplicationContext.log Manager: list: Listing contexts for virtual host 'localhost'
10-Mar-2018 00:40:20.172 INFO [http-nio-8090-exec-431] org.apache.catalina.core.ApplicationContext.log Manager: list: Listing contexts for virtual host 'localhost'
10-Mar-2018 00:40:20.182 INFO [http-nio-8090-exec-434] org.apache.catalina.core.ApplicationContext.log Manager: restart: Reloading web application '/ITCompanyLocator'
10-Mar-2018 00:40:27.106 INFO [http-nio-8090-exec-430] org.apache.catalina.core.ApplicationContext.log Manager: list: Listing contexts for virtual host 'localhost'
10-Mar-2018 00:40:27.109 INFO [http-nio-8090-exec-438] org.apache.catalina.core.ApplicationContext.log Manager: list: Listing contexts for virtual host 'localhost'
10-Mar-2018 00:40:27.120 INFO [http-nio-8090-exec-437] org.apache.catalina.core.ApplicationContext.log Manager: restart: Reloading web application '/ITCompanyLocator'
10-Mar-2018 00:41:22.115 INFO [http-nio-8090-exec-441] org.apache.catalina.core.ApplicationContext.log Manager: list: Listing contexts for virtual host 'localhost'
10-Mar-2018 00:41:30.876 INFO [http-nio-8090-exec-436] org.apache.catalina.core.ApplicationContext.log Manager: list: Listing contexts for virtual host 'localhost'
10-Mar-2018 00:41:30.879 INFO [http-nio-8090-exec-431] org.apache.catalina.core.ApplicationContext.log Manager: list: Listing contexts for virtual host 'localhost'
10-Mar-2018 00:44:29.314 INFO [http-nio-8090-exec-443] org.apache.catalina.core.ApplicationContext.log Manager: list: Listing contexts for virtual host 'localhost'
10-Mar-2018 00:45:31.283 INFO [http-nio-8090-exec-444] org.apache.catalina.core.ApplicationContext.log Manager: list: Listing contexts for virtual host 'localhost'
10-Mar-2018 00:45:37.968 INFO [http-nio-8090-exec-442] org.apache.catalina.core.ApplicationContext.log Manager: list: Listing contexts for virtual host 'localhost'
10-Mar-2018 00:45:37.971 INFO [http-nio-8090-exec-451] org.apache.catalina.core.ApplicationContext.log Manager: list: Listing contexts for virtual host 'localhost'
10-Mar-2018 00:46:35.274 INFO [http-nio-8090-exec-448] org.apache.catalina.core.ApplicationContext.log Manager: list: Listing contexts for virtual host 'localhost'
10-Mar-2018 00:46:35.281 INFO [http-nio-8090-exec-449] org.apache.catalina.core.ApplicationContext.log Manager: restart: Reloading web application '/ITCompanyLocator'
10-Mar-2018 00:46:46.558 INFO [http-nio-8090-exec-442] org.apache.catalina.core.ApplicationContext.log Manager: list: Listing contexts for virtual host 'localhost'
10-Mar-2018 00:46:46.560 INFO [http-nio-8090-exec-445] org.apache.catalina.core.ApplicationContext.log Manager: list: Listing contexts for virtual host 'localhost'
10-Mar-2018 00:46:46.571 INFO [http-nio-8090-exec-450] org.apache.catalina.core.ApplicationContext.log Manager: restart: Reloading web application '/ITCompanyLocator'
10-Mar-2018 00:48:57.926 INFO [http-nio-8090-exec-457] org.apache.catalina.core.ApplicationContext.log Manager: list: Listing contexts for virtual host 'localhost'
10-Mar-2018 00:48:57.931 INFO [http-nio-8090-exec-458] org.apache.catalina.core.ApplicationContext.log Manager: restart: Reloading web application '/ITCompanyLocator'
10-Mar-2018 00:49:03.239 INFO [http-nio-8090-exec-450] org.apache.catalina.core.ApplicationContext.log Manager: list: Listing contexts for virtual host 'localhost'
10-Mar-2018 00:49:03.241 INFO [http-nio-8090-exec-455] org.apache.catalina.core.ApplicationContext.log Manager: list: Listing contexts for virtual host 'localhost'
10-Mar-2018 00:49:03.253 INFO [http-nio-8090-exec-459] org.apache.catalina.core.ApplicationContext.log Manager: restart: Reloading web application '/ITCompanyLocator'
10-Mar-2018 00:50:35.524 INFO [http-nio-8090-exec-465] org.apache.catalina.core.ApplicationContext.log Manager: list: Listing contexts for virtual host 'localhost'
10-Mar-2018 00:50:35.532 INFO [http-nio-8090-exec-464] org.apache.catalina.core.ApplicationContext.log Manager: restart: Reloading web application '/ITCompanyLocator'
10-Mar-2018 00:50:41.329 INFO [http-nio-8090-exec-463] org.apache.catalina.core.ApplicationContext.log Manager: list: Listing contexts for virtual host 'localhost'
10-Mar-2018 00:50:41.331 INFO [http-nio-8090-exec-466] org.apache.catalina.core.ApplicationContext.log Manager: list: Listing contexts for virtual host 'localhost'
10-Mar-2018 00:50:41.373 INFO [http-nio-8090-exec-459] org.apache.catalina.core.ApplicationContext.log Manager: restart: Reloading web application '/ITCompanyLocator'
10-Mar-2018 00:57:29.659 INFO [http-nio-8090-exec-476] org.apache.catalina.core.ApplicationContext.log Manager: list: Listing contexts for virtual host 'localhost'
10-Mar-2018 00:57:29.708 INFO [http-nio-8090-exec-475] org.apache.catalina.core.ApplicationContext.log Manager: list: Listing contexts for virtual host 'localhost'
10-Mar-2018 00:57:29.776 INFO [http-nio-8090-exec-477] org.apache.catalina.core.ApplicationContext.log Manager: install: Installing context configuration at 'file:/C:/Users/SURAJ~1.JEN/AppData/Local/Temp/context6782805418721260035.xml'
10-Mar-2018 00:57:31.438 INFO [http-nio-8090-exec-470] org.apache.catalina.core.ApplicationContext.log Manager: start: Starting web application '/WebApplication3'
10-Mar-2018 01:03:35.365 INFO [http-nio-8090-exec-476] org.apache.catalina.core.ApplicationContext.log Manager: list: Listing contexts for virtual host 'localhost'
10-Mar-2018 01:03:41.859 INFO [http-nio-8090-exec-475] org.apache.catalina.core.ApplicationContext.log Manager: list: Listing contexts for virtual host 'localhost'
10-Mar-2018 01:03:41.861 INFO [http-nio-8090-exec-476] org.apache.catalina.core.ApplicationContext.log Manager: list: Listing contexts for virtual host 'localhost'
10-Mar-2018 01:05:20.954 INFO [http-nio-8090-exec-471] org.apache.catalina.core.ApplicationContext.log Manager: list: Listing contexts for virtual host 'localhost'
10-Mar-2018 01:05:26.109 INFO [http-nio-8090-exec-474] org.apache.catalina.core.ApplicationContext.log Manager: list: Listing contexts for virtual host 'localhost'
10-Mar-2018 01:05:26.115 INFO [http-nio-8090-exec-473] org.apache.catalina.core.ApplicationContext.log Manager: list: Listing contexts for virtual host 'localhost'
10-Mar-2018 01:19:10.876 INFO [http-nio-8090-exec-478] org.apache.catalina.core.ApplicationContext.log Manager: list: Listing contexts for virtual host 'localhost'
10-Mar-2018 01:19:10.901 INFO [http-nio-8090-exec-472] org.apache.catalina.core.ApplicationContext.log Manager: restart: Reloading web application '/ITCompanyLocator'
10-Mar-2018 01:19:12.205 INFO [http-nio-8090-exec-474] org.apache.catalina.core.ApplicationContext.log Manager: list: Listing contexts for virtual host 'localhost'
10-Mar-2018 01:19:12.209 INFO [http-nio-8090-exec-470] org.apache.catalina.core.ApplicationContext.log Manager: restart: Reloading web application '/ITCompanyLocator'
10-Mar-2018 01:19:51.177 INFO [http-nio-8090-exec-478] org.apache.catalina.core.ApplicationContext.log Manager: list: Listing contexts for virtual host 'localhost'
10-Mar-2018 01:19:51.182 INFO [http-nio-8090-exec-473] org.apache.catalina.core.ApplicationContext.log Manager: restart: Reloading web application '/ITCompanyLocator'
10-Mar-2018 01:20:44.060 INFO [http-nio-8090-exec-470] org.apache.catalina.core.ApplicationContext.log Manager: list: Listing contexts for virtual host 'localhost'
10-Mar-2018 01:20:50.664 INFO [http-nio-8090-exec-482] org.apache.catalina.core.ApplicationContext.log Manager: list: Listing contexts for virtual host 'localhost'
10-Mar-2018 01:21:44.995 INFO [http-nio-8090-exec-474] org.apache.catalina.core.ApplicationContext.log Manager: list: Listing contexts for virtual host 'localhost'
10-Mar-2018 01:21:44.998 INFO [http-nio-8090-exec-470] org.apache.catalina.core.ApplicationContext.log Manager: list: Listing contexts for virtual host 'localhost'
10-Mar-2018 01:21:45.023 INFO [http-nio-8090-exec-473] org.apache.catalina.core.ApplicationContext.log Manager: restart: Reloading web application '/ITCompanyLocator'
10-Mar-2018 01:30:42.746 INFO [http-nio-8090-exec-486] org.apache.catalina.core.ApplicationContext.log Manager: list: Listing contexts for virtual host 'localhost'
10-Mar-2018 01:30:52.514 INFO [http-nio-8090-exec-484] org.apache.catalina.core.ApplicationContext.log Manager: list: Listing contexts for virtual host 'localhost'
10-Mar-2018 01:30:52.517 INFO [http-nio-8090-exec-486] org.apache.catalina.core.ApplicationContext.log Manager: list: Listing contexts for virtual host 'localhost'
10-Mar-2018 01:34:59.603 INFO [http-nio-8090-exec-485] org.apache.catalina.core.ApplicationContext.log Manager: list: Listing contexts for virtual host 'localhost'
10-Mar-2018 01:35:05.725 INFO [http-nio-8090-exec-485] org.apache.catalina.core.ApplicationContext.log Manager: list: Listing contexts for virtual host 'localhost'
10-Mar-2018 01:35:05.728 INFO [http-nio-8090-exec-493] org.apache.catalina.core.ApplicationContext.log Manager: list: Listing contexts for virtual host 'localhost'
10-Mar-2018 01:44:19.351 INFO [http-nio-8090-exec-488] org.apache.catalina.core.ApplicationContext.log Manager: list: Listing contexts for virtual host 'localhost'
10-Mar-2018 01:44:19.405 INFO [http-nio-8090-exec-484] org.apache.catalina.core.ApplicationContext.log Manager: restart: Reloading web application '/ITCompanyLocator'
10-Mar-2018 01:44:21.654 INFO [http-nio-8090-exec-490] org.apache.catalina.core.ApplicationContext.log Manager: list: Listing contexts for virtual host 'localhost'
10-Mar-2018 01:44:21.701 INFO [http-nio-8090-exec-485] org.apache.catalina.core.ApplicationContext.log Manager: restart: Reloading web application '/ITCompanyLocator'
10-Mar-2018 01:47:42.365 INFO [http-nio-8090-exec-487] org.apache.catalina.core.ApplicationContext.log Manager: list: Listing contexts for virtual host 'localhost'
10-Mar-2018 01:47:42.370 INFO [http-nio-8090-exec-498] org.apache.catalina.core.ApplicationContext.log Manager: restart: Reloading web application '/ITCompanyLocator'
10-Mar-2018 01:49:12.786 INFO [http-nio-8090-exec-495] org.apache.catalina.core.ApplicationContext.log Manager: list: Listing contexts for virtual host 'localhost'
10-Mar-2018 01:49:12.799 INFO [http-nio-8090-exec-497] org.apache.catalina.core.ApplicationContext.log Manager: restart: Reloading web application '/ITCompanyLocator'
10-Mar-2018 01:53:21.230 INFO [http-nio-8090-exec-503] org.apache.catalina.core.ApplicationContext.log Manager: list: Listing contexts for virtual host 'localhost'
10-Mar-2018 01:53:28.157 INFO [http-nio-8090-exec-506] org.apache.catalina.core.ApplicationContext.log Manager: list: Listing contexts for virtual host 'localhost'
10-Mar-2018 01:53:28.160 INFO [http-nio-8090-exec-497] org.apache.catalina.core.ApplicationContext.log Manager: list: Listing contexts for virtual host 'localhost'
10-Mar-2018 01:53:28.186 INFO [http-nio-8090-exec-494] org.apache.catalina.core.ApplicationContext.log Manager: restart: Reloading web application '/ITCompanyLocator'
10-Mar-2018 01:57:26.842 INFO [http-nio-8090-exec-511] org.apache.catalina.core.ApplicationContext.log Manager: list: Listing contexts for virtual host 'localhost'
10-Mar-2018 01:57:32.401 INFO [http-nio-8090-exec-508] org.apache.catalina.core.ApplicationContext.log Manager: list: Listing contexts for virtual host 'localhost'
10-Mar-2018 01:57:32.403 INFO [http-nio-8090-exec-512] org.apache.catalina.core.ApplicationContext.log Manager: list: Listing contexts for virtual host 'localhost'
10-Mar-2018 02:04:25.987 INFO [http-nio-8090-exec-510] org.apache.catalina.core.ApplicationContext.log Manager: list: Listing contexts for virtual host 'localhost'
10-Mar-2018 02:04:30.913 INFO [http-nio-8090-exec-515] org.apache.catalina.core.ApplicationContext.log Manager: list: Listing contexts for virtual host 'localhost'
10-Mar-2018 02:04:30.921 INFO [http-nio-8090-exec-514] org.apache.catalina.core.ApplicationContext.log Manager: restart: Reloading web application '/ITCompanyLocator'
10-Mar-2018 02:04:35.267 INFO [http-nio-8090-exec-513] org.apache.catalina.core.ApplicationContext.log Manager: list: Listing contexts for virtual host 'localhost'
10-Mar-2018 02:04:35.270 INFO [http-nio-8090-exec-516] org.apache.catalina.core.ApplicationContext.log Manager: list: Listing contexts for virtual host 'localhost'
10-Mar-2018 02:04:35.281 INFO [http-nio-8090-exec-508] org.apache.catalina.core.ApplicationContext.log Manager: restart: Reloading web application '/ITCompanyLocator'
10-Mar-2018 02:10:06.066 INFO [http-nio-8090-exec-523] org.apache.catalina.core.ApplicationContext.log Manager: list: Listing contexts for virtual host 'localhost'
10-Mar-2018 02:10:06.084 INFO [http-nio-8090-exec-524] org.apache.catalina.core.ApplicationContext.log Manager: restart: Reloading web application '/ITCompanyLocator'
10-Mar-2018 02:10:06.537 INFO [http-nio-8090-exec-529] org.apache.catalina.core.ApplicationContext.log Manager: list: Listing contexts for virtual host 'localhost'
10-Mar-2018 02:10:06.552 INFO [http-nio-8090-exec-525] org.apache.catalina.core.ApplicationContext.log Manager: restart: Reloading web application '/ITCompanyLocator'
10-Mar-2018 02:10:35.827 INFO [http-nio-8090-exec-520] org.apache.catalina.core.ApplicationContext.log Manager: list: Listing contexts for virtual host 'localhost'
10-Mar-2018 02:10:40.421 INFO [http-nio-8090-exec-521] org.apache.catalina.core.ApplicationContext.log Manager: list: Listing contexts for virtual host 'localhost'
10-Mar-2018 02:10:40.423 INFO [http-nio-8090-exec-527] org.apache.catalina.core.ApplicationContext.log Manager: list: Listing contexts for virtual host 'localhost'
10-Mar-2018 02:10:40.434 INFO [http-nio-8090-exec-525] org.apache.catalina.core.ApplicationContext.log Manager: restart: Reloading web application '/ITCompanyLocator'
10-Mar-2018 02:13:19.514 INFO [http-nio-8090-exec-534] org.apache.catalina.core.ApplicationContext.log Manager: list: Listing contexts for virtual host 'localhost'
10-Mar-2018 02:13:32.009 INFO [http-nio-8090-exec-537] org.apache.catalina.core.ApplicationContext.log Manager: list: Listing contexts for virtual host 'localhost'
10-Mar-2018 02:13:32.014 INFO [http-nio-8090-exec-535] org.apache.catalina.core.ApplicationContext.log Manager: list: Listing contexts for virtual host 'localhost'
10-Mar-2018 02:31:23.745 INFO [http-nio-8090-exec-536] org.apache.catalina.core.ApplicationContext.log Manager: list: Listing contexts for virtual host 'localhost'
10-Mar-2018 02:31:23.868 INFO [http-nio-8090-exec-540] org.apache.catalina.core.ApplicationContext.log Manager: list: Listing contexts for virtual host 'localhost'
10-Mar-2018 02:34:44.921 INFO [http-nio-8090-exec-535] org.apache.catalina.core.ApplicationContext.log Manager: list: Listing contexts for virtual host 'localhost'
10-Mar-2018 02:38:09.168 INFO [http-nio-8090-exec-537] org.apache.catalina.core.ApplicationContext.log Manager: list: Listing contexts for virtual host 'localhost'
10-Mar-2018 02:38:09.210 INFO [http-nio-8090-exec-539] org.apache.catalina.core.ApplicationContext.log Manager: list: Listing contexts for virtual host 'localhost'
10-Mar-2018 02:40:46.912 INFO [http-nio-8090-exec-533] org.apache.catalina.core.ApplicationContext.log Manager: list: Listing contexts for virtual host 'localhost'
10-Mar-2018 02:40:47.030 INFO [http-nio-8090-exec-532] org.apache.catalina.core.ApplicationContext.log Manager: restart: Reloading web application '/ITCompanyLocator'
10-Mar-2018 02:40:49.035 INFO [http-nio-8090-exec-541] org.apache.catalina.core.ApplicationContext.log Manager: list: Listing contexts for virtual host 'localhost'
10-Mar-2018 02:40:54.427 INFO [http-nio-8090-exec-535] org.apache.catalina.core.ApplicationContext.log Manager: list: Listing contexts for virtual host 'localhost'
10-Mar-2018 02:40:54.431 INFO [http-nio-8090-exec-543] org.apache.catalina.core.ApplicationContext.log Manager: list: Listing contexts for virtual host 'localhost'
10-Mar-2018 02:40:54.472 INFO [http-nio-8090-exec-536] org.apache.catalina.core.ApplicationContext.log Manager: restart: Reloading web application '/ITCompanyLocator'
10-Mar-2018 09:56:59.548 INFO [http-nio-8090-exec-4] org.apache.catalina.core.ApplicationContext.log Manager: init: Associated with Deployer 'Catalina:type=Deployer,host=localhost'
10-Mar-2018 09:56:59.548 INFO [http-nio-8090-exec-4] org.apache.catalina.core.ApplicationContext.log Manager: init: Global resources are available
10-Mar-2018 09:56:59.861 INFO [http-nio-8090-exec-8] org.apache.catalina.core.ApplicationContext.log Manager: list: Listing contexts for virtual host 'localhost'
10-Mar-2018 09:56:59.876 INFO [http-nio-8090-exec-9] org.apache.catalina.core.ApplicationContext.log Manager: list: Listing contexts for virtual host 'localhost'
10-Mar-2018 10:45:30.757 INFO [http-nio-8090-exec-5] org.apache.catalina.core.ApplicationContext.log Manager: list: Listing contexts for virtual host 'localhost'
10-Mar-2018 10:45:30.913 INFO [http-nio-8090-exec-6] org.apache.catalina.core.ApplicationContext.log Manager: restart: Reloading web application '/ITCompanyLocator'
10-Mar-2018 10:47:56.780 INFO [http-nio-8090-exec-12] org.apache.catalina.core.ApplicationContext.log Manager: list: Listing contexts for virtual host 'localhost'
10-Mar-2018 10:47:56.796 INFO [http-nio-8090-exec-14] org.apache.catalina.core.ApplicationContext.log Manager: restart: Reloading web application '/ITCompanyLocator'
10-Mar-2018 10:48:19.774 INFO [http-nio-8090-exec-3] org.apache.catalina.core.ApplicationContext.log Manager: list: Listing contexts for virtual host 'localhost'
10-Mar-2018 10:48:19.774 INFO [http-nio-8090-exec-5] org.apache.catalina.core.ApplicationContext.log Manager: list: Listing contexts for virtual host 'localhost'
10-Mar-2018 10:48:19.805 INFO [http-nio-8090-exec-12] org.apache.catalina.core.ApplicationContext.log Manager: restart: Reloading web application '/ITCompanyLocator'
10-Mar-2018 10:49:42.676 INFO [http-nio-8090-exec-17] org.apache.catalina.core.ApplicationContext.log Manager: list: Listing contexts for virtual host 'localhost'
10-Mar-2018 10:49:42.676 INFO [http-nio-8090-exec-18] org.apache.catalina.core.ApplicationContext.log Manager: restart: Reloading web application '/ITCompanyLocator'
10-Mar-2018 11:45:03.093 INFO [http-nio-8090-exec-27] org.apache.catalina.core.ApplicationContext.log Manager: list: Listing contexts for virtual host 'localhost'
10-Mar-2018 11:45:03.097 INFO [http-nio-8090-exec-28] org.apache.catalina.core.ApplicationContext.log Manager: list: Listing contexts for virtual host 'localhost'
10-Mar-2018 11:45:03.110 INFO [http-nio-8090-exec-29] org.apache.catalina.core.ApplicationContext.log Manager: restart: Reloading web application '/ITCompanyLocator'
10-Mar-2018 12:04:26.401 INFO [http-nio-8090-exec-36] org.apache.catalina.core.ApplicationContext.log Manager: list: Listing contexts for virtual host 'localhost'
10-Mar-2018 12:04:26.441 INFO [http-nio-8090-exec-38] org.apache.catalina.core.ApplicationContext.log Manager: list: Listing contexts for virtual host 'localhost'
10-Mar-2018 12:04:26.450 INFO [http-nio-8090-exec-37] org.apache.catalina.core.ApplicationContext.log Manager: install: Installing context configuration at 'file:/C:/Users/SURAJ~1.JEN/AppData/Local/Temp/context1799454421268833039.xml'
10-Mar-2018 12:04:26.670 INFO [http-nio-8090-exec-39] org.apache.catalina.core.ApplicationContext.log Manager: start: Starting web application '/ITCompanyLocator12'
10-Mar-2018 12:16:00.919 INFO [http-nio-8090-exec-36] org.apache.catalina.core.ApplicationContext.log Manager: list: Listing contexts for virtual host 'localhost'
10-Mar-2018 12:16:00.953 INFO [http-nio-8090-exec-37] org.apache.catalina.core.ApplicationContext.log Manager: restart: Reloading web application '/ITCompanyLocator12'
10-Mar-2018 12:16:13.850 INFO [http-nio-8090-exec-35] org.apache.catalina.core.ApplicationContext.log Manager: list: Listing contexts for virtual host 'localhost'
10-Mar-2018 12:16:13.878 INFO [http-nio-8090-exec-36] org.apache.catalina.core.ApplicationContext.log Manager: restart: Reloading web application '/ITCompanyLocator12'
10-Mar-2018 12:17:26.027 INFO [http-nio-8090-exec-32] org.apache.catalina.core.ApplicationContext.log Manager: list: Listing contexts for virtual host 'localhost'
10-Mar-2018 12:17:26.030 INFO [http-nio-8090-exec-34] org.apache.catalina.core.ApplicationContext.log Manager: list: Listing contexts for virtual host 'localhost'
10-Mar-2018 12:17:26.068 INFO [http-nio-8090-exec-42] org.apache.catalina.core.ApplicationContext.log Manager: restart: Reloading web application '/ITCompanyLocator12'
10-Mar-2018 13:31:16.584 INFO [http-nio-8090-exec-46] org.apache.catalina.core.ApplicationContext.log Manager: list: Listing contexts for virtual host 'localhost'
10-Mar-2018 13:31:16.611 INFO [http-nio-8090-exec-48] org.apache.catalina.core.ApplicationContext.log Manager: restart: Reloading web application '/ITCompanyLocator12'
10-Mar-2018 13:37:25.642 INFO [http-nio-8090-exec-56] org.apache.catalina.core.ApplicationContext.log Manager: list: Listing contexts for virtual host 'localhost'
10-Mar-2018 13:37:25.669 INFO [http-nio-8090-exec-57] org.apache.catalina.core.ApplicationContext.log Manager: restart: Reloading web application '/ITCompanyLocator12'
10-Mar-2018 13:38:59.693 INFO [http-nio-8090-exec-61] org.apache.catalina.core.ApplicationContext.log Manager: list: Listing contexts for virtual host 'localhost'
10-Mar-2018 13:39:07.795 INFO [http-nio-8090-exec-46] org.apache.catalina.core.ApplicationContext.log Manager: list: Listing contexts for virtual host 'localhost'
10-Mar-2018 13:39:07.801 INFO [http-nio-8090-exec-63] org.apache.catalina.core.ApplicationContext.log Manager: list: Listing contexts for virtual host 'localhost'
10-Mar-2018 13:39:07.818 INFO [http-nio-8090-exec-60] org.apache.catalina.core.ApplicationContext.log Manager: restart: Reloading web application '/ITCompanyLocator12'
10-Mar-2018 14:26:26.557 INFO [http-nio-8090-exec-67] org.apache.catalina.core.ApplicationContext.log Manager: list: Listing contexts for virtual host 'localhost'
10-Mar-2018 14:26:26.567 INFO [http-nio-8090-exec-68] org.apache.catalina.core.ApplicationContext.log Manager: restart: Reloading web application '/ITCompanyLocator12'
10-Mar-2018 15:02:10.375 INFO [http-nio-8090-exec-77] org.apache.catalina.core.ApplicationContext.log Manager: list: Listing contexts for virtual host 'localhost'
10-Mar-2018 15:02:10.380 INFO [http-nio-8090-exec-79] org.apache.catalina.core.ApplicationContext.log Manager: restart: Reloading web application '/ITCompanyLocator12'
10-Mar-2018 15:02:13.668 INFO [http-nio-8090-exec-84] org.apache.catalina.core.ApplicationContext.log Manager: list: Listing contexts for virtual host 'localhost'
10-Mar-2018 15:02:13.676 INFO [http-nio-8090-exec-82] org.apache.catalina.core.ApplicationContext.log Manager: restart: Reloading web application '/ITCompanyLocator12'
10-Mar-2018 15:05:41.465 INFO [http-nio-8090-exec-87] org.apache.catalina.core.ApplicationContext.log Manager: list: Listing contexts for virtual host 'localhost'
10-Mar-2018 15:05:41.476 INFO [http-nio-8090-exec-91] org.apache.catalina.core.ApplicationContext.log Manager: restart: Reloading web application '/ITCompanyLocator12'
10-Mar-2018 15:14:01.036 INFO [http-nio-8090-exec-93] org.apache.catalina.core.ApplicationContext.log Manager: list: Listing contexts for virtual host 'localhost'
10-Mar-2018 15:14:01.047 INFO [http-nio-8090-exec-94] org.apache.catalina.core.ApplicationContext.log Manager: restart: Reloading web application '/ITCompanyLocator'
10-Mar-2018 15:14:34.314 INFO [http-nio-8090-exec-92] org.apache.catalina.core.ApplicationContext.log Manager: list: Listing contexts for virtual host 'localhost'
10-Mar-2018 15:14:34.322 INFO [http-nio-8090-exec-97] org.apache.catalina.core.ApplicationContext.log Manager: restart: Reloading web application '/ITCompanyLocator'
10-Mar-2018 15:21:00.767 INFO [http-nio-8090-exec-103] org.apache.catalina.core.ApplicationContext.log Manager: list: Listing contexts for virtual host 'localhost'
10-Mar-2018 15:21:00.774 INFO [http-nio-8090-exec-105] org.apache.catalina.core.ApplicationContext.log Manager: restart: Reloading web application '/ITCompanyLocator12'
10-Mar-2018 15:21:47.644 INFO [http-nio-8090-exec-93] org.apache.catalina.core.ApplicationContext.log Manager: list: Listing contexts for virtual host 'localhost'
10-Mar-2018 15:21:47.647 INFO [http-nio-8090-exec-99] org.apache.catalina.core.ApplicationContext.log Manager: list: Listing contexts for virtual host 'localhost'
10-Mar-2018 15:21:47.658 INFO [http-nio-8090-exec-101] org.apache.catalina.core.ApplicationContext.log Manager: restart: Reloading web application '/ITCompanyLocator12'
10-Mar-2018 15:22:21.245 INFO [http-nio-8090-exec-108] org.apache.catalina.core.ApplicationContext.log Manager: list: Listing contexts for virtual host 'localhost'
10-Mar-2018 15:22:21.247 INFO [http-nio-8090-exec-110] org.apache.catalina.core.ApplicationContext.log Manager: list: Listing contexts for virtual host 'localhost'
10-Mar-2018 15:28:38.886 INFO [http-nio-8090-exec-110] org.apache.catalina.core.ApplicationContext.log Manager: list: Listing contexts for virtual host 'localhost'
10-Mar-2018 15:28:38.901 INFO [http-nio-8090-exec-111] org.apache.catalina.core.ApplicationContext.log Manager: restart: Reloading web application '/ITCompanyLocator12'
10-Mar-2018 15:29:02.117 INFO [http-nio-8090-exec-115] org.apache.catalina.core.ApplicationContext.log Manager: list: Listing contexts for virtual host 'localhost'
10-Mar-2018 15:29:14.403 INFO [http-nio-8090-exec-115] org.apache.catalina.core.ApplicationContext.log Manager: list: Listing contexts for virtual host 'localhost'
10-Mar-2018 15:29:14.408 INFO [http-nio-8090-exec-117] org.apache.catalina.core.ApplicationContext.log Manager: list: Listing contexts for virtual host 'localhost'
10-Mar-2018 15:29:14.421 INFO [http-nio-8090-exec-118] org.apache.catalina.core.ApplicationContext.log Manager: restart: Reloading web application '/ITCompanyLocator12'
10-Mar-2018 15:30:16.972 INFO [http-nio-8090-exec-123] org.apache.catalina.core.ApplicationContext.log Manager: list: Listing contexts for virtual host 'localhost'
10-Mar-2018 15:30:23.601 INFO [http-nio-8090-exec-124] org.apache.catalina.core.ApplicationContext.log Manager: list: Listing contexts for virtual host 'localhost'
10-Mar-2018 15:30:23.603 INFO [http-nio-8090-exec-123] org.apache.catalina.core.ApplicationContext.log Manager: list: Listing contexts for virtual host 'localhost'
10-Mar-2018 15:33:49.881 INFO [http-nio-8090-exec-124] org.apache.catalina.core.ApplicationContext.log Manager: list: Listing contexts for virtual host 'localhost'
10-Mar-2018 15:33:49.888 INFO [http-nio-8090-exec-123] org.apache.catalina.core.ApplicationContext.log Manager: restart: Reloading web application '/ITCompanyLocator12'
10-Mar-2018 16:22:02.794 INFO [http-nio-8090-exec-134] org.apache.catalina.core.ApplicationContext.log Manager: list: Listing contexts for virtual host 'localhost'
10-Mar-2018 16:23:51.853 INFO [http-nio-8090-exec-141] org.apache.catalina.core.ApplicationContext.log Manager: list: Listing contexts for virtual host 'localhost'
10-Mar-2018 16:24:10.860 INFO [http-nio-8090-exec-138] org.apache.catalina.core.ApplicationContext.log Manager: list: Listing contexts for virtual host 'localhost'
10-Mar-2018 16:24:15.738 INFO [http-nio-8090-exec-137] org.apache.catalina.core.ApplicationContext.log Manager: list: Listing contexts for virtual host 'localhost'
10-Mar-2018 16:24:15.741 INFO [http-nio-8090-exec-139] org.apache.catalina.core.ApplicationContext.log Manager: list: Listing contexts for virtual host 'localhost'
10-Mar-2018 16:24:15.786 INFO [http-nio-8090-exec-140] org.apache.catalina.core.ApplicationContext.log Manager: restart: Reloading web application '/ITCompanyLocator12'
10-Mar-2018 16:25:35.703 INFO [http-nio-8090-exec-144] org.apache.catalina.core.ApplicationContext.log Manager: list: Listing contexts for virtual host 'localhost'
10-Mar-2018 16:25:40.648 INFO [http-nio-8090-exec-144] org.apache.catalina.core.ApplicationContext.log Manager: list: Listing contexts for virtual host 'localhost'
10-Mar-2018 16:25:40.652 INFO [http-nio-8090-exec-145] org.apache.catalina.core.ApplicationContext.log Manager: list: Listing contexts for virtual host 'localhost'
10-Mar-2018 16:25:53.182 INFO [http-nio-8090-exec-149] org.apache.catalina.core.ApplicationContext.log Manager: list: Listing contexts for virtual host 'localhost'
10-Mar-2018 16:26:06.385 INFO [http-nio-8090-exec-151] org.apache.catalina.core.ApplicationContext.log Manager: list: Listing contexts for virtual host 'localhost'
10-Mar-2018 16:26:06.387 INFO [http-nio-8090-exec-147] org.apache.catalina.core.ApplicationContext.log Manager: list: Listing contexts for virtual host 'localhost'
10-Mar-2018 16:28:11.536 INFO [http-nio-8090-exec-146] org.apache.catalina.core.ApplicationContext.log Manager: list: Listing contexts for virtual host 'localhost'
10-Mar-2018 16:28:15.138 INFO [http-nio-8090-exec-152] org.apache.catalina.core.ApplicationContext.log Manager: list: Listing contexts for virtual host 'localhost'
10-Mar-2018 16:28:15.144 INFO [http-nio-8090-exec-143] org.apache.catalina.core.ApplicationContext.log Manager: list: Listing contexts for virtual host 'localhost'
10-Mar-2018 16:28:31.159 INFO [http-nio-8090-exec-152] org.apache.catalina.core.ApplicationContext.log Manager: list: Listing contexts for virtual host 'localhost'
10-Mar-2018 16:28:31.163 INFO [http-nio-8090-exec-143] org.apache.catalina.core.ApplicationContext.log Manager: list: Listing contexts for virtual host 'localhost'
10-Mar-2018 16:28:46.259 INFO [http-nio-8090-exec-149] org.apache.catalina.core.ApplicationContext.log Manager: list: Listing contexts for virtual host 'localhost'
10-Mar-2018 16:28:46.261 INFO [http-nio-8090-exec-143] org.apache.catalina.core.ApplicationContext.log Manager: list: Listing contexts for virtual host 'localhost'
10-Mar-2018 16:29:19.592 INFO [http-nio-8090-exec-150] org.apache.catalina.core.ApplicationContext.log Manager: list: Listing contexts for virtual host 'localhost'
10-Mar-2018 16:29:42.504 INFO [http-nio-8090-exec-147] org.apache.catalina.core.ApplicationContext.log Manager: list: Listing contexts for virtual host 'localhost'
10-Mar-2018 16:29:47.233 INFO [http-nio-8090-exec-144] org.apache.catalina.core.ApplicationContext.log Manager: list: Listing contexts for virtual host 'localhost'
10-Mar-2018 16:29:47.236 INFO [http-nio-8090-exec-148] org.apache.catalina.core.ApplicationContext.log Manager: list: Listing contexts for virtual host 'localhost'
10-Mar-2018 16:31:58.249 INFO [http-nio-8090-exec-149] org.apache.catalina.core.ApplicationContext.log Manager: list: Listing contexts for virtual host 'localhost'
10-Mar-2018 16:32:24.009 INFO [http-nio-8090-exec-150] org.apache.catalina.core.ApplicationContext.log Manager: list: Listing contexts for virtual host 'localhost'
10-Mar-2018 16:32:34.626 INFO [http-nio-8090-exec-152] org.apache.catalina.core.ApplicationContext.log Manager: list: Listing contexts for virtual host 'localhost'
10-Mar-2018 16:32:34.628 INFO [http-nio-8090-exec-146] org.apache.catalina.core.ApplicationContext.log Manager: list: Listing contexts for virtual host 'localhost'
10-Mar-2018 16:33:29.139 INFO [http-nio-8090-exec-148] org.apache.catalina.core.ApplicationContext.log Manager: list: Listing contexts for virtual host 'localhost'
10-Mar-2018 16:33:31.633 INFO [http-nio-8090-exec-144] org.apache.catalina.core.ApplicationContext.log Manager: list: Listing contexts for virtual host 'localhost'
10-Mar-2018 16:33:31.638 INFO [http-nio-8090-exec-150] org.apache.catalina.core.ApplicationContext.log Manager: list: Listing contexts for virtual host 'localhost'
10-Mar-2018 16:34:04.357 INFO [http-nio-8090-exec-148] org.apache.catalina.core.ApplicationContext.log Manager: list: Listing contexts for virtual host 'localhost'
10-Mar-2018 16:34:16.607 INFO [http-nio-8090-exec-147] org.apache.catalina.core.ApplicationContext.log Manager: list: Listing contexts for virtual host 'localhost'
10-Mar-2018 16:34:16.610 INFO [http-nio-8090-exec-149] org.apache.catalina.core.ApplicationContext.log Manager: list: Listing contexts for virtual host 'localhost'
10-Mar-2018 16:36:54.485 INFO [http-nio-8090-exec-146] org.apache.catalina.core.ApplicationContext.log Manager: list: Listing contexts for virtual host 'localhost'
10-Mar-2018 16:37:17.579 INFO [http-nio-8090-exec-143] org.apache.catalina.core.ApplicationContext.log Manager: list: Listing contexts for virtual host 'localhost'
10-Mar-2018 16:37:17.581 INFO [http-nio-8090-exec-148] org.apache.catalina.core.ApplicationContext.log Manager: list: Listing contexts for virtual host 'localhost'
10-Mar-2018 16:37:58.004 INFO [http-nio-8090-exec-151] org.apache.catalina.core.ApplicationContext.log Manager: list: Listing contexts for virtual host 'localhost'
10-Mar-2018 16:38:05.292 INFO [http-nio-8090-exec-150] org.apache.catalina.core.ApplicationContext.log Manager: list: Listing contexts for virtual host 'localhost'
10-Mar-2018 16:38:05.295 INFO [http-nio-8090-exec-145] org.apache.catalina.core.ApplicationContext.log Manager: list: Listing contexts for virtual host 'localhost'
10-Mar-2018 16:38:30.162 INFO [http-nio-8090-exec-149] org.apache.catalina.core.ApplicationContext.log Manager: list: Listing contexts for virtual host 'localhost'
10-Mar-2018 16:38:55.889 INFO [http-nio-8090-exec-143] org.apache.catalina.core.ApplicationContext.log Manager: list: Listing contexts for virtual host 'localhost'
10-Mar-2018 16:39:04.832 INFO [http-nio-8090-exec-148] org.apache.catalina.core.ApplicationContext.log Manager: list: Listing contexts for virtual host 'localhost'
10-Mar-2018 16:39:04.835 INFO [http-nio-8090-exec-147] org.apache.catalina.core.ApplicationContext.log Manager: list: Listing contexts for virtual host 'localhost'
10-Mar-2018 16:39:21.280 INFO [http-nio-8090-exec-147] org.apache.catalina.core.ApplicationContext.log Manager: list: Listing contexts for virtual host 'localhost'
10-Mar-2018 16:39:21.283 INFO [http-nio-8090-exec-144] org.apache.catalina.core.ApplicationContext.log Manager: list: Listing contexts for virtual host 'localhost'
10-Mar-2018 16:40:48.763 INFO [http-nio-8090-exec-148] org.apache.catalina.core.ApplicationContext.log Manager: list: Listing contexts for virtual host 'localhost'
10-Mar-2018 16:40:50.572 INFO [http-nio-8090-exec-146] org.apache.catalina.core.ApplicationContext.log Manager: list: Listing contexts for virtual host 'localhost'
10-Mar-2018 16:40:50.575 INFO [http-nio-8090-exec-147] org.apache.catalina.core.ApplicationContext.log Manager: list: Listing contexts for virtual host 'localhost'
10-Mar-2018 16:41:18.326 INFO [http-nio-8090-exec-144] org.apache.catalina.core.ApplicationContext.log Manager: list: Listing contexts for virtual host 'localhost'
10-Mar-2018 16:41:18.329 INFO [http-nio-8090-exec-147] org.apache.catalina.core.ApplicationContext.log Manager: list: Listing contexts for virtual host 'localhost'
10-Mar-2018 16:42:41.312 INFO [http-nio-8090-exec-143] org.apache.catalina.core.ApplicationContext.log Manager: list: Listing contexts for virtual host 'localhost'
10-Mar-2018 16:42:48.975 INFO [http-nio-8090-exec-148] org.apache.catalina.core.ApplicationContext.log Manager: list: Listing contexts for virtual host 'localhost'
10-Mar-2018 16:42:48.978 INFO [http-nio-8090-exec-146] org.apache.catalina.core.ApplicationContext.log Manager: list: Listing contexts for virtual host 'localhost'
10-Mar-2018 16:44:03.315 INFO [http-nio-8090-exec-148] org.apache.catalina.core.ApplicationContext.log Manager: list: Listing contexts for virtual host 'localhost'
10-Mar-2018 16:44:16.926 INFO [http-nio-8090-exec-149] org.apache.catalina.core.ApplicationContext.log Manager: list: Listing contexts for virtual host 'localhost'
10-Mar-2018 16:44:28.430 INFO [http-nio-8090-exec-145] org.apache.catalina.core.ApplicationContext.log Manager: list: Listing contexts for virtual host 'localhost'
10-Mar-2018 16:44:28.432 INFO [http-nio-8090-exec-152] org.apache.catalina.core.ApplicationContext.log Manager: list: Listing contexts for virtual host 'localhost'
10-Mar-2018 16:47:00.234 INFO [http-nio-8090-exec-147] org.apache.catalina.core.ApplicationContext.log Manager: list: Listing contexts for virtual host 'localhost'
10-Mar-2018 16:47:00.239 INFO [http-nio-8090-exec-150] org.apache.catalina.core.ApplicationContext.log Manager: restart: Reloading web application '/ITCompanyLocator12'
10-Mar-2018 16:47:22.315 INFO [http-nio-8090-exec-151] org.apache.catalina.core.ApplicationContext.log Manager: list: Listing contexts for virtual host 'localhost'
10-Mar-2018 16:47:38.246 INFO [http-nio-8090-exec-145] org.apache.catalina.core.ApplicationContext.log Manager: list: Listing contexts for virtual host 'localhost'
10-Mar-2018 16:47:54.526 INFO [http-nio-8090-exec-146] org.apache.catalina.core.ApplicationContext.log Manager: list: Listing contexts for virtual host 'localhost'
10-Mar-2018 16:47:54.528 INFO [http-nio-8090-exec-144] org.apache.catalina.core.ApplicationContext.log Manager: list: Listing contexts for virtual host 'localhost'
10-Mar-2018 16:47:54.553 INFO [http-nio-8090-exec-151] org.apache.catalina.core.ApplicationContext.log Manager: restart: Reloading web application '/ITCompanyLocator12'
10-Mar-2018 17:28:19.224 INFO [http-nio-8090-exec-162] org.apache.catalina.core.ApplicationContext.log Manager: list: Listing contexts for virtual host 'localhost'
10-Mar-2018 17:28:19.226 INFO [http-nio-8090-exec-164] org.apache.catalina.core.ApplicationContext.log Manager: list: Listing contexts for virtual host 'localhost'
10-Mar-2018 17:32:32.224 INFO [http-nio-8090-exec-158] org.apache.catalina.core.ApplicationContext.log Manager: list: Listing contexts for virtual host 'localhost'
10-Mar-2018 17:32:34.863 INFO [http-nio-8090-exec-160] org.apache.catalina.core.ApplicationContext.log Manager: list: Listing contexts for virtual host 'localhost'
10-Mar-2018 17:32:34.910 INFO [http-nio-8090-exec-161] org.apache.catalina.core.ApplicationContext.log Manager: list: Listing contexts for virtual host 'localhost'
10-Mar-2018 17:36:46.862 INFO [http-nio-8090-exec-157] org.apache.catalina.core.ApplicationContext.log Manager: list: Listing contexts for virtual host 'localhost'
10-Mar-2018 17:37:09.938 INFO [http-nio-8090-exec-162] org.apache.catalina.core.ApplicationContext.log Manager: list: Listing contexts for virtual host 'localhost'
10-Mar-2018 17:37:13.906 INFO [http-nio-8090-exec-164] org.apache.catalina.core.ApplicationContext.log Manager: list: Listing contexts for virtual host 'localhost'
10-Mar-2018 17:37:13.918 INFO [http-nio-8090-exec-165] org.apache.catalina.core.ApplicationContext.log Manager: list: Listing contexts for virtual host 'localhost'
10-Mar-2018 17:38:21.324 INFO [http-nio-8090-exec-159] org.apache.catalina.core.ApplicationContext.log Manager: list: Listing contexts for virtual host 'localhost'
10-Mar-2018 17:46:00.157 INFO [http-nio-8090-exec-163] org.apache.catalina.core.ApplicationContext.log Manager: list: Listing contexts for virtual host 'localhost'
10-Mar-2018 17:46:03.408 INFO [http-nio-8090-exec-166] org.apache.catalina.core.ApplicationContext.log Manager: list: Listing contexts for virtual host 'localhost'
10-Mar-2018 17:46:03.423 INFO [http-nio-8090-exec-161] org.apache.catalina.core.ApplicationContext.log Manager: list: Listing contexts for virtual host 'localhost'
10-Mar-2018 17:46:24.979 INFO [http-nio-8090-exec-158] org.apache.catalina.core.ApplicationContext.log Manager: list: Listing contexts for virtual host 'localhost'
10-Mar-2018 17:48:36.941 INFO [http-nio-8090-exec-157] org.apache.catalina.core.ApplicationContext.log Manager: list: Listing contexts for virtual host 'localhost'
10-Mar-2018 17:48:36.941 INFO [http-nio-8090-exec-166] org.apache.catalina.core.ApplicationContext.log Manager: list: Listing contexts for virtual host 'localhost'
10-Mar-2018 17:50:00.469 INFO [http-nio-8090-exec-164] org.apache.catalina.core.ApplicationContext.log Manager: list: Listing contexts for virtual host 'localhost'
10-Mar-2018 17:50:02.943 INFO [http-nio-8090-exec-165] org.apache.catalina.core.ApplicationContext.log Manager: list: Listing contexts for virtual host 'localhost'
10-Mar-2018 17:50:02.955 INFO [http-nio-8090-exec-158] org.apache.catalina.core.ApplicationContext.log Manager: list: Listing contexts for virtual host 'localhost'
10-Mar-2018 17:51:50.000 INFO [http-nio-8090-exec-161] org.apache.catalina.core.ApplicationContext.log Manager: list: Listing contexts for virtual host 'localhost'
10-Mar-2018 17:51:50.151 INFO [http-nio-8090-exec-164] org.apache.catalina.core.ApplicationContext.log Manager: restart: Reloading web application '/ITCompanyLocator12'
10-Mar-2018 17:52:03.692 INFO [http-nio-8090-exec-158] org.apache.catalina.core.ApplicationContext.log Manager: list: Listing contexts for virtual host 'localhost'
10-Mar-2018 17:52:08.127 INFO [http-nio-8090-exec-157] org.apache.catalina.core.ApplicationContext.log Manager: list: Listing contexts for virtual host 'localhost'
10-Mar-2018 17:52:08.127 INFO [http-nio-8090-exec-162] org.apache.catalina.core.ApplicationContext.log Manager: list: Listing contexts for virtual host 'localhost'
10-Mar-2018 17:52:08.145 INFO [http-nio-8090-exec-167] org.apache.catalina.core.ApplicationContext.log Manager: restart: Reloading web application '/ITCompanyLocator12'
10-Mar-2018 17:57:26.079 INFO [http-nio-8090-exec-176] org.apache.catalina.core.ApplicationContext.log Manager: list: Listing contexts for virtual host 'localhost'
10-Mar-2018 17:57:26.111 INFO [http-nio-8090-exec-178] org.apache.catalina.core.ApplicationContext.log Manager: list: Listing contexts for virtual host 'localhost'
10-Mar-2018 17:57:43.776 INFO [http-nio-8090-exec-178] org.apache.catalina.core.ApplicationContext.log Manager: list: Listing contexts for virtual host 'localhost'
10-Mar-2018 17:57:43.792 INFO [http-nio-8090-exec-176] org.apache.catalina.core.ApplicationContext.log Manager: list: Listing contexts for virtual host 'localhost'
10-Mar-2018 17:57:47.894 INFO [http-nio-8090-exec-172] org.apache.catalina.core.ApplicationContext.log Manager: list: Listing contexts for virtual host 'localhost'
10-Mar-2018 17:57:56.450 INFO [http-nio-8090-exec-175] org.apache.catalina.core.ApplicationContext.log Manager: list: Listing contexts for virtual host 'localhost'
10-Mar-2018 17:57:56.450 INFO [http-nio-8090-exec-174] org.apache.catalina.core.ApplicationContext.log Manager: list: Listing contexts for virtual host 'localhost'
10-Mar-2018 17:58:59.058 INFO [http-nio-8090-exec-173] org.apache.catalina.core.ApplicationContext.log Manager: list: Listing contexts for virtual host 'localhost'
10-Mar-2018 17:58:59.058 INFO [http-nio-8090-exec-174] org.apache.catalina.core.ApplicationContext.log Manager: list: Listing contexts for virtual host 'localhost'
10-Mar-2018 18:00:00.682 INFO [http-nio-8090-exec-172] org.apache.catalina.core.ApplicationContext.log Manager: list: Listing contexts for virtual host 'localhost'
10-Mar-2018 18:00:00.682 INFO [http-nio-8090-exec-175] org.apache.catalina.core.ApplicationContext.log Manager: restart: Reloading web application '/ITCompanyLocator12'
10-Mar-2018 18:00:10.426 INFO [http-nio-8090-exec-176] org.apache.catalina.core.ApplicationContext.log Manager: list: Listing contexts for virtual host 'localhost'
10-Mar-2018 18:00:10.426 INFO [http-nio-8090-exec-174] org.apache.catalina.core.ApplicationContext.log Manager: restart: Reloading web application '/ITCompanyLocator12'
10-Mar-2018 18:00:39.396 INFO [http-nio-8090-exec-176] org.apache.catalina.core.ApplicationContext.log Manager: list: Listing contexts for virtual host 'localhost'
10-Mar-2018 18:00:42.848 INFO [http-nio-8090-exec-181] org.apache.catalina.core.ApplicationContext.log Manager: list: Listing contexts for virtual host 'localhost'
10-Mar-2018 18:00:42.864 INFO [http-nio-8090-exec-182] org.apache.catalina.core.ApplicationContext.log Manager: list: Listing contexts for virtual host 'localhost'
10-Mar-2018 18:00:42.879 INFO [http-nio-8090-exec-170] org.apache.catalina.core.ApplicationContext.log Manager: restart: Reloading web application '/ITCompanyLocator12'
10-Mar-2018 18:03:48.699 INFO [http-nio-8090-exec-187] org.apache.catalina.core.ApplicationContext.log Manager: list: Listing contexts for virtual host 'localhost'
10-Mar-2018 18:03:48.699 INFO [http-nio-8090-exec-188] org.apache.catalina.core.ApplicationContext.log Manager: restart: Reloading web application '/ITCompanyLocator12'
10-Mar-2018 18:03:57.757 INFO [http-nio-8090-exec-190] org.apache.catalina.core.ApplicationContext.log Manager: list: Listing contexts for virtual host 'localhost'
10-Mar-2018 18:04:01.782 INFO [http-nio-8090-exec-189] org.apache.catalina.core.ApplicationContext.log Manager: list: Listing contexts for virtual host 'localhost'
10-Mar-2018 18:04:01.798 INFO [http-nio-8090-exec-193] org.apache.catalina.core.ApplicationContext.log Manager: list: Listing contexts for virtual host 'localhost'
10-Mar-2018 18:04:01.798 INFO [http-nio-8090-exec-188] org.apache.catalina.core.ApplicationContext.log Manager: restart: Reloading web application '/ITCompanyLocator12'
10-Mar-2018 18:04:43.308 INFO [http-nio-8090-exec-196] org.apache.catalina.core.ApplicationContext.log Manager: list: Listing contexts for virtual host 'localhost'
10-Mar-2018 18:04:43.308 INFO [http-nio-8090-exec-197] org.apache.catalina.core.ApplicationContext.log Manager: list: Listing contexts for virtual host 'localhost'
10-Mar-2018 18:05:32.405 INFO [http-nio-8090-exec-186] org.apache.catalina.core.ApplicationContext.log Manager: list: Listing contexts for virtual host 'localhost'
10-Mar-2018 18:05:40.837 INFO [http-nio-8090-exec-202] org.apache.catalina.core.ApplicationContext.log Manager: list: Listing contexts for virtual host 'localhost'
10-Mar-2018 18:05:44.273 INFO [http-nio-8090-exec-203] org.apache.catalina.core.ApplicationContext.log Manager: list: Listing contexts for virtual host 'localhost'
10-Mar-2018 18:05:44.273 INFO [http-nio-8090-exec-204] org.apache.catalina.core.ApplicationContext.log Manager: list: Listing contexts for virtual host 'localhost'
10-Mar-2018 18:07:41.073 INFO [http-nio-8090-exec-199] org.apache.catalina.core.ApplicationContext.log Manager: list: Listing contexts for virtual host 'localhost'
10-Mar-2018 18:07:41.073 INFO [http-nio-8090-exec-201] org.apache.catalina.core.ApplicationContext.log Manager: restart: Reloading web application '/ITCompanyLocator12'
10-Mar-2018 18:07:50.363 INFO [http-nio-8090-exec-196] org.apache.catalina.core.ApplicationContext.log Manager: list: Listing contexts for virtual host 'localhost'
10-Mar-2018 18:08:05.692 INFO [http-nio-8090-exec-204] org.apache.catalina.core.ApplicationContext.log Manager: list: Listing contexts for virtual host 'localhost'
10-Mar-2018 18:08:08.593 INFO [http-nio-8090-exec-205] org.apache.catalina.core.ApplicationContext.log Manager: list: Listing contexts for virtual host 'localhost'
10-Mar-2018 18:08:08.608 INFO [http-nio-8090-exec-207] org.apache.catalina.core.ApplicationContext.log Manager: list: Listing contexts for virtual host 'localhost'
10-Mar-2018 18:08:08.608 INFO [http-nio-8090-exec-196] org.apache.catalina.core.ApplicationContext.log Manager: restart: Reloading web application '/ITCompanyLocator12'
10-Mar-2018 18:08:53.746 INFO [http-nio-8090-exec-212] org.apache.catalina.core.ApplicationContext.log Manager: list: Listing contexts for virtual host 'localhost'
10-Mar-2018 18:11:22.112 INFO [http-nio-8090-exec-206] org.apache.catalina.core.ApplicationContext.log Manager: list: Listing contexts for virtual host 'localhost'
10-Mar-2018 18:11:22.112 INFO [http-nio-8090-exec-216] org.apache.catalina.core.ApplicationContext.log Manager: list: Listing contexts for virtual host 'localhost'
10-Mar-2018 18:13:43.100 INFO [http-nio-8090-exec-211] org.apache.catalina.core.ApplicationContext.log Manager: list: Listing contexts for virtual host 'localhost'
10-Mar-2018 18:13:43.102 INFO [http-nio-8090-exec-217] org.apache.catalina.core.ApplicationContext.log Manager: list: Listing contexts for virtual host 'localhost'
10-Mar-2018 18:14:22.449 INFO [http-nio-8090-exec-213] org.apache.catalina.core.ApplicationContext.log Manager: list: Listing contexts for virtual host 'localhost'
10-Mar-2018 18:14:29.921 INFO [http-nio-8090-exec-215] org.apache.catalina.core.ApplicationContext.log Manager: list: Listing contexts for virtual host 'localhost'
10-Mar-2018 18:14:29.921 INFO [http-nio-8090-exec-216] org.apache.catalina.core.ApplicationContext.log Manager: list: Listing contexts for virtual host 'localhost'
10-Mar-2018 18:17:35.766 INFO [http-nio-8090-exec-210] org.apache.catalina.core.ApplicationContext.log Manager: list: Listing contexts for virtual host 'localhost'
10-Mar-2018 18:17:40.145 INFO [http-nio-8090-exec-214] org.apache.catalina.core.ApplicationContext.log Manager: list: Listing contexts for virtual host 'localhost'
10-Mar-2018 18:17:40.149 INFO [http-nio-8090-exec-213] org.apache.catalina.core.ApplicationContext.log Manager: list: Listing contexts for virtual host 'localhost'
10-Mar-2018 18:18:45.073 INFO [http-nio-8090-exec-218] org.apache.catalina.core.ApplicationContext.log Manager: list: Listing contexts for virtual host 'localhost'
10-Mar-2018 18:18:50.775 INFO [http-nio-8090-exec-212] org.apache.catalina.core.ApplicationContext.log Manager: list: Listing contexts for virtual host 'localhost'
10-Mar-2018 18:18:50.775 INFO [http-nio-8090-exec-219] org.apache.catalina.core.ApplicationContext.log Manager: list: Listing contexts for virtual host 'localhost'
10-Mar-2018 18:21:01.758 INFO [http-nio-8090-exec-211] org.apache.catalina.core.ApplicationContext.log Manager: list: Listing contexts for virtual host 'localhost'
10-Mar-2018 18:21:01.758 INFO [http-nio-8090-exec-217] org.apache.catalina.core.ApplicationContext.log Manager: restart: Reloading web application '/ITCompanyLocator12'
10-Mar-2018 18:21:09.671 INFO [http-nio-8090-exec-215] org.apache.catalina.core.ApplicationContext.log Manager: list: Listing contexts for virtual host 'localhost'
10-Mar-2018 18:21:25.112 INFO [http-nio-8090-exec-216] org.apache.catalina.core.ApplicationContext.log Manager: list: Listing contexts for virtual host 'localhost'
10-Mar-2018 18:21:25.112 INFO [http-nio-8090-exec-218] org.apache.catalina.core.ApplicationContext.log Manager: list: Listing contexts for virtual host 'localhost'
10-Mar-2018 18:21:25.127 INFO [http-nio-8090-exec-220] org.apache.catalina.core.ApplicationContext.log Manager: restart: Reloading web application '/ITCompanyLocator12'
10-Mar-2018 18:22:46.443 INFO [http-nio-8090-exec-228] org.apache.catalina.core.ApplicationContext.log Manager: list: Listing contexts for virtual host 'localhost'
10-Mar-2018 18:22:46.444 INFO [http-nio-8090-exec-220] org.apache.catalina.core.ApplicationContext.log Manager: list: Listing contexts for virtual host 'localhost'
10-Mar-2018 18:29:05.311 INFO [http-nio-8090-exec-229] org.apache.catalina.core.ApplicationContext.log Manager: list: Listing contexts for virtual host 'localhost'
10-Mar-2018 18:29:05.319 INFO [http-nio-8090-exec-223] org.apache.catalina.core.ApplicationContext.log Manager: restart: Reloading web application '/ITCompanyLocator12'
10-Mar-2018 18:29:22.155 INFO [http-nio-8090-exec-230] org.apache.catalina.core.ApplicationContext.log Manager: list: Listing contexts for virtual host 'localhost'
10-Mar-2018 18:29:22.157 INFO [http-nio-8090-exec-226] org.apache.catalina.core.ApplicationContext.log Manager: list: Listing contexts for virtual host 'localhost'
10-Mar-2018 18:29:22.167 INFO [http-nio-8090-exec-227] org.apache.catalina.core.ApplicationContext.log Manager: restart: Reloading web application '/ITCompanyLocator12'
10-Mar-2018 18:29:45.523 INFO [http-nio-8090-exec-230] org.apache.catalina.core.ApplicationContext.log Manager: list: Listing contexts for virtual host 'localhost'
10-Mar-2018 18:29:45.526 INFO [http-nio-8090-exec-227] org.apache.catalina.core.ApplicationContext.log Manager: list: Listing contexts for virtual host 'localhost'
10-Mar-2018 18:30:09.065 INFO [http-nio-8090-exec-227] org.apache.catalina.core.ApplicationContext.log Manager: list: Listing contexts for virtual host 'localhost'
10-Mar-2018 18:30:09.067 INFO [http-nio-8090-exec-236] org.apache.catalina.core.ApplicationContext.log Manager: list: Listing contexts for virtual host 'localhost'
10-Mar-2018 18:33:53.253 INFO [http-nio-8090-exec-238] org.apache.catalina.core.ApplicationContext.log Manager: list: Listing contexts for virtual host 'localhost'
10-Mar-2018 18:33:53.265 INFO [http-nio-8090-exec-237] org.apache.catalina.core.ApplicationContext.log Manager: restart: Reloading web application '/ITCompanyLocator12'
10-Mar-2018 18:33:56.564 INFO [http-nio-8090-exec-241] org.apache.catalina.core.ApplicationContext.log Manager: list: Listing contexts for virtual host 'localhost'
10-Mar-2018 18:33:56.566 INFO [http-nio-8090-exec-236] org.apache.catalina.core.ApplicationContext.log Manager: list: Listing contexts for virtual host 'localhost'
10-Mar-2018 18:33:56.576 INFO [http-nio-8090-exec-239] org.apache.catalina.core.ApplicationContext.log Manager: restart: Reloading web application '/ITCompanyLocator12'
10-Mar-2018 18:34:22.131 INFO [http-nio-8090-exec-239] org.apache.catalina.core.ApplicationContext.log Manager: list: Listing contexts for virtual host 'localhost'
10-Mar-2018 18:34:22.133 INFO [http-nio-8090-exec-245] org.apache.catalina.core.ApplicationContext.log Manager: list: Listing contexts for virtual host 'localhost'
10-Mar-2018 18:35:04.900 INFO [http-nio-8090-exec-245] org.apache.catalina.core.ApplicationContext.log Manager: list: Listing contexts for virtual host 'localhost'
10-Mar-2018 18:35:04.903 INFO [http-nio-8090-exec-247] org.apache.catalina.core.ApplicationContext.log Manager: list: Listing contexts for virtual host 'localhost'
10-Mar-2018 18:35:25.700 INFO [http-nio-8090-exec-247] org.apache.catalina.core.ApplicationContext.log Manager: list: Listing contexts for virtual host 'localhost'
10-Mar-2018 18:35:25.702 INFO [http-nio-8090-exec-249] org.apache.catalina.core.ApplicationContext.log Manager: list: Listing contexts for virtual host 'localhost'
10-Mar-2018 18:36:41.337 INFO [http-nio-8090-exec-249] org.apache.catalina.core.ApplicationContext.log Manager: list: Listing contexts for virtual host 'localhost'
10-Mar-2018 18:36:50.285 INFO [http-nio-8090-exec-254] org.apache.catalina.core.ApplicationContext.log Manager: list: Listing contexts for virtual host 'localhost'
10-Mar-2018 18:36:50.292 INFO [http-nio-8090-exec-247] org.apache.catalina.core.ApplicationContext.log Manager: restart: Reloading web application '/ITCompanyLocator12'
10-Mar-2018 18:37:39.613 INFO [http-nio-8090-exec-249] org.apache.catalina.core.ApplicationContext.log Manager: list: Listing contexts for virtual host 'localhost'
10-Mar-2018 18:37:41.654 INFO [http-nio-8090-exec-248] org.apache.catalina.core.ApplicationContext.log Manager: list: Listing contexts for virtual host 'localhost'
10-Mar-2018 18:37:41.656 INFO [http-nio-8090-exec-249] org.apache.catalina.core.ApplicationContext.log Manager: list: Listing contexts for virtual host 'localhost'
10-Mar-2018 18:37:41.667 INFO [http-nio-8090-exec-250] org.apache.catalina.core.ApplicationContext.log Manager: restart: Reloading web application '/ITCompanyLocator12'
10-Mar-2018 18:38:14.344 INFO [http-nio-8090-exec-250] org.apache.catalina.core.ApplicationContext.log Manager: list: Listing contexts for virtual host 'localhost'
10-Mar-2018 18:38:14.347 INFO [http-nio-8090-exec-258] org.apache.catalina.core.ApplicationContext.log Manager: list: Listing contexts for virtual host 'localhost'
10-Mar-2018 18:39:55.066 INFO [http-nio-8090-exec-250] org.apache.catalina.core.ApplicationContext.log Manager: list: Listing contexts for virtual host 'localhost'
10-Mar-2018 18:39:59.227 INFO [http-nio-8090-exec-259] org.apache.catalina.core.ApplicationContext.log Manager: list: Listing contexts for virtual host 'localhost'
10-Mar-2018 18:39:59.229 INFO [http-nio-8090-exec-258] org.apache.catalina.core.ApplicationContext.log Manager: list: Listing contexts for virtual host 'localhost'
10-Mar-2018 18:40:28.960 INFO [http-nio-8090-exec-260] org.apache.catalina.core.ApplicationContext.log Manager: list: Listing contexts for virtual host 'localhost'
10-Mar-2018 18:40:28.962 INFO [http-nio-8090-exec-261] org.apache.catalina.core.ApplicationContext.log Manager: list: Listing contexts for virtual host 'localhost'
10-Mar-2018 18:41:28.359 INFO [http-nio-8090-exec-259] org.apache.catalina.core.ApplicationContext.log Manager: list: Listing contexts for virtual host 'localhost'
10-Mar-2018 18:41:28.361 INFO [http-nio-8090-exec-262] org.apache.catalina.core.ApplicationContext.log Manager: list: Listing contexts for virtual host 'localhost'
10-Mar-2018 18:41:52.487 INFO [http-nio-8090-exec-262] org.apache.catalina.core.ApplicationContext.log Manager: list: Listing contexts for virtual host 'localhost'
10-Mar-2018 18:41:52.490 INFO [http-nio-8090-exec-258] org.apache.catalina.core.ApplicationContext.log Manager: list: Listing contexts for virtual host 'localhost'
10-Mar-2018 18:43:40.201 INFO [http-nio-8090-exec-265] org.apache.catalina.core.ApplicationContext.log Manager: list: Listing contexts for virtual host 'localhost'
10-Mar-2018 18:43:40.203 INFO [http-nio-8090-exec-266] org.apache.catalina.core.ApplicationContext.log Manager: list: Listing contexts for virtual host 'localhost'
10-Mar-2018 18:45:21.350 INFO [http-nio-8090-exec-262] org.apache.catalina.core.ApplicationContext.log Manager: list: Listing contexts for virtual host 'localhost'
10-Mar-2018 18:45:33.893 INFO [http-nio-8090-exec-267] org.apache.catalina.core.ApplicationContext.log Manager: list: Listing contexts for virtual host 'localhost'
10-Mar-2018 18:45:33.901 INFO [http-nio-8090-exec-260] org.apache.catalina.core.ApplicationContext.log Manager: restart: Reloading web application '/ITCompanyLocator12'
10-Mar-2018 18:45:54.425 INFO [http-nio-8090-exec-262] org.apache.catalina.core.ApplicationContext.log Manager: list: Listing contexts for virtual host 'localhost'
10-Mar-2018 18:45:54.427 INFO [http-nio-8090-exec-266] org.apache.catalina.core.ApplicationContext.log Manager: list: Listing contexts for virtual host 'localhost'
10-Mar-2018 18:45:54.438 INFO [http-nio-8090-exec-258] org.apache.catalina.core.ApplicationContext.log Manager: restart: Reloading web application '/ITCompanyLocator12'
10-Mar-2018 18:46:33.450 INFO [http-nio-8090-exec-270] org.apache.catalina.core.ApplicationContext.log Manager: list: Listing contexts for virtual host 'localhost'
10-Mar-2018 18:46:33.453 INFO [http-nio-8090-exec-258] org.apache.catalina.core.ApplicationContext.log Manager: list: Listing contexts for virtual host 'localhost'
10-Mar-2018 18:58:09.703 INFO [http-nio-8090-exec-272] org.apache.catalina.core.ApplicationContext.log Manager: list: Listing contexts for virtual host 'localhost'
10-Mar-2018 18:58:09.758 INFO [http-nio-8090-exec-273] org.apache.catalina.core.ApplicationContext.log Manager: restart: Reloading web application '/ITCompanyLocator12'
10-Mar-2018 19:01:46.313 INFO [http-nio-8090-exec-271] org.apache.catalina.core.ApplicationContext.log Manager: list: Listing contexts for virtual host 'localhost'
10-Mar-2018 19:01:46.316 INFO [http-nio-8090-exec-274] org.apache.catalina.core.ApplicationContext.log Manager: list: Listing contexts for virtual host 'localhost'
10-Mar-2018 19:01:46.349 INFO [http-nio-8090-exec-276] org.apache.catalina.core.ApplicationContext.log Manager: restart: Reloading web application '/ITCompanyLocator12'
10-Mar-2018 19:02:19.773 INFO [http-nio-8090-exec-286] org.apache.catalina.core.ApplicationContext.log Manager: list: Listing contexts for virtual host 'localhost'
10-Mar-2018 19:02:19.777 INFO [http-nio-8090-exec-285] org.apache.catalina.core.ApplicationContext.log Manager: list: Listing contexts for virtual host 'localhost'
10-Mar-2018 19:04:39.197 INFO [http-nio-8090-exec-288] org.apache.catalina.core.ApplicationContext.log Manager: list: Listing contexts for virtual host 'localhost'
10-Mar-2018 19:04:39.206 INFO [http-nio-8090-exec-290] org.apache.catalina.core.ApplicationContext.log Manager: restart: Reloading web application '/ITCompanyLocator12'
10-Mar-2018 19:07:55.426 INFO [http-nio-8090-exec-294] org.apache.catalina.core.ApplicationContext.log Manager: list: Listing contexts for virtual host 'localhost'
10-Mar-2018 19:08:05.075 INFO [http-nio-8090-exec-288] org.apache.catalina.core.ApplicationContext.log Manager: list: Listing contexts for virtual host 'localhost'
10-Mar-2018 19:08:05.082 INFO [http-nio-8090-exec-287] org.apache.catalina.core.ApplicationContext.log Manager: restart: Reloading web application '/ITCompanyLocator12'
10-Mar-2018 19:08:11.318 INFO [http-nio-8090-exec-293] org.apache.catalina.core.ApplicationContext.log Manager: list: Listing contexts for virtual host 'localhost'
10-Mar-2018 19:08:11.320 INFO [http-nio-8090-exec-288] org.apache.catalina.core.ApplicationContext.log Manager: list: Listing contexts for virtual host 'localhost'
10-Mar-2018 19:08:11.331 INFO [http-nio-8090-exec-285] org.apache.catalina.core.ApplicationContext.log Manager: restart: Reloading web application '/ITCompanyLocator12'
10-Mar-2018 19:08:50.519 INFO [http-nio-8090-exec-299] org.apache.catalina.core.ApplicationContext.log Manager: list: Listing contexts for virtual host 'localhost'
10-Mar-2018 19:08:50.521 INFO [http-nio-8090-exec-300] org.apache.catalina.core.ApplicationContext.log Manager: list: Listing contexts for virtual host 'localhost'
10-Mar-2018 19:09:53.911 INFO [http-nio-8090-exec-301] org.apache.catalina.core.ApplicationContext.log Manager: list: Listing contexts for virtual host 'localhost'
10-Mar-2018 19:10:01.990 INFO [http-nio-8090-exec-305] org.apache.catalina.core.ApplicationContext.log Manager: list: Listing contexts for virtual host 'localhost'
10-Mar-2018 19:10:01.995 INFO [http-nio-8090-exec-307] org.apache.catalina.core.ApplicationContext.log Manager: restart: Reloading web application '/ITCompanyLocator12'
10-Mar-2018 19:10:06.131 INFO [http-nio-8090-exec-302] org.apache.catalina.core.ApplicationContext.log Manager: list: Listing contexts for virtual host 'localhost'
10-Mar-2018 19:10:06.133 INFO [http-nio-8090-exec-303] org.apache.catalina.core.ApplicationContext.log Manager: list: Listing contexts for virtual host 'localhost'
10-Mar-2018 19:10:06.144 INFO [http-nio-8090-exec-301] org.apache.catalina.core.ApplicationContext.log Manager: restart: Reloading web application '/ITCompanyLocator12'
10-Mar-2018 19:10:51.316 INFO [http-nio-8090-exec-302] org.apache.catalina.core.ApplicationContext.log Manager: list: Listing contexts for virtual host 'localhost'
10-Mar-2018 19:10:51.318 INFO [http-nio-8090-exec-301] org.apache.catalina.core.ApplicationContext.log Manager: list: Listing contexts for virtual host 'localhost'
10-Mar-2018 19:13:32.424 INFO [http-nio-8090-exec-312] org.apache.catalina.core.ApplicationContext.log Manager: list: Listing contexts for virtual host 'localhost'
10-Mar-2018 19:13:32.432 INFO [http-nio-8090-exec-313] org.apache.catalina.core.ApplicationContext.log Manager: restart: Reloading web application '/ITCompanyLocator12'
10-Mar-2018 19:13:50.022 INFO [http-nio-8090-exec-310] org.apache.catalina.core.ApplicationContext.log Manager: list: Listing contexts for virtual host 'localhost'
10-Mar-2018 19:14:18.325 INFO [http-nio-8090-exec-316] org.apache.catalina.core.ApplicationContext.log Manager: list: Listing contexts for virtual host 'localhost'
10-Mar-2018 19:14:18.327 INFO [http-nio-8090-exec-312] org.apache.catalina.core.ApplicationContext.log Manager: list: Listing contexts for virtual host 'localhost'
10-Mar-2018 19:14:18.339 INFO [http-nio-8090-exec-313] org.apache.catalina.core.ApplicationContext.log Manager: restart: Reloading web application '/ITCompanyLocator'
10-Mar-2018 19:14:43.676 INFO [http-nio-8090-exec-313] org.apache.catalina.core.ApplicationContext.log Manager: list: Listing contexts for virtual host 'localhost'
10-Mar-2018 19:14:43.679 INFO [http-nio-8090-exec-319] org.apache.catalina.core.ApplicationContext.log Manager: list: Listing contexts for virtual host 'localhost'
10-Mar-2018 19:15:37.175 INFO [http-nio-8090-exec-321] org.apache.catalina.core.ApplicationContext.log Manager: list: Listing contexts for virtual host 'localhost'
10-Mar-2018 19:15:37.177 INFO [http-nio-8090-exec-322] org.apache.catalina.core.ApplicationContext.log Manager: list: Listing contexts for virtual host 'localhost'
10-Mar-2018 19:15:37.187 INFO [http-nio-8090-exec-320] org.apache.catalina.core.ApplicationContext.log Manager: restart: Reloading web application '/ITCompanyLocator12'
10-Mar-2018 19:15:59.999 INFO [http-nio-8090-exec-320] org.apache.catalina.core.ApplicationContext.log Manager: list: Listing contexts for virtual host 'localhost'
10-Mar-2018 19:16:00.002 INFO [http-nio-8090-exec-310] org.apache.catalina.core.ApplicationContext.log Manager: list: Listing contexts for virtual host 'localhost'
10-Mar-2018 19:19:56.475 INFO [http-nio-8090-exec-328] org.apache.catalina.core.ApplicationContext.log Manager: list: Listing contexts for virtual host 'localhost'
10-Mar-2018 19:19:56.482 INFO [http-nio-8090-exec-329] org.apache.catalina.core.ApplicationContext.log Manager: restart: Reloading web application '/ITCompanyLocator12'
10-Mar-2018 19:19:56.828 INFO [http-nio-8090-exec-310] org.apache.catalina.core.ApplicationContext.log Manager: list: Listing contexts for virtual host 'localhost'
10-Mar-2018 19:19:56.839 INFO [http-nio-8090-exec-330] org.apache.catalina.core.ApplicationContext.log Manager: restart: Reloading web application '/ITCompanyLocator12'
10-Mar-2018 19:19:57.359 INFO [http-nio-8090-exec-325] org.apache.catalina.core.ApplicationContext.log Manager: list: Listing contexts for virtual host 'localhost'
10-Mar-2018 19:19:57.378 INFO [http-nio-8090-exec-328] org.apache.catalina.core.ApplicationContext.log Manager: restart: Reloading web application '/ITCompanyLocator12'
10-Mar-2018 19:21:40.945 INFO [http-nio-8090-exec-327] org.apache.catalina.core.ApplicationContext.log Manager: list: Listing contexts for virtual host 'localhost'
10-Mar-2018 19:21:40.992 INFO [http-nio-8090-exec-326] org.apache.catalina.core.ApplicationContext.log Manager: restart: Reloading web application '/ITCompanyLocator12'
10-Mar-2018 19:21:41.199 INFO [http-nio-8090-exec-330] org.apache.catalina.core.ApplicationContext.log Manager: list: Listing contexts for virtual host 'localhost'
10-Mar-2018 19:21:41.204 INFO [http-nio-8090-exec-328] org.apache.catalina.core.ApplicationContext.log Manager: restart: Reloading web application '/ITCompanyLocator12'
10-Mar-2018 19:22:51.074 INFO [http-nio-8090-exec-334] org.apache.catalina.core.ApplicationContext.log Manager: list: Listing contexts for virtual host 'localhost'
10-Mar-2018 19:22:51.085 INFO [http-nio-8090-exec-332] org.apache.catalina.core.ApplicationContext.log Manager: restart: Reloading web application '/ITCompanyLocator12'
10-Mar-2018 19:28:39.160 INFO [http-nio-8090-exec-5] org.apache.catalina.core.ApplicationContext.log Manager: init: Associated with Deployer 'Catalina:type=Deployer,host=localhost'
10-Mar-2018 19:28:39.160 INFO [http-nio-8090-exec-5] org.apache.catalina.core.ApplicationContext.log Manager: init: Global resources are available
10-Mar-2018 19:28:39.520 INFO [http-nio-8090-exec-1] org.apache.catalina.core.ApplicationContext.log Manager: list: Listing contexts for virtual host 'localhost'
10-Mar-2018 19:28:39.520 INFO [http-nio-8090-exec-10] org.apache.catalina.core.ApplicationContext.log Manager: list: Listing contexts for virtual host 'localhost'
10-Mar-2018 19:28:39.551 INFO [http-nio-8090-exec-4] org.apache.catalina.core.ApplicationContext.log Manager: restart: Reloading web application '/ITCompanyLocator12'
10-Mar-2018 19:29:17.225 INFO [http-nio-8090-exec-8] org.apache.catalina.core.ApplicationContext.log Manager: list: Listing contexts for virtual host 'localhost'
10-Mar-2018 19:29:17.225 INFO [http-nio-8090-exec-2] org.apache.catalina.core.ApplicationContext.log Manager: list: Listing contexts for virtual host 'localhost'
10-Mar-2018 19:31:37.968 INFO [http-nio-8090-exec-13] org.apache.catalina.core.ApplicationContext.log Manager: list: Listing contexts for virtual host 'localhost'
10-Mar-2018 19:31:37.984 INFO [http-nio-8090-exec-12] org.apache.catalina.core.ApplicationContext.log Manager: restart: Reloading web application '/ITCompanyLocator12'
10-Mar-2018 19:31:45.698 INFO [http-nio-8090-exec-2] org.apache.catalina.core.ApplicationContext.log Manager: list: Listing contexts for virtual host 'localhost'
10-Mar-2018 19:31:45.698 INFO [http-nio-8090-exec-17] org.apache.catalina.core.ApplicationContext.log Manager: list: Listing contexts for virtual host 'localhost'
10-Mar-2018 19:31:45.713 INFO [http-nio-8090-exec-13] org.apache.catalina.core.ApplicationContext.log Manager: restart: Reloading web application '/ITCompanyLocator12'
10-Mar-2018 19:32:23.375 INFO [http-nio-8090-exec-8] org.apache.catalina.core.ApplicationContext.log Manager: list: Listing contexts for virtual host 'localhost'
10-Mar-2018 19:32:23.391 INFO [http-nio-8090-exec-13] org.apache.catalina.core.ApplicationContext.log Manager: list: Listing contexts for virtual host 'localhost'
10-Mar-2018 19:35:08.356 INFO [http-nio-8090-exec-21] org.apache.catalina.core.ApplicationContext.log Manager: list: Listing contexts for virtual host 'localhost'
10-Mar-2018 19:35:08.356 INFO [http-nio-8090-exec-19] org.apache.catalina.core.ApplicationContext.log Manager: restart: Reloading web application '/ITCompanyLocator12'
10-Mar-2018 19:35:15.115 INFO [http-nio-8090-exec-3] org.apache.catalina.core.ApplicationContext.log Manager: list: Listing contexts for virtual host 'localhost'
10-Mar-2018 19:35:15.131 INFO [http-nio-8090-exec-25] org.apache.catalina.core.ApplicationContext.log Manager: restart: Reloading web application '/ITCompanyLocator12'
10-Mar-2018 19:37:15.922 INFO [http-nio-8090-exec-3] org.apache.catalina.core.ApplicationContext.log Manager: list: Listing contexts for virtual host 'localhost'
10-Mar-2018 19:37:15.937 INFO [http-nio-8090-exec-26] org.apache.catalina.core.ApplicationContext.log Manager: restart: Reloading web application '/ITCompanyLocator12'
10-Mar-2018 19:37:24.732 INFO [http-nio-8090-exec-28] org.apache.catalina.core.ApplicationContext.log Manager: list: Listing contexts for virtual host 'localhost'
10-Mar-2018 19:37:29.976 INFO [http-nio-8090-exec-25] org.apache.catalina.core.ApplicationContext.log Manager: list: Listing contexts for virtual host 'localhost'
10-Mar-2018 19:37:29.976 INFO [http-nio-8090-exec-27] org.apache.catalina.core.ApplicationContext.log Manager: list: Listing contexts for virtual host 'localhost'
10-Mar-2018 19:37:29.992 INFO [http-nio-8090-exec-26] org.apache.catalina.core.ApplicationContext.log Manager: restart: Reloading web application '/ITCompanyLocator12'
10-Mar-2018 19:38:30.255 INFO [http-nio-8090-exec-13] org.apache.catalina.core.ApplicationContext.log Manager: list: Listing contexts for virtual host 'localhost'
10-Mar-2018 19:38:30.255 INFO [http-nio-8090-exec-31] org.apache.catalina.core.ApplicationContext.log Manager: list: Listing contexts for virtual host 'localhost'
10-Mar-2018 19:38:38.877 INFO [http-nio-8090-exec-26] org.apache.catalina.core.ApplicationContext.log Manager: list: Listing contexts for virtual host 'localhost'
10-Mar-2018 19:38:38.877 INFO [http-nio-8090-exec-13] org.apache.catalina.core.ApplicationContext.log Manager: list: Listing contexts for virtual host 'localhost'
10-Mar-2018 19:40:47.832 INFO [http-nio-8090-exec-32] org.apache.catalina.core.ApplicationContext.log Manager: list: Listing contexts for virtual host 'localhost'
10-Mar-2018 19:40:47.832 INFO [http-nio-8090-exec-31] org.apache.catalina.core.ApplicationContext.log Manager: restart: Reloading web application '/ITCompanyLocator12'
10-Mar-2018 19:41:02.394 INFO [http-nio-8090-exec-33] org.apache.catalina.core.ApplicationContext.log Manager: list: Listing contexts for virtual host 'localhost'
10-Mar-2018 19:41:07.808 INFO [http-nio-8090-exec-34] org.apache.catalina.core.ApplicationContext.log Manager: list: Listing contexts for virtual host 'localhost'
10-Mar-2018 19:41:07.808 INFO [http-nio-8090-exec-35] org.apache.catalina.core.ApplicationContext.log Manager: list: Listing contexts for virtual host 'localhost'
10-Mar-2018 19:41:07.918 INFO [http-nio-8090-exec-31] org.apache.catalina.core.ApplicationContext.log Manager: restart: Reloading web application '/ITCompanyLocator12'
10-Mar-2018 19:41:47.449 INFO [http-nio-8090-exec-31] org.apache.catalina.core.ApplicationContext.log Manager: list: Listing contexts for virtual host 'localhost'
10-Mar-2018 19:41:47.449 INFO [http-nio-8090-exec-41] org.apache.catalina.core.ApplicationContext.log Manager: list: Listing contexts for virtual host 'localhost'
10-Mar-2018 19:43:31.704 INFO [http-nio-8090-exec-42] org.apache.catalina.core.ApplicationContext.log Manager: list: Listing contexts for virtual host 'localhost'
10-Mar-2018 19:43:31.719 INFO [http-nio-8090-exec-44] org.apache.catalina.core.ApplicationContext.log Manager: restart: Reloading web application '/ITCompanyLocator12'
10-Mar-2018 19:43:48.312 INFO [http-nio-8090-exec-34] org.apache.catalina.core.ApplicationContext.log Manager: list: Listing contexts for virtual host 'localhost'
10-Mar-2018 19:43:53.341 INFO [http-nio-8090-exec-45] org.apache.catalina.core.ApplicationContext.log Manager: list: Listing contexts for virtual host 'localhost'
10-Mar-2018 19:43:53.341 INFO [http-nio-8090-exec-36] org.apache.catalina.core.ApplicationContext.log Manager: list: Listing contexts for virtual host 'localhost'
10-Mar-2018 19:43:53.357 INFO [http-nio-8090-exec-46] org.apache.catalina.core.ApplicationContext.log Manager: restart: Reloading web application '/ITCompanyLocator12'
10-Mar-2018 19:47:03.309 INFO [http-nio-8090-exec-55] org.apache.catalina.core.ApplicationContext.log Manager: list: Listing contexts for virtual host 'localhost'
10-Mar-2018 19:47:03.309 INFO [http-nio-8090-exec-56] org.apache.catalina.core.ApplicationContext.log Manager: list: Listing contexts for virtual host 'localhost'
10-Mar-2018 20:00:26.874 INFO [http-nio-8090-exec-51] org.apache.catalina.core.ApplicationContext.log Manager: list: Listing contexts for virtual host 'localhost'
10-Mar-2018 20:00:27.030 INFO [http-nio-8090-exec-50] org.apache.catalina.core.ApplicationContext.log Manager: undeploy: Undeploying web application at '/ITCompanyLocator12'
10-Mar-2018 22:37:10.768 INFO [http-nio-8090-exec-61] org.apache.catalina.core.ApplicationContext.log Manager: list: Listing contexts for virtual host 'localhost'
10-Mar-2018 22:55:27.505 INFO [http-nio-8090-exec-6] org.apache.catalina.core.ApplicationContext.log Manager: init: Associated with Deployer 'Catalina:type=Deployer,host=localhost'
10-Mar-2018 22:55:27.505 INFO [http-nio-8090-exec-6] org.apache.catalina.core.ApplicationContext.log Manager: init: Global resources are available
10-Mar-2018 22:55:27.893 INFO [http-nio-8090-exec-1] org.apache.catalina.core.ApplicationContext.log Manager: list: Listing contexts for virtual host 'localhost'
10-Mar-2018 22:55:27.900 INFO [http-nio-8090-exec-3] org.apache.catalina.core.ApplicationContext.log Manager: list: Listing contexts for virtual host 'localhost'
10-Mar-2018 22:55:27.947 INFO [http-nio-8090-exec-2] org.apache.catalina.core.ApplicationContext.log Manager: install: Installing context configuration at 'file:/C:/Users/SURAJ~1.JEN/AppData/Local/Temp/context7131031164828650008.xml'
10-Mar-2018 22:55:28.178 INFO [http-nio-8090-exec-4] org.apache.catalina.core.ApplicationContext.log Manager: start: Starting web application '/ITCompanyLocator12'
10-Mar-2018 22:57:25.294 INFO [http-nio-8090-exec-1] org.apache.catalina.core.ApplicationContext.log Manager: list: Listing contexts for virtual host 'localhost'
10-Mar-2018 22:57:25.357 INFO [http-nio-8090-exec-2] org.apache.catalina.core.ApplicationContext.log Manager: restart: Reloading web application '/ITCompanyLocator12'
10-Mar-2018 22:57:26.402 INFO [http-nio-8090-exec-3] org.apache.catalina.core.ApplicationContext.log Manager: list: Listing contexts for virtual host 'localhost'
10-Mar-2018 22:57:26.409 INFO [http-nio-8090-exec-10] org.apache.catalina.core.ApplicationContext.log Manager: restart: Reloading web application '/ITCompanyLocator12'
10-Mar-2018 22:57:36.781 INFO [http-nio-8090-exec-7] org.apache.catalina.core.ApplicationContext.log Manager: list: Listing contexts for virtual host 'localhost'
10-Mar-2018 22:57:36.788 INFO [http-nio-8090-exec-11] org.apache.catalina.core.ApplicationContext.log Manager: restart: Reloading web application '/ITCompanyLocator12'
10-Mar-2018 23:00:07.034 INFO [http-nio-8090-exec-15] org.apache.catalina.core.ApplicationContext.log Manager: list: Listing contexts for virtual host 'localhost'
10-Mar-2018 23:00:07.048 INFO [http-nio-8090-exec-7] org.apache.catalina.core.ApplicationContext.log Manager: restart: Reloading web application '/ITCompanyLocator12'
10-Mar-2018 23:00:52.744 INFO [http-nio-8090-exec-15] org.apache.catalina.core.ApplicationContext.log Manager: list: Listing contexts for virtual host 'localhost'
10-Mar-2018 23:00:52.753 INFO [http-nio-8090-exec-8] org.apache.catalina.core.ApplicationContext.log Manager: restart: Reloading web application '/ITCompanyLocator12'
10-Mar-2018 23:03:04.312 INFO [http-nio-8090-exec-19] org.apache.catalina.core.ApplicationContext.log Manager: list: Listing contexts for virtual host 'localhost'
10-Mar-2018 23:03:04.319 INFO [http-nio-8090-exec-10] org.apache.catalina.core.ApplicationContext.log Manager: restart: Reloading web application '/ITCompanyLocator12'
10-Mar-2018 23:03:58.613 INFO [http-nio-8090-exec-18] org.apache.catalina.core.ApplicationContext.log Manager: list: Listing contexts for virtual host 'localhost'
10-Mar-2018 23:03:58.621 INFO [http-nio-8090-exec-8] org.apache.catalina.core.ApplicationContext.log Manager: restart: Reloading web application '/ITCompanyLocator12'
10-Mar-2018 23:06:00.584 INFO [http-nio-8090-exec-23] org.apache.catalina.core.ApplicationContext.log Manager: list: Listing contexts for virtual host 'localhost'
10-Mar-2018 23:06:00.597 INFO [http-nio-8090-exec-10] org.apache.catalina.core.ApplicationContext.log Manager: restart: Reloading web application '/ITCompanyLocator12'
10-Mar-2018 23:07:01.361 INFO [http-nio-8090-exec-4] org.apache.catalina.core.ApplicationContext.log Manager: list: Listing contexts for virtual host 'localhost'
10-Mar-2018 23:07:01.367 INFO [http-nio-8090-exec-21] org.apache.catalina.core.ApplicationContext.log Manager: restart: Reloading web application '/ITCompanyLocator12'
10-Mar-2018 23:07:01.472 INFO [http-nio-8090-exec-3] org.apache.catalina.core.ApplicationContext.log Manager: list: Listing contexts for virtual host 'localhost'
10-Mar-2018 23:07:01.477 INFO [http-nio-8090-exec-13] org.apache.catalina.core.ApplicationContext.log Manager: restart: Reloading web application '/ITCompanyLocator12'
10-Mar-2018 23:07:33.888 INFO [http-nio-8090-exec-22] org.apache.catalina.core.ApplicationContext.log Manager: list: Listing contexts for virtual host 'localhost'
10-Mar-2018 23:07:33.898 INFO [http-nio-8090-exec-21] org.apache.catalina.core.ApplicationContext.log Manager: restart: Reloading web application '/ITCompanyLocator12'
10-Mar-2018 23:07:38.905 INFO [http-nio-8090-exec-3] org.apache.catalina.core.ApplicationContext.log Manager: list: Listing contexts for virtual host 'localhost'
10-Mar-2018 23:07:38.908 INFO [http-nio-8090-exec-5] org.apache.catalina.core.ApplicationContext.log Manager: list: Listing contexts for virtual host 'localhost'
10-Mar-2018 23:07:38.922 INFO [http-nio-8090-exec-15] org.apache.catalina.core.ApplicationContext.log Manager: restart: Reloading web application '/ITCompanyLocator12'
